Error: missing newline in C:\Users\InnaPush\Documents\VuGen\Scripts\WebHttpHtml6\Test.dat	[MsgId: MERR-13874]
Start auto log messages stack - Iteration 9.	[MsgId: MMSG-10545]
Action.c(149): Found resource "https://pp.userapi.com/c604428/v604428891/32279/DmMQfsK9VSM.jpg" in HTML "https://vk.com/feed"  	[MsgId: MMSG-26659]
Action.c(149): Found resource "https://pp.userapi.com/c639122/v639122912/66f8c/Ao9t9Skt1Hc.jpg" in HTML "https://vk.com/feed"  	[MsgId: MMSG-26659]
Action.c(149): Found resource "https://pp.userapi.com/c638624/v638624949/35bde/oRcuonlMMvU.jpg" in HTML "https://vk.com/feed"  	[MsgId: MMSG-26659]
Action.c(149): Found resource "https://pp.userapi.com/c834100/v834100946/419fa/AVKjyje_HBY.jpg" in HTML "https://vk.com/feed"  	[MsgId: MMSG-26659]
Action.c(149): Found resource "https://vk.com/images/camera_50.png" in HTML "https://vk.com/feed"  	[MsgId: MMSG-26659]
Action.c(149): Error -27723: Step download timeout (120 seconds) has expired when downloading resource "https://pp.userapi.com/c639623/v639623960/20945/V8zSygmHgPQ.jpg". Set the "Step Timeout caused by resources is a warning" Run-Time Setting to Yes/No to have this message as a warning/error, respectively  	[MsgId: MERR-27723]
End auto log messages stack.	[MsgId: MMSG-10544]


Start auto log messages stack - Iteration 23.	[MsgId: MMSG-10545]
Action.c(149): Found resource "https://pp.userapi.com/c633529/v633529565/3cad9/YrOEymNb0Bk.jpg" in HTML "https://vk.com/feed"  	[MsgId: MMSG-26659]
Action.c(149): Found resource "https://pp.userapi.com/c840733/v840733052/2a899/H9GlI6NvkLY.jpg" in HTML "https://vk.com/feed"  	[MsgId: MMSG-26659]
Action.c(149): Found resource "https://pp.userapi.com/c841132/v841132987/3b9a1/YM5yiDdgouM.jpg" in HTML "https://vk.com/feed"  	[MsgId: MMSG-26659]
Action.c(149): Found resource "https://pp.userapi.com/c840123/v840123359/4ceb6/FbdwtcU4KdU.jpg" in HTML "https://vk.com/feed"  	[MsgId: MMSG-26659]
Action.c(149): Found resource "https://pp.userapi.com/c841634/v841634751/40d49/MlMbjwcO_wg.jpg" in HTML "https://vk.com/feed"  	[MsgId: MMSG-26659]
Action.c(149): Error -27723: Step download timeout (120 seconds) has expired when downloading resource "https://pp.userapi.com/c841039/v841039051/24a8c/ZPEDCe1aPPI.jpg". Set the "Step Timeout caused by resources is a warning" Run-Time Setting to Yes/No to have this message as a warning/error, respectively  	[MsgId: MERR-27723]
End auto log messages stack.	[MsgId: MMSG-10544]


Start auto log messages stack - Iteration 38.	[MsgId: MMSG-10545]
Action.c(149): Found resource "https://pp.userapi.com/c638030/v638030318/637bd/0NG15chb4PU.jpg" in HTML "https://vk.com/feed"  	[MsgId: MMSG-26659]
Action.c(149): Found resource "https://pp.userapi.com/c841525/v841525927/2520a/5-D2IUIGwTg.jpg" in HTML "https://vk.com/feed"  	[MsgId: MMSG-26659]
Action.c(149): Found resource "https://pp.userapi.com/c639922/v639922825/37222/e54Ra5kZj3I.jpg" in HTML "https://vk.com/feed"  	[MsgId: MMSG-26659]
Action.c(149): Found resource "https://pp.userapi.com/c840122/v840122697/4cee8/xcuYC0qV_M4.jpg" in HTML "https://vk.com/feed"  	[MsgId: MMSG-26659]
Action.c(149): Found resource "https://pp.userapi.com/c626124/v626124856/278be/TgVLek3gTbE.jpg" in HTML "https://vk.com/feed"  	[MsgId: MMSG-26659]
Action.c(149): Error -27723: Step download timeout (120 seconds) has expired when downloading resource "https://pp.userapi.com/c621625/v621625929/14801/ybE8qT7bOwQ.jpg". Set the "Step Timeout caused by resources is a warning" Run-Time Setting to Yes/No to have this message as a warning/error, respectively  	[MsgId: MERR-27723]
End auto log messages stack.	[MsgId: MMSG-10544]


Start auto log messages stack - Iteration 38.	[MsgId: MMSG-10545]
Action.c(149): Found resource "https://vk.com/images/emoji/D83CDFB2.png" in HTML "https://vk.com/feed"  	[MsgId: MMSG-26659]
Action.c(149): Found resource "https://vk.com/images/emoji/D83DDC49.png" in HTML "https://vk.com/feed"  	[MsgId: MMSG-26659]
Action.c(149): Found resource "https://vk.com/images/emoji/2712.png" in HTML "https://vk.com/feed"  	[MsgId: MMSG-26659]
Action.c(149): Found resource "https://vk.com/images/emoji/D83DDCAC.png" in HTML "https://vk.com/feed"  	[MsgId: MMSG-26659]
Action.c(149): Found resource "https://vk.com/images/emoji/260E.png" in HTML "https://vk.com/feed"  	[MsgId: MMSG-26659]
Action.c(149): Found resource "https://pp.userapi.com/c636419/v636419845/636d6/wYazMeLg7uI.jpg" in HTML "https://vk.com/feed"  	[MsgId: MMSG-26659]
Action.c(149): Error -27723: Step download timeout (120 seconds) has expired when downloading resource "https://pp.userapi.com/c639919/v639919167/2a2cc/wj4vbQXFEsY.jpg". Set the "Step Timeout caused by resources is a warning" Run-Time Setting to Yes/No to have this message as a warning/error, respectively  	[MsgId: MERR-27723]
End auto log messages stack.	[MsgId: MMSG-10544]


Start auto log messages stack - Iteration 51.	[MsgId: MMSG-10545]
Action.c(149): Found resource "https://pp.userapi.com/c628824/v628824900/41e89/eI0YJJq8pBE.jpg" in HTML "https://vk.com/feed"  	[MsgId: MMSG-26659]
Action.c(149): Found resource "https://pp.userapi.com/c621515/v621515970/4272a/74v1WL63_9A.jpg" in HTML "https://vk.com/feed"  	[MsgId: MMSG-26659]
Action.c(149): Found resource "https://pp.userapi.com/c834203/v834203888/2d371/cYYOf8_Ynvc.jpg" in HTML "https://vk.com/feed"  	[MsgId: MMSG-26659]
Action.c(149): ssl_handle_status encounter error : SSL_ERROR_SYSCALL, error id : 0  	[MsgId: MMSG-26000]
Action.c(149): Warning -27787: Server "pp.userapi.com" has shut down the connection prematurely  	[MsgId: MWAR-27787]
Action.c(149): Error -27723: Step download timeout (120 seconds) has expired when downloading resource "https://pp.userapi.com/c840620/v840620208/1281e/IVoIAaBjAB4.jpg". Set the "Step Timeout caused by resources is a warning" Run-Time Setting to Yes/No to have this message as a warning/error, respectively  	[MsgId: MERR-27723]
End auto log messages stack.	[MsgId: MMSG-10544]


Start auto log messages stack - Iteration 52.	[MsgId: MMSG-10545]
Action.c(149): Found resource "https://pp.userapi.com/c841231/v841231402/2acaf/m4yMEda7JmU.jpg" in HTML "https://vk.com/feed"  	[MsgId: MMSG-26659]
Action.c(149): Found resource "https://pp.userapi.com/c626124/v626124778/6453a/4rXvSN2HKWM.jpg" in HTML "https://vk.com/feed"  	[MsgId: MMSG-26659]
Action.c(149): Found resource "https://pp.userapi.com/c627722/v627722624/881b/WlNmsoHEWl4.jpg" in HTML "https://vk.com/feed"  	[MsgId: MMSG-26659]
Action.c(149): Found resource "https://pp.userapi.com/c636830/v636830955/5a185/8Dgf1M7gTxI.jpg" in HTML "https://vk.com/feed"  	[MsgId: MMSG-26659]
Action.c(149): Warning -27772: Server "pp.userapi.com" shut connection during attempt to negotiate SSL session  	[MsgId: MWAR-27772]
Action.c(149): Error -27723: Step download timeout (120 seconds) has expired when downloading resource "https://pp.userapi.com/c841231/v841231402/2acaf/m4yMEda7JmU.jpg". Set the "Step Timeout caused by resources is a warning" Run-Time Setting to Yes/No to have this message as a warning/error, respectively  	[MsgId: MERR-27723]
End auto log messages stack.	[MsgId: MMSG-10544]


Start auto log messages stack - Iteration 54.	[MsgId: MMSG-10545]
Action.c(149): Found resource "https://pp.userapi.com/c639919/v639919167/2a2cc/wj4vbQXFEsY.jpg" in HTML "https://vk.com/feed"  	[MsgId: MMSG-26659]
Action.c(149): Found resource "https://pp.userapi.com/c834100/v834100946/419fa/AVKjyje_HBY.jpg" in HTML "https://vk.com/feed"  	[MsgId: MMSG-26659]
Action.c(149): Found resource "https://vk.com/images/camera_50.png" in HTML "https://vk.com/feed"  	[MsgId: MMSG-26659]
Action.c(149): Found resource "https://pp.userapi.com/c638427/v638427196/56022/ijShSY808oI.jpg" in HTML "https://vk.com/feed"  	[MsgId: MMSG-26659]
Action.c(149): Warning -27772: Server "pp.userapi.com" shut connection during attempt to negotiate SSL session  	[MsgId: MWAR-27772]
Action.c(149): Error -27723: Step download timeout (120 seconds) has expired when downloading resource "https://pp.userapi.com/c639623/v639623960/20945/V8zSygmHgPQ.jpg". Set the "Step Timeout caused by resources is a warning" Run-Time Setting to Yes/No to have this message as a warning/error, respectively  	[MsgId: MERR-27723]
End auto log messages stack.	[MsgId: MMSG-10544]


Start auto log messages stack - Iteration 57.	[MsgId: MMSG-10545]
Action.c(149): Found resource "https://pp.userapi.com/c622728/v622728049/5f2d2/qtf1R3L13BY.jpg" in HTML "https://vk.com/feed"  	[MsgId: MMSG-26659]
Action.c(149): Found resource "https://pp.userapi.com/c626121/v626121474/5ff99/iA0ALXbUaTY.jpg" in HTML "https://vk.com/feed"  	[MsgId: MMSG-26659]
Action.c(149): Found resource "https://pp.userapi.com/c626124/v626124778/6453a/4rXvSN2HKWM.jpg" in HTML "https://vk.com/feed"  	[MsgId: MMSG-26659]
Action.c(149): Found resource "https://pp.userapi.com/c627722/v627722624/881b/WlNmsoHEWl4.jpg" in HTML "https://vk.com/feed"  	[MsgId: MMSG-26659]
Action.c(149): Found resource "https://pp.userapi.com/c636830/v636830955/5a185/8Dgf1M7gTxI.jpg" in HTML "https://vk.com/feed"  	[MsgId: MMSG-26659]
Action.c(149): Error -27723: Step download timeout (120 seconds) has expired when downloading resource "https://pp.userapi.com/c622728/v622728049/5f2d2/qtf1R3L13BY.jpg". Set the "Step Timeout caused by resources is a warning" Run-Time Setting to Yes/No to have this message as a warning/error, respectively  	[MsgId: MERR-27723]
End auto log messages stack.	[MsgId: MMSG-10544]


Start auto log messages stack - Iteration 57.	[MsgId: MMSG-10545]
Action.c(149): Found resource "https://pp.userapi.com/c619621/v619621523/1b2ea/wWGshsA7xGU.jpg" in HTML "https://vk.com/feed"  	[MsgId: MMSG-26659]
Action.c(149): Found resource "https://pp.userapi.com/c834202/v834202348/4b5ba/WdQ4ESO5YYk.jpg" in HTML "https://vk.com/feed"  	[MsgId: MMSG-26659]
Action.c(149): Found resource "https://pp.userapi.com/c824602/v824602340/1a7cb/dQH2TY942ws.jpg" in HTML "https://vk.com/feed"  	[MsgId: MMSG-26659]
Action.c(149): Found resource "https://pp.userapi.com/c841225/v841225955/45eae/PlaNyOqYdcs.jpg" in HTML "https://vk.com/feed"  	[MsgId: MMSG-26659]
Action.c(149): Found resource "https://pp.userapi.com/c841424/v841424506/463e1/H6LuGqpOvvk.jpg" in HTML "https://vk.com/feed"  	[MsgId: MMSG-26659]
Action.c(149): Error -27723: Step download timeout (120 seconds) has expired when downloading resource "https://pp.userapi.com/c841639/v841639334/3fb20/tSYAU20gxQA.jpg". Set the "Step Timeout caused by resources is a warning" Run-Time Setting to Yes/No to have this message as a warning/error, respectively  	[MsgId: MERR-27723]
End auto log messages stack.	[MsgId: MMSG-10544]


Start auto log messages stack - Iteration 61.	[MsgId: MMSG-10545]
Action.c(149): Found resource "https://pp.userapi.com/c824602/v824602340/1a7cb/dQH2TY942ws.jpg" in HTML "https://vk.com/feed"  	[MsgId: MMSG-26659]
Action.c(149): Found resource "https://pp.userapi.com/c841225/v841225955/45eae/PlaNyOqYdcs.jpg" in HTML "https://vk.com/feed"  	[MsgId: MMSG-26659]
Action.c(149): Found resource "https://pp.userapi.com/c841424/v841424506/463e1/H6LuGqpOvvk.jpg" in HTML "https://vk.com/feed"  	[MsgId: MMSG-26659]
Action.c(149): Found resource "https://pp.userapi.com/c830409/v830409092/45c7/onsXq39yQxo.jpg" in HTML "https://vk.com/feed"  	[MsgId: MMSG-26659]
Action.c(149): Found resource "https://pp.userapi.com/c840237/v840237399/4fd3c/Oa4EhCgFPEs.jpg" in HTML "https://vk.com/feed"  	[MsgId: MMSG-26659]
Action.c(149): Error -27723: Step download timeout (120 seconds) has expired when downloading resource "https://pp.userapi.com/c830308/v830308092/7d79/PccSQvfXmEk.jpg". Set the "Step Timeout caused by resources is a warning" Run-Time Setting to Yes/No to have this message as a warning/error, respectively  	[MsgId: MERR-27723]
End auto log messages stack.	[MsgId: MMSG-10544]


Start auto log messages stack - Iteration 77.	[MsgId: MMSG-10545]
Action.c(149): Found resource "https://vk.com/images/blank.gif" in HTML "https://vk.com/feed"  	[MsgId: MMSG-26659]
Action.c(149): Found resource "https://vk.com/images/emoji/D83DDCD6.png" in HTML "https://vk.com/feed"  	[MsgId: MMSG-26659]
Action.c(149): Found resource "https://vk.com/images/emoji/D83DDD0E.png" in HTML "https://vk.com/feed"  	[MsgId: MMSG-26659]
Action.c(149): Found resource "https://vk.com/images/emoji/D83DDCA1.png" in HTML "https://vk.com/feed"  	[MsgId: MMSG-26659]
Action.c(149): Found resource "https://vk.com/images/emoji/D83DDCA5.png" in HTML "https://vk.com/feed"  	[MsgId: MMSG-26659]
Action.c(149): Found resource "https://vk.com/images/emoji/27A1.png" in HTML "https://vk.com/feed"  	[MsgId: MMSG-26659]
Action.c(149): Error -27723: Step download timeout (120 seconds) has expired when downloading resource "https://pp.userapi.com/c626723/v626723278/17433/REuSvsKjh_Y.jpg". Set the "Step Timeout caused by resources is a warning" Run-Time Setting to Yes/No to have this message as a warning/error, respectively  	[MsgId: MERR-27723]
End auto log messages stack.	[MsgId: MMSG-10544]


Start auto log messages stack - Iteration 76.	[MsgId: MMSG-10545]
Action.c(149): Found resource "https://pp.userapi.com/c620030/v620030163/193c3/1YrhVQu_4nA.jpg" in HTML "https://vk.com/feed"  	[MsgId: MMSG-26659]
Action.c(149): Found resource "https://vk.com/images/emoji/D83DDD25.png" in HTML "https://vk.com/feed"  	[MsgId: MMSG-26659]
Action.c(149): Found resource "https://pp.userapi.com/c623218/v623218349/271ca/y5m5gDYDlqc.jpg" in HTML "https://vk.com/feed"  	[MsgId: MMSG-26659]
Action.c(149): Found resource "https://pp.userapi.com/c639123/v639123267/30fb1/vSd_oOc2Ovg.jpg" in HTML "https://vk.com/feed"  	[MsgId: MMSG-26659]
Action.c(149): Warning -27736: Overlapped transmission of request to "pp.userapi.com" for URL "https://pp.userapi.com/c834202/v834202348/4b5ba/WdQ4ESO5YYk.jpg" failed: WSA_IO_PENDING  	[MsgId: MWAR-27736]
Action.c(149): Error -27723: Step download timeout (120 seconds) has expired when downloading resource "https://pp.userapi.com/c639623/v639623960/20945/V8zSygmHgPQ.jpg". Set the "Step Timeout caused by resources is a warning" Run-Time Setting to Yes/No to have this message as a warning/error, respectively  	[MsgId: MERR-27723]
End auto log messages stack.	[MsgId: MMSG-10544]


Start auto log messages stack - Iteration 145.	[MsgId: MMSG-10545]
Action.c(149): Found resource "https://pp.userapi.com/c636016/v636016076/28a6b/HwpcQ4c92mg.jpg" in HTML "https://vk.com/feed"  	[MsgId: MMSG-26659]
Action.c(149): Found resource "https://pp.userapi.com/c834404/v834404235/39c8f/Q-nIADxQafI.jpg" in HTML "https://vk.com/feed"  	[MsgId: MMSG-26659]
Action.c(149): Found resource "https://pp.userapi.com/c841037/v841037316/1f20/7Zwn2Zq6NYc.jpg" in HTML "https://vk.com/feed"  	[MsgId: MMSG-26659]
Action.c(149): Found resource "https://pp.userapi.com/c637426/v637426957/1540c/bba-0sPISmI.jpg" in HTML "https://vk.com/feed"  	[MsgId: MMSG-26659]
Action.c(149): Warning -27772: Server "pp.userapi.com" shut connection during attempt to negotiate SSL session  	[MsgId: MWAR-27772]
Action.c(149): Error -27723: Step download timeout (120 seconds) has expired when downloading resource "https://pp.userapi.com/c837721/v837721915/5db1e/M1Pb4vCQ3_Y.jpg". Set the "Step Timeout caused by resources is a warning" Run-Time Setting to Yes/No to have this message as a warning/error, respectively  	[MsgId: MERR-27723]
End auto log messages stack.	[MsgId: MMSG-10544]


Start auto log messages stack - Iteration 136.	[MsgId: MMSG-10545]
Action.c(149): Found resource "https://pp.userapi.com/c638221/v638221519/63937/Jw8UT8wlg8Y.jpg" in HTML "https://vk.com/feed"  	[MsgId: MMSG-26659]
Action.c(149): Found resource "https://pp.userapi.com/c639623/v639623960/20945/V8zSygmHgPQ.jpg" in HTML "https://vk.com/feed"  	[MsgId: MMSG-26659]
Action.c(149): Found resource "https://pp.userapi.com/c638320/v638320505/55b2/E-RGlCXlryI.jpg" in HTML "https://vk.com/feed"  	[MsgId: MMSG-26659]
Action.c(149): Found resource "https://pp.userapi.com/c639919/v639919167/2a2cc/wj4vbQXFEsY.jpg" in HTML "https://vk.com/feed"  	[MsgId: MMSG-26659]
Action.c(149): Found resource "https://pp.userapi.com/c840726/v840726102/5d88/u0Qru8fUlD0.jpg" in HTML "https://vk.com/feed"  	[MsgId: MMSG-26659]
Action.c(149): Error -27723: Step download timeout (120 seconds) has expired when downloading resource "https://pp.userapi.com/c840726/v840726102/5d88/u0Qru8fUlD0.jpg". Set the "Step Timeout caused by resources is a warning" Run-Time Setting to Yes/No to have this message as a warning/error, respectively  	[MsgId: MERR-27723]
End auto log messages stack.	[MsgId: MMSG-10544]


Start auto log messages stack - Iteration 147.	[MsgId: MMSG-10545]
Action.c(149): Found resource "https://pp.userapi.com/c637520/v637520946/eb4d/yq_eRR3H-5c.jpg" in HTML "https://vk.com/feed"  	[MsgId: MMSG-26659]
Action.c(149): Found resource "https://pp.userapi.com/c617628/v617628842/15c98/3bUZsa5VkOY.jpg" in HTML "https://vk.com/feed"  	[MsgId: MMSG-26659]
Action.c(149): Found resource "https://pp.userapi.com/c638726/v638726016/12c8e/dW5oc7yrE84.jpg" in HTML "https://vk.com/feed"  	[MsgId: MMSG-26659]
Action.c(149): Found resource "https://pp.userapi.com/c841528/v841528524/475f5/hL1ySrPD2a8.jpg" in HTML "https://vk.com/feed"  	[MsgId: MMSG-26659]
Action.c(149): Found resource "https://pp.userapi.com/c638620/v638620514/1bd8c/xAYXV-L4HR8.jpg" in HTML "https://vk.com/feed"  	[MsgId: MMSG-26659]
Action.c(149): Error -27723: Step download timeout (120 seconds) has expired when downloading resource "https://pp.userapi.com/c639517/v639517864/6c9d3/sIPC36OWEVQ.jpg". Set the "Step Timeout caused by resources is a warning" Run-Time Setting to Yes/No to have this message as a warning/error, respectively  	[MsgId: MERR-27723]
End auto log messages stack.	[MsgId: MMSG-10544]


