Error: missing newline in C:\Users\InnaPush\Documents\VuGen\Scripts\WebHttpHtml6\Test.dat	[MsgId: MERR-13874]
Start auto log messages stack - Iteration 1.	[MsgId: MMSG-10545]
Action.c(254): Resource "https://vk.com/js/lib/px.js?ch=2" is in the cache already and will not be downloaded again  	[MsgId: MMSG-26655]
Action.c(254): Found resource "https://vk.com/js/al/login.js?3551917100" in HTML "https://vk.com/login?act=mobile&hash=67cfb2b0989b65f5"  	[MsgId: MMSG-26659]
Action.c(254): Resource "https://vk.com/js/al/ui_common.js?3489032241" is in the cache already and will not be downloaded again  	[MsgId: MMSG-26655]
Action.c(254): Resource "https://vk.com/js/cmodules/web/audioplayer.js?3876525056" is in the cache already and will not be downloaded again  	[MsgId: MMSG-26655]
Action.c(254): Registered web_reg_find successful for "Text=Test" (count=1)  	[MsgId: MMSG-26364]
Action.c(254): Error -26366: "Text=Поиск" not found for web_reg_find  	[MsgId: MERR-26366]
End auto log messages stack.	[MsgId: MMSG-10544]


Start auto log messages stack - Iteration 2.	[MsgId: MMSG-10545]
Action.c(254): Resource "https://vk.com/js/lib/px.js?ch=2" is in the cache already and will not be downloaded again  	[MsgId: MMSG-26655]
Action.c(254): Found resource "https://vk.com/js/al/login.js?3551917100" in HTML "https://vk.com/login?act=mobile&hash=3f6d0983f04ac024"  	[MsgId: MMSG-26659]
Action.c(254): Resource "https://vk.com/js/al/ui_common.js?3489032241" is in the cache already and will not be downloaded again  	[MsgId: MMSG-26655]
Action.c(254): Resource "https://vk.com/js/cmodules/web/audioplayer.js?3876525056" is in the cache already and will not be downloaded again  	[MsgId: MMSG-26655]
Action.c(254): Registered web_reg_find successful for "Text=Test" (count=1)  	[MsgId: MMSG-26364]
Action.c(254): Error -26366: "Text=Поиск" not found for web_reg_find  	[MsgId: MERR-26366]
End auto log messages stack.	[MsgId: MMSG-10544]


Start auto log messages stack - Iteration 3.	[MsgId: MMSG-10545]
Action.c(254): Resource "https://vk.com/js/lib/px.js?ch=2" is in the cache already and will not be downloaded again  	[MsgId: MMSG-26655]
Action.c(254): Found resource "https://vk.com/js/al/login.js?3551917100" in HTML "https://vk.com/login?act=mobile&hash=b7947f6a32b63743"  	[MsgId: MMSG-26659]
Action.c(254): Resource "https://vk.com/js/al/ui_common.js?3489032241" is in the cache already and will not be downloaded again  	[MsgId: MMSG-26655]
Action.c(254): Resource "https://vk.com/js/cmodules/web/audioplayer.js?3876525056" is in the cache already and will not be downloaded again  	[MsgId: MMSG-26655]
Action.c(254): Registered web_reg_find successful for "Text=Test" (count=1)  	[MsgId: MMSG-26364]
Action.c(254): Error -26366: "Text=Поиск" not found for web_reg_find  	[MsgId: MERR-26366]
End auto log messages stack.	[MsgId: MMSG-10544]


Start auto log messages stack - Iteration 4.	[MsgId: MMSG-10545]
Action.c(254): Resource "https://vk.com/js/lib/px.js?ch=2" is in the cache already and will not be downloaded again  	[MsgId: MMSG-26655]
Action.c(254): Found resource "https://vk.com/js/al/login.js?3551917100" in HTML "https://vk.com/login?act=mobile&hash=d7ac64de0fc2ca91"  	[MsgId: MMSG-26659]
Action.c(254): Resource "https://vk.com/js/al/ui_common.js?3489032241" is in the cache already and will not be downloaded again  	[MsgId: MMSG-26655]
Action.c(254): Resource "https://vk.com/js/cmodules/web/audioplayer.js?3876525056" is in the cache already and will not be downloaded again  	[MsgId: MMSG-26655]
Action.c(254): Registered web_reg_find successful for "Text=Test" (count=1)  	[MsgId: MMSG-26364]
Action.c(254): Error -26366: "Text=Поиск" not found for web_reg_find  	[MsgId: MERR-26366]
End auto log messages stack.	[MsgId: MMSG-10544]


Start auto log messages stack - Iteration 5.	[MsgId: MMSG-10545]
Action.c(254): Resource "https://vk.com/js/lib/px.js?ch=2" is in the cache already and will not be downloaded again  	[MsgId: MMSG-26655]
Action.c(254): Found resource "https://vk.com/js/al/login.js?3551917100" in HTML "https://vk.com/login?act=mobile&hash=8d1b909d1e859fc8"  	[MsgId: MMSG-26659]
Action.c(254): Resource "https://vk.com/js/al/ui_common.js?3489032241" is in the cache already and will not be downloaded again  	[MsgId: MMSG-26655]
Action.c(254): Resource "https://vk.com/js/cmodules/web/audioplayer.js?3876525056" is in the cache already and will not be downloaded again  	[MsgId: MMSG-26655]
Action.c(254): Registered web_reg_find successful for "Text=Test" (count=1)  	[MsgId: MMSG-26364]
Action.c(254): Error -26366: "Text=Поиск" not found for web_reg_find  	[MsgId: MERR-26366]
End auto log messages stack.	[MsgId: MMSG-10544]


Start auto log messages stack - Iteration 6.	[MsgId: MMSG-10545]
Action.c(254): Resource "https://vk.com/js/lib/px.js?ch=2" is in the cache already and will not be downloaded again  	[MsgId: MMSG-26655]
Action.c(254): Found resource "https://vk.com/js/al/login.js?3551917100" in HTML "https://vk.com/login?act=mobile&hash=591981b6ffda7635"  	[MsgId: MMSG-26659]
Action.c(254): Resource "https://vk.com/js/al/ui_common.js?3489032241" is in the cache already and will not be downloaded again  	[MsgId: MMSG-26655]
Action.c(254): Resource "https://vk.com/js/cmodules/web/audioplayer.js?3876525056" is in the cache already and will not be downloaded again  	[MsgId: MMSG-26655]
Action.c(254): Registered web_reg_find successful for "Text=Test" (count=1)  	[MsgId: MMSG-26364]
Action.c(254): Error -26366: "Text=Поиск" not found for web_reg_find  	[MsgId: MERR-26366]
End auto log messages stack.	[MsgId: MMSG-10544]


Start auto log messages stack - Iteration 7.	[MsgId: MMSG-10545]
Action.c(254): Resource "https://vk.com/js/lib/px.js?ch=2" is in the cache already and will not be downloaded again  	[MsgId: MMSG-26655]
Action.c(254): Found resource "https://vk.com/js/al/login.js?3551917100" in HTML "https://vk.com/login?act=mobile&hash=cb12a5d1dcf5349a"  	[MsgId: MMSG-26659]
Action.c(254): Resource "https://vk.com/js/al/ui_common.js?3489032241" is in the cache already and will not be downloaded again  	[MsgId: MMSG-26655]
Action.c(254): Resource "https://vk.com/js/cmodules/web/audioplayer.js?3876525056" is in the cache already and will not be downloaded again  	[MsgId: MMSG-26655]
Action.c(254): Registered web_reg_find successful for "Text=Test" (count=1)  	[MsgId: MMSG-26364]
Action.c(254): Error -26366: "Text=Поиск" not found for web_reg_find  	[MsgId: MERR-26366]
End auto log messages stack.	[MsgId: MMSG-10544]


Start auto log messages stack - Iteration 8.	[MsgId: MMSG-10545]
Action.c(254): Resource "https://vk.com/js/lib/px.js?ch=2" is in the cache already and will not be downloaded again  	[MsgId: MMSG-26655]
Action.c(254): Found resource "https://vk.com/js/al/login.js?3551917100" in HTML "https://vk.com/login?act=mobile&hash=ad6fb09abf067990"  	[MsgId: MMSG-26659]
Action.c(254): Resource "https://vk.com/js/al/ui_common.js?3489032241" is in the cache already and will not be downloaded again  	[MsgId: MMSG-26655]
Action.c(254): Resource "https://vk.com/js/cmodules/web/audioplayer.js?3876525056" is in the cache already and will not be downloaded again  	[MsgId: MMSG-26655]
Action.c(254): Registered web_reg_find successful for "Text=Test" (count=1)  	[MsgId: MMSG-26364]
Action.c(254): Error -26366: "Text=Поиск" not found for web_reg_find  	[MsgId: MERR-26366]
End auto log messages stack.	[MsgId: MMSG-10544]


Start auto log messages stack - Iteration 9.	[MsgId: MMSG-10545]
Action.c(254): Resource "https://vk.com/js/lib/px.js?ch=2" is in the cache already and will not be downloaded again  	[MsgId: MMSG-26655]
Action.c(254): Found resource "https://vk.com/js/al/login.js?3551917100" in HTML "https://vk.com/login?act=mobile&hash=a8083d11c82ead75"  	[MsgId: MMSG-26659]
Action.c(254): Resource "https://vk.com/js/al/ui_common.js?3489032241" is in the cache already and will not be downloaded again  	[MsgId: MMSG-26655]
Action.c(254): Resource "https://vk.com/js/cmodules/web/audioplayer.js?3876525056" is in the cache already and will not be downloaded again  	[MsgId: MMSG-26655]
Action.c(254): Registered web_reg_find successful for "Text=Test" (count=1)  	[MsgId: MMSG-26364]
Action.c(254): Error -26366: "Text=Поиск" not found for web_reg_find  	[MsgId: MERR-26366]
End auto log messages stack.	[MsgId: MMSG-10544]


Start auto log messages stack - Iteration 10.	[MsgId: MMSG-10545]
Action.c(254): Resource "https://vk.com/js/lib/px.js?ch=2" is in the cache already and will not be downloaded again  	[MsgId: MMSG-26655]
Action.c(254): Found resource "https://vk.com/js/al/login.js?3551917100" in HTML "https://vk.com/login?act=mobile&hash=a6857409a1769894"  	[MsgId: MMSG-26659]
Action.c(254): Resource "https://vk.com/js/al/ui_common.js?3489032241" is in the cache already and will not be downloaded again  	[MsgId: MMSG-26655]
Action.c(254): Resource "https://vk.com/js/cmodules/web/audioplayer.js?3876525056" is in the cache already and will not be downloaded again  	[MsgId: MMSG-26655]
Action.c(254): Registered web_reg_find successful for "Text=Test" (count=1)  	[MsgId: MMSG-26364]
Action.c(254): Error -26366: "Text=Поиск" not found for web_reg_find  	[MsgId: MERR-26366]
End auto log messages stack.	[MsgId: MMSG-10544]


Start auto log messages stack - Iteration 11.	[MsgId: MMSG-10545]
Action.c(254): Resource "https://vk.com/js/lib/px.js?ch=2" is in the cache already and will not be downloaded again  	[MsgId: MMSG-26655]
Action.c(254): Found resource "https://vk.com/js/al/login.js?3551917100" in HTML "https://vk.com/login?act=mobile&hash=91606bcad3b2e6fb"  	[MsgId: MMSG-26659]
Action.c(254): Resource "https://vk.com/js/al/ui_common.js?3489032241" is in the cache already and will not be downloaded again  	[MsgId: MMSG-26655]
Action.c(254): Resource "https://vk.com/js/cmodules/web/audioplayer.js?3876525056" is in the cache already and will not be downloaded again  	[MsgId: MMSG-26655]
Action.c(254): Registered web_reg_find successful for "Text=Test" (count=1)  	[MsgId: MMSG-26364]
Action.c(254): Error -26366: "Text=Поиск" not found for web_reg_find  	[MsgId: MERR-26366]
End auto log messages stack.	[MsgId: MMSG-10544]


Start auto log messages stack - Iteration 12.	[MsgId: MMSG-10545]
Action.c(254): Resource "https://vk.com/js/lib/px.js?ch=2" is in the cache already and will not be downloaded again  	[MsgId: MMSG-26655]
Action.c(254): Found resource "https://vk.com/js/al/login.js?3551917100" in HTML "https://vk.com/login?act=mobile&hash=feee772d94f85b64"  	[MsgId: MMSG-26659]
Action.c(254): Resource "https://vk.com/js/al/ui_common.js?3489032241" is in the cache already and will not be downloaded again  	[MsgId: MMSG-26655]
Action.c(254): Resource "https://vk.com/js/cmodules/web/audioplayer.js?3876525056" is in the cache already and will not be downloaded again  	[MsgId: MMSG-26655]
Action.c(254): Registered web_reg_find successful for "Text=Test" (count=1)  	[MsgId: MMSG-26364]
Action.c(254): Error -26366: "Text=Поиск" not found for web_reg_find  	[MsgId: MERR-26366]
End auto log messages stack.	[MsgId: MMSG-10544]


Start auto log messages stack - Iteration 13.	[MsgId: MMSG-10545]
Action.c(254): Resource "https://vk.com/js/lib/px.js?ch=2" is in the cache already and will not be downloaded again  	[MsgId: MMSG-26655]
Action.c(254): Found resource "https://vk.com/js/al/login.js?3551917100" in HTML "https://vk.com/login?act=mobile&hash=148cfe2316f8e6c1"  	[MsgId: MMSG-26659]
Action.c(254): Resource "https://vk.com/js/al/ui_common.js?3489032241" is in the cache already and will not be downloaded again  	[MsgId: MMSG-26655]
Action.c(254): Resource "https://vk.com/js/cmodules/web/audioplayer.js?3876525056" is in the cache already and will not be downloaded again  	[MsgId: MMSG-26655]
Action.c(254): Registered web_reg_find successful for "Text=Test" (count=1)  	[MsgId: MMSG-26364]
Action.c(254): Error -26366: "Text=Поиск" not found for web_reg_find  	[MsgId: MERR-26366]
End auto log messages stack.	[MsgId: MMSG-10544]


Start auto log messages stack - Iteration 14.	[MsgId: MMSG-10545]
Action.c(254): Resource "https://vk.com/js/lib/px.js?ch=2" is in the cache already and will not be downloaded again  	[MsgId: MMSG-26655]
Action.c(254): Found resource "https://vk.com/js/al/login.js?3551917100" in HTML "https://vk.com/login?act=mobile&hash=61180be043748684"  	[MsgId: MMSG-26659]
Action.c(254): Resource "https://vk.com/js/al/ui_common.js?3489032241" is in the cache already and will not be downloaded again  	[MsgId: MMSG-26655]
Action.c(254): Resource "https://vk.com/js/cmodules/web/audioplayer.js?3876525056" is in the cache already and will not be downloaded again  	[MsgId: MMSG-26655]
Action.c(254): Registered web_reg_find successful for "Text=Test" (count=1)  	[MsgId: MMSG-26364]
Action.c(254): Error -26366: "Text=Поиск" not found for web_reg_find  	[MsgId: MERR-26366]
End auto log messages stack.	[MsgId: MMSG-10544]


Start auto log messages stack - Iteration 14.	[MsgId: MMSG-10545]
Action.c(254): Redirecting "https://login.vk.com/?act=logout&hash=b6dc62115996ecdb2f&reason=tn&_origin=https://vk.com" (redirection depth is 0)  	[MsgId: MMSG-26694]
Action.c(254): To location "https://vk.com/login.php?op=logout&hash=b6dc62115996ecdb2f"  	[MsgId: MMSG-26693]
Action.c(254): Redirecting "https://vk.com/login.php?op=logout&hash=b6dc62115996ecdb2f" (redirection depth is 1)  	[MsgId: MMSG-26694]
Action.c(254): To location "https://vk.com/login?act=mobile&hash=25038a026c0bfa4f"  	[MsgId: MMSG-26693]
Action.c(254): Connection to vk.com:443 closed after being inactive for 95 seconds, exceeding the "HTTP Keep-Alive timeout" Run-Time Setting (60 seconds). URL="https://vk.com/login?act=mobile&hash=25038a026c0bfa4f"  	[MsgId: MMSG-27650]
Action.c(254): Error -27792: Failed to connect to server "vk.com:443": [10060] Connection timed out  	[MsgId: MERR-27792]
Action.c(254): Error -26366: "Text=Test" not found for web_reg_find  	[MsgId: MERR-26366]
Action.c(254): Error -26366: "Text=Поиск" not found for web_reg_find  	[MsgId: MERR-26366]
End auto log messages stack.	[MsgId: MMSG-10544]


Start auto log messages stack - Iteration 15.	[MsgId: MMSG-10545]
Action.c(254): Resource "https://vk.com/js/lib/px.js?ch=2" is in the cache already and will not be downloaded again  	[MsgId: MMSG-26655]
Action.c(254): Found resource "https://vk.com/js/al/login.js?3551917100" in HTML "https://vk.com/login?act=mobile&hash=6a8b4ca9b76e0509"  	[MsgId: MMSG-26659]
Action.c(254): Resource "https://vk.com/js/al/ui_common.js?3489032241" is in the cache already and will not be downloaded again  	[MsgId: MMSG-26655]
Action.c(254): Resource "https://vk.com/js/cmodules/web/audioplayer.js?3876525056" is in the cache already and will not be downloaded again  	[MsgId: MMSG-26655]
Action.c(254): Registered web_reg_find successful for "Text=Test" (count=1)  	[MsgId: MMSG-26364]
Action.c(254): Error -26366: "Text=Поиск" not found for web_reg_find  	[MsgId: MERR-26366]
End auto log messages stack.	[MsgId: MMSG-10544]


Start auto log messages stack - Iteration 16.	[MsgId: MMSG-10545]
Action.c(254): Resource "https://vk.com/js/lib/px.js?ch=2" is in the cache already and will not be downloaded again  	[MsgId: MMSG-26655]
Action.c(254): Found resource "https://vk.com/js/al/login.js?3551917100" in HTML "https://vk.com/login?act=mobile&hash=0d5abcdc014087c7"  	[MsgId: MMSG-26659]
Action.c(254): Resource "https://vk.com/js/al/ui_common.js?3489032241" is in the cache already and will not be downloaded again  	[MsgId: MMSG-26655]
Action.c(254): Resource "https://vk.com/js/cmodules/web/audioplayer.js?3876525056" is in the cache already and will not be downloaded again  	[MsgId: MMSG-26655]
Action.c(254): Registered web_reg_find successful for "Text=Test" (count=1)  	[MsgId: MMSG-26364]
Action.c(254): Error -26366: "Text=Поиск" not found for web_reg_find  	[MsgId: MERR-26366]
End auto log messages stack.	[MsgId: MMSG-10544]


Start auto log messages stack - Iteration 17.	[MsgId: MMSG-10545]
Action.c(254): Resource "https://vk.com/js/lib/px.js?ch=2" is in the cache already and will not be downloaded again  	[MsgId: MMSG-26655]
Action.c(254): Found resource "https://vk.com/js/al/login.js?3551917100" in HTML "https://vk.com/login?act=mobile&hash=62cc998cad5d0458"  	[MsgId: MMSG-26659]
Action.c(254): Resource "https://vk.com/js/al/ui_common.js?3489032241" is in the cache already and will not be downloaded again  	[MsgId: MMSG-26655]
Action.c(254): Resource "https://vk.com/js/cmodules/web/audioplayer.js?3876525056" is in the cache already and will not be downloaded again  	[MsgId: MMSG-26655]
Action.c(254): Registered web_reg_find successful for "Text=Test" (count=1)  	[MsgId: MMSG-26364]
Action.c(254): Error -26366: "Text=Поиск" not found for web_reg_find  	[MsgId: MERR-26366]
End auto log messages stack.	[MsgId: MMSG-10544]


Start auto log messages stack - Iteration 18.	[MsgId: MMSG-10545]
Action.c(254): Resource "https://vk.com/js/lib/px.js?ch=2" is in the cache already and will not be downloaded again  	[MsgId: MMSG-26655]
Action.c(254): Found resource "https://vk.com/js/al/login.js?3551917100" in HTML "https://vk.com/login?act=mobile&hash=d1c38740a10c0b14"  	[MsgId: MMSG-26659]
Action.c(254): Resource "https://vk.com/js/al/ui_common.js?3489032241" is in the cache already and will not be downloaded again  	[MsgId: MMSG-26655]
Action.c(254): Resource "https://vk.com/js/cmodules/web/audioplayer.js?3876525056" is in the cache already and will not be downloaded again  	[MsgId: MMSG-26655]
Action.c(254): Registered web_reg_find successful for "Text=Test" (count=1)  	[MsgId: MMSG-26364]
Action.c(254): Error -26366: "Text=Поиск" not found for web_reg_find  	[MsgId: MERR-26366]
End auto log messages stack.	[MsgId: MMSG-10544]


Start auto log messages stack - Iteration 19.	[MsgId: MMSG-10545]
Action.c(254): Resource "https://vk.com/js/lib/px.js?ch=2" is in the cache already and will not be downloaded again  	[MsgId: MMSG-26655]
Action.c(254): Found resource "https://vk.com/js/al/login.js?3551917100" in HTML "https://vk.com/login?act=mobile&hash=61332eebddf0cdc9"  	[MsgId: MMSG-26659]
Action.c(254): Resource "https://vk.com/js/al/ui_common.js?3489032241" is in the cache already and will not be downloaded again  	[MsgId: MMSG-26655]
Action.c(254): Resource "https://vk.com/js/cmodules/web/audioplayer.js?3876525056" is in the cache already and will not be downloaded again  	[MsgId: MMSG-26655]
Action.c(254): Registered web_reg_find successful for "Text=Test" (count=1)  	[MsgId: MMSG-26364]
Action.c(254): Error -26366: "Text=Поиск" not found for web_reg_find  	[MsgId: MERR-26366]
End auto log messages stack.	[MsgId: MMSG-10544]


Start auto log messages stack - Iteration 20.	[MsgId: MMSG-10545]
Action.c(254): Resource "https://vk.com/js/lib/px.js?ch=2" is in the cache already and will not be downloaded again  	[MsgId: MMSG-26655]
Action.c(254): Found resource "https://vk.com/js/al/login.js?3551917100" in HTML "https://vk.com/login?act=mobile&hash=03ed3a00ead309ce"  	[MsgId: MMSG-26659]
Action.c(254): Resource "https://vk.com/js/al/ui_common.js?3489032241" is in the cache already and will not be downloaded again  	[MsgId: MMSG-26655]
Action.c(254): Resource "https://vk.com/js/cmodules/web/audioplayer.js?3876525056" is in the cache already and will not be downloaded again  	[MsgId: MMSG-26655]
Action.c(254): Registered web_reg_find successful for "Text=Test" (count=1)  	[MsgId: MMSG-26364]
Action.c(254): Error -26366: "Text=Поиск" not found for web_reg_find  	[MsgId: MERR-26366]
End auto log messages stack.	[MsgId: MMSG-10544]


Start auto log messages stack - Iteration 21.	[MsgId: MMSG-10545]
Action.c(254): Resource "https://vk.com/js/lib/px.js?ch=2" is in the cache already and will not be downloaded again  	[MsgId: MMSG-26655]
Action.c(254): Found resource "https://vk.com/js/al/login.js?3551917100" in HTML "https://vk.com/login?act=mobile&hash=4a97562afcea43ab"  	[MsgId: MMSG-26659]
Action.c(254): Resource "https://vk.com/js/al/ui_common.js?3489032241" is in the cache already and will not be downloaded again  	[MsgId: MMSG-26655]
Action.c(254): Resource "https://vk.com/js/cmodules/web/audioplayer.js?3876525056" is in the cache already and will not be downloaded again  	[MsgId: MMSG-26655]
Action.c(254): Registered web_reg_find successful for "Text=Test" (count=1)  	[MsgId: MMSG-26364]
Action.c(254): Error -26366: "Text=Поиск" not found for web_reg_find  	[MsgId: MERR-26366]
End auto log messages stack.	[MsgId: MMSG-10544]


Start auto log messages stack - Iteration 22.	[MsgId: MMSG-10545]
Action.c(254): Resource "https://vk.com/js/lib/px.js?ch=2" is in the cache already and will not be downloaded again  	[MsgId: MMSG-26655]
Action.c(254): Found resource "https://vk.com/js/al/login.js?3551917100" in HTML "https://vk.com/login?act=mobile&hash=72d7efb9985e2de2"  	[MsgId: MMSG-26659]
Action.c(254): Resource "https://vk.com/js/al/ui_common.js?3489032241" is in the cache already and will not be downloaded again  	[MsgId: MMSG-26655]
Action.c(254): Resource "https://vk.com/js/cmodules/web/audioplayer.js?3876525056" is in the cache already and will not be downloaded again  	[MsgId: MMSG-26655]
Action.c(254): Registered web_reg_find successful for "Text=Test" (count=1)  	[MsgId: MMSG-26364]
Action.c(254): Error -26366: "Text=Поиск" not found for web_reg_find  	[MsgId: MERR-26366]
End auto log messages stack.	[MsgId: MMSG-10544]


Start auto log messages stack - Iteration 23.	[MsgId: MMSG-10545]
Action.c(254): Resource "https://vk.com/js/lib/px.js?ch=2" is in the cache already and will not be downloaded again  	[MsgId: MMSG-26655]
Action.c(254): Found resource "https://vk.com/js/al/login.js?3551917100" in HTML "https://vk.com/login?act=mobile&hash=56b2bdeb9e55c5d7"  	[MsgId: MMSG-26659]
Action.c(254): Resource "https://vk.com/js/al/ui_common.js?3489032241" is in the cache already and will not be downloaded again  	[MsgId: MMSG-26655]
Action.c(254): Resource "https://vk.com/js/cmodules/web/audioplayer.js?3876525056" is in the cache already and will not be downloaded again  	[MsgId: MMSG-26655]
Action.c(254): Registered web_reg_find successful for "Text=Test" (count=1)  	[MsgId: MMSG-26364]
Action.c(254): Error -26366: "Text=Поиск" not found for web_reg_find  	[MsgId: MERR-26366]
End auto log messages stack.	[MsgId: MMSG-10544]


Start auto log messages stack - Iteration 24.	[MsgId: MMSG-10545]
Action.c(254): Resource "https://vk.com/js/lib/px.js?ch=2" is in the cache already and will not be downloaded again  	[MsgId: MMSG-26655]
Action.c(254): Found resource "https://vk.com/js/al/login.js?3551917100" in HTML "https://vk.com/login?act=mobile&hash=7c33aefc0ad555df"  	[MsgId: MMSG-26659]
Action.c(254): Resource "https://vk.com/js/al/ui_common.js?3489032241" is in the cache already and will not be downloaded again  	[MsgId: MMSG-26655]
Action.c(254): Resource "https://vk.com/js/cmodules/web/audioplayer.js?3876525056" is in the cache already and will not be downloaded again  	[MsgId: MMSG-26655]
Action.c(254): Registered web_reg_find successful for "Text=Test" (count=1)  	[MsgId: MMSG-26364]
Action.c(254): Error -26366: "Text=Поиск" not found for web_reg_find  	[MsgId: MERR-26366]
End auto log messages stack.	[MsgId: MMSG-10544]


Start auto log messages stack - Iteration 25.	[MsgId: MMSG-10545]
Action.c(254): Resource "https://vk.com/js/lib/px.js?ch=2" is in the cache already and will not be downloaded again  	[MsgId: MMSG-26655]
Action.c(254): Found resource "https://vk.com/js/al/login.js?3551917100" in HTML "https://vk.com/login?act=mobile&hash=94ad1574659534e8"  	[MsgId: MMSG-26659]
Action.c(254): Resource "https://vk.com/js/al/ui_common.js?3489032241" is in the cache already and will not be downloaded again  	[MsgId: MMSG-26655]
Action.c(254): Resource "https://vk.com/js/cmodules/web/audioplayer.js?3876525056" is in the cache already and will not be downloaded again  	[MsgId: MMSG-26655]
Action.c(254): Registered web_reg_find successful for "Text=Test" (count=1)  	[MsgId: MMSG-26364]
Action.c(254): Error -26366: "Text=Поиск" not found for web_reg_find  	[MsgId: MERR-26366]
End auto log messages stack.	[MsgId: MMSG-10544]


Start auto log messages stack - Iteration 26.	[MsgId: MMSG-10545]
Action.c(254): Resource "https://vk.com/js/lib/px.js?ch=2" is in the cache already and will not be downloaded again  	[MsgId: MMSG-26655]
Action.c(254): Found resource "https://vk.com/js/al/login.js?3551917100" in HTML "https://vk.com/login?act=mobile&hash=a2bccc2783987bf5"  	[MsgId: MMSG-26659]
Action.c(254): Resource "https://vk.com/js/al/ui_common.js?3489032241" is in the cache already and will not be downloaded again  	[MsgId: MMSG-26655]
Action.c(254): Resource "https://vk.com/js/cmodules/web/audioplayer.js?3876525056" is in the cache already and will not be downloaded again  	[MsgId: MMSG-26655]
Action.c(254): Registered web_reg_find successful for "Text=Test" (count=1)  	[MsgId: MMSG-26364]
Action.c(254): Error -26366: "Text=Поиск" not found for web_reg_find  	[MsgId: MERR-26366]
End auto log messages stack.	[MsgId: MMSG-10544]


Start auto log messages stack - Iteration 27.	[MsgId: MMSG-10545]
Action.c(254): Resource "https://vk.com/js/lib/px.js?ch=2" is in the cache already and will not be downloaded again  	[MsgId: MMSG-26655]
Action.c(254): Found resource "https://vk.com/js/al/login.js?3551917100" in HTML "https://vk.com/login?act=mobile&hash=6c4814517a61daf7"  	[MsgId: MMSG-26659]
Action.c(254): Resource "https://vk.com/js/al/ui_common.js?3489032241" is in the cache already and will not be downloaded again  	[MsgId: MMSG-26655]
Action.c(254): Resource "https://vk.com/js/cmodules/web/audioplayer.js?3876525056" is in the cache already and will not be downloaded again  	[MsgId: MMSG-26655]
Action.c(254): Registered web_reg_find successful for "Text=Test" (count=1)  	[MsgId: MMSG-26364]
Action.c(254): Error -26366: "Text=Поиск" not found for web_reg_find  	[MsgId: MERR-26366]
End auto log messages stack.	[MsgId: MMSG-10544]


Start auto log messages stack - Iteration 28.	[MsgId: MMSG-10545]
Action.c(254): Resource "https://vk.com/js/lib/px.js?ch=2" is in the cache already and will not be downloaded again  	[MsgId: MMSG-26655]
Action.c(254): Found resource "https://vk.com/js/al/login.js?3551917100" in HTML "https://vk.com/login?act=mobile&hash=294112e18a368ebc"  	[MsgId: MMSG-26659]
Action.c(254): Resource "https://vk.com/js/al/ui_common.js?3489032241" is in the cache already and will not be downloaded again  	[MsgId: MMSG-26655]
Action.c(254): Resource "https://vk.com/js/cmodules/web/audioplayer.js?3876525056" is in the cache already and will not be downloaded again  	[MsgId: MMSG-26655]
Action.c(254): Registered web_reg_find successful for "Text=Test" (count=1)  	[MsgId: MMSG-26364]
Action.c(254): Error -26366: "Text=Поиск" not found for web_reg_find  	[MsgId: MERR-26366]
End auto log messages stack.	[MsgId: MMSG-10544]


Start auto log messages stack - Iteration 29.	[MsgId: MMSG-10545]
Action.c(254): Resource "https://vk.com/js/lib/px.js?ch=2" is in the cache already and will not be downloaded again  	[MsgId: MMSG-26655]
Action.c(254): Found resource "https://vk.com/js/al/login.js?3551917100" in HTML "https://vk.com/login?act=mobile&hash=5323baa5f0389356"  	[MsgId: MMSG-26659]
Action.c(254): Resource "https://vk.com/js/al/ui_common.js?3489032241" is in the cache already and will not be downloaded again  	[MsgId: MMSG-26655]
Action.c(254): Resource "https://vk.com/js/cmodules/web/audioplayer.js?3876525056" is in the cache already and will not be downloaded again  	[MsgId: MMSG-26655]
Action.c(254): Registered web_reg_find successful for "Text=Test" (count=1)  	[MsgId: MMSG-26364]
Action.c(254): Error -26366: "Text=Поиск" not found for web_reg_find  	[MsgId: MERR-26366]
End auto log messages stack.	[MsgId: MMSG-10544]


Start auto log messages stack - Iteration 30.	[MsgId: MMSG-10545]
Action.c(254): Resource "https://vk.com/js/lib/px.js?ch=2" is in the cache already and will not be downloaded again  	[MsgId: MMSG-26655]
Action.c(254): Found resource "https://vk.com/js/al/login.js?3551917100" in HTML "https://vk.com/login?act=mobile&hash=c3d0c9f30fb296e4"  	[MsgId: MMSG-26659]
Action.c(254): Resource "https://vk.com/js/al/ui_common.js?3489032241" is in the cache already and will not be downloaded again  	[MsgId: MMSG-26655]
Action.c(254): Resource "https://vk.com/js/cmodules/web/audioplayer.js?3876525056" is in the cache already and will not be downloaded again  	[MsgId: MMSG-26655]
Action.c(254): Registered web_reg_find successful for "Text=Test" (count=1)  	[MsgId: MMSG-26364]
Action.c(254): Error -26366: "Text=Поиск" not found for web_reg_find  	[MsgId: MERR-26366]
End auto log messages stack.	[MsgId: MMSG-10544]


Start auto log messages stack - Iteration 31.	[MsgId: MMSG-10545]
Action.c(254): Resource "https://vk.com/js/lib/px.js?ch=2" is in the cache already and will not be downloaded again  	[MsgId: MMSG-26655]
Action.c(254): Found resource "https://vk.com/js/al/login.js?3551917100" in HTML "https://vk.com/login?act=mobile&hash=831200847de75458"  	[MsgId: MMSG-26659]
Action.c(254): Resource "https://vk.com/js/al/ui_common.js?3489032241" is in the cache already and will not be downloaded again  	[MsgId: MMSG-26655]
Action.c(254): Resource "https://vk.com/js/cmodules/web/audioplayer.js?3876525056" is in the cache already and will not be downloaded again  	[MsgId: MMSG-26655]
Action.c(254): Registered web_reg_find successful for "Text=Test" (count=1)  	[MsgId: MMSG-26364]
Action.c(254): Error -26366: "Text=Поиск" not found for web_reg_find  	[MsgId: MERR-26366]
End auto log messages stack.	[MsgId: MMSG-10544]


Start auto log messages stack - Iteration 32.	[MsgId: MMSG-10545]
Action.c(254): Resource "https://vk.com/js/lib/px.js?ch=2" is in the cache already and will not be downloaded again  	[MsgId: MMSG-26655]
Action.c(254): Found resource "https://vk.com/js/al/login.js?3551917100" in HTML "https://vk.com/login?act=mobile&hash=cf2fa799f85c6a8c"  	[MsgId: MMSG-26659]
Action.c(254): Resource "https://vk.com/js/al/ui_common.js?3489032241" is in the cache already and will not be downloaded again  	[MsgId: MMSG-26655]
Action.c(254): Resource "https://vk.com/js/cmodules/web/audioplayer.js?3876525056" is in the cache already and will not be downloaded again  	[MsgId: MMSG-26655]
Action.c(254): Registered web_reg_find successful for "Text=Test" (count=1)  	[MsgId: MMSG-26364]
Action.c(254): Error -26366: "Text=Поиск" not found for web_reg_find  	[MsgId: MERR-26366]
End auto log messages stack.	[MsgId: MMSG-10544]


Start auto log messages stack - Iteration 33.	[MsgId: MMSG-10545]
Action.c(254): Resource "https://vk.com/js/lib/px.js?ch=2" is in the cache already and will not be downloaded again  	[MsgId: MMSG-26655]
Action.c(254): Found resource "https://vk.com/js/al/login.js?3551917100" in HTML "https://vk.com/login?act=mobile&hash=f977467b0af2265d"  	[MsgId: MMSG-26659]
Action.c(254): Resource "https://vk.com/js/al/ui_common.js?3489032241" is in the cache already and will not be downloaded again  	[MsgId: MMSG-26655]
Action.c(254): Resource "https://vk.com/js/cmodules/web/audioplayer.js?3876525056" is in the cache already and will not be downloaded again  	[MsgId: MMSG-26655]
Action.c(254): Registered web_reg_find successful for "Text=Test" (count=1)  	[MsgId: MMSG-26364]
Action.c(254): Error -26366: "Text=Поиск" not found for web_reg_find  	[MsgId: MERR-26366]
End auto log messages stack.	[MsgId: MMSG-10544]


Start auto log messages stack - Iteration 34.	[MsgId: MMSG-10545]
Action.c(254): Resource "https://vk.com/js/lib/px.js?ch=2" is in the cache already and will not be downloaded again  	[MsgId: MMSG-26655]
Action.c(254): Found resource "https://vk.com/js/al/login.js?3551917100" in HTML "https://vk.com/login?act=mobile&hash=4b2675ebe7252af3"  	[MsgId: MMSG-26659]
Action.c(254): Resource "https://vk.com/js/al/ui_common.js?3489032241" is in the cache already and will not be downloaded again  	[MsgId: MMSG-26655]
Action.c(254): Resource "https://vk.com/js/cmodules/web/audioplayer.js?3876525056" is in the cache already and will not be downloaded again  	[MsgId: MMSG-26655]
Action.c(254): Registered web_reg_find successful for "Text=Test" (count=1)  	[MsgId: MMSG-26364]
Action.c(254): Error -26366: "Text=Поиск" not found for web_reg_find  	[MsgId: MERR-26366]
End auto log messages stack.	[MsgId: MMSG-10544]


Start auto log messages stack - Iteration 35.	[MsgId: MMSG-10545]
Action.c(254): Resource "https://vk.com/js/lib/px.js?ch=2" is in the cache already and will not be downloaded again  	[MsgId: MMSG-26655]
Action.c(254): Found resource "https://vk.com/js/al/login.js?3551917100" in HTML "https://vk.com/login?act=mobile&hash=c111ab23c6ca212d"  	[MsgId: MMSG-26659]
Action.c(254): Resource "https://vk.com/js/al/ui_common.js?3489032241" is in the cache already and will not be downloaded again  	[MsgId: MMSG-26655]
Action.c(254): Resource "https://vk.com/js/cmodules/web/audioplayer.js?3876525056" is in the cache already and will not be downloaded again  	[MsgId: MMSG-26655]
Action.c(254): Registered web_reg_find successful for "Text=Test" (count=1)  	[MsgId: MMSG-26364]
Action.c(254): Error -26366: "Text=Поиск" not found for web_reg_find  	[MsgId: MERR-26366]
End auto log messages stack.	[MsgId: MMSG-10544]


Start auto log messages stack - Iteration 36.	[MsgId: MMSG-10545]
Action.c(254): Resource "https://vk.com/js/lib/px.js?ch=2" is in the cache already and will not be downloaded again  	[MsgId: MMSG-26655]
Action.c(254): Found resource "https://vk.com/js/al/login.js?3551917100" in HTML "https://vk.com/login?act=mobile&hash=b27e5988cedae4f7"  	[MsgId: MMSG-26659]
Action.c(254): Resource "https://vk.com/js/al/ui_common.js?3489032241" is in the cache already and will not be downloaded again  	[MsgId: MMSG-26655]
Action.c(254): Resource "https://vk.com/js/cmodules/web/audioplayer.js?3876525056" is in the cache already and will not be downloaded again  	[MsgId: MMSG-26655]
Action.c(254): Registered web_reg_find successful for "Text=Test" (count=1)  	[MsgId: MMSG-26364]
Action.c(254): Error -26366: "Text=Поиск" not found for web_reg_find  	[MsgId: MERR-26366]
End auto log messages stack.	[MsgId: MMSG-10544]


Start auto log messages stack - Iteration 37.	[MsgId: MMSG-10545]
Action.c(254): Resource "https://vk.com/js/lib/px.js?ch=2" is in the cache already and will not be downloaded again  	[MsgId: MMSG-26655]
Action.c(254): Found resource "https://vk.com/js/al/login.js?3551917100" in HTML "https://vk.com/login?act=mobile&hash=7cdf1a7339872aab"  	[MsgId: MMSG-26659]
Action.c(254): Resource "https://vk.com/js/al/ui_common.js?3489032241" is in the cache already and will not be downloaded again  	[MsgId: MMSG-26655]
Action.c(254): Resource "https://vk.com/js/cmodules/web/audioplayer.js?3876525056" is in the cache already and will not be downloaded again  	[MsgId: MMSG-26655]
Action.c(254): Registered web_reg_find successful for "Text=Test" (count=1)  	[MsgId: MMSG-26364]
Action.c(254): Error -26366: "Text=Поиск" not found for web_reg_find  	[MsgId: MERR-26366]
End auto log messages stack.	[MsgId: MMSG-10544]


Start auto log messages stack - Iteration 38.	[MsgId: MMSG-10545]
Action.c(254): Resource "https://vk.com/js/lib/px.js?ch=2" is in the cache already and will not be downloaded again  	[MsgId: MMSG-26655]
Action.c(254): Found resource "https://vk.com/js/al/login.js?3551917100" in HTML "https://vk.com/login?act=mobile&hash=54c8461505185949"  	[MsgId: MMSG-26659]
Action.c(254): Resource "https://vk.com/js/al/ui_common.js?3489032241" is in the cache already and will not be downloaded again  	[MsgId: MMSG-26655]
Action.c(254): Resource "https://vk.com/js/cmodules/web/audioplayer.js?3876525056" is in the cache already and will not be downloaded again  	[MsgId: MMSG-26655]
Action.c(254): Registered web_reg_find successful for "Text=Test" (count=1)  	[MsgId: MMSG-26364]
Action.c(254): Error -26366: "Text=Поиск" not found for web_reg_find  	[MsgId: MERR-26366]
End auto log messages stack.	[MsgId: MMSG-10544]


Start auto log messages stack - Iteration 39.	[MsgId: MMSG-10545]
Action.c(254): Resource "https://vk.com/js/lib/px.js?ch=2" is in the cache already and will not be downloaded again  	[MsgId: MMSG-26655]
Action.c(254): Found resource "https://vk.com/js/al/login.js?3551917100" in HTML "https://vk.com/login?act=mobile&hash=ed51e33273f62d17"  	[MsgId: MMSG-26659]
Action.c(254): Resource "https://vk.com/js/al/ui_common.js?3489032241" is in the cache already and will not be downloaded again  	[MsgId: MMSG-26655]
Action.c(254): Resource "https://vk.com/js/cmodules/web/audioplayer.js?3876525056" is in the cache already and will not be downloaded again  	[MsgId: MMSG-26655]
Action.c(254): Registered web_reg_find successful for "Text=Test" (count=1)  	[MsgId: MMSG-26364]
Action.c(254): Error -26366: "Text=Поиск" not found for web_reg_find  	[MsgId: MERR-26366]
End auto log messages stack.	[MsgId: MMSG-10544]


Start auto log messages stack - Iteration 40.	[MsgId: MMSG-10545]
Action.c(254): Resource "https://vk.com/js/lib/px.js?ch=2" is in the cache already and will not be downloaded again  	[MsgId: MMSG-26655]
Action.c(254): Found resource "https://vk.com/js/al/login.js?3551917100" in HTML "https://vk.com/login?act=mobile&hash=543afd239ebb87e1"  	[MsgId: MMSG-26659]
Action.c(254): Resource "https://vk.com/js/al/ui_common.js?3489032241" is in the cache already and will not be downloaded again  	[MsgId: MMSG-26655]
Action.c(254): Resource "https://vk.com/js/cmodules/web/audioplayer.js?3876525056" is in the cache already and will not be downloaded again  	[MsgId: MMSG-26655]
Action.c(254): Registered web_reg_find successful for "Text=Test" (count=1)  	[MsgId: MMSG-26364]
Action.c(254): Error -26366: "Text=Поиск" not found for web_reg_find  	[MsgId: MERR-26366]
End auto log messages stack.	[MsgId: MMSG-10544]


Start auto log messages stack - Iteration 41.	[MsgId: MMSG-10545]
Action.c(254): Resource "https://vk.com/js/lib/px.js?ch=2" is in the cache already and will not be downloaded again  	[MsgId: MMSG-26655]
Action.c(254): Found resource "https://vk.com/js/al/login.js?3551917100" in HTML "https://vk.com/login?act=mobile&hash=4b48e5579d2b08c5"  	[MsgId: MMSG-26659]
Action.c(254): Resource "https://vk.com/js/al/ui_common.js?3489032241" is in the cache already and will not be downloaded again  	[MsgId: MMSG-26655]
Action.c(254): Resource "https://vk.com/js/cmodules/web/audioplayer.js?3876525056" is in the cache already and will not be downloaded again  	[MsgId: MMSG-26655]
Action.c(254): Registered web_reg_find successful for "Text=Test" (count=1)  	[MsgId: MMSG-26364]
Action.c(254): Error -26366: "Text=Поиск" not found for web_reg_find  	[MsgId: MERR-26366]
End auto log messages stack.	[MsgId: MMSG-10544]


Start auto log messages stack - Iteration 42.	[MsgId: MMSG-10545]
Action.c(254): Resource "https://vk.com/js/lib/px.js?ch=2" is in the cache already and will not be downloaded again  	[MsgId: MMSG-26655]
Action.c(254): Found resource "https://vk.com/js/al/login.js?3551917100" in HTML "https://vk.com/login?act=mobile&hash=8ee93ffa9ef7a17e"  	[MsgId: MMSG-26659]
Action.c(254): Resource "https://vk.com/js/al/ui_common.js?3489032241" is in the cache already and will not be downloaded again  	[MsgId: MMSG-26655]
Action.c(254): Resource "https://vk.com/js/cmodules/web/audioplayer.js?3876525056" is in the cache already and will not be downloaded again  	[MsgId: MMSG-26655]
Action.c(254): Registered web_reg_find successful for "Text=Test" (count=1)  	[MsgId: MMSG-26364]
Action.c(254): Error -26366: "Text=Поиск" not found for web_reg_find  	[MsgId: MERR-26366]
End auto log messages stack.	[MsgId: MMSG-10544]


Start auto log messages stack - Iteration 43.	[MsgId: MMSG-10545]
Action.c(254): Resource "https://vk.com/js/lib/px.js?ch=2" is in the cache already and will not be downloaded again  	[MsgId: MMSG-26655]
Action.c(254): Found resource "https://vk.com/js/al/login.js?3551917100" in HTML "https://vk.com/login?act=mobile&hash=d662f2dd086b020a"  	[MsgId: MMSG-26659]
Action.c(254): Resource "https://vk.com/js/al/ui_common.js?3489032241" is in the cache already and will not be downloaded again  	[MsgId: MMSG-26655]
Action.c(254): Resource "https://vk.com/js/cmodules/web/audioplayer.js?3876525056" is in the cache already and will not be downloaded again  	[MsgId: MMSG-26655]
Action.c(254): Registered web_reg_find successful for "Text=Test" (count=1)  	[MsgId: MMSG-26364]
Action.c(254): Error -26366: "Text=Поиск" not found for web_reg_find  	[MsgId: MERR-26366]
End auto log messages stack.	[MsgId: MMSG-10544]


Start auto log messages stack - Iteration 44.	[MsgId: MMSG-10545]
Action.c(254): Resource "https://vk.com/js/lib/px.js?ch=2" is in the cache already and will not be downloaded again  	[MsgId: MMSG-26655]
Action.c(254): Found resource "https://vk.com/js/al/login.js?3551917100" in HTML "https://vk.com/login?act=mobile&hash=d8a00d371dc19984"  	[MsgId: MMSG-26659]
Action.c(254): Resource "https://vk.com/js/al/ui_common.js?3489032241" is in the cache already and will not be downloaded again  	[MsgId: MMSG-26655]
Action.c(254): Resource "https://vk.com/js/cmodules/web/audioplayer.js?3876525056" is in the cache already and will not be downloaded again  	[MsgId: MMSG-26655]
Action.c(254): Registered web_reg_find successful for "Text=Test" (count=1)  	[MsgId: MMSG-26364]
Action.c(254): Error -26366: "Text=Поиск" not found for web_reg_find  	[MsgId: MERR-26366]
End auto log messages stack.	[MsgId: MMSG-10544]


Start auto log messages stack - Iteration 45.	[MsgId: MMSG-10545]
Action.c(254): Resource "https://vk.com/js/lib/px.js?ch=2" is in the cache already and will not be downloaded again  	[MsgId: MMSG-26655]
Action.c(254): Found resource "https://vk.com/js/al/login.js?3551917100" in HTML "https://vk.com/login?act=mobile&hash=85075a6032842298"  	[MsgId: MMSG-26659]
Action.c(254): Resource "https://vk.com/js/al/ui_common.js?3489032241" is in the cache already and will not be downloaded again  	[MsgId: MMSG-26655]
Action.c(254): Resource "https://vk.com/js/cmodules/web/audioplayer.js?3876525056" is in the cache already and will not be downloaded again  	[MsgId: MMSG-26655]
Action.c(254): Registered web_reg_find successful for "Text=Test" (count=1)  	[MsgId: MMSG-26364]
Action.c(254): Error -26366: "Text=Поиск" not found for web_reg_find  	[MsgId: MERR-26366]
End auto log messages stack.	[MsgId: MMSG-10544]


Start auto log messages stack - Iteration 46.	[MsgId: MMSG-10545]
Action.c(254): Resource "https://vk.com/js/lib/px.js?ch=2" is in the cache already and will not be downloaded again  	[MsgId: MMSG-26655]
Action.c(254): Found resource "https://vk.com/js/al/login.js?3551917100" in HTML "https://vk.com/login?act=mobile&hash=8adcf40b3dcbd0ca"  	[MsgId: MMSG-26659]
Action.c(254): Resource "https://vk.com/js/al/ui_common.js?3489032241" is in the cache already and will not be downloaded again  	[MsgId: MMSG-26655]
Action.c(254): Resource "https://vk.com/js/cmodules/web/audioplayer.js?3876525056" is in the cache already and will not be downloaded again  	[MsgId: MMSG-26655]
Action.c(254): Registered web_reg_find successful for "Text=Test" (count=1)  	[MsgId: MMSG-26364]
Action.c(254): Error -26366: "Text=Поиск" not found for web_reg_find  	[MsgId: MERR-26366]
End auto log messages stack.	[MsgId: MMSG-10544]


Start auto log messages stack - Iteration 47.	[MsgId: MMSG-10545]
Action.c(254): Resource "https://vk.com/js/lib/px.js?ch=2" is in the cache already and will not be downloaded again  	[MsgId: MMSG-26655]
Action.c(254): Found resource "https://vk.com/js/al/login.js?3551917100" in HTML "https://vk.com/login?act=mobile&hash=e83f73d1c9c9b619"  	[MsgId: MMSG-26659]
Action.c(254): Resource "https://vk.com/js/al/ui_common.js?3489032241" is in the cache already and will not be downloaded again  	[MsgId: MMSG-26655]
Action.c(254): Resource "https://vk.com/js/cmodules/web/audioplayer.js?3876525056" is in the cache already and will not be downloaded again  	[MsgId: MMSG-26655]
Action.c(254): Registered web_reg_find successful for "Text=Test" (count=1)  	[MsgId: MMSG-26364]
Action.c(254): Error -26366: "Text=Поиск" not found for web_reg_find  	[MsgId: MERR-26366]
End auto log messages stack.	[MsgId: MMSG-10544]


Start auto log messages stack - Iteration 48.	[MsgId: MMSG-10545]
Action.c(254): Resource "https://vk.com/js/lib/px.js?ch=2" is in the cache already and will not be downloaded again  	[MsgId: MMSG-26655]
Action.c(254): Found resource "https://vk.com/js/al/login.js?3551917100" in HTML "https://vk.com/login?act=mobile&hash=3dc854642fc8222b"  	[MsgId: MMSG-26659]
Action.c(254): Resource "https://vk.com/js/al/ui_common.js?3489032241" is in the cache already and will not be downloaded again  	[MsgId: MMSG-26655]
Action.c(254): Resource "https://vk.com/js/cmodules/web/audioplayer.js?3876525056" is in the cache already and will not be downloaded again  	[MsgId: MMSG-26655]
Action.c(254): Registered web_reg_find successful for "Text=Test" (count=1)  	[MsgId: MMSG-26364]
Action.c(254): Error -26366: "Text=Поиск" not found for web_reg_find  	[MsgId: MERR-26366]
End auto log messages stack.	[MsgId: MMSG-10544]


Start auto log messages stack - Iteration 49.	[MsgId: MMSG-10545]
Action.c(254): Resource "https://vk.com/js/lib/px.js?ch=2" is in the cache already and will not be downloaded again  	[MsgId: MMSG-26655]
Action.c(254): Found resource "https://vk.com/js/al/login.js?3551917100" in HTML "https://vk.com/login?act=mobile&hash=609643c88632e510"  	[MsgId: MMSG-26659]
Action.c(254): Resource "https://vk.com/js/al/ui_common.js?3489032241" is in the cache already and will not be downloaded again  	[MsgId: MMSG-26655]
Action.c(254): Resource "https://vk.com/js/cmodules/web/audioplayer.js?3876525056" is in the cache already and will not be downloaded again  	[MsgId: MMSG-26655]
Action.c(254): Registered web_reg_find successful for "Text=Test" (count=1)  	[MsgId: MMSG-26364]
Action.c(254): Error -26366: "Text=Поиск" not found for web_reg_find  	[MsgId: MERR-26366]
End auto log messages stack.	[MsgId: MMSG-10544]


Start auto log messages stack - Iteration 50.	[MsgId: MMSG-10545]
Action.c(254): Resource "https://vk.com/js/lib/px.js?ch=2" is in the cache already and will not be downloaded again  	[MsgId: MMSG-26655]
Action.c(254): Found resource "https://vk.com/js/al/login.js?3551917100" in HTML "https://vk.com/login?act=mobile&hash=6daf7fbad271d6d9"  	[MsgId: MMSG-26659]
Action.c(254): Resource "https://vk.com/js/al/ui_common.js?3489032241" is in the cache already and will not be downloaded again  	[MsgId: MMSG-26655]
Action.c(254): Resource "https://vk.com/js/cmodules/web/audioplayer.js?3876525056" is in the cache already and will not be downloaded again  	[MsgId: MMSG-26655]
Action.c(254): Registered web_reg_find successful for "Text=Test" (count=1)  	[MsgId: MMSG-26364]
Action.c(254): Error -26366: "Text=Поиск" not found for web_reg_find  	[MsgId: MERR-26366]
End auto log messages stack.	[MsgId: MMSG-10544]


Start auto log messages stack - Iteration 51.	[MsgId: MMSG-10545]
Action.c(254): Resource "https://vk.com/js/lib/px.js?ch=2" is in the cache already and will not be downloaded again  	[MsgId: MMSG-26655]
Action.c(254): Found resource "https://vk.com/js/al/login.js?3551917100" in HTML "https://vk.com/login?act=mobile&hash=bc77f1643d1d2f93"  	[MsgId: MMSG-26659]
Action.c(254): Resource "https://vk.com/js/al/ui_common.js?3489032241" is in the cache already and will not be downloaded again  	[MsgId: MMSG-26655]
Action.c(254): Resource "https://vk.com/js/cmodules/web/audioplayer.js?3876525056" is in the cache already and will not be downloaded again  	[MsgId: MMSG-26655]
Action.c(254): Registered web_reg_find successful for "Text=Test" (count=1)  	[MsgId: MMSG-26364]
Action.c(254): Error -26366: "Text=Поиск" not found for web_reg_find  	[MsgId: MERR-26366]
End auto log messages stack.	[MsgId: MMSG-10544]


Start auto log messages stack - Iteration 52.	[MsgId: MMSG-10545]
Action.c(254): Resource "https://vk.com/js/lib/px.js?ch=2" is in the cache already and will not be downloaded again  	[MsgId: MMSG-26655]
Action.c(254): Found resource "https://vk.com/js/al/login.js?3551917100" in HTML "https://vk.com/login?act=mobile&hash=7f162b2dd7c0ba98"  	[MsgId: MMSG-26659]
Action.c(254): Resource "https://vk.com/js/al/ui_common.js?3489032241" is in the cache already and will not be downloaded again  	[MsgId: MMSG-26655]
Action.c(254): Resource "https://vk.com/js/cmodules/web/audioplayer.js?3876525056" is in the cache already and will not be downloaded again  	[MsgId: MMSG-26655]
Action.c(254): Registered web_reg_find successful for "Text=Test" (count=1)  	[MsgId: MMSG-26364]
Action.c(254): Error -26366: "Text=Поиск" not found for web_reg_find  	[MsgId: MERR-26366]
End auto log messages stack.	[MsgId: MMSG-10544]


Start auto log messages stack - Iteration 53.	[MsgId: MMSG-10545]
Action.c(254): Resource "https://vk.com/js/lib/px.js?ch=2" is in the cache already and will not be downloaded again  	[MsgId: MMSG-26655]
Action.c(254): Found resource "https://vk.com/js/al/login.js?3551917100" in HTML "https://vk.com/login?act=mobile&hash=13c15a30801e34ca"  	[MsgId: MMSG-26659]
Action.c(254): Resource "https://vk.com/js/al/ui_common.js?3489032241" is in the cache already and will not be downloaded again  	[MsgId: MMSG-26655]
Action.c(254): Resource "https://vk.com/js/cmodules/web/audioplayer.js?3876525056" is in the cache already and will not be downloaded again  	[MsgId: MMSG-26655]
Action.c(254): Registered web_reg_find successful for "Text=Test" (count=1)  	[MsgId: MMSG-26364]
Action.c(254): Error -26366: "Text=Поиск" not found for web_reg_find  	[MsgId: MERR-26366]
End auto log messages stack.	[MsgId: MMSG-10544]


Start auto log messages stack - Iteration 54.	[MsgId: MMSG-10545]
Action.c(254): Resource "https://vk.com/js/lib/px.js?ch=2" is in the cache already and will not be downloaded again  	[MsgId: MMSG-26655]
Action.c(254): Found resource "https://vk.com/js/al/login.js?3551917100" in HTML "https://vk.com/login?act=mobile&hash=7759922f64808486"  	[MsgId: MMSG-26659]
Action.c(254): Resource "https://vk.com/js/al/ui_common.js?3489032241" is in the cache already and will not be downloaded again  	[MsgId: MMSG-26655]
Action.c(254): Resource "https://vk.com/js/cmodules/web/audioplayer.js?3876525056" is in the cache already and will not be downloaded again  	[MsgId: MMSG-26655]
Action.c(254): Registered web_reg_find successful for "Text=Test" (count=1)  	[MsgId: MMSG-26364]
Action.c(254): Error -26366: "Text=Поиск" not found for web_reg_find  	[MsgId: MERR-26366]
End auto log messages stack.	[MsgId: MMSG-10544]


Start auto log messages stack - Iteration 55.	[MsgId: MMSG-10545]
Action.c(254): Resource "https://vk.com/js/lib/px.js?ch=2" is in the cache already and will not be downloaded again  	[MsgId: MMSG-26655]
Action.c(254): Found resource "https://vk.com/js/al/login.js?3551917100" in HTML "https://vk.com/login?act=mobile&hash=3fa1cd30dd6809a7"  	[MsgId: MMSG-26659]
Action.c(254): Resource "https://vk.com/js/al/ui_common.js?3489032241" is in the cache already and will not be downloaded again  	[MsgId: MMSG-26655]
Action.c(254): Resource "https://vk.com/js/cmodules/web/audioplayer.js?3876525056" is in the cache already and will not be downloaded again  	[MsgId: MMSG-26655]
Action.c(254): Registered web_reg_find successful for "Text=Test" (count=1)  	[MsgId: MMSG-26364]
Action.c(254): Error -26366: "Text=Поиск" not found for web_reg_find  	[MsgId: MERR-26366]
End auto log messages stack.	[MsgId: MMSG-10544]


Start auto log messages stack - Iteration 56.	[MsgId: MMSG-10545]
Action.c(254): Resource "https://vk.com/js/lib/px.js?ch=2" is in the cache already and will not be downloaded again  	[MsgId: MMSG-26655]
Action.c(254): Found resource "https://vk.com/js/al/login.js?3551917100" in HTML "https://vk.com/login?act=mobile&hash=4168c40f7790fae4"  	[MsgId: MMSG-26659]
Action.c(254): Resource "https://vk.com/js/al/ui_common.js?3489032241" is in the cache already and will not be downloaded again  	[MsgId: MMSG-26655]
Action.c(254): Resource "https://vk.com/js/cmodules/web/audioplayer.js?3876525056" is in the cache already and will not be downloaded again  	[MsgId: MMSG-26655]
Action.c(254): Registered web_reg_find successful for "Text=Test" (count=1)  	[MsgId: MMSG-26364]
Action.c(254): Error -26366: "Text=Поиск" not found for web_reg_find  	[MsgId: MERR-26366]
End auto log messages stack.	[MsgId: MMSG-10544]


Start auto log messages stack - Iteration 57.	[MsgId: MMSG-10545]
Action.c(149): Found resource "https://pp.userapi.com/c625620/v625620167/2ac9a/YxCd7dllJaI.jpg" in HTML "https://vk.com/feed"  	[MsgId: MMSG-26659]
Action.c(149): Found resource "https://pp.userapi.com/c841429/v841429517/43ce8/M_gkW7qpCLY.jpg" in HTML "https://vk.com/feed"  	[MsgId: MMSG-26659]
Action.c(149): Found resource "https://pp.userapi.com/c624120/v624120145/5eb5e/qzGoUu0WpMk.jpg" in HTML "https://vk.com/feed"  	[MsgId: MMSG-26659]
Action.c(149): Found resource "https://pp.userapi.com/c639126/v639126517/6cd54/Ja6HopelQZk.jpg" in HTML "https://vk.com/feed"  	[MsgId: MMSG-26659]
Action.c(149): Found resource "https://pp.userapi.com/c840231/v840231664/468c2/eUg_WHBAf8s.jpg" in HTML "https://vk.com/feed"  	[MsgId: MMSG-26659]
Action.c(149): Error -27723: Step download timeout (120 seconds) has expired when downloading resource "https://pp.userapi.com/c626124/v626124856/278be/TgVLek3gTbE.jpg". Set the "Step Timeout caused by resources is a warning" Run-Time Setting to Yes/No to have this message as a warning/error, respectively  	[MsgId: MERR-27723]
End auto log messages stack.	[MsgId: MMSG-10544]


Start auto log messages stack - Iteration 58.	[MsgId: MMSG-10545]
Action.c(254): Resource "https://vk.com/js/lib/px.js?ch=2" is in the cache already and will not be downloaded again  	[MsgId: MMSG-26655]
Action.c(254): Found resource "https://vk.com/js/al/login.js?3551917100" in HTML "https://vk.com/login?act=mobile&hash=dc65a010f40068ff"  	[MsgId: MMSG-26659]
Action.c(254): Resource "https://vk.com/js/al/ui_common.js?3489032241" is in the cache already and will not be downloaded again  	[MsgId: MMSG-26655]
Action.c(254): Resource "https://vk.com/js/cmodules/web/audioplayer.js?3876525056" is in the cache already and will not be downloaded again  	[MsgId: MMSG-26655]
Action.c(254): Registered web_reg_find successful for "Text=Test" (count=1)  	[MsgId: MMSG-26364]
Action.c(254): Error -26366: "Text=Поиск" not found for web_reg_find  	[MsgId: MERR-26366]
End auto log messages stack.	[MsgId: MMSG-10544]


Start auto log messages stack - Iteration 59.	[MsgId: MMSG-10545]
Action.c(254): Resource "https://vk.com/js/lib/px.js?ch=2" is in the cache already and will not be downloaded again  	[MsgId: MMSG-26655]
Action.c(254): Found resource "https://vk.com/js/al/login.js?3551917100" in HTML "https://vk.com/login?act=mobile&hash=5fbc5e7475c94d5d"  	[MsgId: MMSG-26659]
Action.c(254): Resource "https://vk.com/js/al/ui_common.js?3489032241" is in the cache already and will not be downloaded again  	[MsgId: MMSG-26655]
Action.c(254): Resource "https://vk.com/js/cmodules/web/audioplayer.js?3876525056" is in the cache already and will not be downloaded again  	[MsgId: MMSG-26655]
Action.c(254): Registered web_reg_find successful for "Text=Test" (count=1)  	[MsgId: MMSG-26364]
Action.c(254): Error -26366: "Text=Поиск" not found for web_reg_find  	[MsgId: MERR-26366]
End auto log messages stack.	[MsgId: MMSG-10544]


Start auto log messages stack - Iteration 60.	[MsgId: MMSG-10545]
Action.c(254): Resource "https://vk.com/js/lib/px.js?ch=2" is in the cache already and will not be downloaded again  	[MsgId: MMSG-26655]
Action.c(254): Found resource "https://vk.com/js/al/login.js?3551917100" in HTML "https://vk.com/login?act=mobile&hash=ab75b7e59444e9e7"  	[MsgId: MMSG-26659]
Action.c(254): Resource "https://vk.com/js/al/ui_common.js?3489032241" is in the cache already and will not be downloaded again  	[MsgId: MMSG-26655]
Action.c(254): Resource "https://vk.com/js/cmodules/web/audioplayer.js?3876525056" is in the cache already and will not be downloaded again  	[MsgId: MMSG-26655]
Action.c(254): Registered web_reg_find successful for "Text=Test" (count=1)  	[MsgId: MMSG-26364]
Action.c(254): Error -26366: "Text=Поиск" not found for web_reg_find  	[MsgId: MERR-26366]
End auto log messages stack.	[MsgId: MMSG-10544]


Start auto log messages stack - Iteration 61.	[MsgId: MMSG-10545]
Action.c(254): Resource "https://vk.com/js/lib/px.js?ch=2" is in the cache already and will not be downloaded again  	[MsgId: MMSG-26655]
Action.c(254): Found resource "https://vk.com/js/al/login.js?3551917100" in HTML "https://vk.com/login?act=mobile&hash=f61ddb2f0ee068e8"  	[MsgId: MMSG-26659]
Action.c(254): Resource "https://vk.com/js/al/ui_common.js?3489032241" is in the cache already and will not be downloaded again  	[MsgId: MMSG-26655]
Action.c(254): Resource "https://vk.com/js/cmodules/web/audioplayer.js?3876525056" is in the cache already and will not be downloaded again  	[MsgId: MMSG-26655]
Action.c(254): Registered web_reg_find successful for "Text=Test" (count=1)  	[MsgId: MMSG-26364]
Action.c(254): Error -26366: "Text=Поиск" not found for web_reg_find  	[MsgId: MERR-26366]
End auto log messages stack.	[MsgId: MMSG-10544]


Start auto log messages stack - Iteration 62.	[MsgId: MMSG-10545]
Action.c(254): Resource "https://vk.com/js/lib/px.js?ch=2" is in the cache already and will not be downloaded again  	[MsgId: MMSG-26655]
Action.c(254): Found resource "https://vk.com/js/al/login.js?3551917100" in HTML "https://vk.com/login?act=mobile&hash=25d5d3531ee423a4"  	[MsgId: MMSG-26659]
Action.c(254): Resource "https://vk.com/js/al/ui_common.js?3489032241" is in the cache already and will not be downloaded again  	[MsgId: MMSG-26655]
Action.c(254): Resource "https://vk.com/js/cmodules/web/audioplayer.js?3876525056" is in the cache already and will not be downloaded again  	[MsgId: MMSG-26655]
Action.c(254): Registered web_reg_find successful for "Text=Test" (count=1)  	[MsgId: MMSG-26364]
Action.c(254): Error -26366: "Text=Поиск" not found for web_reg_find  	[MsgId: MERR-26366]
End auto log messages stack.	[MsgId: MMSG-10544]


Start auto log messages stack - Iteration 63.	[MsgId: MMSG-10545]
Action.c(254): Resource "https://vk.com/js/lib/px.js?ch=2" is in the cache already and will not be downloaded again  	[MsgId: MMSG-26655]
Action.c(254): Found resource "https://vk.com/js/al/login.js?3551917100" in HTML "https://vk.com/login?act=mobile&hash=7985158c12c199bd"  	[MsgId: MMSG-26659]
Action.c(254): Resource "https://vk.com/js/al/ui_common.js?3489032241" is in the cache already and will not be downloaded again  	[MsgId: MMSG-26655]
Action.c(254): Resource "https://vk.com/js/cmodules/web/audioplayer.js?3876525056" is in the cache already and will not be downloaded again  	[MsgId: MMSG-26655]
Action.c(254): Registered web_reg_find successful for "Text=Test" (count=1)  	[MsgId: MMSG-26364]
Action.c(254): Error -26366: "Text=Поиск" not found for web_reg_find  	[MsgId: MERR-26366]
End auto log messages stack.	[MsgId: MMSG-10544]


Start auto log messages stack - Iteration 64.	[MsgId: MMSG-10545]
Action.c(254): Resource "https://vk.com/js/lib/px.js?ch=2" is in the cache already and will not be downloaded again  	[MsgId: MMSG-26655]
Action.c(254): Found resource "https://vk.com/js/al/login.js?3551917100" in HTML "https://vk.com/login?act=mobile&hash=a4da93443b737140"  	[MsgId: MMSG-26659]
Action.c(254): Resource "https://vk.com/js/al/ui_common.js?3489032241" is in the cache already and will not be downloaded again  	[MsgId: MMSG-26655]
Action.c(254): Resource "https://vk.com/js/cmodules/web/audioplayer.js?3876525056" is in the cache already and will not be downloaded again  	[MsgId: MMSG-26655]
Action.c(254): Registered web_reg_find successful for "Text=Test" (count=1)  	[MsgId: MMSG-26364]
Action.c(254): Error -26366: "Text=Поиск" not found for web_reg_find  	[MsgId: MERR-26366]
End auto log messages stack.	[MsgId: MMSG-10544]


Start auto log messages stack - Iteration 65.	[MsgId: MMSG-10545]
Action.c(254): Resource "https://vk.com/js/lib/px.js?ch=2" is in the cache already and will not be downloaded again  	[MsgId: MMSG-26655]
Action.c(254): Found resource "https://vk.com/js/al/login.js?3551917100" in HTML "https://vk.com/login?act=mobile&hash=0565e3267f7404e5"  	[MsgId: MMSG-26659]
Action.c(254): Resource "https://vk.com/js/al/ui_common.js?3489032241" is in the cache already and will not be downloaded again  	[MsgId: MMSG-26655]
Action.c(254): Resource "https://vk.com/js/cmodules/web/audioplayer.js?3876525056" is in the cache already and will not be downloaded again  	[MsgId: MMSG-26655]
Action.c(254): Registered web_reg_find successful for "Text=Test" (count=1)  	[MsgId: MMSG-26364]
Action.c(254): Error -26366: "Text=Поиск" not found for web_reg_find  	[MsgId: MERR-26366]
End auto log messages stack.	[MsgId: MMSG-10544]


Start auto log messages stack - Iteration 66.	[MsgId: MMSG-10545]
Action.c(254): Resource "https://vk.com/js/lib/px.js?ch=2" is in the cache already and will not be downloaded again  	[MsgId: MMSG-26655]
Action.c(254): Found resource "https://vk.com/js/al/login.js?3551917100" in HTML "https://vk.com/login?act=mobile&hash=95c03cb383ef258d"  	[MsgId: MMSG-26659]
Action.c(254): Resource "https://vk.com/js/al/ui_common.js?3489032241" is in the cache already and will not be downloaded again  	[MsgId: MMSG-26655]
Action.c(254): Resource "https://vk.com/js/cmodules/web/audioplayer.js?3876525056" is in the cache already and will not be downloaded again  	[MsgId: MMSG-26655]
Action.c(254): Registered web_reg_find successful for "Text=Test" (count=1)  	[MsgId: MMSG-26364]
Action.c(254): Error -26366: "Text=Поиск" not found for web_reg_find  	[MsgId: MERR-26366]
End auto log messages stack.	[MsgId: MMSG-10544]


Start auto log messages stack - Iteration 67.	[MsgId: MMSG-10545]
Action.c(254): Resource "https://vk.com/js/lib/px.js?ch=2" is in the cache already and will not be downloaded again  	[MsgId: MMSG-26655]
Action.c(254): Found resource "https://vk.com/js/al/login.js?3551917100" in HTML "https://vk.com/login?act=mobile&hash=4b03c6aaa2bbc114"  	[MsgId: MMSG-26659]
Action.c(254): Resource "https://vk.com/js/al/ui_common.js?3489032241" is in the cache already and will not be downloaded again  	[MsgId: MMSG-26655]
Action.c(254): Resource "https://vk.com/js/cmodules/web/audioplayer.js?3876525056" is in the cache already and will not be downloaded again  	[MsgId: MMSG-26655]
Action.c(254): Registered web_reg_find successful for "Text=Test" (count=1)  	[MsgId: MMSG-26364]
Action.c(254): Error -26366: "Text=Поиск" not found for web_reg_find  	[MsgId: MERR-26366]
End auto log messages stack.	[MsgId: MMSG-10544]


Start auto log messages stack - Iteration 68.	[MsgId: MMSG-10545]
Action.c(254): Resource "https://vk.com/js/lib/px.js?ch=2" is in the cache already and will not be downloaded again  	[MsgId: MMSG-26655]
Action.c(254): Found resource "https://vk.com/js/al/login.js?3551917100" in HTML "https://vk.com/login?act=mobile&hash=f1b9db12e09a4af3"  	[MsgId: MMSG-26659]
Action.c(254): Resource "https://vk.com/js/al/ui_common.js?3489032241" is in the cache already and will not be downloaded again  	[MsgId: MMSG-26655]
Action.c(254): Resource "https://vk.com/js/cmodules/web/audioplayer.js?3876525056" is in the cache already and will not be downloaded again  	[MsgId: MMSG-26655]
Action.c(254): Registered web_reg_find successful for "Text=Test" (count=1)  	[MsgId: MMSG-26364]
Action.c(254): Error -26366: "Text=Поиск" not found for web_reg_find  	[MsgId: MERR-26366]
End auto log messages stack.	[MsgId: MMSG-10544]


Start auto log messages stack - Iteration 69.	[MsgId: MMSG-10545]
Action.c(254): Resource "https://vk.com/js/lib/px.js?ch=2" is in the cache already and will not be downloaded again  	[MsgId: MMSG-26655]
Action.c(254): Found resource "https://vk.com/js/al/login.js?3551917100" in HTML "https://vk.com/login?act=mobile&hash=bf0074090945dab3"  	[MsgId: MMSG-26659]
Action.c(254): Resource "https://vk.com/js/al/ui_common.js?3489032241" is in the cache already and will not be downloaded again  	[MsgId: MMSG-26655]
Action.c(254): Resource "https://vk.com/js/cmodules/web/audioplayer.js?3876525056" is in the cache already and will not be downloaded again  	[MsgId: MMSG-26655]
Action.c(254): Registered web_reg_find successful for "Text=Test" (count=1)  	[MsgId: MMSG-26364]
Action.c(254): Error -26366: "Text=Поиск" not found for web_reg_find  	[MsgId: MERR-26366]
End auto log messages stack.	[MsgId: MMSG-10544]


