Start auto log messages stack - Iteration 1.	[MsgId: MMSG-10545]
Action.c(284): Resource "https://vk.com/js/lib/px.js?ch=2" is in the cache already and will not be downloaded again  	[MsgId: MMSG-26655]
Action.c(284): Found resource "https://vk.com/js/al/login.js?3551917100" in HTML "https://vk.com/login?act=mobile&hash=86823faac5a4c4bf"  	[MsgId: MMSG-26659]
Action.c(284): Resource "https://vk.com/js/al/ui_common.js?3489032241" is in the cache already and will not be downloaded again  	[MsgId: MMSG-26655]
Action.c(284): Resource "https://vk.com/js/cmodules/web/audioplayer.js?3876525056" is in the cache already and will not be downloaded again  	[MsgId: MMSG-26655]
Action.c(284): Registered web_reg_find successful for "Text=message" (count=3)  	[MsgId: MMSG-26364]
Action.c(284): Error -26366: "Text=Поиск" not found for web_reg_find  	[MsgId: MERR-26366]
End auto log messages stack.	[MsgId: MMSG-10544]


Start auto log messages stack - Iteration 2.	[MsgId: MMSG-10545]
Action.c(284): Resource "https://vk.com/js/lib/px.js?ch=2" is in the cache already and will not be downloaded again  	[MsgId: MMSG-26655]
Action.c(284): Found resource "https://vk.com/js/al/login.js?3551917100" in HTML "https://vk.com/login?act=mobile&hash=07038bc08fd940f7"  	[MsgId: MMSG-26659]
Action.c(284): Resource "https://vk.com/js/al/ui_common.js?3489032241" is in the cache already and will not be downloaded again  	[MsgId: MMSG-26655]
Action.c(284): Resource "https://vk.com/js/cmodules/web/audioplayer.js?3876525056" is in the cache already and will not be downloaded again  	[MsgId: MMSG-26655]
Action.c(284): Registered web_reg_find successful for "Text=message" (count=3)  	[MsgId: MMSG-26364]
Action.c(284): Error -26366: "Text=Поиск" not found for web_reg_find  	[MsgId: MERR-26366]
End auto log messages stack.	[MsgId: MMSG-10544]


Start auto log messages stack - Iteration 3.	[MsgId: MMSG-10545]
Action.c(284): Resource "https://vk.com/js/lib/px.js?ch=2" is in the cache already and will not be downloaded again  	[MsgId: MMSG-26655]
Action.c(284): Found resource "https://vk.com/js/al/login.js?3551917100" in HTML "https://vk.com/login?act=mobile&hash=c5ba921dc81f72e8"  	[MsgId: MMSG-26659]
Action.c(284): Resource "https://vk.com/js/al/ui_common.js?3489032241" is in the cache already and will not be downloaded again  	[MsgId: MMSG-26655]
Action.c(284): Resource "https://vk.com/js/cmodules/web/audioplayer.js?3876525056" is in the cache already and will not be downloaded again  	[MsgId: MMSG-26655]
Action.c(284): Registered web_reg_find successful for "Text=message" (count=3)  	[MsgId: MMSG-26364]
Action.c(284): Error -26366: "Text=Поиск" not found for web_reg_find  	[MsgId: MERR-26366]
End auto log messages stack.	[MsgId: MMSG-10544]


Start auto log messages stack - Iteration 4.	[MsgId: MMSG-10545]
Action.c(284): Resource "https://vk.com/js/lib/px.js?ch=2" is in the cache already and will not be downloaded again  	[MsgId: MMSG-26655]
Action.c(284): Found resource "https://vk.com/js/al/login.js?3551917100" in HTML "https://vk.com/login?act=mobile&hash=b8149c62cedc82e2"  	[MsgId: MMSG-26659]
Action.c(284): Resource "https://vk.com/js/al/ui_common.js?3489032241" is in the cache already and will not be downloaded again  	[MsgId: MMSG-26655]
Action.c(284): Resource "https://vk.com/js/cmodules/web/audioplayer.js?3876525056" is in the cache already and will not be downloaded again  	[MsgId: MMSG-26655]
Action.c(284): Registered web_reg_find successful for "Text=message" (count=3)  	[MsgId: MMSG-26364]
Action.c(284): Error -26366: "Text=Поиск" not found for web_reg_find  	[MsgId: MERR-26366]
End auto log messages stack.	[MsgId: MMSG-10544]


