Start auto log messages stack - Iteration 1.	[MsgId: MMSG-10545]
Action.c(284): Resource "https://vk.com/js/lib/px.js?ch=2" is in the cache already and will not be downloaded again  	[MsgId: MMSG-26655]
Action.c(284): Found resource "https://vk.com/js/al/login.js?3551917100" in HTML "https://vk.com/login?act=mobile&hash=a46ffaa200cd41bf"  	[MsgId: MMSG-26659]
Action.c(284): Resource "https://vk.com/js/al/ui_common.js?3489032241" is in the cache already and will not be downloaded again  	[MsgId: MMSG-26655]
Action.c(284): Resource "https://vk.com/js/cmodules/web/audioplayer.js?3876525056" is in the cache already and will not be downloaded again  	[MsgId: MMSG-26655]
Action.c(284): Registered web_reg_find successful for "Text=message" (count=3)  	[MsgId: MMSG-26364]
Action.c(284): Error -26366: "Text=Поиск" not found for web_reg_find  	[MsgId: MERR-26366]
End auto log messages stack.	[MsgId: MMSG-10544]


Start auto log messages stack - Iteration 2.	[MsgId: MMSG-10545]
Action.c(284): Resource "https://vk.com/js/lib/px.js?ch=2" is in the cache already and will not be downloaded again  	[MsgId: MMSG-26655]
Action.c(284): Found resource "https://vk.com/js/al/login.js?3551917100" in HTML "https://vk.com/login?act=mobile&hash=7db8574d9a8d1e84"  	[MsgId: MMSG-26659]
Action.c(284): Resource "https://vk.com/js/al/ui_common.js?3489032241" is in the cache already and will not be downloaded again  	[MsgId: MMSG-26655]
Action.c(284): Resource "https://vk.com/js/cmodules/web/audioplayer.js?3876525056" is in the cache already and will not be downloaded again  	[MsgId: MMSG-26655]
Action.c(284): Registered web_reg_find successful for "Text=message" (count=3)  	[MsgId: MMSG-26364]
Action.c(284): Error -26366: "Text=Поиск" not found for web_reg_find  	[MsgId: MERR-26366]
End auto log messages stack.	[MsgId: MMSG-10544]


Start auto log messages stack - Iteration 3.	[MsgId: MMSG-10545]
Action.c(284): Resource "https://vk.com/js/lib/px.js?ch=2" is in the cache already and will not be downloaded again  	[MsgId: MMSG-26655]
Action.c(284): Found resource "https://vk.com/js/al/login.js?3551917100" in HTML "https://vk.com/login?act=mobile&hash=32a9982fe6029911"  	[MsgId: MMSG-26659]
Action.c(284): Resource "https://vk.com/js/al/ui_common.js?3489032241" is in the cache already and will not be downloaded again  	[MsgId: MMSG-26655]
Action.c(284): Resource "https://vk.com/js/cmodules/web/audioplayer.js?3876525056" is in the cache already and will not be downloaded again  	[MsgId: MMSG-26655]
Action.c(284): Registered web_reg_find successful for "Text=message" (count=3)  	[MsgId: MMSG-26364]
Action.c(284): Error -26366: "Text=Поиск" not found for web_reg_find  	[MsgId: MERR-26366]
End auto log messages stack.	[MsgId: MMSG-10544]


Start auto log messages stack - Iteration 4.	[MsgId: MMSG-10545]
Action.c(284): Resource "https://vk.com/js/lib/px.js?ch=2" is in the cache already and will not be downloaded again  	[MsgId: MMSG-26655]
Action.c(284): Found resource "https://vk.com/js/al/login.js?3551917100" in HTML "https://vk.com/login?act=mobile&hash=6e1bec2a81cefb50"  	[MsgId: MMSG-26659]
Action.c(284): Resource "https://vk.com/js/al/ui_common.js?3489032241" is in the cache already and will not be downloaded again  	[MsgId: MMSG-26655]
Action.c(284): Resource "https://vk.com/js/cmodules/web/audioplayer.js?3876525056" is in the cache already and will not be downloaded again  	[MsgId: MMSG-26655]
Action.c(284): Registered web_reg_find successful for "Text=message" (count=3)  	[MsgId: MMSG-26364]
Action.c(284): Error -26366: "Text=Поиск" not found for web_reg_find  	[MsgId: MERR-26366]
End auto log messages stack.	[MsgId: MMSG-10544]


Start auto log messages stack - Iteration 5.	[MsgId: MMSG-10545]
Action.c(284): Resource "https://vk.com/js/lib/px.js?ch=2" is in the cache already and will not be downloaded again  	[MsgId: MMSG-26655]
Action.c(284): Found resource "https://vk.com/js/al/login.js?3551917100" in HTML "https://vk.com/login?act=mobile&hash=0f2a1d85cc041ef5"  	[MsgId: MMSG-26659]
Action.c(284): Resource "https://vk.com/js/al/ui_common.js?3489032241" is in the cache already and will not be downloaded again  	[MsgId: MMSG-26655]
Action.c(284): Resource "https://vk.com/js/cmodules/web/audioplayer.js?3876525056" is in the cache already and will not be downloaded again  	[MsgId: MMSG-26655]
Action.c(284): Registered web_reg_find successful for "Text=message" (count=3)  	[MsgId: MMSG-26364]
Action.c(284): Error -26366: "Text=Поиск" not found for web_reg_find  	[MsgId: MERR-26366]
End auto log messages stack.	[MsgId: MMSG-10544]


Start auto log messages stack - Iteration 6.	[MsgId: MMSG-10545]
Action.c(284): Resource "https://vk.com/js/lib/px.js?ch=2" is in the cache already and will not be downloaded again  	[MsgId: MMSG-26655]
Action.c(284): Found resource "https://vk.com/js/al/login.js?3551917100" in HTML "https://vk.com/login?act=mobile&hash=a4322fb7b33e9f94"  	[MsgId: MMSG-26659]
Action.c(284): Resource "https://vk.com/js/al/ui_common.js?3489032241" is in the cache already and will not be downloaded again  	[MsgId: MMSG-26655]
Action.c(284): Resource "https://vk.com/js/cmodules/web/audioplayer.js?3876525056" is in the cache already and will not be downloaded again  	[MsgId: MMSG-26655]
Action.c(284): Registered web_reg_find successful for "Text=message" (count=3)  	[MsgId: MMSG-26364]
Action.c(284): Error -26366: "Text=Поиск" not found for web_reg_find  	[MsgId: MERR-26366]
End auto log messages stack.	[MsgId: MMSG-10544]


Start auto log messages stack - Iteration 7.	[MsgId: MMSG-10545]
Action.c(284): Resource "https://vk.com/js/lib/px.js?ch=2" is in the cache already and will not be downloaded again  	[MsgId: MMSG-26655]
Action.c(284): Found resource "https://vk.com/js/al/login.js?3551917100" in HTML "https://vk.com/login?act=mobile&hash=06f42d5f954a3c63"  	[MsgId: MMSG-26659]
Action.c(284): Resource "https://vk.com/js/al/ui_common.js?3489032241" is in the cache already and will not be downloaded again  	[MsgId: MMSG-26655]
Action.c(284): Resource "https://vk.com/js/cmodules/web/audioplayer.js?3876525056" is in the cache already and will not be downloaded again  	[MsgId: MMSG-26655]
Action.c(284): Registered web_reg_find successful for "Text=message" (count=3)  	[MsgId: MMSG-26364]
Action.c(284): Error -26366: "Text=Поиск" not found for web_reg_find  	[MsgId: MERR-26366]
End auto log messages stack.	[MsgId: MMSG-10544]


Start auto log messages stack - Iteration 8.	[MsgId: MMSG-10545]
Action.c(284): Resource "https://vk.com/js/lib/px.js?ch=2" is in the cache already and will not be downloaded again  	[MsgId: MMSG-26655]
Action.c(284): Found resource "https://vk.com/js/al/login.js?3551917100" in HTML "https://vk.com/login?act=mobile&hash=3781a4c95fdcff25"  	[MsgId: MMSG-26659]
Action.c(284): Resource "https://vk.com/js/al/ui_common.js?3489032241" is in the cache already and will not be downloaded again  	[MsgId: MMSG-26655]
Action.c(284): Resource "https://vk.com/js/cmodules/web/audioplayer.js?3876525056" is in the cache already and will not be downloaded again  	[MsgId: MMSG-26655]
Action.c(284): Registered web_reg_find successful for "Text=message" (count=3)  	[MsgId: MMSG-26364]
Action.c(284): Error -26366: "Text=Поиск" not found for web_reg_find  	[MsgId: MERR-26366]
End auto log messages stack.	[MsgId: MMSG-10544]


Start auto log messages stack - Iteration 9.	[MsgId: MMSG-10545]
Action.c(284): Resource "https://vk.com/js/lib/px.js?ch=2" is in the cache already and will not be downloaded again  	[MsgId: MMSG-26655]
Action.c(284): Found resource "https://vk.com/js/al/login.js?3551917100" in HTML "https://vk.com/login?act=mobile&hash=90cbb022e39c67bd"  	[MsgId: MMSG-26659]
Action.c(284): Resource "https://vk.com/js/al/ui_common.js?3489032241" is in the cache already and will not be downloaded again  	[MsgId: MMSG-26655]
Action.c(284): Resource "https://vk.com/js/cmodules/web/audioplayer.js?3876525056" is in the cache already and will not be downloaded again  	[MsgId: MMSG-26655]
Action.c(284): Registered web_reg_find successful for "Text=message" (count=3)  	[MsgId: MMSG-26364]
Action.c(284): Error -26366: "Text=Поиск" not found for web_reg_find  	[MsgId: MERR-26366]
End auto log messages stack.	[MsgId: MMSG-10544]


Start auto log messages stack - Iteration 10.	[MsgId: MMSG-10545]
Action.c(284): Resource "https://vk.com/js/lib/px.js?ch=2" is in the cache already and will not be downloaded again  	[MsgId: MMSG-26655]
Action.c(284): Found resource "https://vk.com/js/al/login.js?3551917100" in HTML "https://vk.com/login?act=mobile&hash=fe483e749b7af4e8"  	[MsgId: MMSG-26659]
Action.c(284): Resource "https://vk.com/js/al/ui_common.js?3489032241" is in the cache already and will not be downloaded again  	[MsgId: MMSG-26655]
Action.c(284): Resource "https://vk.com/js/cmodules/web/audioplayer.js?3876525056" is in the cache already and will not be downloaded again  	[MsgId: MMSG-26655]
Action.c(284): Registered web_reg_find successful for "Text=message" (count=3)  	[MsgId: MMSG-26364]
Action.c(284): Error -26366: "Text=Поиск" not found for web_reg_find  	[MsgId: MERR-26366]
End auto log messages stack.	[MsgId: MMSG-10544]


Start auto log messages stack - Iteration 11.	[MsgId: MMSG-10545]
Action.c(284): Resource "https://vk.com/js/lib/px.js?ch=2" is in the cache already and will not be downloaded again  	[MsgId: MMSG-26655]
Action.c(284): Found resource "https://vk.com/js/al/login.js?3551917100" in HTML "https://vk.com/login?act=mobile&hash=1ea426b1274a5646"  	[MsgId: MMSG-26659]
Action.c(284): Resource "https://vk.com/js/al/ui_common.js?3489032241" is in the cache already and will not be downloaded again  	[MsgId: MMSG-26655]
Action.c(284): Resource "https://vk.com/js/cmodules/web/audioplayer.js?3876525056" is in the cache already and will not be downloaded again  	[MsgId: MMSG-26655]
Action.c(284): Registered web_reg_find successful for "Text=message" (count=3)  	[MsgId: MMSG-26364]
Action.c(284): Error -26366: "Text=Поиск" not found for web_reg_find  	[MsgId: MERR-26366]
End auto log messages stack.	[MsgId: MMSG-10544]


Start auto log messages stack - Iteration 12.	[MsgId: MMSG-10545]
Action.c(284): Resource "https://vk.com/js/lib/px.js?ch=2" is in the cache already and will not be downloaded again  	[MsgId: MMSG-26655]
Action.c(284): Found resource "https://vk.com/js/al/login.js?3551917100" in HTML "https://vk.com/login?act=mobile&hash=9a1a2221019907ab"  	[MsgId: MMSG-26659]
Action.c(284): Resource "https://vk.com/js/al/ui_common.js?3489032241" is in the cache already and will not be downloaded again  	[MsgId: MMSG-26655]
Action.c(284): Resource "https://vk.com/js/cmodules/web/audioplayer.js?3876525056" is in the cache already and will not be downloaded again  	[MsgId: MMSG-26655]
Action.c(284): Registered web_reg_find successful for "Text=message" (count=3)  	[MsgId: MMSG-26364]
Action.c(284): Error -26366: "Text=Поиск" not found for web_reg_find  	[MsgId: MERR-26366]
End auto log messages stack.	[MsgId: MMSG-10544]


Start auto log messages stack - Iteration 13.	[MsgId: MMSG-10545]
Action.c(284): Resource "https://vk.com/js/lib/px.js?ch=2" is in the cache already and will not be downloaded again  	[MsgId: MMSG-26655]
Action.c(284): Found resource "https://vk.com/js/al/login.js?3551917100" in HTML "https://vk.com/login?act=mobile&hash=e74e6526a10843f8"  	[MsgId: MMSG-26659]
Action.c(284): Resource "https://vk.com/js/al/ui_common.js?3489032241" is in the cache already and will not be downloaded again  	[MsgId: MMSG-26655]
Action.c(284): Resource "https://vk.com/js/cmodules/web/audioplayer.js?3876525056" is in the cache already and will not be downloaded again  	[MsgId: MMSG-26655]
Action.c(284): Registered web_reg_find successful for "Text=message" (count=3)  	[MsgId: MMSG-26364]
Action.c(284): Error -26366: "Text=Поиск" not found for web_reg_find  	[MsgId: MERR-26366]
End auto log messages stack.	[MsgId: MMSG-10544]


Start auto log messages stack - Iteration 14.	[MsgId: MMSG-10545]
Action.c(284): Resource "https://vk.com/js/lib/px.js?ch=2" is in the cache already and will not be downloaded again  	[MsgId: MMSG-26655]
Action.c(284): Found resource "https://vk.com/js/al/login.js?3551917100" in HTML "https://vk.com/login?act=mobile&hash=97a84f307dc54b8d"  	[MsgId: MMSG-26659]
Action.c(284): Resource "https://vk.com/js/al/ui_common.js?3489032241" is in the cache already and will not be downloaded again  	[MsgId: MMSG-26655]
Action.c(284): Resource "https://vk.com/js/cmodules/web/audioplayer.js?3876525056" is in the cache already and will not be downloaded again  	[MsgId: MMSG-26655]
Action.c(284): Registered web_reg_find successful for "Text=message" (count=3)  	[MsgId: MMSG-26364]
Action.c(284): Error -26366: "Text=Поиск" not found for web_reg_find  	[MsgId: MERR-26366]
End auto log messages stack.	[MsgId: MMSG-10544]


Start auto log messages stack - Iteration 15.	[MsgId: MMSG-10545]
Action.c(284): Resource "https://vk.com/js/lib/px.js?ch=2" is in the cache already and will not be downloaded again  	[MsgId: MMSG-26655]
Action.c(284): Found resource "https://vk.com/js/al/login.js?3551917100" in HTML "https://vk.com/login?act=mobile&hash=cd03ee0e3ab1ec41"  	[MsgId: MMSG-26659]
Action.c(284): Resource "https://vk.com/js/al/ui_common.js?3489032241" is in the cache already and will not be downloaded again  	[MsgId: MMSG-26655]
Action.c(284): Resource "https://vk.com/js/cmodules/web/audioplayer.js?3876525056" is in the cache already and will not be downloaded again  	[MsgId: MMSG-26655]
Action.c(284): Registered web_reg_find successful for "Text=message" (count=3)  	[MsgId: MMSG-26364]
Action.c(284): Error -26366: "Text=Поиск" not found for web_reg_find  	[MsgId: MERR-26366]
End auto log messages stack.	[MsgId: MMSG-10544]


Start auto log messages stack - Iteration 16.	[MsgId: MMSG-10545]
Action.c(284): Resource "https://vk.com/js/lib/px.js?ch=2" is in the cache already and will not be downloaded again  	[MsgId: MMSG-26655]
Action.c(284): Found resource "https://vk.com/js/al/login.js?3551917100" in HTML "https://vk.com/login?act=mobile&hash=7a2839ae05f0e8c4"  	[MsgId: MMSG-26659]
Action.c(284): Resource "https://vk.com/js/al/ui_common.js?3489032241" is in the cache already and will not be downloaded again  	[MsgId: MMSG-26655]
Action.c(284): Resource "https://vk.com/js/cmodules/web/audioplayer.js?3876525056" is in the cache already and will not be downloaded again  	[MsgId: MMSG-26655]
Action.c(284): Registered web_reg_find successful for "Text=message" (count=3)  	[MsgId: MMSG-26364]
Action.c(284): Error -26366: "Text=Поиск" not found for web_reg_find  	[MsgId: MERR-26366]
End auto log messages stack.	[MsgId: MMSG-10544]


Start auto log messages stack - Iteration 17.	[MsgId: MMSG-10545]
Action.c(284): Resource "https://vk.com/js/lib/px.js?ch=2" is in the cache already and will not be downloaded again  	[MsgId: MMSG-26655]
Action.c(284): Found resource "https://vk.com/js/al/login.js?3551917100" in HTML "https://vk.com/login?act=mobile&hash=79b9335ce427cde4"  	[MsgId: MMSG-26659]
Action.c(284): Resource "https://vk.com/js/al/ui_common.js?3489032241" is in the cache already and will not be downloaded again  	[MsgId: MMSG-26655]
Action.c(284): Resource "https://vk.com/js/cmodules/web/audioplayer.js?3876525056" is in the cache already and will not be downloaded again  	[MsgId: MMSG-26655]
Action.c(284): Registered web_reg_find successful for "Text=message" (count=3)  	[MsgId: MMSG-26364]
Action.c(284): Error -26366: "Text=Поиск" not found for web_reg_find  	[MsgId: MERR-26366]
End auto log messages stack.	[MsgId: MMSG-10544]


Start auto log messages stack - Iteration 18.	[MsgId: MMSG-10545]
Action.c(284): Resource "https://vk.com/js/lib/px.js?ch=2" is in the cache already and will not be downloaded again  	[MsgId: MMSG-26655]
Action.c(284): Found resource "https://vk.com/js/al/login.js?3551917100" in HTML "https://vk.com/login?act=mobile&hash=ed7b996fe5cc9ad7"  	[MsgId: MMSG-26659]
Action.c(284): Resource "https://vk.com/js/al/ui_common.js?3489032241" is in the cache already and will not be downloaded again  	[MsgId: MMSG-26655]
Action.c(284): Resource "https://vk.com/js/cmodules/web/audioplayer.js?3876525056" is in the cache already and will not be downloaded again  	[MsgId: MMSG-26655]
Action.c(284): Registered web_reg_find successful for "Text=message" (count=3)  	[MsgId: MMSG-26364]
Action.c(284): Error -26366: "Text=Поиск" not found for web_reg_find  	[MsgId: MERR-26366]
End auto log messages stack.	[MsgId: MMSG-10544]


Start auto log messages stack - Iteration 19.	[MsgId: MMSG-10545]
Action.c(284): Resource "https://vk.com/js/lib/px.js?ch=2" is in the cache already and will not be downloaded again  	[MsgId: MMSG-26655]
Action.c(284): Found resource "https://vk.com/js/al/login.js?3551917100" in HTML "https://vk.com/login?act=mobile&hash=5c19352dd0ec654d"  	[MsgId: MMSG-26659]
Action.c(284): Resource "https://vk.com/js/al/ui_common.js?3489032241" is in the cache already and will not be downloaded again  	[MsgId: MMSG-26655]
Action.c(284): Resource "https://vk.com/js/cmodules/web/audioplayer.js?3876525056" is in the cache already and will not be downloaded again  	[MsgId: MMSG-26655]
Action.c(284): Registered web_reg_find successful for "Text=message" (count=3)  	[MsgId: MMSG-26364]
Action.c(284): Error -26366: "Text=Поиск" not found for web_reg_find  	[MsgId: MERR-26366]
End auto log messages stack.	[MsgId: MMSG-10544]


Start auto log messages stack - Iteration 20.	[MsgId: MMSG-10545]
Action.c(284): Resource "https://vk.com/js/lib/px.js?ch=2" is in the cache already and will not be downloaded again  	[MsgId: MMSG-26655]
Action.c(284): Found resource "https://vk.com/js/al/login.js?3551917100" in HTML "https://vk.com/login?act=mobile&hash=44cd0c9fd30a16c1"  	[MsgId: MMSG-26659]
Action.c(284): Resource "https://vk.com/js/al/ui_common.js?3489032241" is in the cache already and will not be downloaded again  	[MsgId: MMSG-26655]
Action.c(284): Resource "https://vk.com/js/cmodules/web/audioplayer.js?3876525056" is in the cache already and will not be downloaded again  	[MsgId: MMSG-26655]
Action.c(284): Registered web_reg_find successful for "Text=message" (count=3)  	[MsgId: MMSG-26364]
Action.c(284): Error -26366: "Text=Поиск" not found for web_reg_find  	[MsgId: MERR-26366]
End auto log messages stack.	[MsgId: MMSG-10544]


Start auto log messages stack - Iteration 21.	[MsgId: MMSG-10545]
Action.c(284): Resource "https://vk.com/js/lib/px.js?ch=2" is in the cache already and will not be downloaded again  	[MsgId: MMSG-26655]
Action.c(284): Found resource "https://vk.com/js/al/login.js?3551917100" in HTML "https://vk.com/login?act=mobile&hash=0fd5e65a7ac52ea3"  	[MsgId: MMSG-26659]
Action.c(284): Resource "https://vk.com/js/al/ui_common.js?3489032241" is in the cache already and will not be downloaded again  	[MsgId: MMSG-26655]
Action.c(284): Resource "https://vk.com/js/cmodules/web/audioplayer.js?3876525056" is in the cache already and will not be downloaded again  	[MsgId: MMSG-26655]
Action.c(284): Registered web_reg_find successful for "Text=message" (count=3)  	[MsgId: MMSG-26364]
Action.c(284): Error -26366: "Text=Поиск" not found for web_reg_find  	[MsgId: MERR-26366]
End auto log messages stack.	[MsgId: MMSG-10544]


Start auto log messages stack - Iteration 22.	[MsgId: MMSG-10545]
Action.c(284): Resource "https://vk.com/js/lib/px.js?ch=2" is in the cache already and will not be downloaded again  	[MsgId: MMSG-26655]
Action.c(284): Found resource "https://vk.com/js/al/login.js?3551917100" in HTML "https://vk.com/login?act=mobile&hash=954321dbadb46283"  	[MsgId: MMSG-26659]
Action.c(284): Resource "https://vk.com/js/al/ui_common.js?3489032241" is in the cache already and will not be downloaded again  	[MsgId: MMSG-26655]
Action.c(284): Resource "https://vk.com/js/cmodules/web/audioplayer.js?3876525056" is in the cache already and will not be downloaded again  	[MsgId: MMSG-26655]
Action.c(284): Registered web_reg_find successful for "Text=message" (count=3)  	[MsgId: MMSG-26364]
Action.c(284): Error -26366: "Text=Поиск" not found for web_reg_find  	[MsgId: MERR-26366]
End auto log messages stack.	[MsgId: MMSG-10544]


Start auto log messages stack - Iteration 23.	[MsgId: MMSG-10545]
Action.c(284): Resource "https://vk.com/js/lib/px.js?ch=2" is in the cache already and will not be downloaded again  	[MsgId: MMSG-26655]
Action.c(284): Found resource "https://vk.com/js/al/login.js?3551917100" in HTML "https://vk.com/login?act=mobile&hash=aa14e684467f358a"  	[MsgId: MMSG-26659]
Action.c(284): Resource "https://vk.com/js/al/ui_common.js?3489032241" is in the cache already and will not be downloaded again  	[MsgId: MMSG-26655]
Action.c(284): Resource "https://vk.com/js/cmodules/web/audioplayer.js?3876525056" is in the cache already and will not be downloaded again  	[MsgId: MMSG-26655]
Action.c(284): Registered web_reg_find successful for "Text=message" (count=3)  	[MsgId: MMSG-26364]
Action.c(284): Error -26366: "Text=Поиск" not found for web_reg_find  	[MsgId: MERR-26366]
End auto log messages stack.	[MsgId: MMSG-10544]


Start auto log messages stack - Iteration 24.	[MsgId: MMSG-10545]
Action.c(284): Resource "https://vk.com/js/lib/px.js?ch=2" is in the cache already and will not be downloaded again  	[MsgId: MMSG-26655]
Action.c(284): Found resource "https://vk.com/js/al/login.js?3551917100" in HTML "https://vk.com/login?act=mobile&hash=a46b5ce1b506d93f"  	[MsgId: MMSG-26659]
Action.c(284): Resource "https://vk.com/js/al/ui_common.js?3489032241" is in the cache already and will not be downloaded again  	[MsgId: MMSG-26655]
Action.c(284): Resource "https://vk.com/js/cmodules/web/audioplayer.js?3876525056" is in the cache already and will not be downloaded again  	[MsgId: MMSG-26655]
Action.c(284): Registered web_reg_find successful for "Text=message" (count=3)  	[MsgId: MMSG-26364]
Action.c(284): Error -26366: "Text=Поиск" not found for web_reg_find  	[MsgId: MERR-26366]
End auto log messages stack.	[MsgId: MMSG-10544]


Start auto log messages stack - Iteration 25.	[MsgId: MMSG-10545]
Action.c(284): Resource "https://vk.com/js/lib/px.js?ch=2" is in the cache already and will not be downloaded again  	[MsgId: MMSG-26655]
Action.c(284): Found resource "https://vk.com/js/al/login.js?3551917100" in HTML "https://vk.com/login?act=mobile&hash=af467ad990690b5a"  	[MsgId: MMSG-26659]
Action.c(284): Resource "https://vk.com/js/al/ui_common.js?3489032241" is in the cache already and will not be downloaded again  	[MsgId: MMSG-26655]
Action.c(284): Resource "https://vk.com/js/cmodules/web/audioplayer.js?3876525056" is in the cache already and will not be downloaded again  	[MsgId: MMSG-26655]
Action.c(284): Registered web_reg_find successful for "Text=message" (count=3)  	[MsgId: MMSG-26364]
Action.c(284): Error -26366: "Text=Поиск" not found for web_reg_find  	[MsgId: MERR-26366]
End auto log messages stack.	[MsgId: MMSG-10544]


Start auto log messages stack - Iteration 26.	[MsgId: MMSG-10545]
Action.c(284): Resource "https://vk.com/js/lib/px.js?ch=2" is in the cache already and will not be downloaded again  	[MsgId: MMSG-26655]
Action.c(284): Found resource "https://vk.com/js/al/login.js?3551917100" in HTML "https://vk.com/login?act=mobile&hash=bf7ab3c3ae85cb25"  	[MsgId: MMSG-26659]
Action.c(284): Resource "https://vk.com/js/al/ui_common.js?3489032241" is in the cache already and will not be downloaded again  	[MsgId: MMSG-26655]
Action.c(284): Resource "https://vk.com/js/cmodules/web/audioplayer.js?3876525056" is in the cache already and will not be downloaded again  	[MsgId: MMSG-26655]
Action.c(284): Registered web_reg_find successful for "Text=message" (count=3)  	[MsgId: MMSG-26364]
Action.c(284): Error -26366: "Text=Поиск" not found for web_reg_find  	[MsgId: MERR-26366]
End auto log messages stack.	[MsgId: MMSG-10544]


Start auto log messages stack - Iteration 27.	[MsgId: MMSG-10545]
Action.c(284): Resource "https://vk.com/js/lib/px.js?ch=2" is in the cache already and will not be downloaded again  	[MsgId: MMSG-26655]
Action.c(284): Found resource "https://vk.com/js/al/login.js?3551917100" in HTML "https://vk.com/login?act=mobile&hash=6808a3722b689082"  	[MsgId: MMSG-26659]
Action.c(284): Resource "https://vk.com/js/al/ui_common.js?3489032241" is in the cache already and will not be downloaded again  	[MsgId: MMSG-26655]
Action.c(284): Resource "https://vk.com/js/cmodules/web/audioplayer.js?3876525056" is in the cache already and will not be downloaded again  	[MsgId: MMSG-26655]
Action.c(284): Registered web_reg_find successful for "Text=message" (count=3)  	[MsgId: MMSG-26364]
Action.c(284): Error -26366: "Text=Поиск" not found for web_reg_find  	[MsgId: MERR-26366]
End auto log messages stack.	[MsgId: MMSG-10544]


Start auto log messages stack - Iteration 28.	[MsgId: MMSG-10545]
Action.c(284): Resource "https://vk.com/js/lib/px.js?ch=2" is in the cache already and will not be downloaded again  	[MsgId: MMSG-26655]
Action.c(284): Found resource "https://vk.com/js/al/login.js?3551917100" in HTML "https://vk.com/login?act=mobile&hash=c6b60d9608830cd8"  	[MsgId: MMSG-26659]
Action.c(284): Resource "https://vk.com/js/al/ui_common.js?3489032241" is in the cache already and will not be downloaded again  	[MsgId: MMSG-26655]
Action.c(284): Resource "https://vk.com/js/cmodules/web/audioplayer.js?3876525056" is in the cache already and will not be downloaded again  	[MsgId: MMSG-26655]
Action.c(284): Registered web_reg_find successful for "Text=message" (count=3)  	[MsgId: MMSG-26364]
Action.c(284): Error -26366: "Text=Поиск" not found for web_reg_find  	[MsgId: MERR-26366]
End auto log messages stack.	[MsgId: MMSG-10544]


Start auto log messages stack - Iteration 29.	[MsgId: MMSG-10545]
Action.c(154): Found resource "https://pp.userapi.com/c639716/v639716460/30937/J63yZREi0mk.jpg" in HTML "https://vk.com/feed"  	[MsgId: MMSG-26659]
Action.c(154): Found resource "https://pp.userapi.com/c824202/v824202678/34f9b/PZ9sR_1dufg.jpg" in HTML "https://vk.com/feed"  	[MsgId: MMSG-26659]
Action.c(154): Found resource "https://pp.userapi.com/c626124/v626124778/6453a/4rXvSN2HKWM.jpg" in HTML "https://vk.com/feed"  	[MsgId: MMSG-26659]
Action.c(154): Found resource "https://pp.userapi.com/c627722/v627722624/881b/WlNmsoHEWl4.jpg" in HTML "https://vk.com/feed"  	[MsgId: MMSG-26659]
Action.c(154): Found resource "https://pp.userapi.com/c636830/v636830955/5a185/8Dgf1M7gTxI.jpg" in HTML "https://vk.com/feed"  	[MsgId: MMSG-26659]
Action.c(154): Error -27723: Step download timeout (120 seconds) has expired when downloading resource "https://pp.userapi.com/c411926/v411926520/85d7/Lc1fGnuwfjk.jpg". Set the "Step Timeout caused by resources is a warning" Run-Time Setting to Yes/No to have this message as a warning/error, respectively  	[MsgId: MERR-27723]
End auto log messages stack.	[MsgId: MMSG-10544]


Start auto log messages stack - Iteration 29.	[MsgId: MMSG-10545]
Action.c(284): Resource "https://vk.com/js/lib/px.js?ch=2" is in the cache already and will not be downloaded again  	[MsgId: MMSG-26655]
Action.c(284): Found resource "https://vk.com/js/al/login.js?3551917100" in HTML "https://vk.com/login?act=mobile&hash=198cab21a4c414a6"  	[MsgId: MMSG-26659]
Action.c(284): Resource "https://vk.com/js/al/ui_common.js?3489032241" is in the cache already and will not be downloaded again  	[MsgId: MMSG-26655]
Action.c(284): Resource "https://vk.com/js/cmodules/web/audioplayer.js?3876525056" is in the cache already and will not be downloaded again  	[MsgId: MMSG-26655]
Action.c(284): Registered web_reg_find successful for "Text=message" (count=3)  	[MsgId: MMSG-26364]
Action.c(284): Error -26366: "Text=Поиск" not found for web_reg_find  	[MsgId: MERR-26366]
End auto log messages stack.	[MsgId: MMSG-10544]


Start auto log messages stack - Iteration 30.	[MsgId: MMSG-10545]
Action.c(284): Resource "https://vk.com/js/lib/px.js?ch=2" is in the cache already and will not be downloaded again  	[MsgId: MMSG-26655]
Action.c(284): Found resource "https://vk.com/js/al/login.js?3551917100" in HTML "https://vk.com/login?act=mobile&hash=493a00164d46257c"  	[MsgId: MMSG-26659]
Action.c(284): Resource "https://vk.com/js/al/ui_common.js?3489032241" is in the cache already and will not be downloaded again  	[MsgId: MMSG-26655]
Action.c(284): Resource "https://vk.com/js/cmodules/web/audioplayer.js?3876525056" is in the cache already and will not be downloaded again  	[MsgId: MMSG-26655]
Action.c(284): Registered web_reg_find successful for "Text=message" (count=3)  	[MsgId: MMSG-26364]
Action.c(284): Error -26366: "Text=Поиск" not found for web_reg_find  	[MsgId: MERR-26366]
End auto log messages stack.	[MsgId: MMSG-10544]


Start auto log messages stack - Iteration 31.	[MsgId: MMSG-10545]
Action.c(284): Resource "https://vk.com/js/lib/px.js?ch=2" is in the cache already and will not be downloaded again  	[MsgId: MMSG-26655]
Action.c(284): Found resource "https://vk.com/js/al/login.js?3551917100" in HTML "https://vk.com/login?act=mobile&hash=f4fa1af0bd027e58"  	[MsgId: MMSG-26659]
Action.c(284): Resource "https://vk.com/js/al/ui_common.js?3489032241" is in the cache already and will not be downloaded again  	[MsgId: MMSG-26655]
Action.c(284): Resource "https://vk.com/js/cmodules/web/audioplayer.js?3876525056" is in the cache already and will not be downloaded again  	[MsgId: MMSG-26655]
Action.c(284): Registered web_reg_find successful for "Text=message" (count=3)  	[MsgId: MMSG-26364]
Action.c(284): Error -26366: "Text=Поиск" not found for web_reg_find  	[MsgId: MERR-26366]
End auto log messages stack.	[MsgId: MMSG-10544]


Start auto log messages stack - Iteration 32.	[MsgId: MMSG-10545]
Action.c(284): Resource "https://vk.com/js/lib/px.js?ch=2" is in the cache already and will not be downloaded again  	[MsgId: MMSG-26655]
Action.c(284): Found resource "https://vk.com/js/al/login.js?3551917100" in HTML "https://vk.com/login?act=mobile&hash=6ef235f76ae28f69"  	[MsgId: MMSG-26659]
Action.c(284): Resource "https://vk.com/js/al/ui_common.js?3489032241" is in the cache already and will not be downloaded again  	[MsgId: MMSG-26655]
Action.c(284): Resource "https://vk.com/js/cmodules/web/audioplayer.js?3876525056" is in the cache already and will not be downloaded again  	[MsgId: MMSG-26655]
Action.c(284): Registered web_reg_find successful for "Text=message" (count=3)  	[MsgId: MMSG-26364]
Action.c(284): Error -26366: "Text=Поиск" not found for web_reg_find  	[MsgId: MERR-26366]
End auto log messages stack.	[MsgId: MMSG-10544]


Start auto log messages stack - Iteration 33.	[MsgId: MMSG-10545]
Action.c(284): Resource "https://vk.com/js/lib/px.js?ch=2" is in the cache already and will not be downloaded again  	[MsgId: MMSG-26655]
Action.c(284): Found resource "https://vk.com/js/al/login.js?3551917100" in HTML "https://vk.com/login?act=mobile&hash=ec8620d3f52d0f4c"  	[MsgId: MMSG-26659]
Action.c(284): Resource "https://vk.com/js/al/ui_common.js?3489032241" is in the cache already and will not be downloaded again  	[MsgId: MMSG-26655]
Action.c(284): Resource "https://vk.com/js/cmodules/web/audioplayer.js?3876525056" is in the cache already and will not be downloaded again  	[MsgId: MMSG-26655]
Action.c(284): Registered web_reg_find successful for "Text=message" (count=3)  	[MsgId: MMSG-26364]
Action.c(284): Error -26366: "Text=Поиск" not found for web_reg_find  	[MsgId: MERR-26366]
End auto log messages stack.	[MsgId: MMSG-10544]


Start auto log messages stack - Iteration 34.	[MsgId: MMSG-10545]
Action.c(284): Resource "https://vk.com/js/lib/px.js?ch=2" is in the cache already and will not be downloaded again  	[MsgId: MMSG-26655]
Action.c(284): Found resource "https://vk.com/js/al/login.js?3551917100" in HTML "https://vk.com/login?act=mobile&hash=0dd8179ea594907d"  	[MsgId: MMSG-26659]
Action.c(284): Resource "https://vk.com/js/al/ui_common.js?3489032241" is in the cache already and will not be downloaded again  	[MsgId: MMSG-26655]
Action.c(284): Resource "https://vk.com/js/cmodules/web/audioplayer.js?3876525056" is in the cache already and will not be downloaded again  	[MsgId: MMSG-26655]
Action.c(284): Registered web_reg_find successful for "Text=message" (count=3)  	[MsgId: MMSG-26364]
Action.c(284): Error -26366: "Text=Поиск" not found for web_reg_find  	[MsgId: MERR-26366]
End auto log messages stack.	[MsgId: MMSG-10544]


Start auto log messages stack - Iteration 35.	[MsgId: MMSG-10545]
Action.c(284): Resource "https://vk.com/js/lib/px.js?ch=2" is in the cache already and will not be downloaded again  	[MsgId: MMSG-26655]
Action.c(284): Found resource "https://vk.com/js/al/login.js?3551917100" in HTML "https://vk.com/login?act=mobile&hash=760f1982b8e61f7a"  	[MsgId: MMSG-26659]
Action.c(284): Resource "https://vk.com/js/al/ui_common.js?3489032241" is in the cache already and will not be downloaded again  	[MsgId: MMSG-26655]
Action.c(284): Resource "https://vk.com/js/cmodules/web/audioplayer.js?3876525056" is in the cache already and will not be downloaded again  	[MsgId: MMSG-26655]
Action.c(284): Registered web_reg_find successful for "Text=message" (count=3)  	[MsgId: MMSG-26364]
Action.c(284): Error -26366: "Text=Поиск" not found for web_reg_find  	[MsgId: MERR-26366]
End auto log messages stack.	[MsgId: MMSG-10544]


Start auto log messages stack - Iteration 36.	[MsgId: MMSG-10545]
Action.c(284): Resource "https://vk.com/js/lib/px.js?ch=2" is in the cache already and will not be downloaded again  	[MsgId: MMSG-26655]
Action.c(284): Found resource "https://vk.com/js/al/login.js?3551917100" in HTML "https://vk.com/login?act=mobile&hash=fa047d3aa7030f3e"  	[MsgId: MMSG-26659]
Action.c(284): Resource "https://vk.com/js/al/ui_common.js?3489032241" is in the cache already and will not be downloaded again  	[MsgId: MMSG-26655]
Action.c(284): Resource "https://vk.com/js/cmodules/web/audioplayer.js?3876525056" is in the cache already and will not be downloaded again  	[MsgId: MMSG-26655]
Action.c(284): Registered web_reg_find successful for "Text=message" (count=3)  	[MsgId: MMSG-26364]
Action.c(284): Error -26366: "Text=Поиск" not found for web_reg_find  	[MsgId: MERR-26366]
End auto log messages stack.	[MsgId: MMSG-10544]


Start auto log messages stack - Iteration 37.	[MsgId: MMSG-10545]
Action.c(284): Resource "https://vk.com/js/lib/px.js?ch=2" is in the cache already and will not be downloaded again  	[MsgId: MMSG-26655]
Action.c(284): Found resource "https://vk.com/js/al/login.js?3551917100" in HTML "https://vk.com/login?act=mobile&hash=bf8194329baa6dfc"  	[MsgId: MMSG-26659]
Action.c(284): Resource "https://vk.com/js/al/ui_common.js?3489032241" is in the cache already and will not be downloaded again  	[MsgId: MMSG-26655]
Action.c(284): Resource "https://vk.com/js/cmodules/web/audioplayer.js?3876525056" is in the cache already and will not be downloaded again  	[MsgId: MMSG-26655]
Action.c(284): Registered web_reg_find successful for "Text=message" (count=3)  	[MsgId: MMSG-26364]
Action.c(284): Error -26366: "Text=Поиск" not found for web_reg_find  	[MsgId: MERR-26366]
End auto log messages stack.	[MsgId: MMSG-10544]


Start auto log messages stack - Iteration 38.	[MsgId: MMSG-10545]
Action.c(284): Resource "https://vk.com/js/lib/px.js?ch=2" is in the cache already and will not be downloaded again  	[MsgId: MMSG-26655]
Action.c(284): Found resource "https://vk.com/js/al/login.js?3551917100" in HTML "https://vk.com/login?act=mobile&hash=d5bd325a23431b0e"  	[MsgId: MMSG-26659]
Action.c(284): Resource "https://vk.com/js/al/ui_common.js?3489032241" is in the cache already and will not be downloaded again  	[MsgId: MMSG-26655]
Action.c(284): Resource "https://vk.com/js/cmodules/web/audioplayer.js?3876525056" is in the cache already and will not be downloaded again  	[MsgId: MMSG-26655]
Action.c(284): Registered web_reg_find successful for "Text=message" (count=3)  	[MsgId: MMSG-26364]
Action.c(284): Error -26366: "Text=Поиск" not found for web_reg_find  	[MsgId: MERR-26366]
End auto log messages stack.	[MsgId: MMSG-10544]


Start auto log messages stack - Iteration 39.	[MsgId: MMSG-10545]
Action.c(284): Resource "https://vk.com/js/lib/px.js?ch=2" is in the cache already and will not be downloaded again  	[MsgId: MMSG-26655]
Action.c(284): Found resource "https://vk.com/js/al/login.js?3551917100" in HTML "https://vk.com/login?act=mobile&hash=14e4dfe8647ceda3"  	[MsgId: MMSG-26659]
Action.c(284): Resource "https://vk.com/js/al/ui_common.js?3489032241" is in the cache already and will not be downloaded again  	[MsgId: MMSG-26655]
Action.c(284): Resource "https://vk.com/js/cmodules/web/audioplayer.js?3876525056" is in the cache already and will not be downloaded again  	[MsgId: MMSG-26655]
Action.c(284): Registered web_reg_find successful for "Text=message" (count=3)  	[MsgId: MMSG-26364]
Action.c(284): Error -26366: "Text=Поиск" not found for web_reg_find  	[MsgId: MERR-26366]
End auto log messages stack.	[MsgId: MMSG-10544]


Start auto log messages stack - Iteration 40.	[MsgId: MMSG-10545]
Action.c(284): Resource "https://vk.com/js/lib/px.js?ch=2" is in the cache already and will not be downloaded again  	[MsgId: MMSG-26655]
Action.c(284): Found resource "https://vk.com/js/al/login.js?3551917100" in HTML "https://vk.com/login?act=mobile&hash=3811d9a0be68633d"  	[MsgId: MMSG-26659]
Action.c(284): Resource "https://vk.com/js/al/ui_common.js?3489032241" is in the cache already and will not be downloaded again  	[MsgId: MMSG-26655]
Action.c(284): Resource "https://vk.com/js/cmodules/web/audioplayer.js?3876525056" is in the cache already and will not be downloaded again  	[MsgId: MMSG-26655]
Action.c(284): Registered web_reg_find successful for "Text=message" (count=3)  	[MsgId: MMSG-26364]
Action.c(284): Error -26366: "Text=Поиск" not found for web_reg_find  	[MsgId: MERR-26366]
End auto log messages stack.	[MsgId: MMSG-10544]


Start auto log messages stack - Iteration 41.	[MsgId: MMSG-10545]
Action.c(284): Resource "https://vk.com/js/lib/px.js?ch=2" is in the cache already and will not be downloaded again  	[MsgId: MMSG-26655]
Action.c(284): Found resource "https://vk.com/js/al/login.js?3551917100" in HTML "https://vk.com/login?act=mobile&hash=5553f58ebbba949e"  	[MsgId: MMSG-26659]
Action.c(284): Resource "https://vk.com/js/al/ui_common.js?3489032241" is in the cache already and will not be downloaded again  	[MsgId: MMSG-26655]
Action.c(284): Resource "https://vk.com/js/cmodules/web/audioplayer.js?3876525056" is in the cache already and will not be downloaded again  	[MsgId: MMSG-26655]
Action.c(284): Registered web_reg_find successful for "Text=message" (count=3)  	[MsgId: MMSG-26364]
Action.c(284): Error -26366: "Text=Поиск" not found for web_reg_find  	[MsgId: MERR-26366]
End auto log messages stack.	[MsgId: MMSG-10544]


Start auto log messages stack - Iteration 42.	[MsgId: MMSG-10545]
Action.c(284): Resource "https://vk.com/js/lib/px.js?ch=2" is in the cache already and will not be downloaded again  	[MsgId: MMSG-26655]
Action.c(284): Found resource "https://vk.com/js/al/login.js?3551917100" in HTML "https://vk.com/login?act=mobile&hash=01ba454013cb56df"  	[MsgId: MMSG-26659]
Action.c(284): Resource "https://vk.com/js/al/ui_common.js?3489032241" is in the cache already and will not be downloaded again  	[MsgId: MMSG-26655]
Action.c(284): Resource "https://vk.com/js/cmodules/web/audioplayer.js?3876525056" is in the cache already and will not be downloaded again  	[MsgId: MMSG-26655]
Action.c(284): Registered web_reg_find successful for "Text=message" (count=3)  	[MsgId: MMSG-26364]
Action.c(284): Error -26366: "Text=Поиск" not found for web_reg_find  	[MsgId: MERR-26366]
End auto log messages stack.	[MsgId: MMSG-10544]


Start auto log messages stack - Iteration 43.	[MsgId: MMSG-10545]
Action.c(284): Resource "https://vk.com/js/lib/px.js?ch=2" is in the cache already and will not be downloaded again  	[MsgId: MMSG-26655]
Action.c(284): Found resource "https://vk.com/js/al/login.js?3551917100" in HTML "https://vk.com/login?act=mobile&hash=26aaeb05d0ee00b1"  	[MsgId: MMSG-26659]
Action.c(284): Resource "https://vk.com/js/al/ui_common.js?3489032241" is in the cache already and will not be downloaded again  	[MsgId: MMSG-26655]
Action.c(284): Resource "https://vk.com/js/cmodules/web/audioplayer.js?3876525056" is in the cache already and will not be downloaded again  	[MsgId: MMSG-26655]
Action.c(284): Registered web_reg_find successful for "Text=message" (count=3)  	[MsgId: MMSG-26364]
Action.c(284): Error -26366: "Text=Поиск" not found for web_reg_find  	[MsgId: MERR-26366]
End auto log messages stack.	[MsgId: MMSG-10544]


Start auto log messages stack - Iteration 44.	[MsgId: MMSG-10545]
Action.c(284): Resource "https://vk.com/js/lib/px.js?ch=2" is in the cache already and will not be downloaded again  	[MsgId: MMSG-26655]
Action.c(284): Found resource "https://vk.com/js/al/login.js?3551917100" in HTML "https://vk.com/login?act=mobile&hash=7116d95e7887ea51"  	[MsgId: MMSG-26659]
Action.c(284): Resource "https://vk.com/js/al/ui_common.js?3489032241" is in the cache already and will not be downloaded again  	[MsgId: MMSG-26655]
Action.c(284): Resource "https://vk.com/js/cmodules/web/audioplayer.js?3876525056" is in the cache already and will not be downloaded again  	[MsgId: MMSG-26655]
Action.c(284): Registered web_reg_find successful for "Text=message" (count=3)  	[MsgId: MMSG-26364]
Action.c(284): Error -26366: "Text=Поиск" not found for web_reg_find  	[MsgId: MERR-26366]
End auto log messages stack.	[MsgId: MMSG-10544]


Start auto log messages stack - Iteration 45.	[MsgId: MMSG-10545]
Action.c(284): Resource "https://vk.com/js/lib/px.js?ch=2" is in the cache already and will not be downloaded again  	[MsgId: MMSG-26655]
Action.c(284): Found resource "https://vk.com/js/al/login.js?3551917100" in HTML "https://vk.com/login?act=mobile&hash=3ed2a610a7d2cc7c"  	[MsgId: MMSG-26659]
Action.c(284): Resource "https://vk.com/js/al/ui_common.js?3489032241" is in the cache already and will not be downloaded again  	[MsgId: MMSG-26655]
Action.c(284): Resource "https://vk.com/js/cmodules/web/audioplayer.js?3876525056" is in the cache already and will not be downloaded again  	[MsgId: MMSG-26655]
Action.c(284): Registered web_reg_find successful for "Text=message" (count=3)  	[MsgId: MMSG-26364]
Action.c(284): Error -26366: "Text=Поиск" not found for web_reg_find  	[MsgId: MERR-26366]
End auto log messages stack.	[MsgId: MMSG-10544]


Start auto log messages stack - Iteration 46.	[MsgId: MMSG-10545]
Action.c(284): Resource "https://vk.com/js/lib/px.js?ch=2" is in the cache already and will not be downloaded again  	[MsgId: MMSG-26655]
Action.c(284): Found resource "https://vk.com/js/al/login.js?3551917100" in HTML "https://vk.com/login?act=mobile&hash=ee61d7852d8603c2"  	[MsgId: MMSG-26659]
Action.c(284): Resource "https://vk.com/js/al/ui_common.js?3489032241" is in the cache already and will not be downloaded again  	[MsgId: MMSG-26655]
Action.c(284): Resource "https://vk.com/js/cmodules/web/audioplayer.js?3876525056" is in the cache already and will not be downloaded again  	[MsgId: MMSG-26655]
Action.c(284): Registered web_reg_find successful for "Text=message" (count=3)  	[MsgId: MMSG-26364]
Action.c(284): Error -26366: "Text=Поиск" not found for web_reg_find  	[MsgId: MERR-26366]
End auto log messages stack.	[MsgId: MMSG-10544]


Start auto log messages stack - Iteration 47.	[MsgId: MMSG-10545]
Action.c(284): Resource "https://vk.com/js/lib/px.js?ch=2" is in the cache already and will not be downloaded again  	[MsgId: MMSG-26655]
Action.c(284): Found resource "https://vk.com/js/al/login.js?3551917100" in HTML "https://vk.com/login?act=mobile&hash=79381b311386e264"  	[MsgId: MMSG-26659]
Action.c(284): Resource "https://vk.com/js/al/ui_common.js?3489032241" is in the cache already and will not be downloaded again  	[MsgId: MMSG-26655]
Action.c(284): Resource "https://vk.com/js/cmodules/web/audioplayer.js?3876525056" is in the cache already and will not be downloaded again  	[MsgId: MMSG-26655]
Action.c(284): Registered web_reg_find successful for "Text=message" (count=3)  	[MsgId: MMSG-26364]
Action.c(284): Error -26366: "Text=Поиск" not found for web_reg_find  	[MsgId: MERR-26366]
End auto log messages stack.	[MsgId: MMSG-10544]


Start auto log messages stack - Iteration 48.	[MsgId: MMSG-10545]
Action.c(284): Resource "https://vk.com/js/lib/px.js?ch=2" is in the cache already and will not be downloaded again  	[MsgId: MMSG-26655]
Action.c(284): Found resource "https://vk.com/js/al/login.js?3551917100" in HTML "https://vk.com/login?act=mobile&hash=53d4d197ea6eaadd"  	[MsgId: MMSG-26659]
Action.c(284): Resource "https://vk.com/js/al/ui_common.js?3489032241" is in the cache already and will not be downloaded again  	[MsgId: MMSG-26655]
Action.c(284): Resource "https://vk.com/js/cmodules/web/audioplayer.js?3876525056" is in the cache already and will not be downloaded again  	[MsgId: MMSG-26655]
Action.c(284): Registered web_reg_find successful for "Text=message" (count=3)  	[MsgId: MMSG-26364]
Action.c(284): Error -26366: "Text=Поиск" not found for web_reg_find  	[MsgId: MERR-26366]
End auto log messages stack.	[MsgId: MMSG-10544]


Start auto log messages stack - Iteration 49.	[MsgId: MMSG-10545]
Action.c(284): Resource "https://vk.com/js/lib/px.js?ch=2" is in the cache already and will not be downloaded again  	[MsgId: MMSG-26655]
Action.c(284): Found resource "https://vk.com/js/al/login.js?3551917100" in HTML "https://vk.com/login?act=mobile&hash=7c84b58f99e34545"  	[MsgId: MMSG-26659]
Action.c(284): Resource "https://vk.com/js/al/ui_common.js?3489032241" is in the cache already and will not be downloaded again  	[MsgId: MMSG-26655]
Action.c(284): Resource "https://vk.com/js/cmodules/web/audioplayer.js?3876525056" is in the cache already and will not be downloaded again  	[MsgId: MMSG-26655]
Action.c(284): Registered web_reg_find successful for "Text=message" (count=3)  	[MsgId: MMSG-26364]
Action.c(284): Error -26366: "Text=Поиск" not found for web_reg_find  	[MsgId: MERR-26366]
End auto log messages stack.	[MsgId: MMSG-10544]


Start auto log messages stack - Iteration 50.	[MsgId: MMSG-10545]
Action.c(284): Resource "https://vk.com/js/lib/px.js?ch=2" is in the cache already and will not be downloaded again  	[MsgId: MMSG-26655]
Action.c(284): Found resource "https://vk.com/js/al/login.js?3551917100" in HTML "https://vk.com/login?act=mobile&hash=5138cfffa98f75ad"  	[MsgId: MMSG-26659]
Action.c(284): Resource "https://vk.com/js/al/ui_common.js?3489032241" is in the cache already and will not be downloaded again  	[MsgId: MMSG-26655]
Action.c(284): Resource "https://vk.com/js/cmodules/web/audioplayer.js?3876525056" is in the cache already and will not be downloaded again  	[MsgId: MMSG-26655]
Action.c(284): Registered web_reg_find successful for "Text=message" (count=3)  	[MsgId: MMSG-26364]
Action.c(284): Error -26366: "Text=Поиск" not found for web_reg_find  	[MsgId: MERR-26366]
End auto log messages stack.	[MsgId: MMSG-10544]


Start auto log messages stack - Iteration 51.	[MsgId: MMSG-10545]
Action.c(284): Resource "https://vk.com/js/lib/px.js?ch=2" is in the cache already and will not be downloaded again  	[MsgId: MMSG-26655]
Action.c(284): Found resource "https://vk.com/js/al/login.js?3551917100" in HTML "https://vk.com/login?act=mobile&hash=de392589e18aad06"  	[MsgId: MMSG-26659]
Action.c(284): Resource "https://vk.com/js/al/ui_common.js?3489032241" is in the cache already and will not be downloaded again  	[MsgId: MMSG-26655]
Action.c(284): Resource "https://vk.com/js/cmodules/web/audioplayer.js?3876525056" is in the cache already and will not be downloaded again  	[MsgId: MMSG-26655]
Action.c(284): Registered web_reg_find successful for "Text=message" (count=3)  	[MsgId: MMSG-26364]
Action.c(284): Error -26366: "Text=Поиск" not found for web_reg_find  	[MsgId: MERR-26366]
End auto log messages stack.	[MsgId: MMSG-10544]


Start auto log messages stack - Iteration 52.	[MsgId: MMSG-10545]
Action.c(284): Resource "https://vk.com/js/lib/px.js?ch=2" is in the cache already and will not be downloaded again  	[MsgId: MMSG-26655]
Action.c(284): Found resource "https://vk.com/js/al/login.js?3551917100" in HTML "https://vk.com/login?act=mobile&hash=76ed77ff68f29105"  	[MsgId: MMSG-26659]
Action.c(284): Resource "https://vk.com/js/al/ui_common.js?3489032241" is in the cache already and will not be downloaded again  	[MsgId: MMSG-26655]
Action.c(284): Resource "https://vk.com/js/cmodules/web/audioplayer.js?3876525056" is in the cache already and will not be downloaded again  	[MsgId: MMSG-26655]
Action.c(284): Registered web_reg_find successful for "Text=message" (count=3)  	[MsgId: MMSG-26364]
Action.c(284): Error -26366: "Text=Поиск" not found for web_reg_find  	[MsgId: MERR-26366]
End auto log messages stack.	[MsgId: MMSG-10544]


Start auto log messages stack - Iteration 53.	[MsgId: MMSG-10545]
Action.c(284): Resource "https://vk.com/js/lib/px.js?ch=2" is in the cache already and will not be downloaded again  	[MsgId: MMSG-26655]
Action.c(284): Found resource "https://vk.com/js/al/login.js?3551917100" in HTML "https://vk.com/login?act=mobile&hash=f08df6d86f3ea872"  	[MsgId: MMSG-26659]
Action.c(284): Resource "https://vk.com/js/al/ui_common.js?3489032241" is in the cache already and will not be downloaded again  	[MsgId: MMSG-26655]
Action.c(284): Resource "https://vk.com/js/cmodules/web/audioplayer.js?3876525056" is in the cache already and will not be downloaded again  	[MsgId: MMSG-26655]
Action.c(284): Registered web_reg_find successful for "Text=message" (count=3)  	[MsgId: MMSG-26364]
Action.c(284): Error -26366: "Text=Поиск" not found for web_reg_find  	[MsgId: MERR-26366]
End auto log messages stack.	[MsgId: MMSG-10544]


Start auto log messages stack - Iteration 54.	[MsgId: MMSG-10545]
Action.c(284): Resource "https://vk.com/js/lib/px.js?ch=2" is in the cache already and will not be downloaded again  	[MsgId: MMSG-26655]
Action.c(284): Found resource "https://vk.com/js/al/login.js?3551917100" in HTML "https://vk.com/login?act=mobile&hash=d16d1bcda94de48a"  	[MsgId: MMSG-26659]
Action.c(284): Resource "https://vk.com/js/al/ui_common.js?3489032241" is in the cache already and will not be downloaded again  	[MsgId: MMSG-26655]
Action.c(284): Resource "https://vk.com/js/cmodules/web/audioplayer.js?3876525056" is in the cache already and will not be downloaded again  	[MsgId: MMSG-26655]
Action.c(284): Registered web_reg_find successful for "Text=message" (count=3)  	[MsgId: MMSG-26364]
Action.c(284): Error -26366: "Text=Поиск" not found for web_reg_find  	[MsgId: MERR-26366]
End auto log messages stack.	[MsgId: MMSG-10544]


Start auto log messages stack - Iteration 55.	[MsgId: MMSG-10545]
Action.c(284): Resource "https://vk.com/js/lib/px.js?ch=2" is in the cache already and will not be downloaded again  	[MsgId: MMSG-26655]
Action.c(284): Found resource "https://vk.com/js/al/login.js?3551917100" in HTML "https://vk.com/login?act=mobile&hash=51bdda47c4a814ea"  	[MsgId: MMSG-26659]
Action.c(284): Resource "https://vk.com/js/al/ui_common.js?3489032241" is in the cache already and will not be downloaded again  	[MsgId: MMSG-26655]
Action.c(284): Resource "https://vk.com/js/cmodules/web/audioplayer.js?3876525056" is in the cache already and will not be downloaded again  	[MsgId: MMSG-26655]
Action.c(284): Registered web_reg_find successful for "Text=message" (count=3)  	[MsgId: MMSG-26364]
Action.c(284): Error -26366: "Text=Поиск" not found for web_reg_find  	[MsgId: MERR-26366]
End auto log messages stack.	[MsgId: MMSG-10544]


Start auto log messages stack - Iteration 56.	[MsgId: MMSG-10545]
Action.c(284): Resource "https://vk.com/js/lib/px.js?ch=2" is in the cache already and will not be downloaded again  	[MsgId: MMSG-26655]
Action.c(284): Found resource "https://vk.com/js/al/login.js?3551917100" in HTML "https://vk.com/login?act=mobile&hash=ccc1f97e3e50e300"  	[MsgId: MMSG-26659]
Action.c(284): Resource "https://vk.com/js/al/ui_common.js?3489032241" is in the cache already and will not be downloaded again  	[MsgId: MMSG-26655]
Action.c(284): Resource "https://vk.com/js/cmodules/web/audioplayer.js?3876525056" is in the cache already and will not be downloaded again  	[MsgId: MMSG-26655]
Action.c(284): Registered web_reg_find successful for "Text=message" (count=3)  	[MsgId: MMSG-26364]
Action.c(284): Error -26366: "Text=Поиск" not found for web_reg_find  	[MsgId: MERR-26366]
End auto log messages stack.	[MsgId: MMSG-10544]


Start auto log messages stack - Iteration 57.	[MsgId: MMSG-10545]
Action.c(284): Resource "https://vk.com/js/lib/px.js?ch=2" is in the cache already and will not be downloaded again  	[MsgId: MMSG-26655]
Action.c(284): Found resource "https://vk.com/js/al/login.js?3551917100" in HTML "https://vk.com/login?act=mobile&hash=61196233b6214782"  	[MsgId: MMSG-26659]
Action.c(284): Resource "https://vk.com/js/al/ui_common.js?3489032241" is in the cache already and will not be downloaded again  	[MsgId: MMSG-26655]
Action.c(284): Resource "https://vk.com/js/cmodules/web/audioplayer.js?3876525056" is in the cache already and will not be downloaded again  	[MsgId: MMSG-26655]
Action.c(284): Registered web_reg_find successful for "Text=message" (count=3)  	[MsgId: MMSG-26364]
Action.c(284): Error -26366: "Text=Поиск" not found for web_reg_find  	[MsgId: MERR-26366]
End auto log messages stack.	[MsgId: MMSG-10544]


Start auto log messages stack - Iteration 58.	[MsgId: MMSG-10545]
Action.c(284): Resource "https://vk.com/js/lib/px.js?ch=2" is in the cache already and will not be downloaded again  	[MsgId: MMSG-26655]
Action.c(284): Found resource "https://vk.com/js/al/login.js?3551917100" in HTML "https://vk.com/login?act=mobile&hash=d7ff2a35db599048"  	[MsgId: MMSG-26659]
Action.c(284): Resource "https://vk.com/js/al/ui_common.js?3489032241" is in the cache already and will not be downloaded again  	[MsgId: MMSG-26655]
Action.c(284): Resource "https://vk.com/js/cmodules/web/audioplayer.js?3876525056" is in the cache already and will not be downloaded again  	[MsgId: MMSG-26655]
Action.c(284): Registered web_reg_find successful for "Text=message" (count=3)  	[MsgId: MMSG-26364]
Action.c(284): Error -26366: "Text=Поиск" not found for web_reg_find  	[MsgId: MERR-26366]
End auto log messages stack.	[MsgId: MMSG-10544]


Start auto log messages stack - Iteration 59.	[MsgId: MMSG-10545]
Action.c(284): Resource "https://vk.com/js/lib/px.js?ch=2" is in the cache already and will not be downloaded again  	[MsgId: MMSG-26655]
Action.c(284): Found resource "https://vk.com/js/al/login.js?3551917100" in HTML "https://vk.com/login?act=mobile&hash=e81a80d16c756c4c"  	[MsgId: MMSG-26659]
Action.c(284): Resource "https://vk.com/js/al/ui_common.js?3489032241" is in the cache already and will not be downloaded again  	[MsgId: MMSG-26655]
Action.c(284): Resource "https://vk.com/js/cmodules/web/audioplayer.js?3876525056" is in the cache already and will not be downloaded again  	[MsgId: MMSG-26655]
Action.c(284): Registered web_reg_find successful for "Text=message" (count=3)  	[MsgId: MMSG-26364]
Action.c(284): Error -26366: "Text=Поиск" not found for web_reg_find  	[MsgId: MERR-26366]
End auto log messages stack.	[MsgId: MMSG-10544]


Start auto log messages stack - Iteration 60.	[MsgId: MMSG-10545]
Action.c(284): Resource "https://vk.com/js/lib/px.js?ch=2" is in the cache already and will not be downloaded again  	[MsgId: MMSG-26655]
Action.c(284): Found resource "https://vk.com/js/al/login.js?3551917100" in HTML "https://vk.com/login?act=mobile&hash=fb93b7bd6dabdfcf"  	[MsgId: MMSG-26659]
Action.c(284): Resource "https://vk.com/js/al/ui_common.js?3489032241" is in the cache already and will not be downloaded again  	[MsgId: MMSG-26655]
Action.c(284): Resource "https://vk.com/js/cmodules/web/audioplayer.js?3876525056" is in the cache already and will not be downloaded again  	[MsgId: MMSG-26655]
Action.c(284): Registered web_reg_find successful for "Text=message" (count=3)  	[MsgId: MMSG-26364]
Action.c(284): Error -26366: "Text=Поиск" not found for web_reg_find  	[MsgId: MERR-26366]
End auto log messages stack.	[MsgId: MMSG-10544]


Start auto log messages stack - Iteration 61.	[MsgId: MMSG-10545]
Action.c(284): Resource "https://vk.com/js/lib/px.js?ch=2" is in the cache already and will not be downloaded again  	[MsgId: MMSG-26655]
Action.c(284): Found resource "https://vk.com/js/al/login.js?3551917100" in HTML "https://vk.com/login?act=mobile&hash=95c16657783b14ac"  	[MsgId: MMSG-26659]
Action.c(284): Resource "https://vk.com/js/al/ui_common.js?3489032241" is in the cache already and will not be downloaded again  	[MsgId: MMSG-26655]
Action.c(284): Resource "https://vk.com/js/cmodules/web/audioplayer.js?3876525056" is in the cache already and will not be downloaded again  	[MsgId: MMSG-26655]
Action.c(284): Registered web_reg_find successful for "Text=message" (count=3)  	[MsgId: MMSG-26364]
Action.c(284): Error -26366: "Text=Поиск" not found for web_reg_find  	[MsgId: MERR-26366]
End auto log messages stack.	[MsgId: MMSG-10544]


Start auto log messages stack - Iteration 62.	[MsgId: MMSG-10545]
Action.c(284): Resource "https://vk.com/js/lib/px.js?ch=2" is in the cache already and will not be downloaded again  	[MsgId: MMSG-26655]
Action.c(284): Found resource "https://vk.com/js/al/login.js?3551917100" in HTML "https://vk.com/login?act=mobile&hash=cfe7a5d5ffbfac88"  	[MsgId: MMSG-26659]
Action.c(284): Resource "https://vk.com/js/al/ui_common.js?3489032241" is in the cache already and will not be downloaded again  	[MsgId: MMSG-26655]
Action.c(284): Resource "https://vk.com/js/cmodules/web/audioplayer.js?3876525056" is in the cache already and will not be downloaded again  	[MsgId: MMSG-26655]
Action.c(284): Registered web_reg_find successful for "Text=message" (count=3)  	[MsgId: MMSG-26364]
Action.c(284): Error -26366: "Text=Поиск" not found for web_reg_find  	[MsgId: MERR-26366]
End auto log messages stack.	[MsgId: MMSG-10544]


Start auto log messages stack - Iteration 63.	[MsgId: MMSG-10545]
Action.c(284): Resource "https://vk.com/js/lib/px.js?ch=2" is in the cache already and will not be downloaded again  	[MsgId: MMSG-26655]
Action.c(284): Found resource "https://vk.com/js/al/login.js?3551917100" in HTML "https://vk.com/login?act=mobile&hash=1b02020e5e24f0d5"  	[MsgId: MMSG-26659]
Action.c(284): Resource "https://vk.com/js/al/ui_common.js?3489032241" is in the cache already and will not be downloaded again  	[MsgId: MMSG-26655]
Action.c(284): Resource "https://vk.com/js/cmodules/web/audioplayer.js?3876525056" is in the cache already and will not be downloaded again  	[MsgId: MMSG-26655]
Action.c(284): Registered web_reg_find successful for "Text=message" (count=3)  	[MsgId: MMSG-26364]
Action.c(284): Error -26366: "Text=Поиск" not found for web_reg_find  	[MsgId: MERR-26366]
End auto log messages stack.	[MsgId: MMSG-10544]


Start auto log messages stack - Iteration 64.	[MsgId: MMSG-10545]
Action.c(284): Resource "https://vk.com/js/lib/px.js?ch=2" is in the cache already and will not be downloaded again  	[MsgId: MMSG-26655]
Action.c(284): Found resource "https://vk.com/js/al/login.js?3551917100" in HTML "https://vk.com/login?act=mobile&hash=0502f301e21c0c6b"  	[MsgId: MMSG-26659]
Action.c(284): Resource "https://vk.com/js/al/ui_common.js?3489032241" is in the cache already and will not be downloaded again  	[MsgId: MMSG-26655]
Action.c(284): Resource "https://vk.com/js/cmodules/web/audioplayer.js?3876525056" is in the cache already and will not be downloaded again  	[MsgId: MMSG-26655]
Action.c(284): Registered web_reg_find successful for "Text=message" (count=3)  	[MsgId: MMSG-26364]
Action.c(284): Error -26366: "Text=Поиск" not found for web_reg_find  	[MsgId: MERR-26366]
End auto log messages stack.	[MsgId: MMSG-10544]


Start auto log messages stack - Iteration 65.	[MsgId: MMSG-10545]
Action.c(284): Resource "https://vk.com/js/lib/px.js?ch=2" is in the cache already and will not be downloaded again  	[MsgId: MMSG-26655]
Action.c(284): Found resource "https://vk.com/js/al/login.js?3551917100" in HTML "https://vk.com/login?act=mobile&hash=63fd02a0508c45b1"  	[MsgId: MMSG-26659]
Action.c(284): Resource "https://vk.com/js/al/ui_common.js?3489032241" is in the cache already and will not be downloaded again  	[MsgId: MMSG-26655]
Action.c(284): Resource "https://vk.com/js/cmodules/web/audioplayer.js?3876525056" is in the cache already and will not be downloaded again  	[MsgId: MMSG-26655]
Action.c(284): Registered web_reg_find successful for "Text=message" (count=3)  	[MsgId: MMSG-26364]
Action.c(284): Error -26366: "Text=Поиск" not found for web_reg_find  	[MsgId: MERR-26366]
End auto log messages stack.	[MsgId: MMSG-10544]


Start auto log messages stack - Iteration 66.	[MsgId: MMSG-10545]
Action.c(284): Resource "https://vk.com/js/lib/px.js?ch=2" is in the cache already and will not be downloaded again  	[MsgId: MMSG-26655]
Action.c(284): Found resource "https://vk.com/js/al/login.js?3551917100" in HTML "https://vk.com/login?act=mobile&hash=1247405e06eaa7d1"  	[MsgId: MMSG-26659]
Action.c(284): Resource "https://vk.com/js/al/ui_common.js?3489032241" is in the cache already and will not be downloaded again  	[MsgId: MMSG-26655]
Action.c(284): Resource "https://vk.com/js/cmodules/web/audioplayer.js?3876525056" is in the cache already and will not be downloaded again  	[MsgId: MMSG-26655]
Action.c(284): Registered web_reg_find successful for "Text=message" (count=3)  	[MsgId: MMSG-26364]
Action.c(284): Error -26366: "Text=Поиск" not found for web_reg_find  	[MsgId: MERR-26366]
End auto log messages stack.	[MsgId: MMSG-10544]


Start auto log messages stack - Iteration 67.	[MsgId: MMSG-10545]
Action.c(284): Resource "https://vk.com/js/lib/px.js?ch=2" is in the cache already and will not be downloaded again  	[MsgId: MMSG-26655]
Action.c(284): Found resource "https://vk.com/js/al/login.js?3551917100" in HTML "https://vk.com/login?act=mobile&hash=1cb116a6c62f9666"  	[MsgId: MMSG-26659]
Action.c(284): Resource "https://vk.com/js/al/ui_common.js?3489032241" is in the cache already and will not be downloaded again  	[MsgId: MMSG-26655]
Action.c(284): Resource "https://vk.com/js/cmodules/web/audioplayer.js?3876525056" is in the cache already and will not be downloaded again  	[MsgId: MMSG-26655]
Action.c(284): Registered web_reg_find successful for "Text=message" (count=3)  	[MsgId: MMSG-26364]
Action.c(284): Error -26366: "Text=Поиск" not found for web_reg_find  	[MsgId: MERR-26366]
End auto log messages stack.	[MsgId: MMSG-10544]


Start auto log messages stack - Iteration 68.	[MsgId: MMSG-10545]
Action.c(284): Resource "https://vk.com/js/lib/px.js?ch=2" is in the cache already and will not be downloaded again  	[MsgId: MMSG-26655]
Action.c(284): Found resource "https://vk.com/js/al/login.js?3551917100" in HTML "https://vk.com/login?act=mobile&hash=c033dbb29cbffb59"  	[MsgId: MMSG-26659]
Action.c(284): Resource "https://vk.com/js/al/ui_common.js?3489032241" is in the cache already and will not be downloaded again  	[MsgId: MMSG-26655]
Action.c(284): Resource "https://vk.com/js/cmodules/web/audioplayer.js?3876525056" is in the cache already and will not be downloaded again  	[MsgId: MMSG-26655]
Action.c(284): Registered web_reg_find successful for "Text=message" (count=3)  	[MsgId: MMSG-26364]
Action.c(284): Error -26366: "Text=Поиск" not found for web_reg_find  	[MsgId: MERR-26366]
End auto log messages stack.	[MsgId: MMSG-10544]


Start auto log messages stack - Iteration 69.	[MsgId: MMSG-10545]
Action.c(284): Resource "https://vk.com/js/lib/px.js?ch=2" is in the cache already and will not be downloaded again  	[MsgId: MMSG-26655]
Action.c(284): Found resource "https://vk.com/js/al/login.js?3551917100" in HTML "https://vk.com/login?act=mobile&hash=11aba3c6d158c5ed"  	[MsgId: MMSG-26659]
Action.c(284): Resource "https://vk.com/js/al/ui_common.js?3489032241" is in the cache already and will not be downloaded again  	[MsgId: MMSG-26655]
Action.c(284): Resource "https://vk.com/js/cmodules/web/audioplayer.js?3876525056" is in the cache already and will not be downloaded again  	[MsgId: MMSG-26655]
Action.c(284): Registered web_reg_find successful for "Text=message" (count=3)  	[MsgId: MMSG-26364]
Action.c(284): Error -26366: "Text=Поиск" not found for web_reg_find  	[MsgId: MERR-26366]
End auto log messages stack.	[MsgId: MMSG-10544]


Start auto log messages stack - Iteration 70.	[MsgId: MMSG-10545]
Action.c(284): Resource "https://vk.com/js/lib/px.js?ch=2" is in the cache already and will not be downloaded again  	[MsgId: MMSG-26655]
Action.c(284): Found resource "https://vk.com/js/al/login.js?3551917100" in HTML "https://vk.com/login?act=mobile&hash=ace4b167749d9f78"  	[MsgId: MMSG-26659]
Action.c(284): Resource "https://vk.com/js/al/ui_common.js?3489032241" is in the cache already and will not be downloaded again  	[MsgId: MMSG-26655]
Action.c(284): Resource "https://vk.com/js/cmodules/web/audioplayer.js?3876525056" is in the cache already and will not be downloaded again  	[MsgId: MMSG-26655]
Action.c(284): Registered web_reg_find successful for "Text=message" (count=3)  	[MsgId: MMSG-26364]
Action.c(284): Error -26366: "Text=Поиск" not found for web_reg_find  	[MsgId: MERR-26366]
End auto log messages stack.	[MsgId: MMSG-10544]


