Start auto log messages stack - Iteration 1.	[MsgId: MMSG-10545]
Action.c(13): web_reg_save_param_regexp started  	[MsgId: MMSG-26355]
Action.c(13): Registering web_reg_save_param_regexp was successful  	[MsgId: MMSG-26390]
Action.c(26): web_reg_save_param_ex started  	[MsgId: MMSG-26355]
Action.c(26): Registering web_reg_save_param_ex was successful  	[MsgId: MMSG-26390]
Action.c(39): web_reg_save_param_regexp started  	[MsgId: MMSG-26355]
Action.c(39): Registering web_reg_save_param_regexp was successful  	[MsgId: MMSG-26390]
Action.c(52): web_reg_save_param_regexp started  	[MsgId: MMSG-26355]
Action.c(52): Registering web_reg_save_param_regexp was successful  	[MsgId: MMSG-26390]
Action.c(61): web_url("vk.com") started  	[MsgId: MMSG-26355]
Action.c(61): Error -27794: Could not resolve address of host vk.com  	[MsgId: MERR-27794]
Action.c(61): Error -35049: No match found for the requested parameter "ip_h". Check whether the requested regular expression exists in the response data  	[MsgId: MERR-35049]
Action.c(61): Error -35061: No match found for the requested parameter "lg_h". Either the specified boundaries were not found in the response or the matched text is longer than current max html parameter size of 256 bytes. The total length of the response is 0 bytes. You can use "web_set_max_html_param_len" to increase the max parameter size.  	[MsgId: MERR-35061]
Action.c(61): Error -35049: No match found for the requested parameter "RegExp". Check whether the requested regular expression exists in the response data  	[MsgId: MERR-35049]
Action.c(61): Error -35049: No match found for the requested parameter "_rndVer". Check whether the requested regular expression exists in the response data  	[MsgId: MERR-35049]
Action.c(61): Error -26366: "Text=Войти" not found for web_reg_find  	[MsgId: MERR-26366]
Action.c(61): Error -26374: The above "not found" error(s) may be explained by header and body byte counts being 0 and 0, respectively.  	[MsgId: MERR-26374]
End auto log messages stack.	[MsgId: MMSG-10544]


Start auto log messages stack - Iteration 2.	[MsgId: MMSG-10545]
Action.c(13): web_reg_save_param_regexp started  	[MsgId: MMSG-26355]
Action.c(13): Registering web_reg_save_param_regexp was successful  	[MsgId: MMSG-26390]
Action.c(26): web_reg_save_param_ex started  	[MsgId: MMSG-26355]
Action.c(26): Registering web_reg_save_param_ex was successful  	[MsgId: MMSG-26390]
Action.c(39): web_reg_save_param_regexp started  	[MsgId: MMSG-26355]
Action.c(39): Registering web_reg_save_param_regexp was successful  	[MsgId: MMSG-26390]
Action.c(52): web_reg_save_param_regexp started  	[MsgId: MMSG-26355]
Action.c(52): Registering web_reg_save_param_regexp was successful  	[MsgId: MMSG-26390]
Action.c(61): web_url("vk.com") started  	[MsgId: MMSG-26355]
Action.c(61): Error -27794: Could not resolve address of host vk.com  	[MsgId: MERR-27794]
Action.c(61): Error -35049: No match found for the requested parameter "ip_h". Check whether the requested regular expression exists in the response data  	[MsgId: MERR-35049]
Action.c(61): Error -35061: No match found for the requested parameter "lg_h". Either the specified boundaries were not found in the response or the matched text is longer than current max html parameter size of 256 bytes. The total length of the response is 0 bytes. You can use "web_set_max_html_param_len" to increase the max parameter size.  	[MsgId: MERR-35061]
Action.c(61): Error -35049: No match found for the requested parameter "RegExp". Check whether the requested regular expression exists in the response data  	[MsgId: MERR-35049]
Action.c(61): Error -35049: No match found for the requested parameter "_rndVer". Check whether the requested regular expression exists in the response data  	[MsgId: MERR-35049]
Action.c(61): Error -26366: "Text=Войти" not found for web_reg_find  	[MsgId: MERR-26366]
Action.c(61): Error -26374: The above "not found" error(s) may be explained by header and body byte counts being 0 and 0, respectively.  	[MsgId: MERR-26374]
End auto log messages stack.	[MsgId: MMSG-10544]


Start auto log messages stack - Iteration 3.	[MsgId: MMSG-10545]
Action.c(13): web_reg_save_param_regexp started  	[MsgId: MMSG-26355]
Action.c(13): Registering web_reg_save_param_regexp was successful  	[MsgId: MMSG-26390]
Action.c(26): web_reg_save_param_ex started  	[MsgId: MMSG-26355]
Action.c(26): Registering web_reg_save_param_ex was successful  	[MsgId: MMSG-26390]
Action.c(39): web_reg_save_param_regexp started  	[MsgId: MMSG-26355]
Action.c(39): Registering web_reg_save_param_regexp was successful  	[MsgId: MMSG-26390]
Action.c(52): web_reg_save_param_regexp started  	[MsgId: MMSG-26355]
Action.c(52): Registering web_reg_save_param_regexp was successful  	[MsgId: MMSG-26390]
Action.c(61): web_url("vk.com") started  	[MsgId: MMSG-26355]
Action.c(61): Error -27794: Could not resolve address of host vk.com  	[MsgId: MERR-27794]
Action.c(61): Error -35049: No match found for the requested parameter "ip_h". Check whether the requested regular expression exists in the response data  	[MsgId: MERR-35049]
Action.c(61): Error -35061: No match found for the requested parameter "lg_h". Either the specified boundaries were not found in the response or the matched text is longer than current max html parameter size of 256 bytes. The total length of the response is 0 bytes. You can use "web_set_max_html_param_len" to increase the max parameter size.  	[MsgId: MERR-35061]
Action.c(61): Error -35049: No match found for the requested parameter "RegExp". Check whether the requested regular expression exists in the response data  	[MsgId: MERR-35049]
Action.c(61): Error -35049: No match found for the requested parameter "_rndVer". Check whether the requested regular expression exists in the response data  	[MsgId: MERR-35049]
Action.c(61): Error -26366: "Text=Войти" not found for web_reg_find  	[MsgId: MERR-26366]
Action.c(61): Error -26374: The above "not found" error(s) may be explained by header and body byte counts being 0 and 0, respectively.  	[MsgId: MERR-26374]
End auto log messages stack.	[MsgId: MMSG-10544]


Start auto log messages stack - Iteration 4.	[MsgId: MMSG-10545]
Action.c(13): web_reg_save_param_regexp started  	[MsgId: MMSG-26355]
Action.c(13): Registering web_reg_save_param_regexp was successful  	[MsgId: MMSG-26390]
Action.c(26): web_reg_save_param_ex started  	[MsgId: MMSG-26355]
Action.c(26): Registering web_reg_save_param_ex was successful  	[MsgId: MMSG-26390]
Action.c(39): web_reg_save_param_regexp started  	[MsgId: MMSG-26355]
Action.c(39): Registering web_reg_save_param_regexp was successful  	[MsgId: MMSG-26390]
Action.c(52): web_reg_save_param_regexp started  	[MsgId: MMSG-26355]
Action.c(52): Registering web_reg_save_param_regexp was successful  	[MsgId: MMSG-26390]
Action.c(61): web_url("vk.com") started  	[MsgId: MMSG-26355]
Action.c(61): Error -27794: Could not resolve address of host vk.com  	[MsgId: MERR-27794]
Action.c(61): Error -35049: No match found for the requested parameter "ip_h". Check whether the requested regular expression exists in the response data  	[MsgId: MERR-35049]
Action.c(61): Error -35061: No match found for the requested parameter "lg_h". Either the specified boundaries were not found in the response or the matched text is longer than current max html parameter size of 256 bytes. The total length of the response is 0 bytes. You can use "web_set_max_html_param_len" to increase the max parameter size.  	[MsgId: MERR-35061]
Action.c(61): Error -35049: No match found for the requested parameter "RegExp". Check whether the requested regular expression exists in the response data  	[MsgId: MERR-35049]
Action.c(61): Error -35049: No match found for the requested parameter "_rndVer". Check whether the requested regular expression exists in the response data  	[MsgId: MERR-35049]
Action.c(61): Error -26366: "Text=Войти" not found for web_reg_find  	[MsgId: MERR-26366]
Action.c(61): Error -26374: The above "not found" error(s) may be explained by header and body byte counts being 0 and 0, respectively.  	[MsgId: MERR-26374]
End auto log messages stack.	[MsgId: MMSG-10544]


Start auto log messages stack - Iteration 5.	[MsgId: MMSG-10545]
Action.c(13): web_reg_save_param_regexp started  	[MsgId: MMSG-26355]
Action.c(13): Registering web_reg_save_param_regexp was successful  	[MsgId: MMSG-26390]
Action.c(26): web_reg_save_param_ex started  	[MsgId: MMSG-26355]
Action.c(26): Registering web_reg_save_param_ex was successful  	[MsgId: MMSG-26390]
Action.c(39): web_reg_save_param_regexp started  	[MsgId: MMSG-26355]
Action.c(39): Registering web_reg_save_param_regexp was successful  	[MsgId: MMSG-26390]
Action.c(52): web_reg_save_param_regexp started  	[MsgId: MMSG-26355]
Action.c(52): Registering web_reg_save_param_regexp was successful  	[MsgId: MMSG-26390]
Action.c(61): web_url("vk.com") started  	[MsgId: MMSG-26355]
Action.c(61): Error -27794: Could not resolve address of host vk.com  	[MsgId: MERR-27794]
Action.c(61): Error -35049: No match found for the requested parameter "ip_h". Check whether the requested regular expression exists in the response data  	[MsgId: MERR-35049]
Action.c(61): Error -35061: No match found for the requested parameter "lg_h". Either the specified boundaries were not found in the response or the matched text is longer than current max html parameter size of 256 bytes. The total length of the response is 0 bytes. You can use "web_set_max_html_param_len" to increase the max parameter size.  	[MsgId: MERR-35061]
Action.c(61): Error -35049: No match found for the requested parameter "RegExp". Check whether the requested regular expression exists in the response data  	[MsgId: MERR-35049]
Action.c(61): Error -35049: No match found for the requested parameter "_rndVer". Check whether the requested regular expression exists in the response data  	[MsgId: MERR-35049]
Action.c(61): Error -26366: "Text=Войти" not found for web_reg_find  	[MsgId: MERR-26366]
Action.c(61): Error -26374: The above "not found" error(s) may be explained by header and body byte counts being 0 and 0, respectively.  	[MsgId: MERR-26374]
End auto log messages stack.	[MsgId: MMSG-10544]


Start auto log messages stack - Iteration 6.	[MsgId: MMSG-10545]
Action.c(13): web_reg_save_param_regexp started  	[MsgId: MMSG-26355]
Action.c(13): Registering web_reg_save_param_regexp was successful  	[MsgId: MMSG-26390]
Action.c(26): web_reg_save_param_ex started  	[MsgId: MMSG-26355]
Action.c(26): Registering web_reg_save_param_ex was successful  	[MsgId: MMSG-26390]
Action.c(39): web_reg_save_param_regexp started  	[MsgId: MMSG-26355]
Action.c(39): Registering web_reg_save_param_regexp was successful  	[MsgId: MMSG-26390]
Action.c(52): web_reg_save_param_regexp started  	[MsgId: MMSG-26355]
Action.c(52): Registering web_reg_save_param_regexp was successful  	[MsgId: MMSG-26390]
Action.c(61): web_url("vk.com") started  	[MsgId: MMSG-26355]
Action.c(61): Error -27794: Could not resolve address of host vk.com  	[MsgId: MERR-27794]
Action.c(61): Error -35049: No match found for the requested parameter "ip_h". Check whether the requested regular expression exists in the response data  	[MsgId: MERR-35049]
Action.c(61): Error -35061: No match found for the requested parameter "lg_h". Either the specified boundaries were not found in the response or the matched text is longer than current max html parameter size of 256 bytes. The total length of the response is 0 bytes. You can use "web_set_max_html_param_len" to increase the max parameter size.  	[MsgId: MERR-35061]
Action.c(61): Error -35049: No match found for the requested parameter "RegExp". Check whether the requested regular expression exists in the response data  	[MsgId: MERR-35049]
Action.c(61): Error -35049: No match found for the requested parameter "_rndVer". Check whether the requested regular expression exists in the response data  	[MsgId: MERR-35049]
Action.c(61): Error -26366: "Text=Войти" not found for web_reg_find  	[MsgId: MERR-26366]
Action.c(61): Error -26374: The above "not found" error(s) may be explained by header and body byte counts being 0 and 0, respectively.  	[MsgId: MERR-26374]
End auto log messages stack.	[MsgId: MMSG-10544]


Start auto log messages stack - Iteration 7.	[MsgId: MMSG-10545]
Action.c(13): web_reg_save_param_regexp started  	[MsgId: MMSG-26355]
Action.c(13): Registering web_reg_save_param_regexp was successful  	[MsgId: MMSG-26390]
Action.c(26): web_reg_save_param_ex started  	[MsgId: MMSG-26355]
Action.c(26): Registering web_reg_save_param_ex was successful  	[MsgId: MMSG-26390]
Action.c(39): web_reg_save_param_regexp started  	[MsgId: MMSG-26355]
Action.c(39): Registering web_reg_save_param_regexp was successful  	[MsgId: MMSG-26390]
Action.c(52): web_reg_save_param_regexp started  	[MsgId: MMSG-26355]
Action.c(52): Registering web_reg_save_param_regexp was successful  	[MsgId: MMSG-26390]
Action.c(61): web_url("vk.com") started  	[MsgId: MMSG-26355]
Action.c(61): Error -27794: Could not resolve address of host vk.com  	[MsgId: MERR-27794]
Action.c(61): Error -35049: No match found for the requested parameter "ip_h". Check whether the requested regular expression exists in the response data  	[MsgId: MERR-35049]
Action.c(61): Error -35061: No match found for the requested parameter "lg_h". Either the specified boundaries were not found in the response or the matched text is longer than current max html parameter size of 256 bytes. The total length of the response is 0 bytes. You can use "web_set_max_html_param_len" to increase the max parameter size.  	[MsgId: MERR-35061]
Action.c(61): Error -35049: No match found for the requested parameter "RegExp". Check whether the requested regular expression exists in the response data  	[MsgId: MERR-35049]
Action.c(61): Error -35049: No match found for the requested parameter "_rndVer". Check whether the requested regular expression exists in the response data  	[MsgId: MERR-35049]
Action.c(61): Error -26366: "Text=Войти" not found for web_reg_find  	[MsgId: MERR-26366]
Action.c(61): Error -26374: The above "not found" error(s) may be explained by header and body byte counts being 0 and 0, respectively.  	[MsgId: MERR-26374]
End auto log messages stack.	[MsgId: MMSG-10544]


Start auto log messages stack - Iteration 1.	[MsgId: MMSG-10545]
Action.c(13): web_reg_save_param_regexp started  	[MsgId: MMSG-26355]
Action.c(13): Registering web_reg_save_param_regexp was successful  	[MsgId: MMSG-26390]
Action.c(26): web_reg_save_param_ex started  	[MsgId: MMSG-26355]
Action.c(26): Registering web_reg_save_param_ex was successful  	[MsgId: MMSG-26390]
Action.c(39): web_reg_save_param_regexp started  	[MsgId: MMSG-26355]
Action.c(39): Registering web_reg_save_param_regexp was successful  	[MsgId: MMSG-26390]
Action.c(52): web_reg_save_param_regexp started  	[MsgId: MMSG-26355]
Action.c(52): Registering web_reg_save_param_regexp was successful  	[MsgId: MMSG-26390]
Action.c(61): web_url("vk.com") started  	[MsgId: MMSG-26355]
Action.c(61): Error -27794: Could not resolve address of host vk.com  	[MsgId: MERR-27794]
Action.c(61): Error -35049: No match found for the requested parameter "ip_h". Check whether the requested regular expression exists in the response data  	[MsgId: MERR-35049]
Action.c(61): Error -35061: No match found for the requested parameter "lg_h". Either the specified boundaries were not found in the response or the matched text is longer than current max html parameter size of 256 bytes. The total length of the response is 0 bytes. You can use "web_set_max_html_param_len" to increase the max parameter size.  	[MsgId: MERR-35061]
Action.c(61): Error -35049: No match found for the requested parameter "RegExp". Check whether the requested regular expression exists in the response data  	[MsgId: MERR-35049]
Action.c(61): Error -35049: No match found for the requested parameter "_rndVer". Check whether the requested regular expression exists in the response data  	[MsgId: MERR-35049]
Action.c(61): Error -26366: "Text=Войти" not found for web_reg_find  	[MsgId: MERR-26366]
Action.c(61): Error -26374: The above "not found" error(s) may be explained by header and body byte counts being 0 and 0, respectively.  	[MsgId: MERR-26374]
End auto log messages stack.	[MsgId: MMSG-10544]


Start auto log messages stack - Iteration 2.	[MsgId: MMSG-10545]
Action.c(13): web_reg_save_param_regexp started  	[MsgId: MMSG-26355]
Action.c(13): Registering web_reg_save_param_regexp was successful  	[MsgId: MMSG-26390]
Action.c(26): web_reg_save_param_ex started  	[MsgId: MMSG-26355]
Action.c(26): Registering web_reg_save_param_ex was successful  	[MsgId: MMSG-26390]
Action.c(39): web_reg_save_param_regexp started  	[MsgId: MMSG-26355]
Action.c(39): Registering web_reg_save_param_regexp was successful  	[MsgId: MMSG-26390]
Action.c(52): web_reg_save_param_regexp started  	[MsgId: MMSG-26355]
Action.c(52): Registering web_reg_save_param_regexp was successful  	[MsgId: MMSG-26390]
Action.c(61): web_url("vk.com") started  	[MsgId: MMSG-26355]
Action.c(61): Error -27794: Could not resolve address of host vk.com  	[MsgId: MERR-27794]
Action.c(61): Error -35049: No match found for the requested parameter "ip_h". Check whether the requested regular expression exists in the response data  	[MsgId: MERR-35049]
Action.c(61): Error -35061: No match found for the requested parameter "lg_h". Either the specified boundaries were not found in the response or the matched text is longer than current max html parameter size of 256 bytes. The total length of the response is 0 bytes. You can use "web_set_max_html_param_len" to increase the max parameter size.  	[MsgId: MERR-35061]
Action.c(61): Error -35049: No match found for the requested parameter "RegExp". Check whether the requested regular expression exists in the response data  	[MsgId: MERR-35049]
Action.c(61): Error -35049: No match found for the requested parameter "_rndVer". Check whether the requested regular expression exists in the response data  	[MsgId: MERR-35049]
Action.c(61): Error -26366: "Text=Войти" not found for web_reg_find  	[MsgId: MERR-26366]
Action.c(61): Error -26374: The above "not found" error(s) may be explained by header and body byte counts being 0 and 0, respectively.  	[MsgId: MERR-26374]
End auto log messages stack.	[MsgId: MMSG-10544]


Start auto log messages stack - Iteration 8.	[MsgId: MMSG-10545]
Action.c(13): web_reg_save_param_regexp started  	[MsgId: MMSG-26355]
Action.c(13): Registering web_reg_save_param_regexp was successful  	[MsgId: MMSG-26390]
Action.c(26): web_reg_save_param_ex started  	[MsgId: MMSG-26355]
Action.c(26): Registering web_reg_save_param_ex was successful  	[MsgId: MMSG-26390]
Action.c(39): web_reg_save_param_regexp started  	[MsgId: MMSG-26355]
Action.c(39): Registering web_reg_save_param_regexp was successful  	[MsgId: MMSG-26390]
Action.c(52): web_reg_save_param_regexp started  	[MsgId: MMSG-26355]
Action.c(52): Registering web_reg_save_param_regexp was successful  	[MsgId: MMSG-26390]
Action.c(61): web_url("vk.com") started  	[MsgId: MMSG-26355]
Action.c(61): Error -27794: Could not resolve address of host vk.com  	[MsgId: MERR-27794]
Action.c(61): Error -35049: No match found for the requested parameter "ip_h". Check whether the requested regular expression exists in the response data  	[MsgId: MERR-35049]
Action.c(61): Error -35061: No match found for the requested parameter "lg_h". Either the specified boundaries were not found in the response or the matched text is longer than current max html parameter size of 256 bytes. The total length of the response is 0 bytes. You can use "web_set_max_html_param_len" to increase the max parameter size.  	[MsgId: MERR-35061]
Action.c(61): Error -35049: No match found for the requested parameter "RegExp". Check whether the requested regular expression exists in the response data  	[MsgId: MERR-35049]
Action.c(61): Error -35049: No match found for the requested parameter "_rndVer". Check whether the requested regular expression exists in the response data  	[MsgId: MERR-35049]
Action.c(61): Error -26366: "Text=Войти" not found for web_reg_find  	[MsgId: MERR-26366]
Action.c(61): Error -26374: The above "not found" error(s) may be explained by header and body byte counts being 0 and 0, respectively.  	[MsgId: MERR-26374]
End auto log messages stack.	[MsgId: MMSG-10544]


Start auto log messages stack - Iteration 3.	[MsgId: MMSG-10545]
Action.c(13): web_reg_save_param_regexp started  	[MsgId: MMSG-26355]
Action.c(13): Registering web_reg_save_param_regexp was successful  	[MsgId: MMSG-26390]
Action.c(26): web_reg_save_param_ex started  	[MsgId: MMSG-26355]
Action.c(26): Registering web_reg_save_param_ex was successful  	[MsgId: MMSG-26390]
Action.c(39): web_reg_save_param_regexp started  	[MsgId: MMSG-26355]
Action.c(39): Registering web_reg_save_param_regexp was successful  	[MsgId: MMSG-26390]
Action.c(52): web_reg_save_param_regexp started  	[MsgId: MMSG-26355]
Action.c(52): Registering web_reg_save_param_regexp was successful  	[MsgId: MMSG-26390]
Action.c(61): web_url("vk.com") started  	[MsgId: MMSG-26355]
Action.c(61): Error -27794: Could not resolve address of host vk.com  	[MsgId: MERR-27794]
Action.c(61): Error -35049: No match found for the requested parameter "ip_h". Check whether the requested regular expression exists in the response data  	[MsgId: MERR-35049]
Action.c(61): Error -35061: No match found for the requested parameter "lg_h". Either the specified boundaries were not found in the response or the matched text is longer than current max html parameter size of 256 bytes. The total length of the response is 0 bytes. You can use "web_set_max_html_param_len" to increase the max parameter size.  	[MsgId: MERR-35061]
Action.c(61): Error -35049: No match found for the requested parameter "RegExp". Check whether the requested regular expression exists in the response data  	[MsgId: MERR-35049]
Action.c(61): Error -35049: No match found for the requested parameter "_rndVer". Check whether the requested regular expression exists in the response data  	[MsgId: MERR-35049]
Action.c(61): Error -26366: "Text=Войти" not found for web_reg_find  	[MsgId: MERR-26366]
Action.c(61): Error -26374: The above "not found" error(s) may be explained by header and body byte counts being 0 and 0, respectively.  	[MsgId: MERR-26374]
End auto log messages stack.	[MsgId: MMSG-10544]


Start auto log messages stack - Iteration 9.	[MsgId: MMSG-10545]
Action.c(13): web_reg_save_param_regexp started  	[MsgId: MMSG-26355]
Action.c(13): Registering web_reg_save_param_regexp was successful  	[MsgId: MMSG-26390]
Action.c(26): web_reg_save_param_ex started  	[MsgId: MMSG-26355]
Action.c(26): Registering web_reg_save_param_ex was successful  	[MsgId: MMSG-26390]
Action.c(39): web_reg_save_param_regexp started  	[MsgId: MMSG-26355]
Action.c(39): Registering web_reg_save_param_regexp was successful  	[MsgId: MMSG-26390]
Action.c(52): web_reg_save_param_regexp started  	[MsgId: MMSG-26355]
Action.c(52): Registering web_reg_save_param_regexp was successful  	[MsgId: MMSG-26390]
Action.c(61): web_url("vk.com") started  	[MsgId: MMSG-26355]
Action.c(61): Error -27794: Could not resolve address of host vk.com  	[MsgId: MERR-27794]
Action.c(61): Error -35049: No match found for the requested parameter "ip_h". Check whether the requested regular expression exists in the response data  	[MsgId: MERR-35049]
Action.c(61): Error -35061: No match found for the requested parameter "lg_h". Either the specified boundaries were not found in the response or the matched text is longer than current max html parameter size of 256 bytes. The total length of the response is 0 bytes. You can use "web_set_max_html_param_len" to increase the max parameter size.  	[MsgId: MERR-35061]
Action.c(61): Error -35049: No match found for the requested parameter "RegExp". Check whether the requested regular expression exists in the response data  	[MsgId: MERR-35049]
Action.c(61): Error -35049: No match found for the requested parameter "_rndVer". Check whether the requested regular expression exists in the response data  	[MsgId: MERR-35049]
Action.c(61): Error -26366: "Text=Войти" not found for web_reg_find  	[MsgId: MERR-26366]
Action.c(61): Error -26374: The above "not found" error(s) may be explained by header and body byte counts being 0 and 0, respectively.  	[MsgId: MERR-26374]
End auto log messages stack.	[MsgId: MMSG-10544]


Start auto log messages stack - Iteration 4.	[MsgId: MMSG-10545]
Action.c(13): web_reg_save_param_regexp started  	[MsgId: MMSG-26355]
Action.c(13): Registering web_reg_save_param_regexp was successful  	[MsgId: MMSG-26390]
Action.c(26): web_reg_save_param_ex started  	[MsgId: MMSG-26355]
Action.c(26): Registering web_reg_save_param_ex was successful  	[MsgId: MMSG-26390]
Action.c(39): web_reg_save_param_regexp started  	[MsgId: MMSG-26355]
Action.c(39): Registering web_reg_save_param_regexp was successful  	[MsgId: MMSG-26390]
Action.c(52): web_reg_save_param_regexp started  	[MsgId: MMSG-26355]
Action.c(52): Registering web_reg_save_param_regexp was successful  	[MsgId: MMSG-26390]
Action.c(61): web_url("vk.com") started  	[MsgId: MMSG-26355]
Action.c(61): Error -27794: Could not resolve address of host vk.com  	[MsgId: MERR-27794]
Action.c(61): Error -35049: No match found for the requested parameter "ip_h". Check whether the requested regular expression exists in the response data  	[MsgId: MERR-35049]
Action.c(61): Error -35061: No match found for the requested parameter "lg_h". Either the specified boundaries were not found in the response or the matched text is longer than current max html parameter size of 256 bytes. The total length of the response is 0 bytes. You can use "web_set_max_html_param_len" to increase the max parameter size.  	[MsgId: MERR-35061]
Action.c(61): Error -35049: No match found for the requested parameter "RegExp". Check whether the requested regular expression exists in the response data  	[MsgId: MERR-35049]
Action.c(61): Error -35049: No match found for the requested parameter "_rndVer". Check whether the requested regular expression exists in the response data  	[MsgId: MERR-35049]
Action.c(61): Error -26366: "Text=Войти" not found for web_reg_find  	[MsgId: MERR-26366]
Action.c(61): Error -26374: The above "not found" error(s) may be explained by header and body byte counts being 0 and 0, respectively.  	[MsgId: MERR-26374]
End auto log messages stack.	[MsgId: MMSG-10544]


Start auto log messages stack - Iteration 10.	[MsgId: MMSG-10545]
Action.c(13): web_reg_save_param_regexp started  	[MsgId: MMSG-26355]
Action.c(13): Registering web_reg_save_param_regexp was successful  	[MsgId: MMSG-26390]
Action.c(26): web_reg_save_param_ex started  	[MsgId: MMSG-26355]
Action.c(26): Registering web_reg_save_param_ex was successful  	[MsgId: MMSG-26390]
Action.c(39): web_reg_save_param_regexp started  	[MsgId: MMSG-26355]
Action.c(39): Registering web_reg_save_param_regexp was successful  	[MsgId: MMSG-26390]
Action.c(52): web_reg_save_param_regexp started  	[MsgId: MMSG-26355]
Action.c(52): Registering web_reg_save_param_regexp was successful  	[MsgId: MMSG-26390]
Action.c(61): web_url("vk.com") started  	[MsgId: MMSG-26355]
Action.c(61): Error -27794: Could not resolve address of host vk.com  	[MsgId: MERR-27794]
Action.c(61): Error -35049: No match found for the requested parameter "ip_h". Check whether the requested regular expression exists in the response data  	[MsgId: MERR-35049]
Action.c(61): Error -35061: No match found for the requested parameter "lg_h". Either the specified boundaries were not found in the response or the matched text is longer than current max html parameter size of 256 bytes. The total length of the response is 0 bytes. You can use "web_set_max_html_param_len" to increase the max parameter size.  	[MsgId: MERR-35061]
Action.c(61): Error -35049: No match found for the requested parameter "RegExp". Check whether the requested regular expression exists in the response data  	[MsgId: MERR-35049]
Action.c(61): Error -35049: No match found for the requested parameter "_rndVer". Check whether the requested regular expression exists in the response data  	[MsgId: MERR-35049]
Action.c(61): Error -26366: "Text=Войти" not found for web_reg_find  	[MsgId: MERR-26366]
Action.c(61): Error -26374: The above "not found" error(s) may be explained by header and body byte counts being 0 and 0, respectively.  	[MsgId: MERR-26374]
End auto log messages stack.	[MsgId: MMSG-10544]


Start auto log messages stack - Iteration 1.	[MsgId: MMSG-10545]
Action.c(13): web_reg_save_param_regexp started  	[MsgId: MMSG-26355]
Action.c(13): Registering web_reg_save_param_regexp was successful  	[MsgId: MMSG-26390]
Action.c(26): web_reg_save_param_ex started  	[MsgId: MMSG-26355]
Action.c(26): Registering web_reg_save_param_ex was successful  	[MsgId: MMSG-26390]
Action.c(39): web_reg_save_param_regexp started  	[MsgId: MMSG-26355]
Action.c(39): Registering web_reg_save_param_regexp was successful  	[MsgId: MMSG-26390]
Action.c(52): web_reg_save_param_regexp started  	[MsgId: MMSG-26355]
Action.c(52): Registering web_reg_save_param_regexp was successful  	[MsgId: MMSG-26390]
Action.c(61): web_url("vk.com") started  	[MsgId: MMSG-26355]
Action.c(61): Error -27794: Could not resolve address of host vk.com  	[MsgId: MERR-27794]
Action.c(61): Error -35049: No match found for the requested parameter "ip_h". Check whether the requested regular expression exists in the response data  	[MsgId: MERR-35049]
Action.c(61): Error -35061: No match found for the requested parameter "lg_h". Either the specified boundaries were not found in the response or the matched text is longer than current max html parameter size of 256 bytes. The total length of the response is 0 bytes. You can use "web_set_max_html_param_len" to increase the max parameter size.  	[MsgId: MERR-35061]
Action.c(61): Error -35049: No match found for the requested parameter "RegExp". Check whether the requested regular expression exists in the response data  	[MsgId: MERR-35049]
Action.c(61): Error -35049: No match found for the requested parameter "_rndVer". Check whether the requested regular expression exists in the response data  	[MsgId: MERR-35049]
Action.c(61): Error -26366: "Text=Войти" not found for web_reg_find  	[MsgId: MERR-26366]
Action.c(61): Error -26374: The above "not found" error(s) may be explained by header and body byte counts being 0 and 0, respectively.  	[MsgId: MERR-26374]
End auto log messages stack.	[MsgId: MMSG-10544]


Start auto log messages stack - Iteration 11.	[MsgId: MMSG-10545]
Action.c(13): web_reg_save_param_regexp started  	[MsgId: MMSG-26355]
Action.c(13): Registering web_reg_save_param_regexp was successful  	[MsgId: MMSG-26390]
Action.c(26): web_reg_save_param_ex started  	[MsgId: MMSG-26355]
Action.c(26): Registering web_reg_save_param_ex was successful  	[MsgId: MMSG-26390]
Action.c(39): web_reg_save_param_regexp started  	[MsgId: MMSG-26355]
Action.c(39): Registering web_reg_save_param_regexp was successful  	[MsgId: MMSG-26390]
Action.c(52): web_reg_save_param_regexp started  	[MsgId: MMSG-26355]
Action.c(52): Registering web_reg_save_param_regexp was successful  	[MsgId: MMSG-26390]
Action.c(61): web_url("vk.com") started  	[MsgId: MMSG-26355]
Action.c(61): Error -27794: Could not resolve address of host vk.com  	[MsgId: MERR-27794]
Action.c(61): Error -35049: No match found for the requested parameter "ip_h". Check whether the requested regular expression exists in the response data  	[MsgId: MERR-35049]
Action.c(61): Error -35061: No match found for the requested parameter "lg_h". Either the specified boundaries were not found in the response or the matched text is longer than current max html parameter size of 256 bytes. The total length of the response is 0 bytes. You can use "web_set_max_html_param_len" to increase the max parameter size.  	[MsgId: MERR-35061]
Action.c(61): Error -35049: No match found for the requested parameter "RegExp". Check whether the requested regular expression exists in the response data  	[MsgId: MERR-35049]
Action.c(61): Error -35049: No match found for the requested parameter "_rndVer". Check whether the requested regular expression exists in the response data  	[MsgId: MERR-35049]
Action.c(61): Error -26366: "Text=Войти" not found for web_reg_find  	[MsgId: MERR-26366]
Action.c(61): Error -26374: The above "not found" error(s) may be explained by header and body byte counts being 0 and 0, respectively.  	[MsgId: MERR-26374]
End auto log messages stack.	[MsgId: MMSG-10544]


Start auto log messages stack - Iteration 5.	[MsgId: MMSG-10545]
Action.c(13): web_reg_save_param_regexp started  	[MsgId: MMSG-26355]
Action.c(13): Registering web_reg_save_param_regexp was successful  	[MsgId: MMSG-26390]
Action.c(26): web_reg_save_param_ex started  	[MsgId: MMSG-26355]
Action.c(26): Registering web_reg_save_param_ex was successful  	[MsgId: MMSG-26390]
Action.c(39): web_reg_save_param_regexp started  	[MsgId: MMSG-26355]
Action.c(39): Registering web_reg_save_param_regexp was successful  	[MsgId: MMSG-26390]
Action.c(52): web_reg_save_param_regexp started  	[MsgId: MMSG-26355]
Action.c(52): Registering web_reg_save_param_regexp was successful  	[MsgId: MMSG-26390]
Action.c(61): web_url("vk.com") started  	[MsgId: MMSG-26355]
Action.c(61): Error -27794: Could not resolve address of host vk.com  	[MsgId: MERR-27794]
Action.c(61): Error -35049: No match found for the requested parameter "ip_h". Check whether the requested regular expression exists in the response data  	[MsgId: MERR-35049]
Action.c(61): Error -35061: No match found for the requested parameter "lg_h". Either the specified boundaries were not found in the response or the matched text is longer than current max html parameter size of 256 bytes. The total length of the response is 0 bytes. You can use "web_set_max_html_param_len" to increase the max parameter size.  	[MsgId: MERR-35061]
Action.c(61): Error -35049: No match found for the requested parameter "RegExp". Check whether the requested regular expression exists in the response data  	[MsgId: MERR-35049]
Action.c(61): Error -35049: No match found for the requested parameter "_rndVer". Check whether the requested regular expression exists in the response data  	[MsgId: MERR-35049]
Action.c(61): Error -26366: "Text=Войти" not found for web_reg_find  	[MsgId: MERR-26366]
Action.c(61): Error -26374: The above "not found" error(s) may be explained by header and body byte counts being 0 and 0, respectively.  	[MsgId: MERR-26374]
End auto log messages stack.	[MsgId: MMSG-10544]


Start auto log messages stack - Iteration 2.	[MsgId: MMSG-10545]
Action.c(13): web_reg_save_param_regexp started  	[MsgId: MMSG-26355]
Action.c(13): Registering web_reg_save_param_regexp was successful  	[MsgId: MMSG-26390]
Action.c(26): web_reg_save_param_ex started  	[MsgId: MMSG-26355]
Action.c(26): Registering web_reg_save_param_ex was successful  	[MsgId: MMSG-26390]
Action.c(39): web_reg_save_param_regexp started  	[MsgId: MMSG-26355]
Action.c(39): Registering web_reg_save_param_regexp was successful  	[MsgId: MMSG-26390]
Action.c(52): web_reg_save_param_regexp started  	[MsgId: MMSG-26355]
Action.c(52): Registering web_reg_save_param_regexp was successful  	[MsgId: MMSG-26390]
Action.c(61): web_url("vk.com") started  	[MsgId: MMSG-26355]
Action.c(61): Error -27794: Could not resolve address of host vk.com  	[MsgId: MERR-27794]
Action.c(61): Error -35049: No match found for the requested parameter "ip_h". Check whether the requested regular expression exists in the response data  	[MsgId: MERR-35049]
Action.c(61): Error -35061: No match found for the requested parameter "lg_h". Either the specified boundaries were not found in the response or the matched text is longer than current max html parameter size of 256 bytes. The total length of the response is 0 bytes. You can use "web_set_max_html_param_len" to increase the max parameter size.  	[MsgId: MERR-35061]
Action.c(61): Error -35049: No match found for the requested parameter "RegExp". Check whether the requested regular expression exists in the response data  	[MsgId: MERR-35049]
Action.c(61): Error -35049: No match found for the requested parameter "_rndVer". Check whether the requested regular expression exists in the response data  	[MsgId: MERR-35049]
Action.c(61): Error -26366: "Text=Войти" not found for web_reg_find  	[MsgId: MERR-26366]
Action.c(61): Error -26374: The above "not found" error(s) may be explained by header and body byte counts being 0 and 0, respectively.  	[MsgId: MERR-26374]
End auto log messages stack.	[MsgId: MMSG-10544]


Start auto log messages stack - Iteration 6.	[MsgId: MMSG-10545]
Action.c(13): web_reg_save_param_regexp started  	[MsgId: MMSG-26355]
Action.c(13): Registering web_reg_save_param_regexp was successful  	[MsgId: MMSG-26390]
Action.c(26): web_reg_save_param_ex started  	[MsgId: MMSG-26355]
Action.c(26): Registering web_reg_save_param_ex was successful  	[MsgId: MMSG-26390]
Action.c(39): web_reg_save_param_regexp started  	[MsgId: MMSG-26355]
Action.c(39): Registering web_reg_save_param_regexp was successful  	[MsgId: MMSG-26390]
Action.c(52): web_reg_save_param_regexp started  	[MsgId: MMSG-26355]
Action.c(52): Registering web_reg_save_param_regexp was successful  	[MsgId: MMSG-26390]
Action.c(61): web_url("vk.com") started  	[MsgId: MMSG-26355]
Action.c(61): Error -27794: Could not resolve address of host vk.com  	[MsgId: MERR-27794]
Action.c(61): Error -35049: No match found for the requested parameter "ip_h". Check whether the requested regular expression exists in the response data  	[MsgId: MERR-35049]
Action.c(61): Error -35061: No match found for the requested parameter "lg_h". Either the specified boundaries were not found in the response or the matched text is longer than current max html parameter size of 256 bytes. The total length of the response is 0 bytes. You can use "web_set_max_html_param_len" to increase the max parameter size.  	[MsgId: MERR-35061]
Action.c(61): Error -35049: No match found for the requested parameter "RegExp". Check whether the requested regular expression exists in the response data  	[MsgId: MERR-35049]
Action.c(61): Error -35049: No match found for the requested parameter "_rndVer". Check whether the requested regular expression exists in the response data  	[MsgId: MERR-35049]
Action.c(61): Error -26366: "Text=Войти" not found for web_reg_find  	[MsgId: MERR-26366]
Action.c(61): Error -26374: The above "not found" error(s) may be explained by header and body byte counts being 0 and 0, respectively.  	[MsgId: MERR-26374]
End auto log messages stack.	[MsgId: MMSG-10544]


Start auto log messages stack - Iteration 3.	[MsgId: MMSG-10545]
Action.c(13): web_reg_save_param_regexp started  	[MsgId: MMSG-26355]
Action.c(13): Registering web_reg_save_param_regexp was successful  	[MsgId: MMSG-26390]
Action.c(26): web_reg_save_param_ex started  	[MsgId: MMSG-26355]
Action.c(26): Registering web_reg_save_param_ex was successful  	[MsgId: MMSG-26390]
Action.c(39): web_reg_save_param_regexp started  	[MsgId: MMSG-26355]
Action.c(39): Registering web_reg_save_param_regexp was successful  	[MsgId: MMSG-26390]
Action.c(52): web_reg_save_param_regexp started  	[MsgId: MMSG-26355]
Action.c(52): Registering web_reg_save_param_regexp was successful  	[MsgId: MMSG-26390]
Action.c(61): web_url("vk.com") started  	[MsgId: MMSG-26355]
Action.c(61): Error -27794: Could not resolve address of host vk.com  	[MsgId: MERR-27794]
Action.c(61): Error -35049: No match found for the requested parameter "ip_h". Check whether the requested regular expression exists in the response data  	[MsgId: MERR-35049]
Action.c(61): Error -35061: No match found for the requested parameter "lg_h". Either the specified boundaries were not found in the response or the matched text is longer than current max html parameter size of 256 bytes. The total length of the response is 0 bytes. You can use "web_set_max_html_param_len" to increase the max parameter size.  	[MsgId: MERR-35061]
Action.c(61): Error -35049: No match found for the requested parameter "RegExp". Check whether the requested regular expression exists in the response data  	[MsgId: MERR-35049]
Action.c(61): Error -35049: No match found for the requested parameter "_rndVer". Check whether the requested regular expression exists in the response data  	[MsgId: MERR-35049]
Action.c(61): Error -26366: "Text=Войти" not found for web_reg_find  	[MsgId: MERR-26366]
Action.c(61): Error -26374: The above "not found" error(s) may be explained by header and body byte counts being 0 and 0, respectively.  	[MsgId: MERR-26374]
End auto log messages stack.	[MsgId: MMSG-10544]


Start auto log messages stack - Iteration 12.	[MsgId: MMSG-10545]
Action.c(13): web_reg_save_param_regexp started  	[MsgId: MMSG-26355]
Action.c(13): Registering web_reg_save_param_regexp was successful  	[MsgId: MMSG-26390]
Action.c(26): web_reg_save_param_ex started  	[MsgId: MMSG-26355]
Action.c(26): Registering web_reg_save_param_ex was successful  	[MsgId: MMSG-26390]
Action.c(39): web_reg_save_param_regexp started  	[MsgId: MMSG-26355]
Action.c(39): Registering web_reg_save_param_regexp was successful  	[MsgId: MMSG-26390]
Action.c(52): web_reg_save_param_regexp started  	[MsgId: MMSG-26355]
Action.c(52): Registering web_reg_save_param_regexp was successful  	[MsgId: MMSG-26390]
Action.c(61): web_url("vk.com") started  	[MsgId: MMSG-26355]
Action.c(61): Error -27794: Could not resolve address of host vk.com  	[MsgId: MERR-27794]
Action.c(61): Error -35049: No match found for the requested parameter "ip_h". Check whether the requested regular expression exists in the response data  	[MsgId: MERR-35049]
Action.c(61): Error -35061: No match found for the requested parameter "lg_h". Either the specified boundaries were not found in the response or the matched text is longer than current max html parameter size of 256 bytes. The total length of the response is 0 bytes. You can use "web_set_max_html_param_len" to increase the max parameter size.  	[MsgId: MERR-35061]
Action.c(61): Error -35049: No match found for the requested parameter "RegExp". Check whether the requested regular expression exists in the response data  	[MsgId: MERR-35049]
Action.c(61): Error -35049: No match found for the requested parameter "_rndVer". Check whether the requested regular expression exists in the response data  	[MsgId: MERR-35049]
Action.c(61): Error -26366: "Text=Войти" not found for web_reg_find  	[MsgId: MERR-26366]
Action.c(61): Error -26374: The above "not found" error(s) may be explained by header and body byte counts being 0 and 0, respectively.  	[MsgId: MERR-26374]
End auto log messages stack.	[MsgId: MMSG-10544]


Start auto log messages stack - Iteration 4.	[MsgId: MMSG-10545]
Action.c(13): web_reg_save_param_regexp started  	[MsgId: MMSG-26355]
Action.c(13): Registering web_reg_save_param_regexp was successful  	[MsgId: MMSG-26390]
Action.c(26): web_reg_save_param_ex started  	[MsgId: MMSG-26355]
Action.c(26): Registering web_reg_save_param_ex was successful  	[MsgId: MMSG-26390]
Action.c(39): web_reg_save_param_regexp started  	[MsgId: MMSG-26355]
Action.c(39): Registering web_reg_save_param_regexp was successful  	[MsgId: MMSG-26390]
Action.c(52): web_reg_save_param_regexp started  	[MsgId: MMSG-26355]
Action.c(52): Registering web_reg_save_param_regexp was successful  	[MsgId: MMSG-26390]
Action.c(61): web_url("vk.com") started  	[MsgId: MMSG-26355]
Action.c(61): Error -27794: Could not resolve address of host vk.com  	[MsgId: MERR-27794]
Action.c(61): Error -35049: No match found for the requested parameter "ip_h". Check whether the requested regular expression exists in the response data  	[MsgId: MERR-35049]
Action.c(61): Error -35061: No match found for the requested parameter "lg_h". Either the specified boundaries were not found in the response or the matched text is longer than current max html parameter size of 256 bytes. The total length of the response is 0 bytes. You can use "web_set_max_html_param_len" to increase the max parameter size.  	[MsgId: MERR-35061]
Action.c(61): Error -35049: No match found for the requested parameter "RegExp". Check whether the requested regular expression exists in the response data  	[MsgId: MERR-35049]
Action.c(61): Error -35049: No match found for the requested parameter "_rndVer". Check whether the requested regular expression exists in the response data  	[MsgId: MERR-35049]
Action.c(61): Error -26366: "Text=Войти" not found for web_reg_find  	[MsgId: MERR-26366]
Action.c(61): Error -26374: The above "not found" error(s) may be explained by header and body byte counts being 0 and 0, respectively.  	[MsgId: MERR-26374]
End auto log messages stack.	[MsgId: MMSG-10544]


Start auto log messages stack - Iteration 7.	[MsgId: MMSG-10545]
Action.c(13): web_reg_save_param_regexp started  	[MsgId: MMSG-26355]
Action.c(13): Registering web_reg_save_param_regexp was successful  	[MsgId: MMSG-26390]
Action.c(26): web_reg_save_param_ex started  	[MsgId: MMSG-26355]
Action.c(26): Registering web_reg_save_param_ex was successful  	[MsgId: MMSG-26390]
Action.c(39): web_reg_save_param_regexp started  	[MsgId: MMSG-26355]
Action.c(39): Registering web_reg_save_param_regexp was successful  	[MsgId: MMSG-26390]
Action.c(52): web_reg_save_param_regexp started  	[MsgId: MMSG-26355]
Action.c(52): Registering web_reg_save_param_regexp was successful  	[MsgId: MMSG-26390]
Action.c(61): web_url("vk.com") started  	[MsgId: MMSG-26355]
Action.c(61): Error -27794: Could not resolve address of host vk.com  	[MsgId: MERR-27794]
Action.c(61): Error -35049: No match found for the requested parameter "ip_h". Check whether the requested regular expression exists in the response data  	[MsgId: MERR-35049]
Action.c(61): Error -35061: No match found for the requested parameter "lg_h". Either the specified boundaries were not found in the response or the matched text is longer than current max html parameter size of 256 bytes. The total length of the response is 0 bytes. You can use "web_set_max_html_param_len" to increase the max parameter size.  	[MsgId: MERR-35061]
Action.c(61): Error -35049: No match found for the requested parameter "RegExp". Check whether the requested regular expression exists in the response data  	[MsgId: MERR-35049]
Action.c(61): Error -35049: No match found for the requested parameter "_rndVer". Check whether the requested regular expression exists in the response data  	[MsgId: MERR-35049]
Action.c(61): Error -26366: "Text=Войти" not found for web_reg_find  	[MsgId: MERR-26366]
Action.c(61): Error -26374: The above "not found" error(s) may be explained by header and body byte counts being 0 and 0, respectively.  	[MsgId: MERR-26374]
End auto log messages stack.	[MsgId: MMSG-10544]


Start auto log messages stack - Iteration 13.	[MsgId: MMSG-10545]
Action.c(13): web_reg_save_param_regexp started  	[MsgId: MMSG-26355]
Action.c(13): Registering web_reg_save_param_regexp was successful  	[MsgId: MMSG-26390]
Action.c(26): web_reg_save_param_ex started  	[MsgId: MMSG-26355]
Action.c(26): Registering web_reg_save_param_ex was successful  	[MsgId: MMSG-26390]
Action.c(39): web_reg_save_param_regexp started  	[MsgId: MMSG-26355]
Action.c(39): Registering web_reg_save_param_regexp was successful  	[MsgId: MMSG-26390]
Action.c(52): web_reg_save_param_regexp started  	[MsgId: MMSG-26355]
Action.c(52): Registering web_reg_save_param_regexp was successful  	[MsgId: MMSG-26390]
Action.c(61): web_url("vk.com") started  	[MsgId: MMSG-26355]
Action.c(61): Error -27794: Could not resolve address of host vk.com  	[MsgId: MERR-27794]
Action.c(61): Error -35049: No match found for the requested parameter "ip_h". Check whether the requested regular expression exists in the response data  	[MsgId: MERR-35049]
Action.c(61): Error -35061: No match found for the requested parameter "lg_h". Either the specified boundaries were not found in the response or the matched text is longer than current max html parameter size of 256 bytes. The total length of the response is 0 bytes. You can use "web_set_max_html_param_len" to increase the max parameter size.  	[MsgId: MERR-35061]
Action.c(61): Error -35049: No match found for the requested parameter "RegExp". Check whether the requested regular expression exists in the response data  	[MsgId: MERR-35049]
Action.c(61): Error -35049: No match found for the requested parameter "_rndVer". Check whether the requested regular expression exists in the response data  	[MsgId: MERR-35049]
Action.c(61): Error -26366: "Text=Войти" not found for web_reg_find  	[MsgId: MERR-26366]
Action.c(61): Error -26374: The above "not found" error(s) may be explained by header and body byte counts being 0 and 0, respectively.  	[MsgId: MERR-26374]
End auto log messages stack.	[MsgId: MMSG-10544]


Start auto log messages stack - Iteration 14.	[MsgId: MMSG-10545]
Action.c(13): web_reg_save_param_regexp started  	[MsgId: MMSG-26355]
Action.c(13): Registering web_reg_save_param_regexp was successful  	[MsgId: MMSG-26390]
Action.c(26): web_reg_save_param_ex started  	[MsgId: MMSG-26355]
Action.c(26): Registering web_reg_save_param_ex was successful  	[MsgId: MMSG-26390]
Action.c(39): web_reg_save_param_regexp started  	[MsgId: MMSG-26355]
Action.c(39): Registering web_reg_save_param_regexp was successful  	[MsgId: MMSG-26390]
Action.c(52): web_reg_save_param_regexp started  	[MsgId: MMSG-26355]
Action.c(52): Registering web_reg_save_param_regexp was successful  	[MsgId: MMSG-26390]
Action.c(61): web_url("vk.com") started  	[MsgId: MMSG-26355]
Action.c(61): Error -27794: Could not resolve address of host vk.com  	[MsgId: MERR-27794]
Action.c(61): Error -35049: No match found for the requested parameter "ip_h". Check whether the requested regular expression exists in the response data  	[MsgId: MERR-35049]
Action.c(61): Error -35061: No match found for the requested parameter "lg_h". Either the specified boundaries were not found in the response or the matched text is longer than current max html parameter size of 256 bytes. The total length of the response is 0 bytes. You can use "web_set_max_html_param_len" to increase the max parameter size.  	[MsgId: MERR-35061]
Action.c(61): Error -35049: No match found for the requested parameter "RegExp". Check whether the requested regular expression exists in the response data  	[MsgId: MERR-35049]
Action.c(61): Error -35049: No match found for the requested parameter "_rndVer". Check whether the requested regular expression exists in the response data  	[MsgId: MERR-35049]
Action.c(61): Error -26366: "Text=Войти" not found for web_reg_find  	[MsgId: MERR-26366]
Action.c(61): Error -26374: The above "not found" error(s) may be explained by header and body byte counts being 0 and 0, respectively.  	[MsgId: MERR-26374]
End auto log messages stack.	[MsgId: MMSG-10544]


Start auto log messages stack - Iteration 8.	[MsgId: MMSG-10545]
Action.c(13): web_reg_save_param_regexp started  	[MsgId: MMSG-26355]
Action.c(13): Registering web_reg_save_param_regexp was successful  	[MsgId: MMSG-26390]
Action.c(26): web_reg_save_param_ex started  	[MsgId: MMSG-26355]
Action.c(26): Registering web_reg_save_param_ex was successful  	[MsgId: MMSG-26390]
Action.c(39): web_reg_save_param_regexp started  	[MsgId: MMSG-26355]
Action.c(39): Registering web_reg_save_param_regexp was successful  	[MsgId: MMSG-26390]
Action.c(52): web_reg_save_param_regexp started  	[MsgId: MMSG-26355]
Action.c(52): Registering web_reg_save_param_regexp was successful  	[MsgId: MMSG-26390]
Action.c(61): web_url("vk.com") started  	[MsgId: MMSG-26355]
Action.c(61): Error -27794: Could not resolve address of host vk.com  	[MsgId: MERR-27794]
Action.c(61): Error -35049: No match found for the requested parameter "ip_h". Check whether the requested regular expression exists in the response data  	[MsgId: MERR-35049]
Action.c(61): Error -35061: No match found for the requested parameter "lg_h". Either the specified boundaries were not found in the response or the matched text is longer than current max html parameter size of 256 bytes. The total length of the response is 0 bytes. You can use "web_set_max_html_param_len" to increase the max parameter size.  	[MsgId: MERR-35061]
Action.c(61): Error -35049: No match found for the requested parameter "RegExp". Check whether the requested regular expression exists in the response data  	[MsgId: MERR-35049]
Action.c(61): Error -35049: No match found for the requested parameter "_rndVer". Check whether the requested regular expression exists in the response data  	[MsgId: MERR-35049]
Action.c(61): Error -26366: "Text=Войти" not found for web_reg_find  	[MsgId: MERR-26366]
Action.c(61): Error -26374: The above "not found" error(s) may be explained by header and body byte counts being 0 and 0, respectively.  	[MsgId: MERR-26374]
End auto log messages stack.	[MsgId: MMSG-10544]


Start auto log messages stack - Iteration 5.	[MsgId: MMSG-10545]
Action.c(13): web_reg_save_param_regexp started  	[MsgId: MMSG-26355]
Action.c(13): Registering web_reg_save_param_regexp was successful  	[MsgId: MMSG-26390]
Action.c(26): web_reg_save_param_ex started  	[MsgId: MMSG-26355]
Action.c(26): Registering web_reg_save_param_ex was successful  	[MsgId: MMSG-26390]
Action.c(39): web_reg_save_param_regexp started  	[MsgId: MMSG-26355]
Action.c(39): Registering web_reg_save_param_regexp was successful  	[MsgId: MMSG-26390]
Action.c(52): web_reg_save_param_regexp started  	[MsgId: MMSG-26355]
Action.c(52): Registering web_reg_save_param_regexp was successful  	[MsgId: MMSG-26390]
Action.c(61): web_url("vk.com") started  	[MsgId: MMSG-26355]
Action.c(61): Error -27794: Could not resolve address of host vk.com  	[MsgId: MERR-27794]
Action.c(61): Error -35049: No match found for the requested parameter "ip_h". Check whether the requested regular expression exists in the response data  	[MsgId: MERR-35049]
Action.c(61): Error -35061: No match found for the requested parameter "lg_h". Either the specified boundaries were not found in the response or the matched text is longer than current max html parameter size of 256 bytes. The total length of the response is 0 bytes. You can use "web_set_max_html_param_len" to increase the max parameter size.  	[MsgId: MERR-35061]
Action.c(61): Error -35049: No match found for the requested parameter "RegExp". Check whether the requested regular expression exists in the response data  	[MsgId: MERR-35049]
Action.c(61): Error -35049: No match found for the requested parameter "_rndVer". Check whether the requested regular expression exists in the response data  	[MsgId: MERR-35049]
Action.c(61): Error -26366: "Text=Войти" not found for web_reg_find  	[MsgId: MERR-26366]
Action.c(61): Error -26374: The above "not found" error(s) may be explained by header and body byte counts being 0 and 0, respectively.  	[MsgId: MERR-26374]
End auto log messages stack.	[MsgId: MMSG-10544]


Start auto log messages stack - Iteration 9.	[MsgId: MMSG-10545]
Action.c(13): web_reg_save_param_regexp started  	[MsgId: MMSG-26355]
Action.c(13): Registering web_reg_save_param_regexp was successful  	[MsgId: MMSG-26390]
Action.c(26): web_reg_save_param_ex started  	[MsgId: MMSG-26355]
Action.c(26): Registering web_reg_save_param_ex was successful  	[MsgId: MMSG-26390]
Action.c(39): web_reg_save_param_regexp started  	[MsgId: MMSG-26355]
Action.c(39): Registering web_reg_save_param_regexp was successful  	[MsgId: MMSG-26390]
Action.c(52): web_reg_save_param_regexp started  	[MsgId: MMSG-26355]
Action.c(52): Registering web_reg_save_param_regexp was successful  	[MsgId: MMSG-26390]
Action.c(61): web_url("vk.com") started  	[MsgId: MMSG-26355]
Action.c(61): Error -27794: Could not resolve address of host vk.com  	[MsgId: MERR-27794]
Action.c(61): Error -35049: No match found for the requested parameter "ip_h". Check whether the requested regular expression exists in the response data  	[MsgId: MERR-35049]
Action.c(61): Error -35061: No match found for the requested parameter "lg_h". Either the specified boundaries were not found in the response or the matched text is longer than current max html parameter size of 256 bytes. The total length of the response is 0 bytes. You can use "web_set_max_html_param_len" to increase the max parameter size.  	[MsgId: MERR-35061]
Action.c(61): Error -35049: No match found for the requested parameter "RegExp". Check whether the requested regular expression exists in the response data  	[MsgId: MERR-35049]
Action.c(61): Error -35049: No match found for the requested parameter "_rndVer". Check whether the requested regular expression exists in the response data  	[MsgId: MERR-35049]
Action.c(61): Error -26366: "Text=Войти" not found for web_reg_find  	[MsgId: MERR-26366]
Action.c(61): Error -26374: The above "not found" error(s) may be explained by header and body byte counts being 0 and 0, respectively.  	[MsgId: MERR-26374]
End auto log messages stack.	[MsgId: MMSG-10544]


Start auto log messages stack - Iteration 15.	[MsgId: MMSG-10545]
Action.c(13): web_reg_save_param_regexp started  	[MsgId: MMSG-26355]
Action.c(13): Registering web_reg_save_param_regexp was successful  	[MsgId: MMSG-26390]
Action.c(26): web_reg_save_param_ex started  	[MsgId: MMSG-26355]
Action.c(26): Registering web_reg_save_param_ex was successful  	[MsgId: MMSG-26390]
Action.c(39): web_reg_save_param_regexp started  	[MsgId: MMSG-26355]
Action.c(39): Registering web_reg_save_param_regexp was successful  	[MsgId: MMSG-26390]
Action.c(52): web_reg_save_param_regexp started  	[MsgId: MMSG-26355]
Action.c(52): Registering web_reg_save_param_regexp was successful  	[MsgId: MMSG-26390]
Action.c(61): web_url("vk.com") started  	[MsgId: MMSG-26355]
Action.c(61): Error -27794: Could not resolve address of host vk.com  	[MsgId: MERR-27794]
Action.c(61): Error -35049: No match found for the requested parameter "ip_h". Check whether the requested regular expression exists in the response data  	[MsgId: MERR-35049]
Action.c(61): Error -35061: No match found for the requested parameter "lg_h". Either the specified boundaries were not found in the response or the matched text is longer than current max html parameter size of 256 bytes. The total length of the response is 0 bytes. You can use "web_set_max_html_param_len" to increase the max parameter size.  	[MsgId: MERR-35061]
Action.c(61): Error -35049: No match found for the requested parameter "RegExp". Check whether the requested regular expression exists in the response data  	[MsgId: MERR-35049]
Action.c(61): Error -35049: No match found for the requested parameter "_rndVer". Check whether the requested regular expression exists in the response data  	[MsgId: MERR-35049]
Action.c(61): Error -26366: "Text=Войти" not found for web_reg_find  	[MsgId: MERR-26366]
Action.c(61): Error -26374: The above "not found" error(s) may be explained by header and body byte counts being 0 and 0, respectively.  	[MsgId: MERR-26374]
End auto log messages stack.	[MsgId: MMSG-10544]


Start auto log messages stack - Iteration 10.	[MsgId: MMSG-10545]
Action.c(13): web_reg_save_param_regexp started  	[MsgId: MMSG-26355]
Action.c(13): Registering web_reg_save_param_regexp was successful  	[MsgId: MMSG-26390]
Action.c(26): web_reg_save_param_ex started  	[MsgId: MMSG-26355]
Action.c(26): Registering web_reg_save_param_ex was successful  	[MsgId: MMSG-26390]
Action.c(39): web_reg_save_param_regexp started  	[MsgId: MMSG-26355]
Action.c(39): Registering web_reg_save_param_regexp was successful  	[MsgId: MMSG-26390]
Action.c(52): web_reg_save_param_regexp started  	[MsgId: MMSG-26355]
Action.c(52): Registering web_reg_save_param_regexp was successful  	[MsgId: MMSG-26390]
Action.c(61): web_url("vk.com") started  	[MsgId: MMSG-26355]
Action.c(61): Error -27794: Could not resolve address of host vk.com  	[MsgId: MERR-27794]
Action.c(61): Error -35049: No match found for the requested parameter "ip_h". Check whether the requested regular expression exists in the response data  	[MsgId: MERR-35049]
Action.c(61): Error -35061: No match found for the requested parameter "lg_h". Either the specified boundaries were not found in the response or the matched text is longer than current max html parameter size of 256 bytes. The total length of the response is 0 bytes. You can use "web_set_max_html_param_len" to increase the max parameter size.  	[MsgId: MERR-35061]
Action.c(61): Error -35049: No match found for the requested parameter "RegExp". Check whether the requested regular expression exists in the response data  	[MsgId: MERR-35049]
Action.c(61): Error -35049: No match found for the requested parameter "_rndVer". Check whether the requested regular expression exists in the response data  	[MsgId: MERR-35049]
Action.c(61): Error -26366: "Text=Войти" not found for web_reg_find  	[MsgId: MERR-26366]
Action.c(61): Error -26374: The above "not found" error(s) may be explained by header and body byte counts being 0 and 0, respectively.  	[MsgId: MERR-26374]
End auto log messages stack.	[MsgId: MMSG-10544]


Start auto log messages stack - Iteration 6.	[MsgId: MMSG-10545]
Action.c(13): web_reg_save_param_regexp started  	[MsgId: MMSG-26355]
Action.c(13): Registering web_reg_save_param_regexp was successful  	[MsgId: MMSG-26390]
Action.c(26): web_reg_save_param_ex started  	[MsgId: MMSG-26355]
Action.c(26): Registering web_reg_save_param_ex was successful  	[MsgId: MMSG-26390]
Action.c(39): web_reg_save_param_regexp started  	[MsgId: MMSG-26355]
Action.c(39): Registering web_reg_save_param_regexp was successful  	[MsgId: MMSG-26390]
Action.c(52): web_reg_save_param_regexp started  	[MsgId: MMSG-26355]
Action.c(52): Registering web_reg_save_param_regexp was successful  	[MsgId: MMSG-26390]
Action.c(61): web_url("vk.com") started  	[MsgId: MMSG-26355]
Action.c(61): Error -27794: Could not resolve address of host vk.com  	[MsgId: MERR-27794]
Action.c(61): Error -35049: No match found for the requested parameter "ip_h". Check whether the requested regular expression exists in the response data  	[MsgId: MERR-35049]
Action.c(61): Error -35061: No match found for the requested parameter "lg_h". Either the specified boundaries were not found in the response or the matched text is longer than current max html parameter size of 256 bytes. The total length of the response is 0 bytes. You can use "web_set_max_html_param_len" to increase the max parameter size.  	[MsgId: MERR-35061]
Action.c(61): Error -35049: No match found for the requested parameter "RegExp". Check whether the requested regular expression exists in the response data  	[MsgId: MERR-35049]
Action.c(61): Error -35049: No match found for the requested parameter "_rndVer". Check whether the requested regular expression exists in the response data  	[MsgId: MERR-35049]
Action.c(61): Error -26366: "Text=Войти" not found for web_reg_find  	[MsgId: MERR-26366]
Action.c(61): Error -26374: The above "not found" error(s) may be explained by header and body byte counts being 0 and 0, respectively.  	[MsgId: MERR-26374]
End auto log messages stack.	[MsgId: MMSG-10544]


Start auto log messages stack - Iteration 11.	[MsgId: MMSG-10545]
Start auto log messages stack - Iteration 16.	[MsgId: MMSG-10545]
Action.c(13): web_reg_save_param_regexp started  	[MsgId: MMSG-26355]
Action.c(13): web_reg_save_param_regexp started  	[MsgId: MMSG-26355]
Action.c(13): Registering web_reg_save_param_regexp was successful  	[MsgId: MMSG-26390]
Action.c(13): Registering web_reg_save_param_regexp was successful  	[MsgId: MMSG-26390]
Action.c(26): web_reg_save_param_ex started  	[MsgId: MMSG-26355]
Action.c(26): web_reg_save_param_ex started  	[MsgId: MMSG-26355]
Action.c(26): Registering web_reg_save_param_ex was successful  	[MsgId: MMSG-26390]
Action.c(26): Registering web_reg_save_param_ex was successful  	[MsgId: MMSG-26390]
Action.c(39): web_reg_save_param_regexp started  	[MsgId: MMSG-26355]
Action.c(39): web_reg_save_param_regexp started  	[MsgId: MMSG-26355]
Action.c(39): Registering web_reg_save_param_regexp was successful  	[MsgId: MMSG-26390]
Action.c(39): Registering web_reg_save_param_regexp was successful  	[MsgId: MMSG-26390]
Action.c(52): web_reg_save_param_regexp started  	[MsgId: MMSG-26355]
Action.c(52): web_reg_save_param_regexp started  	[MsgId: MMSG-26355]
Action.c(52): Registering web_reg_save_param_regexp was successful  	[MsgId: MMSG-26390]
Action.c(52): Registering web_reg_save_param_regexp was successful  	[MsgId: MMSG-26390]
Action.c(61): web_url("vk.com") started  	[MsgId: MMSG-26355]
Action.c(61): web_url("vk.com") started  	[MsgId: MMSG-26355]
Action.c(61): Error -27772: Server "vk.com" shut connection during attempt to negotiate SSL session  	[MsgId: MERR-27772]
Action.c(61): Error -27772: Server "vk.com" shut connection during attempt to negotiate SSL session  	[MsgId: MERR-27772]
Action.c(61): Error -35049: No match found for the requested parameter "ip_h". Check whether the requested regular expression exists in the response data  	[MsgId: MERR-35049]
Action.c(61): Error -35049: No match found for the requested parameter "ip_h". Check whether the requested regular expression exists in the response data  	[MsgId: MERR-35049]
Action.c(61): Error -35061: No match found for the requested parameter "lg_h". Either the specified boundaries were not found in the response or the matched text is longer than current max html parameter size of 256 bytes. The total length of the response is 0 bytes. You can use "web_set_max_html_param_len" to increase the max parameter size.  	[MsgId: MERR-35061]
Action.c(61): Error -35061: No match found for the requested parameter "lg_h". Either the specified boundaries were not found in the response or the matched text is longer than current max html parameter size of 256 bytes. The total length of the response is 0 bytes. You can use "web_set_max_html_param_len" to increase the max parameter size.  	[MsgId: MERR-35061]
Action.c(61): Error -35049: No match found for the requested parameter "RegExp". Check whether the requested regular expression exists in the response data  	[MsgId: MERR-35049]
Action.c(61): Error -35049: No match found for the requested parameter "RegExp". Check whether the requested regular expression exists in the response data  	[MsgId: MERR-35049]
Action.c(61): Error -35049: No match found for the requested parameter "_rndVer". Check whether the requested regular expression exists in the response data  	[MsgId: MERR-35049]
Action.c(61): Error -35049: No match found for the requested parameter "_rndVer". Check whether the requested regular expression exists in the response data  	[MsgId: MERR-35049]
Action.c(61): Error -26366: "Text=Войти" not found for web_reg_find  	[MsgId: MERR-26366]
Action.c(61): Error -26366: "Text=Войти" not found for web_reg_find  	[MsgId: MERR-26366]
Action.c(61): Error -26374: The above "not found" error(s) may be explained by header and body byte counts being 0 and 0, respectively.  	[MsgId: MERR-26374]
End auto log messages stack.	[MsgId: MMSG-10544]
Action.c(61): Error -26374: The above "not found" error(s) may be explained by header and body byte counts being 0 and 0, respectively.  	[MsgId: MERR-26374]


End auto log messages stack.	[MsgId: MMSG-10544]


Start auto log messages stack - Iteration 7.	[MsgId: MMSG-10545]
Action.c(13): web_reg_save_param_regexp started  	[MsgId: MMSG-26355]
Action.c(13): Registering web_reg_save_param_regexp was successful  	[MsgId: MMSG-26390]
Action.c(26): web_reg_save_param_ex started  	[MsgId: MMSG-26355]
Action.c(26): Registering web_reg_save_param_ex was successful  	[MsgId: MMSG-26390]
Action.c(39): web_reg_save_param_regexp started  	[MsgId: MMSG-26355]
Action.c(39): Registering web_reg_save_param_regexp was successful  	[MsgId: MMSG-26390]
Action.c(52): web_reg_save_param_regexp started  	[MsgId: MMSG-26355]
Action.c(52): Registering web_reg_save_param_regexp was successful  	[MsgId: MMSG-26390]
Action.c(61): web_url("vk.com") started  	[MsgId: MMSG-26355]
Action.c(61): Error -27772: Server "vk.com" shut connection during attempt to negotiate SSL session  	[MsgId: MERR-27772]
Action.c(61): Error -35049: No match found for the requested parameter "ip_h". Check whether the requested regular expression exists in the response data  	[MsgId: MERR-35049]
Action.c(61): Error -35061: No match found for the requested parameter "lg_h". Either the specified boundaries were not found in the response or the matched text is longer than current max html parameter size of 256 bytes. The total length of the response is 0 bytes. You can use "web_set_max_html_param_len" to increase the max parameter size.  	[MsgId: MERR-35061]
Action.c(61): Error -35049: No match found for the requested parameter "RegExp". Check whether the requested regular expression exists in the response data  	[MsgId: MERR-35049]
Action.c(61): Error -35049: No match found for the requested parameter "_rndVer". Check whether the requested regular expression exists in the response data  	[MsgId: MERR-35049]
Action.c(61): Error -26366: "Text=Войти" not found for web_reg_find  	[MsgId: MERR-26366]
Action.c(61): Error -26374: The above "not found" error(s) may be explained by header and body byte counts being 0 and 0, respectively.  	[MsgId: MERR-26374]
End auto log messages stack.	[MsgId: MMSG-10544]


Start auto log messages stack - Iteration 12.	[MsgId: MMSG-10545]
Action.c(13): web_reg_save_param_regexp started  	[MsgId: MMSG-26355]
Action.c(13): Registering web_reg_save_param_regexp was successful  	[MsgId: MMSG-26390]
Action.c(26): web_reg_save_param_ex started  	[MsgId: MMSG-26355]
Action.c(26): Registering web_reg_save_param_ex was successful  	[MsgId: MMSG-26390]
Action.c(39): web_reg_save_param_regexp started  	[MsgId: MMSG-26355]
Action.c(39): Registering web_reg_save_param_regexp was successful  	[MsgId: MMSG-26390]
Action.c(52): web_reg_save_param_regexp started  	[MsgId: MMSG-26355]
Action.c(52): Registering web_reg_save_param_regexp was successful  	[MsgId: MMSG-26390]
Action.c(61): web_url("vk.com") started  	[MsgId: MMSG-26355]
Action.c(61): Error -27772: Server "vk.com" shut connection during attempt to negotiate SSL session  	[MsgId: MERR-27772]
Action.c(61): Error -35049: No match found for the requested parameter "ip_h". Check whether the requested regular expression exists in the response data  	[MsgId: MERR-35049]
Action.c(61): Error -35061: No match found for the requested parameter "lg_h". Either the specified boundaries were not found in the response or the matched text is longer than current max html parameter size of 256 bytes. The total length of the response is 0 bytes. You can use "web_set_max_html_param_len" to increase the max parameter size.  	[MsgId: MERR-35061]
Action.c(61): Error -35049: No match found for the requested parameter "RegExp". Check whether the requested regular expression exists in the response data  	[MsgId: MERR-35049]
Action.c(61): Error -35049: No match found for the requested parameter "_rndVer". Check whether the requested regular expression exists in the response data  	[MsgId: MERR-35049]
Action.c(61): Error -26366: "Text=Войти" not found for web_reg_find  	[MsgId: MERR-26366]
Action.c(61): Error -26374: The above "not found" error(s) may be explained by header and body byte counts being 0 and 0, respectively.  	[MsgId: MERR-26374]
End auto log messages stack.	[MsgId: MMSG-10544]


Start auto log messages stack - Iteration 17.	[MsgId: MMSG-10545]
Action.c(26): web_reg_save_param_ex started  	[MsgId: MMSG-26355]
Action.c(26): Registering web_reg_save_param_ex was successful  	[MsgId: MMSG-26390]
Action.c(39): web_reg_save_param_regexp started  	[MsgId: MMSG-26355]
Action.c(39): Registering web_reg_save_param_regexp was successful  	[MsgId: MMSG-26390]
Action.c(52): web_reg_save_param_regexp started  	[MsgId: MMSG-26355]
Action.c(52): Registering web_reg_save_param_regexp was successful  	[MsgId: MMSG-26390]
Action.c(61): web_url("vk.com") started  	[MsgId: MMSG-26355]
Action.c(61): ssl_handle_status encounter error : SSL_ERROR_SYSCALL, error id : 0  	[MsgId: MMSG-26000]
Start auto log messages stack - Iteration 8.	[MsgId: MMSG-10545]
Action.c(61): Error -27776: [GENERAL_MSG_CAT_SSL_ERROR]connect to host "vk.com" failed: [10054] Connection reset by peer
This is probably because the SSL protocol version is not supported. Try switching the TLS/SSL version using "web_set_sockets_option" API.  	[MsgId: MERR-27776]
Action.c(13): web_reg_save_param_regexp started  	[MsgId: MMSG-26355]
Action.c(13): Registering web_reg_save_param_regexp was successful  	[MsgId: MMSG-26390]
Action.c(26): web_reg_save_param_ex started  	[MsgId: MMSG-26355]
Action.c(26): Registering web_reg_save_param_ex was successful  	[MsgId: MMSG-26390]
Action.c(39): web_reg_save_param_regexp started  	[MsgId: MMSG-26355]
Action.c(39): Registering web_reg_save_param_regexp was successful  	[MsgId: MMSG-26390]
Action.c(52): web_reg_save_param_regexp started  	[MsgId: MMSG-26355]
Action.c(52): Registering web_reg_save_param_regexp was successful  	[MsgId: MMSG-26390]
Action.c(61): web_url("vk.com") started  	[MsgId: MMSG-26355]
Action.c(61): Error -27792: Failed to connect to server "vk.com:443": [10053] Software caused connection abort  	[MsgId: MERR-27792]
Action.c(61): Error -35049: No match found for the requested parameter "ip_h". Check whether the requested regular expression exists in the response data  	[MsgId: MERR-35049]
Action.c(61): Error -35061: No match found for the requested parameter "lg_h". Either the specified boundaries were not found in the response or the matched text is longer than current max html parameter size of 256 bytes. The total length of the response is 0 bytes. You can use "web_set_max_html_param_len" to increase the max parameter size.  	[MsgId: MERR-35061]
Action.c(61): Error -35049: No match found for the requested parameter "RegExp". Check whether the requested regular expression exists in the response data  	[MsgId: MERR-35049]
Action.c(61): Error -35049: No match found for the requested parameter "_rndVer". Check whether the requested regular expression exists in the response data  	[MsgId: MERR-35049]
Action.c(61): Error -26366: "Text=Войти" not found for web_reg_find  	[MsgId: MERR-26366]
Action.c(61): Error -26374: The above "not found" error(s) may be explained by header and body byte counts being 0 and 0, respectively.  	[MsgId: MERR-26374]
End auto log messages stack.	[MsgId: MMSG-10544]


Action.c(61): Error -35049: No match found for the requested parameter "ip_h". Check whether the requested regular expression exists in the response data  	[MsgId: MERR-35049]
Action.c(61): Error -35061: No match found for the requested parameter "lg_h". Either the specified boundaries were not found in the response or the matched text is longer than current max html parameter size of 256 bytes. The total length of the response is 0 bytes. You can use "web_set_max_html_param_len" to increase the max parameter size.  	[MsgId: MERR-35061]
Action.c(61): Error -35049: No match found for the requested parameter "RegExp". Check whether the requested regular expression exists in the response data  	[MsgId: MERR-35049]
Action.c(61): Error -35049: No match found for the requested parameter "_rndVer". Check whether the requested regular expression exists in the response data  	[MsgId: MERR-35049]
Action.c(61): Error -26366: "Text=Войти" not found for web_reg_find  	[MsgId: MERR-26366]
Action.c(61): Error -26374: The above "not found" error(s) may be explained by header and body byte counts being 0 and 0, respectively.  	[MsgId: MERR-26374]
End auto log messages stack.	[MsgId: MMSG-10544]


