Start auto log messages stack - Iteration 2.	[MsgId: MMSG-10545]
Action.c(154): Found resource "https://vk.com/images/emoji/26BD.png" in HTML "https://vk.com/feed"  	[MsgId: MMSG-26659]
Action.c(154): Found resource "https://pp.userapi.com/c639723/v639723610/3f551/E_zUGZUaNKo.jpg" in HTML "https://vk.com/feed"  	[MsgId: MMSG-26659]
Action.c(154): Found resource "https://pp.userapi.com/c639122/v639122912/66f8c/Ao9t9Skt1Hc.jpg" in HTML "https://vk.com/feed"  	[MsgId: MMSG-26659]
Action.c(154): Found resource "https://pp.userapi.com/c638624/v638624949/35bde/oRcuonlMMvU.jpg" in HTML "https://vk.com/feed"  	[MsgId: MMSG-26659]
Action.c(154): Warning -27772: Server "pp.userapi.com" shut connection during attempt to negotiate SSL session  	[MsgId: MWAR-27772]
Action.c(154): Error -27723: Step download timeout (120 seconds) has expired when downloading resource "https://pp.userapi.com/c836725/v836725855/1ce90/d8at53Ul2nA.jpg". Set the "Step Timeout caused by resources is a warning" Run-Time Setting to Yes/No to have this message as a warning/error, respectively  	[MsgId: MERR-27723]
End auto log messages stack.	[MsgId: MMSG-10544]


Start auto log messages stack - Iteration 6.	[MsgId: MMSG-10545]
Action.c(154): Found resource "https://vk.com/js/al/aes_light.js?592436914" in HTML "https://vk.com/feed"  	[MsgId: MMSG-26659]
Action.c(154): Resource "https://vk.com/js/cmodules/web/audioplayer.js?3876525056" is in the cache already and will not be downloaded again  	[MsgId: MMSG-26655]
Action.c(154): Found resource "https://vk.com/js/cmodules/web/notifier.js?78206080305" in HTML "https://vk.com/feed"  	[MsgId: MMSG-26659]
Action.c(154): Found resource "https://pp.userapi.com/c637121/v637121012/35e01/0urAFswAL0s.jpg" in HTML "https://vk.com/feed"  	[MsgId: MMSG-26659]
Action.c(154): Found resource "https://pp.userapi.com/c626124/v626124856/278be/TgVLek3gTbE.jpg" in HTML "https://vk.com/feed"  	[MsgId: MMSG-26659]
Action.c(154): Error -27723: Step download timeout (120 seconds) has expired when downloading resource "https://pp.userapi.com/c626124/v626124856/278be/TgVLek3gTbE.jpg". Set the "Step Timeout caused by resources is a warning" Run-Time Setting to Yes/No to have this message as a warning/error, respectively  	[MsgId: MERR-27723]
End auto log messages stack.	[MsgId: MMSG-10544]


Start auto log messages stack - Iteration 31.	[MsgId: MMSG-10545]
Action.c(154): Found resource "https://pp.userapi.com/c840326/v840326806/2a140/yQuxmG5DlaA.jpg" in HTML "https://vk.com/feed"  	[MsgId: MMSG-26659]
Action.c(154): Found resource "https://pp.userapi.com/c841634/v841634751/40d49/MlMbjwcO_wg.jpg" in HTML "https://vk.com/feed"  	[MsgId: MMSG-26659]
Action.c(154): Found resource "https://pp.userapi.com/c637617/v637617967/3a0a2/NZhvMvOdmPQ.jpg" in HTML "https://vk.com/feed"  	[MsgId: MMSG-26659]
Action.c(154): Found resource "https://pp.userapi.com/c841529/v841529824/39342/bNuOvtrKgyo.jpg" in HTML "https://vk.com/feed"  	[MsgId: MMSG-26659]
Action.c(154): Found resource "https://pp.userapi.com/c841229/v841229568/41acb/F8N_F2HHz94.jpg" in HTML "https://vk.com/feed"  	[MsgId: MMSG-26659]
Action.c(154): Error -27723: Step download timeout (120 seconds) has expired when downloading resource "https://pp.userapi.com/c841132/v841132987/3b9a1/YM5yiDdgouM.jpg". Set the "Step Timeout caused by resources is a warning" Run-Time Setting to Yes/No to have this message as a warning/error, respectively  	[MsgId: MERR-27723]
End auto log messages stack.	[MsgId: MMSG-10544]


Start auto log messages stack - Iteration 16.	[MsgId: MMSG-10545]
Action.c(154): Found resource "https://vk.com/images/emoji/2614.png" in HTML "https://vk.com/feed"  	[MsgId: MMSG-26659]
Action.c(154): Found resource "https://vk.com/images/blank.gif" in HTML "https://vk.com/feed"  	[MsgId: MMSG-26659]
Action.c(154): Found resource "https://pp.userapi.com/c840730/v840730021/23897/gO53ZdB8LEs.jpg" in HTML "https://vk.com/feed"  	[MsgId: MMSG-26659]
Action.c(154): Found resource "https://vk.com/images/camera_50.png" in HTML "https://vk.com/feed"  	[MsgId: MMSG-26659]
Action.c(154): Found resource "https://pp.userapi.com/c621625/v621625913/265cf/o_MI_bYwzZU.jpg" in HTML "https://vk.com/feed"  	[MsgId: MMSG-26659]
Action.c(154): Found resource "https://pp.userapi.com/c637229/v637229078/60693/Vg8_7YhY3lA.jpg" in HTML "https://vk.com/feed"  	[MsgId: MMSG-26659]
Action.c(154): Error -27723: Step download timeout (120 seconds) has expired when downloading resource "https://pp.userapi.com/c639623/v639623960/20945/V8zSygmHgPQ.jpg". Set the "Step Timeout caused by resources is a warning" Run-Time Setting to Yes/No to have this message as a warning/error, respectively  	[MsgId: MERR-27723]
End auto log messages stack.	[MsgId: MMSG-10544]


Start auto log messages stack - Iteration 23.	[MsgId: MMSG-10545]
Action.c(154): Found resource "https://pp.userapi.com/c836137/v836137105/596bb/KEP0aPw02yI.jpg" in HTML "https://vk.com/feed"  	[MsgId: MMSG-26659]
Action.c(154): Found resource "https://pp.userapi.com/c639127/v639127060/38087/qNu-bTThYgI.jpg" in HTML "https://vk.com/feed"  	[MsgId: MMSG-26659]
Action.c(154): Found resource "https://pp.userapi.com/c626124/v626124778/6453a/4rXvSN2HKWM.jpg" in HTML "https://vk.com/feed"  	[MsgId: MMSG-26659]
Action.c(154): Found resource "https://pp.userapi.com/c627722/v627722624/881b/WlNmsoHEWl4.jpg" in HTML "https://vk.com/feed"  	[MsgId: MMSG-26659]
Action.c(154): Found resource "https://pp.userapi.com/c636830/v636830955/5a185/8Dgf1M7gTxI.jpg" in HTML "https://vk.com/feed"  	[MsgId: MMSG-26659]
Action.c(154): Error -27723: Step download timeout (120 seconds) has expired when downloading resource "https://pp.userapi.com/c840028/v840028922/3e21d/iwt8ExTkq18.jpg". Set the "Step Timeout caused by resources is a warning" Run-Time Setting to Yes/No to have this message as a warning/error, respectively  	[MsgId: MERR-27723]
End auto log messages stack.	[MsgId: MMSG-10544]


Start auto log messages stack - Iteration 25.	[MsgId: MMSG-10545]
Action.c(154): Found resource "https://vk.com/images/emoji/D83EDD17.png" in HTML "https://vk.com/feed"  	[MsgId: MMSG-26659]
Action.c(154): Found resource "https://vk.com/images/emoji/D83DDD38.png" in HTML "https://vk.com/feed"  	[MsgId: MMSG-26659]
Action.c(154): Found resource "https://vk.com/images/emoji/270D.png" in HTML "https://vk.com/feed"  	[MsgId: MMSG-26659]
Action.c(154): Found resource "https://vk.com/images/emoji/D83DDDFA.png" in HTML "https://vk.com/feed"  	[MsgId: MMSG-26659]
Action.c(154): Warning -27736: Overlapped transmission of request to "pp.userapi.com" for URL "https://pp.userapi.com/c638320/v638320505/55b2/E-RGlCXlryI.jpg" failed: WSA_IO_PENDING  	[MsgId: MWAR-27736]
Action.c(154): Error -27723: Step download timeout (120 seconds) has expired when downloading resource "https://pp.userapi.com/c639919/v639919167/2a2cc/wj4vbQXFEsY.jpg". Set the "Step Timeout caused by resources is a warning" Run-Time Setting to Yes/No to have this message as a warning/error, respectively  	[MsgId: MERR-27723]
End auto log messages stack.	[MsgId: MMSG-10544]


Start auto log messages stack - Iteration 25.	[MsgId: MMSG-10545]
Action.c(154): Found resource "https://pp.userapi.com/c620625/v620625635/1a191/1vHlncfnhmM.jpg" in HTML "https://vk.com/feed"  	[MsgId: MMSG-26659]
Action.c(154): Found resource "https://pp.userapi.com/c621700/v621700556/1aab4/17-qTqgWcLE.jpg" in HTML "https://vk.com/feed"  	[MsgId: MMSG-26659]
Action.c(154): Found resource "https://pp.userapi.com/c840129/v840129001/4f117/leSiyPyfDLE.jpg" in HTML "https://vk.com/feed"  	[MsgId: MMSG-26659]
Action.c(154): Found resource "https://pp.userapi.com/c636826/v636826645/138ca/jpMSFsaFexI.jpg" in HTML "https://vk.com/feed"  	[MsgId: MMSG-26659]
Action.c(154): Found resource "https://pp.userapi.com/c626124/v626124856/278be/TgVLek3gTbE.jpg" in HTML "https://vk.com/feed"  	[MsgId: MMSG-26659]
Action.c(154): Error -27723: Step download timeout (120 seconds) has expired when downloading resource "https://pp.userapi.com/c639919/v639919534/1196f/prdvBXoh9B0.jpg". Set the "Step Timeout caused by resources is a warning" Run-Time Setting to Yes/No to have this message as a warning/error, respectively  	[MsgId: MERR-27723]
End auto log messages stack.	[MsgId: MMSG-10544]


Start auto log messages stack - Iteration 33.	[MsgId: MMSG-10545]
Action.c(154): Found resource "https://pp.userapi.com/c834100/v834100946/419fa/AVKjyje_HBY.jpg" in HTML "https://vk.com/feed"  	[MsgId: MMSG-26659]
Action.c(154): Found resource "https://vk.com/images/camera_50.png" in HTML "https://vk.com/feed"  	[MsgId: MMSG-26659]
Action.c(154): Found resource "https://pp.userapi.com/c836239/v836239324/e901/gziiQR7fiRI.jpg" in HTML "https://vk.com/feed"  	[MsgId: MMSG-26659]
Action.c(154): Found resource "https://pp.userapi.com/c628824/v628824900/41e89/eI0YJJq8pBE.jpg" in HTML "https://vk.com/feed"  	[MsgId: MMSG-26659]
Action.c(154): Found resource "https://pp.userapi.com/c621515/v621515970/4272a/74v1WL63_9A.jpg" in HTML "https://vk.com/feed"  	[MsgId: MMSG-26659]
Action.c(154): Error -27723: Step download timeout (120 seconds) has expired when downloading resource "https://pp.userapi.com/c638221/v638221519/63937/Jw8UT8wlg8Y.jpg". Set the "Step Timeout caused by resources is a warning" Run-Time Setting to Yes/No to have this message as a warning/error, respectively  	[MsgId: MERR-27723]
End auto log messages stack.	[MsgId: MMSG-10544]


Start auto log messages stack - Iteration 42.	[MsgId: MMSG-10545]
Action.c(154): Found resource "https://pp.userapi.com/c824203/v824203588/267ec/zGZdab1jCX8.jpg" in HTML "https://vk.com/feed"  	[MsgId: MMSG-26659]
Action.c(154): Found resource "https://pp.userapi.com/c840435/v840435525/2ed05/9A2D--iBx3g.jpg" in HTML "https://vk.com/feed"  	[MsgId: MMSG-26659]
Action.c(154): Found resource "https://pp.userapi.com/c824604/v824604803/2318b/uRsbh7yMKlE.jpg" in HTML "https://vk.com/feed"  	[MsgId: MMSG-26659]
Action.c(154): Found resource "https://pp.userapi.com/c841528/v841528078/48f3c/rD_qO6rrHig.jpg" in HTML "https://vk.com/feed"  	[MsgId: MMSG-26659]
Action.c(154): Found resource "https://vk.com/images/camera_50.png" in HTML "https://vk.com/feed"  	[MsgId: MMSG-26659]
Action.c(154): Error -27723: Step download timeout (120 seconds) has expired when downloading resource "https://pp.userapi.com/c638320/v638320505/55b2/E-RGlCXlryI.jpg". Set the "Step Timeout caused by resources is a warning" Run-Time Setting to Yes/No to have this message as a warning/error, respectively  	[MsgId: MERR-27723]
End auto log messages stack.	[MsgId: MMSG-10544]


Start auto log messages stack - Iteration 57.	[MsgId: MMSG-10545]
Action.c(154): Found resource "https://vk.com/images/camera_50.png" in HTML "https://vk.com/feed"  	[MsgId: MMSG-26659]
Action.c(154): Found resource "https://pp.userapi.com/c841639/v841639334/3fb20/tSYAU20gxQA.jpg" in HTML "https://vk.com/feed"  	[MsgId: MMSG-26659]
Action.c(154): Found resource "https://pp.userapi.com/c619621/v619621523/1b2ea/wWGshsA7xGU.jpg" in HTML "https://vk.com/feed"  	[MsgId: MMSG-26659]
Action.c(154): Found resource "https://pp.userapi.com/c623218/v623218349/271ca/y5m5gDYDlqc.jpg" in HTML "https://vk.com/feed"  	[MsgId: MMSG-26659]
Action.c(154): Found resource "https://pp.userapi.com/c639123/v639123267/30fb1/vSd_oOc2Ovg.jpg" in HTML "https://vk.com/feed"  	[MsgId: MMSG-26659]
Action.c(154): Error -27723: Step download timeout (120 seconds) has expired when downloading resource "https://pp.userapi.com/c639623/v639623960/20945/V8zSygmHgPQ.jpg". Set the "Step Timeout caused by resources is a warning" Run-Time Setting to Yes/No to have this message as a warning/error, respectively  	[MsgId: MERR-27723]
End auto log messages stack.	[MsgId: MMSG-10544]


Start auto log messages stack - Iteration 67.	[MsgId: MMSG-10545]
Action.c(154): Found resource "https://pp.userapi.com/c841532/v841532655/25891/HRpxk0ax2c4.jpg" in HTML "https://vk.com/feed"  	[MsgId: MMSG-26659]
Action.c(154): Found resource "https://pp.userapi.com/c836538/v836538979/b727/jNpyQZvNNmk.jpg" in HTML "https://vk.com/feed"  	[MsgId: MMSG-26659]
Action.c(154): Found resource "https://pp.userapi.com/c840335/v840335477/2e822/vfoawve0l50.jpg" in HTML "https://vk.com/feed"  	[MsgId: MMSG-26659]
Action.c(154): Found resource "https://pp.userapi.com/c841330/v841330839/2fe64/ZsbkdDjKQbI.jpg" in HTML "https://vk.com/feed"  	[MsgId: MMSG-26659]
Action.c(154): Found resource "https://pp.userapi.com/c626124/v626124856/278be/TgVLek3gTbE.jpg" in HTML "https://vk.com/feed"  	[MsgId: MMSG-26659]
Action.c(154): Error -27723: Step download timeout (120 seconds) has expired when downloading resource "https://pp.userapi.com/c840335/v840335477/2e822/vfoawve0l50.jpg". Set the "Step Timeout caused by resources is a warning" Run-Time Setting to Yes/No to have this message as a warning/error, respectively  	[MsgId: MERR-27723]
End auto log messages stack.	[MsgId: MMSG-10544]


Start auto log messages stack - Iteration 83.	[MsgId: MMSG-10545]
Action.c(154): Found resource "https://pp.userapi.com/c840234/v840234284/2da11/8nzMHtXgDkg.jpg" in HTML "https://vk.com/feed"  	[MsgId: MMSG-26659]
Action.c(154): Found resource "https://pp.userapi.com/c840620/v840620208/1281e/IVoIAaBjAB4.jpg" in HTML "https://vk.com/feed"  	[MsgId: MMSG-26659]
Action.c(154): Found resource "https://pp.userapi.com/c840330/v840330034/21131/winEXDcn50c.jpg" in HTML "https://vk.com/feed"  	[MsgId: MMSG-26659]
Action.c(154): Found resource "https://pp.userapi.com/c824502/v824502550/1dc5d/bwa-v0vjY3M.jpg" in HTML "https://vk.com/feed"  	[MsgId: MMSG-26659]
Action.c(154): Warning -27772: Server "pp.userapi.com" shut connection during attempt to negotiate SSL session  	[MsgId: MWAR-27772]
Action.c(154): Error -27723: Step download timeout (120 seconds) has expired when downloading resource "https://pp.userapi.com/c836530/v836530418/3db7e/kXwmGboqVm4.jpg". Set the "Step Timeout caused by resources is a warning" Run-Time Setting to Yes/No to have this message as a warning/error, respectively  	[MsgId: MERR-27723]
End auto log messages stack.	[MsgId: MMSG-10544]


Start auto log messages stack - Iteration 60.	[MsgId: MMSG-10545]
Action.c(154): Found resource "https://pp.userapi.com/c834100/v834100946/419fa/AVKjyje_HBY.jpg" in HTML "https://vk.com/feed"  	[MsgId: MMSG-26659]
Action.c(154): Found resource "https://vk.com/images/camera_50.png" in HTML "https://vk.com/feed"  	[MsgId: MMSG-26659]
Action.c(154): Found resource "https://pp.userapi.com/c637527/v637527557/5acf1/V5hL8UmkqA4.jpg" in HTML "https://vk.com/feed"  	[MsgId: MMSG-26659]
Action.c(154): Found resource "https://pp.userapi.com/c639230/v639230094/58a52/dBbTzGtzULQ.jpg" in HTML "https://vk.com/feed"  	[MsgId: MMSG-26659]
Action.c(154): Warning -27772: Server "pp.userapi.com" shut connection during attempt to negotiate SSL session  	[MsgId: MWAR-27772]
Action.c(154): Error -27723: Step download timeout (120 seconds) has expired when downloading resource "https://pp.userapi.com/c638320/v638320505/55b2/E-RGlCXlryI.jpg". Set the "Step Timeout caused by resources is a warning" Run-Time Setting to Yes/No to have this message as a warning/error, respectively  	[MsgId: MERR-27723]
End auto log messages stack.	[MsgId: MMSG-10544]


Start auto log messages stack - Iteration 85.	[MsgId: MMSG-10545]
Action.c(154): Found resource "https://vk.com/images/emoji/D83DDCD6.png" in HTML "https://vk.com/feed"  	[MsgId: MMSG-26659]
Action.c(154): Found resource "https://vk.com/images/emoji/D83DDD0E.png" in HTML "https://vk.com/feed"  	[MsgId: MMSG-26659]
Action.c(154): Found resource "https://vk.com/images/emoji/D83DDCA1.png" in HTML "https://vk.com/feed"  	[MsgId: MMSG-26659]
Action.c(154): Found resource "https://vk.com/images/emoji/D83DDCA5.png" in HTML "https://vk.com/feed"  	[MsgId: MMSG-26659]
Action.c(154): Found resource "https://vk.com/images/emoji/27A1.png" in HTML "https://vk.com/feed"  	[MsgId: MMSG-26659]
Action.c(154): Warning -27772: Server "pp.userapi.com" shut connection during attempt to negotiate SSL session  	[MsgId: MWAR-27772]
Action.c(154): Error -27723: Step download timeout (120 seconds) has expired when downloading resource "https://pp.userapi.com/c636216/v636216447/4c924/obFXGQIMMgQ.jpg". Set the "Step Timeout caused by resources is a warning" Run-Time Setting to Yes/No to have this message as a warning/error, respectively  	[MsgId: MERR-27723]
End auto log messages stack.	[MsgId: MMSG-10544]


Start auto log messages stack - Iteration 74.	[MsgId: MMSG-10545]
Action.c(154): Found resource "https://vk.com/js/al/aes_light.js?592436914" in HTML "https://vk.com/feed"  	[MsgId: MMSG-26659]
Action.c(154): Resource "https://vk.com/js/cmodules/web/audioplayer.js?3876525056" is in the cache already and will not be downloaded again  	[MsgId: MMSG-26655]
Action.c(154): Found resource "https://vk.com/js/cmodules/web/notifier.js?78206080305" in HTML "https://vk.com/feed"  	[MsgId: MMSG-26659]
Action.c(154): Found resource "https://pp.userapi.com/c637121/v637121012/35e01/0urAFswAL0s.jpg" in HTML "https://vk.com/feed"  	[MsgId: MMSG-26659]
Action.c(154): Found resource "https://pp.userapi.com/c626124/v626124856/278be/TgVLek3gTbE.jpg" in HTML "https://vk.com/feed"  	[MsgId: MMSG-26659]
Action.c(154): Error -27723: Step download timeout (120 seconds) has expired when downloading resource "https://pp.userapi.com/c626124/v626124856/278be/TgVLek3gTbE.jpg". Set the "Step Timeout caused by resources is a warning" Run-Time Setting to Yes/No to have this message as a warning/error, respectively  	[MsgId: MERR-27723]
End auto log messages stack.	[MsgId: MMSG-10544]


Start auto log messages stack - Iteration 78.	[MsgId: MMSG-10545]
Action.c(154): Found resource "https://pp.userapi.com/c840438/v840438206/1c175/YO_4gDLluOI.jpg" in HTML "https://vk.com/feed"  	[MsgId: MMSG-26659]
Action.c(154): Found resource "https://vk.com/images/blank.gif" in HTML "https://vk.com/feed"  	[MsgId: MMSG-26659]
Action.c(154): Found resource "https://pp.userapi.com/c637527/v637527557/5acf1/V5hL8UmkqA4.jpg" in HTML "https://vk.com/feed"  	[MsgId: MMSG-26659]
Action.c(154): Found resource "https://pp.userapi.com/c639230/v639230094/58a52/dBbTzGtzULQ.jpg" in HTML "https://vk.com/feed"  	[MsgId: MMSG-26659]
Action.c(154): Found resource "https://pp.userapi.com/c621625/v621625913/265cf/o_MI_bYwzZU.jpg" in HTML "https://vk.com/feed"  	[MsgId: MMSG-26659]
Action.c(154): Error -27723: Step download timeout (120 seconds) has expired when downloading resource "https://pp.userapi.com/c639623/v639623960/20945/V8zSygmHgPQ.jpg". Set the "Step Timeout caused by resources is a warning" Run-Time Setting to Yes/No to have this message as a warning/error, respectively  	[MsgId: MERR-27723]
End auto log messages stack.	[MsgId: MMSG-10544]


Start auto log messages stack - Iteration 114.	[MsgId: MMSG-10545]
Action.c(154): Found resource "https://pp.userapi.com/c636622/v636622506/56fb7/PlS7X0CU_oI.jpg" in HTML "https://vk.com/feed"  	[MsgId: MMSG-26659]
Action.c(154): Found resource "https://pp.userapi.com/c836124/v836124737/2f08a/_Q1Huwo4OI8.jpg" in HTML "https://vk.com/feed"  	[MsgId: MMSG-26659]
Action.c(154): Found resource "https://pp.userapi.com/c841137/v841137455/4651d/R79y857qufU.jpg" in HTML "https://vk.com/feed"  	[MsgId: MMSG-26659]
Action.c(154): Found resource "https://pp.userapi.com/c626523/v626523195/37c61/QSvhY-22sNk.jpg" in HTML "https://vk.com/feed"  	[MsgId: MMSG-26659]
Action.c(154): Found resource "https://pp.userapi.com/c840739/v840739042/2c323/KOwYjEjPTdY.jpg" in HTML "https://vk.com/feed"  	[MsgId: MMSG-26659]
Action.c(154): Error -27723: Step download timeout (120 seconds) has expired when downloading resource "https://pp.userapi.com/c639919/v639919167/2a2cc/wj4vbQXFEsY.jpg". Set the "Step Timeout caused by resources is a warning" Run-Time Setting to Yes/No to have this message as a warning/error, respectively  	[MsgId: MERR-27723]
End auto log messages stack.	[MsgId: MMSG-10544]


Start auto log messages stack - Iteration 117.	[MsgId: MMSG-10545]
Action.c(154): Found resource "https://vk.com/js/cmodules/web/notifier.js?78206080305" in HTML "https://vk.com/feed"  	[MsgId: MMSG-26659]
Action.c(154): Found resource "https://pp.userapi.com/c638221/v638221519/63937/Jw8UT8wlg8Y.jpg" in HTML "https://vk.com/feed"  	[MsgId: MMSG-26659]
Action.c(154): Found resource "https://pp.userapi.com/c639623/v639623960/20945/V8zSygmHgPQ.jpg" in HTML "https://vk.com/feed"  	[MsgId: MMSG-26659]
Action.c(154): Found resource "https://pp.userapi.com/c638320/v638320505/55b2/E-RGlCXlryI.jpg" in HTML "https://vk.com/feed"  	[MsgId: MMSG-26659]
Action.c(154): Found resource "https://pp.userapi.com/c639919/v639919167/2a2cc/wj4vbQXFEsY.jpg" in HTML "https://vk.com/feed"  	[MsgId: MMSG-26659]
Action.c(154): Error -27723: Step download timeout (120 seconds) has expired when downloading resource "https://pp.userapi.com/c638320/v638320505/55b2/E-RGlCXlryI.jpg". Set the "Step Timeout caused by resources is a warning" Run-Time Setting to Yes/No to have this message as a warning/error, respectively  	[MsgId: MERR-27723]
End auto log messages stack.	[MsgId: MMSG-10544]


