Error: missing newline in C:\Users\InnaPush\Documents\VuGen\Scripts\wallnew\Text.dat	[MsgId: MERR-13874]
Start auto log messages stack - Iteration 1.	[MsgId: MMSG-10545]
Action.c(204): web_url("al_profile.php") started  	[MsgId: MMSG-26355]
Action.c(204): web_url("al_profile.php") was successful, 13941 body bytes, 365 header bytes  	[MsgId: MMSG-26386]
Action.c(215): Notify: Transaction "02_page" ended with a "Pass" status (Duration: 0,2439).	[MsgId: MMSG-16873]
Action.c(217): Notify: Transaction "03_wall" started.	[MsgId: MMSG-16999]
Action.c(220): web_submit_data("al_wall.php") started  	[MsgId: MMSG-26355]
Action.c(220): web_submit_data("al_wall.php") was successful, 56 body bytes, 362 header bytes  	[MsgId: MMSG-26386]
Action.c(235): lr_think_time: 5,00 seconds.	[MsgId: MMSG-15948]
Action.c(236): web_reg_find started  	[MsgId: MMSG-26355]
Action.c(236): Registering web_reg_find was successful  	[MsgId: MMSG-26390]
Action.c(238): web_submit_data("al_wall.php_2") started  	[MsgId: MMSG-26355]
Action.c(238): Error -26366: "Text=Test" not found for web_reg_find  	[MsgId: MERR-26366]
End auto log messages stack.	[MsgId: MMSG-10544]


Start auto log messages stack - Iteration 2.	[MsgId: MMSG-10545]
Action.c(204): web_url("al_profile.php") started  	[MsgId: MMSG-26355]
Action.c(204): web_url("al_profile.php") was successful, 13964 body bytes, 365 header bytes  	[MsgId: MMSG-26386]
Action.c(215): Notify: Transaction "02_page" ended with a "Pass" status (Duration: 0,1730).	[MsgId: MMSG-16873]
Action.c(217): Notify: Transaction "03_wall" started.	[MsgId: MMSG-16999]
Action.c(220): web_submit_data("al_wall.php") started  	[MsgId: MMSG-26355]
Action.c(220): web_submit_data("al_wall.php") was successful, 56 body bytes, 362 header bytes  	[MsgId: MMSG-26386]
Action.c(235): lr_think_time: 5,00 seconds.	[MsgId: MMSG-15948]
Action.c(236): web_reg_find started  	[MsgId: MMSG-26355]
Action.c(236): Registering web_reg_find was successful  	[MsgId: MMSG-26390]
Action.c(238): web_submit_data("al_wall.php_2") started  	[MsgId: MMSG-26355]
Action.c(238): Error -26366: "Text=Test" not found for web_reg_find  	[MsgId: MERR-26366]
End auto log messages stack.	[MsgId: MMSG-10544]


Start auto log messages stack - Iteration 3.	[MsgId: MMSG-10545]
Action.c(204): web_url("al_profile.php") started  	[MsgId: MMSG-26355]
Action.c(204): web_url("al_profile.php") was successful, 13979 body bytes, 365 header bytes  	[MsgId: MMSG-26386]
Action.c(215): Notify: Transaction "02_page" ended with a "Pass" status (Duration: 0,1816).	[MsgId: MMSG-16873]
Action.c(217): Notify: Transaction "03_wall" started.	[MsgId: MMSG-16999]
Action.c(220): web_submit_data("al_wall.php") started  	[MsgId: MMSG-26355]
Action.c(220): web_submit_data("al_wall.php") was successful, 56 body bytes, 362 header bytes  	[MsgId: MMSG-26386]
Action.c(235): lr_think_time: 5,00 seconds.	[MsgId: MMSG-15948]
Action.c(236): web_reg_find started  	[MsgId: MMSG-26355]
Action.c(236): Registering web_reg_find was successful  	[MsgId: MMSG-26390]
Action.c(238): web_submit_data("al_wall.php_2") started  	[MsgId: MMSG-26355]
Action.c(238): Error -26366: "Text=Test" not found for web_reg_find  	[MsgId: MERR-26366]
End auto log messages stack.	[MsgId: MMSG-10544]


Start auto log messages stack - Iteration 4.	[MsgId: MMSG-10545]
Action.c(204): web_url("al_profile.php") started  	[MsgId: MMSG-26355]
Action.c(204): web_url("al_profile.php") was successful, 13954 body bytes, 365 header bytes  	[MsgId: MMSG-26386]
Action.c(215): Notify: Transaction "02_page" ended with a "Pass" status (Duration: 0,4302).	[MsgId: MMSG-16873]
Action.c(217): Notify: Transaction "03_wall" started.	[MsgId: MMSG-16999]
Action.c(220): web_submit_data("al_wall.php") started  	[MsgId: MMSG-26355]
Action.c(220): web_submit_data("al_wall.php") was successful, 56 body bytes, 362 header bytes  	[MsgId: MMSG-26386]
Action.c(235): lr_think_time: 5,00 seconds.	[MsgId: MMSG-15948]
Action.c(236): web_reg_find started  	[MsgId: MMSG-26355]
Action.c(236): Registering web_reg_find was successful  	[MsgId: MMSG-26390]
Action.c(238): web_submit_data("al_wall.php_2") started  	[MsgId: MMSG-26355]
Action.c(238): Error -26366: "Text=Test" not found for web_reg_find  	[MsgId: MERR-26366]
End auto log messages stack.	[MsgId: MMSG-10544]


Start auto log messages stack - Iteration 1.	[MsgId: MMSG-10545]
Action.c(204): web_url("al_profile.php") started  	[MsgId: MMSG-26355]
Action.c(204): web_url("al_profile.php") was successful, 14003 body bytes, 365 header bytes  	[MsgId: MMSG-26386]
Action.c(215): Notify: Transaction "02_page" ended with a "Pass" status (Duration: 0,1652).	[MsgId: MMSG-16873]
Action.c(217): Notify: Transaction "03_wall" started.	[MsgId: MMSG-16999]
Action.c(220): web_submit_data("al_wall.php") started  	[MsgId: MMSG-26355]
Action.c(220): web_submit_data("al_wall.php") was successful, 56 body bytes, 362 header bytes  	[MsgId: MMSG-26386]
Action.c(235): lr_think_time: 5,00 seconds.	[MsgId: MMSG-15948]
Action.c(236): web_reg_find started  	[MsgId: MMSG-26355]
Action.c(236): Registering web_reg_find was successful  	[MsgId: MMSG-26390]
Action.c(238): web_submit_data("al_wall.php_2") started  	[MsgId: MMSG-26355]
Action.c(238): Error -26366: "Text=Test" not found for web_reg_find  	[MsgId: MERR-26366]
End auto log messages stack.	[MsgId: MMSG-10544]


Start auto log messages stack - Iteration 5.	[MsgId: MMSG-10545]
Action.c(204): web_url("al_profile.php") started  	[MsgId: MMSG-26355]
Action.c(204): web_url("al_profile.php") was successful, 13948 body bytes, 365 header bytes  	[MsgId: MMSG-26386]
Action.c(215): Notify: Transaction "02_page" ended with a "Pass" status (Duration: 0,3518).	[MsgId: MMSG-16873]
Action.c(217): Notify: Transaction "03_wall" started.	[MsgId: MMSG-16999]
Action.c(220): web_submit_data("al_wall.php") started  	[MsgId: MMSG-26355]
Action.c(220): web_submit_data("al_wall.php") was successful, 56 body bytes, 362 header bytes  	[MsgId: MMSG-26386]
Action.c(235): lr_think_time: 5,00 seconds.	[MsgId: MMSG-15948]
Action.c(236): web_reg_find started  	[MsgId: MMSG-26355]
Action.c(236): Registering web_reg_find was successful  	[MsgId: MMSG-26390]
Action.c(238): web_submit_data("al_wall.php_2") started  	[MsgId: MMSG-26355]
Action.c(238): Error -26366: "Text=Test" not found for web_reg_find  	[MsgId: MERR-26366]
End auto log messages stack.	[MsgId: MMSG-10544]


Start auto log messages stack - Iteration 6.	[MsgId: MMSG-10545]
Action.c(204): web_url("al_profile.php") started  	[MsgId: MMSG-26355]
Action.c(204): web_url("al_profile.php") was successful, 13978 body bytes, 365 header bytes  	[MsgId: MMSG-26386]
Action.c(215): Notify: Transaction "02_page" ended with a "Pass" status (Duration: 1,1683).	[MsgId: MMSG-16873]
Action.c(217): Notify: Transaction "03_wall" started.	[MsgId: MMSG-16999]
Action.c(220): web_submit_data("al_wall.php") started  	[MsgId: MMSG-26355]
Action.c(220): web_submit_data("al_wall.php") was successful, 56 body bytes, 362 header bytes  	[MsgId: MMSG-26386]
Action.c(235): lr_think_time: 5,00 seconds.	[MsgId: MMSG-15948]
Action.c(236): web_reg_find started  	[MsgId: MMSG-26355]
Action.c(236): Registering web_reg_find was successful  	[MsgId: MMSG-26390]
Action.c(238): web_submit_data("al_wall.php_2") started  	[MsgId: MMSG-26355]
Action.c(238): Error -26366: "Text=Test" not found for web_reg_find  	[MsgId: MERR-26366]
End auto log messages stack.	[MsgId: MMSG-10544]


Start auto log messages stack - Iteration 7.	[MsgId: MMSG-10545]
Action.c(204): web_url("al_profile.php") started  	[MsgId: MMSG-26355]
Action.c(204): web_url("al_profile.php") was successful, 13888 body bytes, 365 header bytes  	[MsgId: MMSG-26386]
Action.c(215): Notify: Transaction "02_page" ended with a "Pass" status (Duration: 0,2302).	[MsgId: MMSG-16873]
Action.c(217): Notify: Transaction "03_wall" started.	[MsgId: MMSG-16999]
Action.c(220): web_submit_data("al_wall.php") started  	[MsgId: MMSG-26355]
Action.c(220): web_submit_data("al_wall.php") was successful, 56 body bytes, 362 header bytes  	[MsgId: MMSG-26386]
Action.c(235): lr_think_time: 5,00 seconds.	[MsgId: MMSG-15948]
Action.c(236): web_reg_find started  	[MsgId: MMSG-26355]
Action.c(236): Registering web_reg_find was successful  	[MsgId: MMSG-26390]
Action.c(238): web_submit_data("al_wall.php_2") started  	[MsgId: MMSG-26355]
Action.c(238): Error -26366: "Text=Test" not found for web_reg_find  	[MsgId: MERR-26366]
End auto log messages stack.	[MsgId: MMSG-10544]


Start auto log messages stack - Iteration 1.	[MsgId: MMSG-10545]
Action.c(204): web_url("al_profile.php") started  	[MsgId: MMSG-26355]
Action.c(204): web_url("al_profile.php") was successful, 13269 body bytes, 365 header bytes  	[MsgId: MMSG-26386]
Action.c(215): Notify: Transaction "02_page" ended with a "Pass" status (Duration: 0,1772).	[MsgId: MMSG-16873]
Action.c(217): Notify: Transaction "03_wall" started.	[MsgId: MMSG-16999]
Action.c(220): web_submit_data("al_wall.php") started  	[MsgId: MMSG-26355]
Action.c(220): web_submit_data("al_wall.php") was successful, 55 body bytes, 362 header bytes  	[MsgId: MMSG-26386]
Action.c(235): lr_think_time: 5,00 seconds.	[MsgId: MMSG-15948]
Action.c(236): web_reg_find started  	[MsgId: MMSG-26355]
Action.c(236): Registering web_reg_find was successful  	[MsgId: MMSG-26390]
Action.c(238): web_submit_data("al_wall.php_2") started  	[MsgId: MMSG-26355]
Action.c(238): Error -26366: "Text=Test" not found for web_reg_find  	[MsgId: MERR-26366]
End auto log messages stack.	[MsgId: MMSG-10544]


Start auto log messages stack - Iteration 8.	[MsgId: MMSG-10545]
Action.c(204): web_url("al_profile.php") started  	[MsgId: MMSG-26355]
Action.c(204): web_url("al_profile.php") was successful, 13943 body bytes, 365 header bytes  	[MsgId: MMSG-26386]
Action.c(215): Notify: Transaction "02_page" ended with a "Pass" status (Duration: 0,4252).	[MsgId: MMSG-16873]
Action.c(217): Notify: Transaction "03_wall" started.	[MsgId: MMSG-16999]
Action.c(220): web_submit_data("al_wall.php") started  	[MsgId: MMSG-26355]
Action.c(220): web_submit_data("al_wall.php") was successful, 56 body bytes, 362 header bytes  	[MsgId: MMSG-26386]
Action.c(235): lr_think_time: 5,00 seconds.	[MsgId: MMSG-15948]
Action.c(236): web_reg_find started  	[MsgId: MMSG-26355]
Action.c(236): Registering web_reg_find was successful  	[MsgId: MMSG-26390]
Action.c(238): web_submit_data("al_wall.php_2") started  	[MsgId: MMSG-26355]
Action.c(238): Error -26366: "Text=Test" not found for web_reg_find  	[MsgId: MERR-26366]
End auto log messages stack.	[MsgId: MMSG-10544]


Start auto log messages stack - Iteration 9.	[MsgId: MMSG-10545]
Action.c(204): web_url("al_profile.php") started  	[MsgId: MMSG-26355]
Action.c(204): web_url("al_profile.php") was successful, 13992 body bytes, 365 header bytes  	[MsgId: MMSG-26386]
Action.c(215): Notify: Transaction "02_page" ended with a "Pass" status (Duration: 0,5608).	[MsgId: MMSG-16873]
Action.c(217): Notify: Transaction "03_wall" started.	[MsgId: MMSG-16999]
Action.c(220): web_submit_data("al_wall.php") started  	[MsgId: MMSG-26355]
Action.c(220): web_submit_data("al_wall.php") was successful, 56 body bytes, 362 header bytes  	[MsgId: MMSG-26386]
Action.c(235): lr_think_time: 5,00 seconds.	[MsgId: MMSG-15948]
Action.c(236): web_reg_find started  	[MsgId: MMSG-26355]
Action.c(236): Registering web_reg_find was successful  	[MsgId: MMSG-26390]
Action.c(238): web_submit_data("al_wall.php_2") started  	[MsgId: MMSG-26355]
Action.c(238): Error -26366: "Text=Test" not found for web_reg_find  	[MsgId: MERR-26366]
End auto log messages stack.	[MsgId: MMSG-10544]


Start auto log messages stack - Iteration 10.	[MsgId: MMSG-10545]
Action.c(204): web_url("al_profile.php") started  	[MsgId: MMSG-26355]
Action.c(204): web_url("al_profile.php") was successful, 13977 body bytes, 365 header bytes  	[MsgId: MMSG-26386]
Action.c(215): Notify: Transaction "02_page" ended with a "Pass" status (Duration: 0,3113).	[MsgId: MMSG-16873]
Action.c(217): Notify: Transaction "03_wall" started.	[MsgId: MMSG-16999]
Action.c(220): web_submit_data("al_wall.php") started  	[MsgId: MMSG-26355]
Action.c(220): web_submit_data("al_wall.php") was successful, 56 body bytes, 362 header bytes  	[MsgId: MMSG-26386]
Action.c(235): lr_think_time: 5,00 seconds.	[MsgId: MMSG-15948]
Action.c(236): web_reg_find started  	[MsgId: MMSG-26355]
Action.c(236): Registering web_reg_find was successful  	[MsgId: MMSG-26390]
Action.c(238): web_submit_data("al_wall.php_2") started  	[MsgId: MMSG-26355]
Action.c(238): Error -26366: "Text=Test" not found for web_reg_find  	[MsgId: MERR-26366]
End auto log messages stack.	[MsgId: MMSG-10544]


Start auto log messages stack - Iteration 2.	[MsgId: MMSG-10545]
Action.c(204): web_url("al_profile.php") started  	[MsgId: MMSG-26355]
Action.c(204): web_url("al_profile.php") was successful, 13418 body bytes, 365 header bytes  	[MsgId: MMSG-26386]
Action.c(215): Notify: Transaction "02_page" ended with a "Pass" status (Duration: 0,2156).	[MsgId: MMSG-16873]
Action.c(217): Notify: Transaction "03_wall" started.	[MsgId: MMSG-16999]
Action.c(220): web_submit_data("al_wall.php") started  	[MsgId: MMSG-26355]
Action.c(220): web_submit_data("al_wall.php") was successful, 55 body bytes, 362 header bytes  	[MsgId: MMSG-26386]
Action.c(235): lr_think_time: 5,00 seconds.	[MsgId: MMSG-15948]
Action.c(236): web_reg_find started  	[MsgId: MMSG-26355]
Action.c(236): Registering web_reg_find was successful  	[MsgId: MMSG-26390]
Action.c(238): web_submit_data("al_wall.php_2") started  	[MsgId: MMSG-26355]
Action.c(238): Error -26366: "Text=Test" not found for web_reg_find  	[MsgId: MERR-26366]
End auto log messages stack.	[MsgId: MMSG-10544]


Start auto log messages stack - Iteration 11.	[MsgId: MMSG-10545]
Action.c(204): web_url("al_profile.php") started  	[MsgId: MMSG-26355]
Action.c(204): web_url("al_profile.php") was successful, 13986 body bytes, 365 header bytes  	[MsgId: MMSG-26386]
Action.c(215): Notify: Transaction "02_page" ended with a "Pass" status (Duration: 0,2525).	[MsgId: MMSG-16873]
Action.c(217): Notify: Transaction "03_wall" started.	[MsgId: MMSG-16999]
Action.c(220): web_submit_data("al_wall.php") started  	[MsgId: MMSG-26355]
Action.c(220): web_submit_data("al_wall.php") was successful, 56 body bytes, 362 header bytes  	[MsgId: MMSG-26386]
Action.c(235): lr_think_time: 5,00 seconds.	[MsgId: MMSG-15948]
Action.c(236): web_reg_find started  	[MsgId: MMSG-26355]
Action.c(236): Registering web_reg_find was successful  	[MsgId: MMSG-26390]
Action.c(238): web_submit_data("al_wall.php_2") started  	[MsgId: MMSG-26355]
Action.c(238): Error -26366: "Text=Test" not found for web_reg_find  	[MsgId: MERR-26366]
End auto log messages stack.	[MsgId: MMSG-10544]


Start auto log messages stack - Iteration 3.	[MsgId: MMSG-10545]
Action.c(204): web_url("al_profile.php") started  	[MsgId: MMSG-26355]
Action.c(204): web_url("al_profile.php") was successful, 13213 body bytes, 365 header bytes  	[MsgId: MMSG-26386]
Action.c(215): Notify: Transaction "02_page" ended with a "Pass" status (Duration: 0,3119).	[MsgId: MMSG-16873]
Action.c(217): Notify: Transaction "03_wall" started.	[MsgId: MMSG-16999]
Action.c(220): web_submit_data("al_wall.php") started  	[MsgId: MMSG-26355]
Action.c(220): web_submit_data("al_wall.php") was successful, 55 body bytes, 362 header bytes  	[MsgId: MMSG-26386]
Action.c(235): lr_think_time: 5,00 seconds.	[MsgId: MMSG-15948]
Action.c(236): web_reg_find started  	[MsgId: MMSG-26355]
Action.c(236): Registering web_reg_find was successful  	[MsgId: MMSG-26390]
Action.c(238): web_submit_data("al_wall.php_2") started  	[MsgId: MMSG-26355]
Action.c(238): Error -26366: "Text=Test" not found for web_reg_find  	[MsgId: MERR-26366]
End auto log messages stack.	[MsgId: MMSG-10544]


Start auto log messages stack - Iteration 2.	[MsgId: MMSG-10545]
Action.c(204): web_url("al_profile.php") started  	[MsgId: MMSG-26355]
Action.c(204): web_url("al_profile.php") was successful, 13943 body bytes, 365 header bytes  	[MsgId: MMSG-26386]
Action.c(215): Notify: Transaction "02_page" ended with a "Pass" status (Duration: 0,1946).	[MsgId: MMSG-16873]
Action.c(217): Notify: Transaction "03_wall" started.	[MsgId: MMSG-16999]
Action.c(220): web_submit_data("al_wall.php") started  	[MsgId: MMSG-26355]
Action.c(220): web_submit_data("al_wall.php") was successful, 56 body bytes, 362 header bytes  	[MsgId: MMSG-26386]
Action.c(235): lr_think_time: 5,00 seconds.	[MsgId: MMSG-15948]
Action.c(236): web_reg_find started  	[MsgId: MMSG-26355]
Action.c(236): Registering web_reg_find was successful  	[MsgId: MMSG-26390]
Action.c(238): web_submit_data("al_wall.php_2") started  	[MsgId: MMSG-26355]
Action.c(238): Error -26366: "Text=Test" not found for web_reg_find  	[MsgId: MERR-26366]
End auto log messages stack.	[MsgId: MMSG-10544]


Start auto log messages stack - Iteration 12.	[MsgId: MMSG-10545]
Action.c(204): web_url("al_profile.php") started  	[MsgId: MMSG-26355]
Action.c(204): web_url("al_profile.php") was successful, 13994 body bytes, 365 header bytes  	[MsgId: MMSG-26386]
Action.c(215): Notify: Transaction "02_page" ended with a "Pass" status (Duration: 0,8071).	[MsgId: MMSG-16873]
Action.c(217): Notify: Transaction "03_wall" started.	[MsgId: MMSG-16999]
Action.c(220): web_submit_data("al_wall.php") started  	[MsgId: MMSG-26355]
Action.c(220): web_submit_data("al_wall.php") was successful, 56 body bytes, 362 header bytes  	[MsgId: MMSG-26386]
Action.c(235): lr_think_time: 5,00 seconds.	[MsgId: MMSG-15948]
Action.c(236): web_reg_find started  	[MsgId: MMSG-26355]
Action.c(236): Registering web_reg_find was successful  	[MsgId: MMSG-26390]
Action.c(238): web_submit_data("al_wall.php_2") started  	[MsgId: MMSG-26355]
Action.c(238): Error -26366: "Text=Test" not found for web_reg_find  	[MsgId: MERR-26366]
End auto log messages stack.	[MsgId: MMSG-10544]


Start auto log messages stack - Iteration 4.	[MsgId: MMSG-10545]
Action.c(204): web_url("al_profile.php") started  	[MsgId: MMSG-26355]
Action.c(204): web_url("al_profile.php") was successful, 13247 body bytes, 365 header bytes  	[MsgId: MMSG-26386]
Action.c(215): Notify: Transaction "02_page" ended with a "Pass" status (Duration: 0,1762).	[MsgId: MMSG-16873]
Action.c(217): Notify: Transaction "03_wall" started.	[MsgId: MMSG-16999]
Action.c(220): web_submit_data("al_wall.php") started  	[MsgId: MMSG-26355]
Action.c(220): web_submit_data("al_wall.php") was successful, 55 body bytes, 362 header bytes  	[MsgId: MMSG-26386]
Action.c(235): lr_think_time: 5,00 seconds.	[MsgId: MMSG-15948]
Action.c(236): web_reg_find started  	[MsgId: MMSG-26355]
Action.c(236): Registering web_reg_find was successful  	[MsgId: MMSG-26390]
Action.c(238): web_submit_data("al_wall.php_2") started  	[MsgId: MMSG-26355]
Action.c(238): Error -26366: "Text=Test" not found for web_reg_find  	[MsgId: MERR-26366]
End auto log messages stack.	[MsgId: MMSG-10544]


Start auto log messages stack - Iteration 13.	[MsgId: MMSG-10545]
Action.c(204): web_url("al_profile.php") started  	[MsgId: MMSG-26355]
Action.c(204): web_url("al_profile.php") was successful, 13952 body bytes, 365 header bytes  	[MsgId: MMSG-26386]
Action.c(215): Notify: Transaction "02_page" ended with a "Pass" status (Duration: 0,8508).	[MsgId: MMSG-16873]
Action.c(217): Notify: Transaction "03_wall" started.	[MsgId: MMSG-16999]
Action.c(220): web_submit_data("al_wall.php") started  	[MsgId: MMSG-26355]
Action.c(220): web_submit_data("al_wall.php") was successful, 56 body bytes, 362 header bytes  	[MsgId: MMSG-26386]
Action.c(235): lr_think_time: 5,00 seconds.	[MsgId: MMSG-15948]
Action.c(236): web_reg_find started  	[MsgId: MMSG-26355]
Action.c(236): Registering web_reg_find was successful  	[MsgId: MMSG-26390]
Action.c(238): web_submit_data("al_wall.php_2") started  	[MsgId: MMSG-26355]
Action.c(238): Error -26366: "Text=Test" not found for web_reg_find  	[MsgId: MERR-26366]
End auto log messages stack.	[MsgId: MMSG-10544]


Start auto log messages stack - Iteration 5.	[MsgId: MMSG-10545]
Action.c(204): web_url("al_profile.php") started  	[MsgId: MMSG-26355]
Action.c(204): web_url("al_profile.php") was successful, 13183 body bytes, 365 header bytes  	[MsgId: MMSG-26386]
Action.c(215): Notify: Transaction "02_page" ended with a "Pass" status (Duration: 0,1875).	[MsgId: MMSG-16873]
Action.c(217): Notify: Transaction "03_wall" started.	[MsgId: MMSG-16999]
Action.c(220): web_submit_data("al_wall.php") started  	[MsgId: MMSG-26355]
Action.c(220): web_submit_data("al_wall.php") was successful, 55 body bytes, 362 header bytes  	[MsgId: MMSG-26386]
Action.c(235): lr_think_time: 5,00 seconds.	[MsgId: MMSG-15948]
Action.c(236): web_reg_find started  	[MsgId: MMSG-26355]
Action.c(236): Registering web_reg_find was successful  	[MsgId: MMSG-26390]
Action.c(238): web_submit_data("al_wall.php_2") started  	[MsgId: MMSG-26355]
Action.c(238): Error -26366: "Text=Test" not found for web_reg_find  	[MsgId: MERR-26366]
End auto log messages stack.	[MsgId: MMSG-10544]


Start auto log messages stack - Iteration 6.	[MsgId: MMSG-10545]
Action.c(204): web_url("al_profile.php") started  	[MsgId: MMSG-26355]
Action.c(204): web_url("al_profile.php") was successful, 13213 body bytes, 365 header bytes  	[MsgId: MMSG-26386]
Action.c(215): Notify: Transaction "02_page" ended with a "Pass" status (Duration: 0,2084).	[MsgId: MMSG-16873]
Action.c(217): Notify: Transaction "03_wall" started.	[MsgId: MMSG-16999]
Action.c(220): web_submit_data("al_wall.php") started  	[MsgId: MMSG-26355]
Action.c(220): web_submit_data("al_wall.php") was successful, 55 body bytes, 362 header bytes  	[MsgId: MMSG-26386]
Action.c(235): lr_think_time: 5,00 seconds.	[MsgId: MMSG-15948]
Action.c(236): web_reg_find started  	[MsgId: MMSG-26355]
Action.c(236): Registering web_reg_find was successful  	[MsgId: MMSG-26390]
Action.c(238): web_submit_data("al_wall.php_2") started  	[MsgId: MMSG-26355]
Action.c(238): Error -26366: "Text=Test" not found for web_reg_find  	[MsgId: MERR-26366]
End auto log messages stack.	[MsgId: MMSG-10544]


Start auto log messages stack - Iteration 3.	[MsgId: MMSG-10545]
Action.c(204): web_url("al_profile.php") started  	[MsgId: MMSG-26355]
Action.c(204): web_url("al_profile.php") was successful, 14035 body bytes, 365 header bytes  	[MsgId: MMSG-26386]
Action.c(215): Notify: Transaction "02_page" ended with a "Pass" status (Duration: 0,1829).	[MsgId: MMSG-16873]
Action.c(217): Notify: Transaction "03_wall" started.	[MsgId: MMSG-16999]
Action.c(220): web_submit_data("al_wall.php") started  	[MsgId: MMSG-26355]
Action.c(220): web_submit_data("al_wall.php") was successful, 56 body bytes, 362 header bytes  	[MsgId: MMSG-26386]
Action.c(235): lr_think_time: 5,00 seconds.	[MsgId: MMSG-15948]
Action.c(236): web_reg_find started  	[MsgId: MMSG-26355]
Action.c(236): Registering web_reg_find was successful  	[MsgId: MMSG-26390]
Action.c(238): web_submit_data("al_wall.php_2") started  	[MsgId: MMSG-26355]
Action.c(238): Error -26366: "Text=Test" not found for web_reg_find  	[MsgId: MERR-26366]
End auto log messages stack.	[MsgId: MMSG-10544]


Start auto log messages stack - Iteration 4.	[MsgId: MMSG-10545]
Action.c(204): web_url("al_profile.php") started  	[MsgId: MMSG-26355]
Action.c(204): web_url("al_profile.php") was successful, 13997 body bytes, 365 header bytes  	[MsgId: MMSG-26386]
Action.c(215): Notify: Transaction "02_page" ended with a "Pass" status (Duration: 0,2633).	[MsgId: MMSG-16873]
Action.c(217): Notify: Transaction "03_wall" started.	[MsgId: MMSG-16999]
Action.c(220): web_submit_data("al_wall.php") started  	[MsgId: MMSG-26355]
Action.c(220): web_submit_data("al_wall.php") was successful, 56 body bytes, 362 header bytes  	[MsgId: MMSG-26386]
Action.c(235): lr_think_time: 5,00 seconds.	[MsgId: MMSG-15948]
Action.c(236): web_reg_find started  	[MsgId: MMSG-26355]
Action.c(236): Registering web_reg_find was successful  	[MsgId: MMSG-26390]
Action.c(238): web_submit_data("al_wall.php_2") started  	[MsgId: MMSG-26355]
Action.c(238): Error -26366: "Text=Test" not found for web_reg_find  	[MsgId: MERR-26366]
End auto log messages stack.	[MsgId: MMSG-10544]


Start auto log messages stack - Iteration 7.	[MsgId: MMSG-10545]
Action.c(204): web_url("al_profile.php") started  	[MsgId: MMSG-26355]
Action.c(204): web_url("al_profile.php") was successful, 13236 body bytes, 365 header bytes  	[MsgId: MMSG-26386]
Action.c(215): Notify: Transaction "02_page" ended with a "Pass" status (Duration: 0,7772).	[MsgId: MMSG-16873]
Action.c(217): Notify: Transaction "03_wall" started.	[MsgId: MMSG-16999]
Action.c(220): web_submit_data("al_wall.php") started  	[MsgId: MMSG-26355]
Action.c(220): web_submit_data("al_wall.php") was successful, 55 body bytes, 362 header bytes  	[MsgId: MMSG-26386]
Action.c(235): lr_think_time: 5,00 seconds.	[MsgId: MMSG-15948]
Action.c(236): web_reg_find started  	[MsgId: MMSG-26355]
Action.c(236): Registering web_reg_find was successful  	[MsgId: MMSG-26390]
Action.c(238): web_submit_data("al_wall.php_2") started  	[MsgId: MMSG-26355]
Action.c(238): Error -26366: "Text=Test" not found for web_reg_find  	[MsgId: MERR-26366]
End auto log messages stack.	[MsgId: MMSG-10544]


Start auto log messages stack - Iteration 5.	[MsgId: MMSG-10545]
Action.c(204): web_url("al_profile.php") started  	[MsgId: MMSG-26355]
Action.c(204): web_url("al_profile.php") was successful, 14019 body bytes, 365 header bytes  	[MsgId: MMSG-26386]
Action.c(215): Notify: Transaction "02_page" ended with a "Pass" status (Duration: 0,1852).	[MsgId: MMSG-16873]
Action.c(217): Notify: Transaction "03_wall" started.	[MsgId: MMSG-16999]
Action.c(220): web_submit_data("al_wall.php") started  	[MsgId: MMSG-26355]
Action.c(220): web_submit_data("al_wall.php") was successful, 56 body bytes, 362 header bytes  	[MsgId: MMSG-26386]
Action.c(235): lr_think_time: 5,00 seconds.	[MsgId: MMSG-15948]
Action.c(236): web_reg_find started  	[MsgId: MMSG-26355]
Action.c(236): Registering web_reg_find was successful  	[MsgId: MMSG-26390]
Action.c(238): web_submit_data("al_wall.php_2") started  	[MsgId: MMSG-26355]
Action.c(238): Error -26366: "Text=Test" not found for web_reg_find  	[MsgId: MERR-26366]
End auto log messages stack.	[MsgId: MMSG-10544]


Start auto log messages stack - Iteration 8.	[MsgId: MMSG-10545]
Action.c(204): web_url("al_profile.php") started  	[MsgId: MMSG-26355]
Action.c(204): web_url("al_profile.php") was successful, 13201 body bytes, 365 header bytes  	[MsgId: MMSG-26386]
Action.c(215): Notify: Transaction "02_page" ended with a "Pass" status (Duration: 0,2083).	[MsgId: MMSG-16873]
Action.c(217): Notify: Transaction "03_wall" started.	[MsgId: MMSG-16999]
Action.c(220): web_submit_data("al_wall.php") started  	[MsgId: MMSG-26355]
Action.c(220): web_submit_data("al_wall.php") was successful, 55 body bytes, 362 header bytes  	[MsgId: MMSG-26386]
Action.c(235): lr_think_time: 5,00 seconds.	[MsgId: MMSG-15948]
Action.c(236): web_reg_find started  	[MsgId: MMSG-26355]
Action.c(236): Registering web_reg_find was successful  	[MsgId: MMSG-26390]
Action.c(238): web_submit_data("al_wall.php_2") started  	[MsgId: MMSG-26355]
Action.c(238): Error -26366: "Text=Test" not found for web_reg_find  	[MsgId: MERR-26366]
End auto log messages stack.	[MsgId: MMSG-10544]


Start auto log messages stack - Iteration 14.	[MsgId: MMSG-10545]
Action.c(204): web_url("al_profile.php") started  	[MsgId: MMSG-26355]
Action.c(204): web_url("al_profile.php") was successful, 13966 body bytes, 365 header bytes  	[MsgId: MMSG-26386]
Action.c(215): Notify: Transaction "02_page" ended with a "Pass" status (Duration: 0,4928).	[MsgId: MMSG-16873]
Action.c(217): Notify: Transaction "03_wall" started.	[MsgId: MMSG-16999]
Action.c(220): web_submit_data("al_wall.php") started  	[MsgId: MMSG-26355]
Action.c(220): web_submit_data("al_wall.php") was successful, 56 body bytes, 362 header bytes  	[MsgId: MMSG-26386]
Action.c(235): lr_think_time: 5,00 seconds.	[MsgId: MMSG-15948]
Action.c(236): web_reg_find started  	[MsgId: MMSG-26355]
Action.c(236): Registering web_reg_find was successful  	[MsgId: MMSG-26390]
Action.c(238): web_submit_data("al_wall.php_2") started  	[MsgId: MMSG-26355]
Action.c(238): Error -26366: "Text=Test" not found for web_reg_find  	[MsgId: MERR-26366]
End auto log messages stack.	[MsgId: MMSG-10544]


Start auto log messages stack - Iteration 6.	[MsgId: MMSG-10545]
Action.c(204): web_url("al_profile.php") started  	[MsgId: MMSG-26355]
Action.c(204): web_url("al_profile.php") was successful, 13951 body bytes, 365 header bytes  	[MsgId: MMSG-26386]
Action.c(215): Notify: Transaction "02_page" ended with a "Pass" status (Duration: 0,3310).	[MsgId: MMSG-16873]
Action.c(217): Notify: Transaction "03_wall" started.	[MsgId: MMSG-16999]
Action.c(220): web_submit_data("al_wall.php") started  	[MsgId: MMSG-26355]
Action.c(220): web_submit_data("al_wall.php") was successful, 56 body bytes, 362 header bytes  	[MsgId: MMSG-26386]
Action.c(235): lr_think_time: 5,00 seconds.	[MsgId: MMSG-15948]
Action.c(236): web_reg_find started  	[MsgId: MMSG-26355]
Action.c(236): Registering web_reg_find was successful  	[MsgId: MMSG-26390]
Action.c(238): web_submit_data("al_wall.php_2") started  	[MsgId: MMSG-26355]
Action.c(238): Error -26366: "Text=Test" not found for web_reg_find  	[MsgId: MERR-26366]
End auto log messages stack.	[MsgId: MMSG-10544]


Start auto log messages stack - Iteration 9.	[MsgId: MMSG-10545]
Action.c(204): web_url("al_profile.php") started  	[MsgId: MMSG-26355]
Action.c(204): web_url("al_profile.php") was successful, 13242 body bytes, 365 header bytes  	[MsgId: MMSG-26386]
Action.c(215): Notify: Transaction "02_page" ended with a "Pass" status (Duration: 0,2913).	[MsgId: MMSG-16873]
Action.c(217): Notify: Transaction "03_wall" started.	[MsgId: MMSG-16999]
Action.c(220): web_submit_data("al_wall.php") started  	[MsgId: MMSG-26355]
Action.c(220): web_submit_data("al_wall.php") was successful, 55 body bytes, 362 header bytes  	[MsgId: MMSG-26386]
Action.c(235): lr_think_time: 5,00 seconds.	[MsgId: MMSG-15948]
Action.c(236): web_reg_find started  	[MsgId: MMSG-26355]
Action.c(236): Registering web_reg_find was successful  	[MsgId: MMSG-26390]
Action.c(238): web_submit_data("al_wall.php_2") started  	[MsgId: MMSG-26355]
Action.c(238): Error -26366: "Text=Test" not found for web_reg_find  	[MsgId: MERR-26366]
End auto log messages stack.	[MsgId: MMSG-10544]


Start auto log messages stack - Iteration 10.	[MsgId: MMSG-10545]
Action.c(204): web_url("al_profile.php") started  	[MsgId: MMSG-26355]
Action.c(204): web_url("al_profile.php") was successful, 13249 body bytes, 365 header bytes  	[MsgId: MMSG-26386]
Action.c(215): Notify: Transaction "02_page" ended with a "Pass" status (Duration: 0,3283).	[MsgId: MMSG-16873]
Action.c(217): Notify: Transaction "03_wall" started.	[MsgId: MMSG-16999]
Action.c(220): web_submit_data("al_wall.php") started  	[MsgId: MMSG-26355]
Action.c(220): web_submit_data("al_wall.php") was successful, 55 body bytes, 362 header bytes  	[MsgId: MMSG-26386]
Action.c(235): lr_think_time: 5,00 seconds.	[MsgId: MMSG-15948]
Action.c(236): web_reg_find started  	[MsgId: MMSG-26355]
Action.c(236): Registering web_reg_find was successful  	[MsgId: MMSG-26390]
Action.c(238): web_submit_data("al_wall.php_2") started  	[MsgId: MMSG-26355]
Action.c(238): Error -26366: "Text=Test" not found for web_reg_find  	[MsgId: MERR-26366]
End auto log messages stack.	[MsgId: MMSG-10544]


Start auto log messages stack - Iteration 11.	[MsgId: MMSG-10545]
Action.c(204): web_url("al_profile.php") started  	[MsgId: MMSG-26355]
Action.c(204): web_url("al_profile.php") was successful, 13231 body bytes, 365 header bytes  	[MsgId: MMSG-26386]
Action.c(215): Notify: Transaction "02_page" ended with a "Pass" status (Duration: 0,3089).	[MsgId: MMSG-16873]
Action.c(217): Notify: Transaction "03_wall" started.	[MsgId: MMSG-16999]
Action.c(220): web_submit_data("al_wall.php") started  	[MsgId: MMSG-26355]
Action.c(220): web_submit_data("al_wall.php") was successful, 55 body bytes, 362 header bytes  	[MsgId: MMSG-26386]
Action.c(235): lr_think_time: 5,00 seconds.	[MsgId: MMSG-15948]
Action.c(236): web_reg_find started  	[MsgId: MMSG-26355]
Action.c(236): Registering web_reg_find was successful  	[MsgId: MMSG-26390]
Action.c(238): web_submit_data("al_wall.php_2") started  	[MsgId: MMSG-26355]
Action.c(238): Error -26366: "Text=Test" not found for web_reg_find  	[MsgId: MERR-26366]
End auto log messages stack.	[MsgId: MMSG-10544]


Start auto log messages stack - Iteration 7.	[MsgId: MMSG-10545]
Action.c(204): web_url("al_profile.php") started  	[MsgId: MMSG-26355]
Action.c(204): web_url("al_profile.php") was successful, 13975 body bytes, 365 header bytes  	[MsgId: MMSG-26386]
Action.c(215): Notify: Transaction "02_page" ended with a "Pass" status (Duration: 0,3051).	[MsgId: MMSG-16873]
Action.c(217): Notify: Transaction "03_wall" started.	[MsgId: MMSG-16999]
Action.c(220): web_submit_data("al_wall.php") started  	[MsgId: MMSG-26355]
Action.c(220): web_submit_data("al_wall.php") was successful, 56 body bytes, 362 header bytes  	[MsgId: MMSG-26386]
Action.c(235): lr_think_time: 5,00 seconds.	[MsgId: MMSG-15948]
Action.c(236): web_reg_find started  	[MsgId: MMSG-26355]
Action.c(236): Registering web_reg_find was successful  	[MsgId: MMSG-26390]
Action.c(238): web_submit_data("al_wall.php_2") started  	[MsgId: MMSG-26355]
Action.c(238): Error -26366: "Text=Test" not found for web_reg_find  	[MsgId: MERR-26366]
End auto log messages stack.	[MsgId: MMSG-10544]


Start auto log messages stack - Iteration 15.	[MsgId: MMSG-10545]
Action.c(204): web_url("al_profile.php") started  	[MsgId: MMSG-26355]
Action.c(204): web_url("al_profile.php") was successful, 13851 body bytes, 365 header bytes  	[MsgId: MMSG-26386]
Action.c(215): Notify: Transaction "02_page" ended with a "Pass" status (Duration: 0,5381).	[MsgId: MMSG-16873]
Action.c(217): Notify: Transaction "03_wall" started.	[MsgId: MMSG-16999]
Action.c(220): web_submit_data("al_wall.php") started  	[MsgId: MMSG-26355]
Action.c(220): web_submit_data("al_wall.php") was successful, 56 body bytes, 362 header bytes  	[MsgId: MMSG-26386]
Action.c(235): lr_think_time: 5,00 seconds.	[MsgId: MMSG-15948]
Action.c(236): web_reg_find started  	[MsgId: MMSG-26355]
Action.c(236): Registering web_reg_find was successful  	[MsgId: MMSG-26390]
Action.c(238): web_submit_data("al_wall.php_2") started  	[MsgId: MMSG-26355]
Action.c(238): Error -26366: "Text=Test" not found for web_reg_find  	[MsgId: MERR-26366]
End auto log messages stack.	[MsgId: MMSG-10544]


Start auto log messages stack - Iteration 16.	[MsgId: MMSG-10545]
Action.c(204): web_url("al_profile.php") started  	[MsgId: MMSG-26355]
Action.c(204): web_url("al_profile.php") was successful, 13973 body bytes, 365 header bytes  	[MsgId: MMSG-26386]
Action.c(215): Notify: Transaction "02_page" ended with a "Pass" status (Duration: 0,2712).	[MsgId: MMSG-16873]
Action.c(217): Notify: Transaction "03_wall" started.	[MsgId: MMSG-16999]
Action.c(220): web_submit_data("al_wall.php") started  	[MsgId: MMSG-26355]
Action.c(220): web_submit_data("al_wall.php") was successful, 56 body bytes, 362 header bytes  	[MsgId: MMSG-26386]
Action.c(235): lr_think_time: 5,00 seconds.	[MsgId: MMSG-15948]
Action.c(236): web_reg_find started  	[MsgId: MMSG-26355]
Action.c(236): Registering web_reg_find was successful  	[MsgId: MMSG-26390]
Action.c(238): web_submit_data("al_wall.php_2") started  	[MsgId: MMSG-26355]
Action.c(238): Error -26366: "Text=Test" not found for web_reg_find  	[MsgId: MERR-26366]
End auto log messages stack.	[MsgId: MMSG-10544]


Start auto log messages stack - Iteration 8.	[MsgId: MMSG-10545]
Action.c(204): web_url("al_profile.php") started  	[MsgId: MMSG-26355]
Action.c(204): web_url("al_profile.php") was successful, 13994 body bytes, 365 header bytes  	[MsgId: MMSG-26386]
Action.c(215): Notify: Transaction "02_page" ended with a "Pass" status (Duration: 0,3924).	[MsgId: MMSG-16873]
Action.c(217): Notify: Transaction "03_wall" started.	[MsgId: MMSG-16999]
Action.c(220): web_submit_data("al_wall.php") started  	[MsgId: MMSG-26355]
Action.c(220): web_submit_data("al_wall.php") was successful, 56 body bytes, 362 header bytes  	[MsgId: MMSG-26386]
Action.c(235): lr_think_time: 5,00 seconds.	[MsgId: MMSG-15948]
Action.c(236): web_reg_find started  	[MsgId: MMSG-26355]
Action.c(236): Registering web_reg_find was successful  	[MsgId: MMSG-26390]
Action.c(238): web_submit_data("al_wall.php_2") started  	[MsgId: MMSG-26355]
Action.c(238): Error -26366: "Text=Test" not found for web_reg_find  	[MsgId: MERR-26366]
End auto log messages stack.	[MsgId: MMSG-10544]


Start auto log messages stack - Iteration 17.	[MsgId: MMSG-10545]
Action.c(204): web_url("al_profile.php") started  	[MsgId: MMSG-26355]
Action.c(204): web_url("al_profile.php") was successful, 13984 body bytes, 365 header bytes  	[MsgId: MMSG-26386]
Action.c(215): Notify: Transaction "02_page" ended with a "Pass" status (Duration: 0,5166).	[MsgId: MMSG-16873]
Action.c(217): Notify: Transaction "03_wall" started.	[MsgId: MMSG-16999]
Action.c(220): web_submit_data("al_wall.php") started  	[MsgId: MMSG-26355]
Action.c(220): web_submit_data("al_wall.php") was successful, 56 body bytes, 362 header bytes  	[MsgId: MMSG-26386]
Action.c(235): lr_think_time: 5,00 seconds.	[MsgId: MMSG-15948]
Action.c(236): web_reg_find started  	[MsgId: MMSG-26355]
Action.c(236): Registering web_reg_find was successful  	[MsgId: MMSG-26390]
Action.c(238): web_submit_data("al_wall.php_2") started  	[MsgId: MMSG-26355]
Action.c(238): Error -26366: "Text=Test" not found for web_reg_find  	[MsgId: MERR-26366]
End auto log messages stack.	[MsgId: MMSG-10544]


Start auto log messages stack - Iteration 18.	[MsgId: MMSG-10545]
Action.c(204): web_url("al_profile.php") started  	[MsgId: MMSG-26355]
Action.c(204): web_url("al_profile.php") was successful, 13929 body bytes, 365 header bytes  	[MsgId: MMSG-26386]
Action.c(215): Notify: Transaction "02_page" ended with a "Pass" status (Duration: 0,1894).	[MsgId: MMSG-16873]
Action.c(217): Notify: Transaction "03_wall" started.	[MsgId: MMSG-16999]
Action.c(220): web_submit_data("al_wall.php") started  	[MsgId: MMSG-26355]
Action.c(220): web_submit_data("al_wall.php") was successful, 56 body bytes, 362 header bytes  	[MsgId: MMSG-26386]
Action.c(235): lr_think_time: 5,00 seconds.	[MsgId: MMSG-15948]
Action.c(236): web_reg_find started  	[MsgId: MMSG-26355]
Action.c(236): Registering web_reg_find was successful  	[MsgId: MMSG-26390]
Action.c(238): web_submit_data("al_wall.php_2") started  	[MsgId: MMSG-26355]
Action.c(238): Error -26366: "Text=Test" not found for web_reg_find  	[MsgId: MERR-26366]
End auto log messages stack.	[MsgId: MMSG-10544]


