Virtual User Script started at: 21.12.2017 11:34:46
Starting action vuser_init.
Web Turbo Replay of LoadRunner 12.55.0 for Windows 10; build 911 (июл 24 2017 19:46:00)  	[MsgId: MMSG-26983]
Run mode: HTML  	[MsgId: MMSG-26993]
Replay user agent: Mozilla/5.0 (Windows NT 10.0; Win64; x64) AppleWebKit/537.36 (KHTML, like Gecko) Chrome/62.0.3202.62 Safari/537.36  	[MsgId: MMSG-26988]
Run-Time Settings file: "D:\work\Loadrunner\Scripts (1)\wallnew\\default.cfg"  	[MsgId: MMSG-27141]
Ending action vuser_init.
Running Vuser...
Starting iteration 1.
Maximum number of concurrent connections per server: 6  	[MsgId: MMSG-26989]
Starting action Action.
Action.c(8): 41687
Action.c(12): Notify: Transaction "02_00_VK" started.
Action.c(14): web_set_sockets_option started  	[MsgId: MMSG-26355]
Action.c(14): web_set_sockets_option was successful  	[MsgId: MMSG-26392]
Action.c(16): web_reg_find started  	[MsgId: MMSG-26355]
Action.c(16): Registering web_reg_find was successful  	[MsgId: MMSG-26390]
Action.c(22): web_reg_save_param_regexp started  	[MsgId: MMSG-26355]
Action.c(22): Registering web_reg_save_param_regexp was successful  	[MsgId: MMSG-26390]
Action.c(35): web_reg_save_param_ex started  	[MsgId: MMSG-26355]
Action.c(35): Registering web_reg_save_param_ex was successful  	[MsgId: MMSG-26390]
Action.c(44): web_url("vk.com") started  	[MsgId: MMSG-26355]
Action.c(44): Found resource "https://vk.com/css/al/common.css?30103891102" in HTML "https://vk.com/"  	[MsgId: MMSG-26659]
Action.c(44): Found resource "https://vk.com/css/al/fonts_cnt.css?2889730895" in HTML "https://vk.com/"  	[MsgId: MMSG-26659]
Action.c(44): Found resource "https://vk.com/css/al/index.css?12564611151" in HTML "https://vk.com/"  	[MsgId: MMSG-26659]
Action.c(44): Found resource "https://vk.com/css/al/login.css?15380081988" in HTML "https://vk.com/"  	[MsgId: MMSG-26659]
Action.c(44): Found resource "https://vk.com/css/ui_controls.css?15156817117" in HTML "https://vk.com/"  	[MsgId: MMSG-26659]
Action.c(44): Found resource "https://vk.com/css/al/ui_common.css?11795178181" in HTML "https://vk.com/"  	[MsgId: MMSG-26659]
Action.c(44): Found resource "https://vk.com/js/loader_nav4773065982429_0.js" in HTML "https://vk.com/"  	[MsgId: MMSG-26659]
Action.c(44): Found resource "https://vk.com/js/cmodules/web/common_web.js?1_52428464487" in HTML "https://vk.com/"  	[MsgId: MMSG-26659]
Action.c(44): Found resource "https://vk.com/js/lang0_0.js?6875" in HTML "https://vk.com/"  	[MsgId: MMSG-26659]
Action.c(44): Found resource "https://vk.com/js/lib/px.js?ch=1" in HTML "https://vk.com/"  	[MsgId: MMSG-26659]
Action.c(44): Found resource "https://vk.com/js/lib/px.js?ch=2" in HTML "https://vk.com/"  	[MsgId: MMSG-26659]
Action.c(44): Found resource "https://vk.com/js/al/index.js?2226083772" in HTML "https://vk.com/"  	[MsgId: MMSG-26659]
Action.c(44): Found resource "https://vk.com/js/lib/ui_controls.js?2713858100" in HTML "https://vk.com/"  	[MsgId: MMSG-26659]
Action.c(44): Found resource "https://vk.com/js/cmodules/web/page_layout.js?1172409392" in HTML "https://vk.com/"  	[MsgId: MMSG-26659]
Action.c(44): Found resource "https://vk.com/js/al/ui_common.js?3737253594" in HTML "https://vk.com/"  	[MsgId: MMSG-26659]
Action.c(44): Found resource "https://vk.com/js/cmodules/web/audioplayer.js?7456748293" in HTML "https://vk.com/"  	[MsgId: MMSG-26659]
Action.c(44): Registered web_reg_find successful for "Text=Войти" (count=4)  	[MsgId: MMSG-26364]
Action.c(44): web_url("vk.com") was successful, 646062 body bytes, 7229 header bytes, 288 chunking overhead bytes  	[MsgId: MMSG-26385]
Action.c(55): Notify: Transaction "02_01_Login" started.
Action.c(61): web_reg_save_param_regexp started  	[MsgId: MMSG-26355]
Action.c(61): Registering web_reg_save_param_regexp was successful  	[MsgId: MMSG-26390]
Action.c(70): web_submit_data("login.vk.com") started  	[MsgId: MMSG-26355]
Action.c(70): Redirecting "https://login.vk.com/?act=login" (redirection depth is 0)  	[MsgId: MMSG-26694]
Action.c(70): To location "https://vk.com/login.php?act=slogin&to=&s=1&__q_hash=ec794d488ee8afc10be2e55cc3d98059"  	[MsgId: MMSG-26693]
Action.c(70): web_submit_data("login.vk.com") was successful, 788 body bytes, 2170 header bytes  	[MsgId: MMSG-26386]
Action.c(94): web_reg_find started  	[MsgId: MMSG-26355]
Action.c(94): Registering web_reg_find was successful  	[MsgId: MMSG-26390]
Action.c(100): web_reg_save_param_regexp started  	[MsgId: MMSG-26355]
Action.c(100): Registering web_reg_save_param_regexp was successful  	[MsgId: MMSG-26390]
Action.c(114): web_reg_save_param_regexp started  	[MsgId: MMSG-26355]
Action.c(114): Registering web_reg_save_param_regexp was successful  	[MsgId: MMSG-26390]
Action.c(124): web_url("vk.com_2") started  	[MsgId: MMSG-26355]
Action.c(124): Redirecting "https://vk.com/" (redirection depth is 0)  	[MsgId: MMSG-26694]
Action.c(124): To location "https://vk.com/feed"  	[MsgId: MMSG-26693]
Action.c(124): Resource "https://vk.com/css/al/common.css?30103891102" is in the cache already and will not be downloaded again  	[MsgId: MMSG-26655]
Action.c(124): Resource "https://vk.com/css/al/fonts_cnt.css?2889730895" is in the cache already and will not be downloaded again  	[MsgId: MMSG-26655]
Action.c(124): Resource "https://vk.com/css/al/ui_common.css?11795178181" is in the cache already and will not be downloaded again  	[MsgId: MMSG-26655]
Action.c(124): Resource "https://vk.com/css/ui_controls.css?15156817117" is in the cache already and will not be downloaded again  	[MsgId: MMSG-26655]
Action.c(124): Found resource "https://vk.com/css/al/feed_assistance.css?1" in HTML "https://vk.com/feed"  	[MsgId: MMSG-26659]
Action.c(124): Found resource "https://vk.com/css/al/ui_media_selector.css?18547622027" in HTML "https://vk.com/feed"  	[MsgId: MMSG-26659]
Action.c(124): Found resource "https://vk.com/css/al/notifier.css?25853639855" in HTML "https://vk.com/feed"  	[MsgId: MMSG-26659]
Action.c(124): Found resource "https://vk.com/css/al/stories.css?17786624337" in HTML "https://vk.com/feed"  	[MsgId: MMSG-26659]
Action.c(124): Found resource "https://vk.com/css/al/page.css?26695225096" in HTML "https://vk.com/feed"  	[MsgId: MMSG-26659]
Action.c(124): Found resource "https://vk.com/css/al/feed.css?22524229508" in HTML "https://vk.com/feed"  	[MsgId: MMSG-26659]
Action.c(124): Found resource "https://vk.com/css/al/post.css?20230666293" in HTML "https://vk.com/feed"  	[MsgId: MMSG-26659]
Action.c(124): Resource "https://vk.com/js/loader_nav4773065982429_0.js" is in the cache already and will not be downloaded again  	[MsgId: MMSG-26655]
Action.c(124): Resource "https://vk.com/js/cmodules/web/common_web.js?1_52428464487" is in the cache already and will not be downloaded again  	[MsgId: MMSG-26655]
Action.c(124): Resource "https://vk.com/js/lang0_0.js?6875" is in the cache already and will not be downloaded again  	[MsgId: MMSG-26655]
Action.c(124): Resource "https://vk.com/js/lib/px.js?ch=1" is in the cache already and will not be downloaded again  	[MsgId: MMSG-26655]
Action.c(124): Resource "https://vk.com/js/lib/px.js?ch=2" is in the cache already and will not be downloaded again  	[MsgId: MMSG-26655]
Action.c(124): Resource "https://vk.com/js/al/ui_common.js?3737253594" is in the cache already and will not be downloaded again  	[MsgId: MMSG-26655]
Action.c(124): Found resource "https://vk.com/js/lib/selects.js?2835310113" in HTML "https://vk.com/feed"  	[MsgId: MMSG-26659]
Action.c(124): Resource "https://vk.com/js/lib/ui_controls.js?2713858100" is in the cache already and will not be downloaded again  	[MsgId: MMSG-26655]
Action.c(124): Found resource "https://vk.com/js/al/friends_search.js?3438694410" in HTML "https://vk.com/feed"  	[MsgId: MMSG-26659]
Action.c(124): Found resource "https://vk.com/js/al/feed_assistance.js?1" in HTML "https://vk.com/feed"  	[MsgId: MMSG-26659]
Action.c(124): Found resource "https://vk.com/js/al/ui_media_selector.js?2411941335" in HTML "https://vk.com/feed"  	[MsgId: MMSG-26659]
Action.c(124): Found resource "https://vk.com/js/al/emoji.js?1263334890" in HTML "https://vk.com/feed"  	[MsgId: MMSG-26659]
Action.c(124): Found resource "https://vk.com/js/cmodules/web/stories.js?19905021512" in HTML "https://vk.com/feed"  	[MsgId: MMSG-26659]
Action.c(124): Found resource "https://vk.com/js/al/page.js?2454511747" in HTML "https://vk.com/feed"  	[MsgId: MMSG-26659]
Action.c(124): Found resource "https://vk.com/js/al/feed.js?3761872064" in HTML "https://vk.com/feed"  	[MsgId: MMSG-26659]
Action.c(124): Resource "https://vk.com/js/cmodules/web/page_layout.js?1172409392" is in the cache already and will not be downloaded again  	[MsgId: MMSG-26655]
Action.c(124): Resource "https://vk.com/js/cmodules/web/audioplayer.js?7456748293" is in the cache already and will not be downloaded again  	[MsgId: MMSG-26655]
Action.c(124): Found resource "https://vk.com/js/cmodules/web/notifier.js?83194913607" in HTML "https://vk.com/feed"  	[MsgId: MMSG-26659]
Action.c(124): Found resource "https://pp.userapi.com/c841625/v841625557/41317/1XUIJDA3qaA.jpg" in HTML "https://vk.com/feed"  	[MsgId: MMSG-26659]
Action.c(124): Found resource "https://pp.userapi.com/c626930/v626930571/1119/Rro1GjYiUIQ.jpg" in HTML "https://vk.com/feed"  	[MsgId: MMSG-26659]
Action.c(124): Found resource "https://pp.userapi.com/c639426/v639426236/67af8/rqDipc85Q58.jpg" in HTML "https://vk.com/feed"  	[MsgId: MMSG-26659]
Action.c(124): Found resource "https://pp.userapi.com/c639727/v639727541/4752e/mWPe6cbelbw.jpg" in HTML "https://vk.com/feed"  	[MsgId: MMSG-26659]
Action.c(124): Found resource "https://pp.userapi.com/c836130/v836130753/644bf/dfAe5VfV9Mg.jpg" in HTML "https://vk.com/feed"  	[MsgId: MMSG-26659]
Action.c(124): Found resource "https://pp.userapi.com/c840426/v840426996/237be/bo6Z0SaltJo.jpg" in HTML "https://vk.com/feed"  	[MsgId: MMSG-26659]
Action.c(124): Found resource "https://pp.userapi.com/c841628/v841628275/3d8f9/rcJp9IYNw60.jpg" in HTML "https://vk.com/feed"  	[MsgId: MMSG-26659]
Action.c(124): Found resource "https://pp.userapi.com/c841538/v841538914/382d3/xQxCI9IZqpQ.jpg" in HTML "https://vk.com/feed"  	[MsgId: MMSG-26659]
Action.c(124): Found resource "https://pp.userapi.com/c840328/v840328193/2e85e/Oe40v3kCv8k.jpg" in HTML "https://vk.com/feed"  	[MsgId: MMSG-26659]
Action.c(124): Found resource "https://vk.com/images/emoji/D83DDDA4.png" in HTML "https://vk.com/feed"  	[MsgId: MMSG-26659]
Action.c(124): Found resource "https://pp.userapi.com/c840133/v840133710/3cde1/lGI6shHkEHo.jpg" in HTML "https://vk.com/feed"  	[MsgId: MMSG-26659]
Action.c(124): Found resource "https://pp.userapi.com/c425025/v425025428/1bd7/NPyhh8FXJos.jpg" in HTML "https://vk.com/feed"  	[MsgId: MMSG-26659]
Action.c(124): Found resource "https://pp.userapi.com/c840523/v840523741/34123/dtRd-NOQEf0.jpg" in HTML "https://vk.com/feed"  	[MsgId: MMSG-26659]
Action.c(124): Registered web_reg_find successful for "Text=Моя страница" (count=1)  	[MsgId: MMSG-26364]
Action.c(124): web_url("vk.com_2") was successful, 451648 body bytes, 12825 header bytes, 259 chunking overhead bytes  	[MsgId: MMSG-26385]
Action.c(135): Notify: Transaction "02_01_Login" ended with a "Pass" status (Duration: 3,0980 Wasted Time: 0,1454).
Action.c(138): Notify: Transaction "02_02_My_Page" started.
Action.c(140): web_reg_find started  	[MsgId: MMSG-26355]
Action.c(140): Registering web_reg_find was successful  	[MsgId: MMSG-26390]
Action.c(142): web_url("al_profile.php") started  	[MsgId: MMSG-26355]
Action.c(142): Registered web_reg_find successful for "Text=Поиск" (count=2)  	[MsgId: MMSG-26364]
Action.c(142): web_url("al_profile.php") was successful, 16590 body bytes, 365 header bytes  	[MsgId: MMSG-26386]
Action.c(153): Notify: Transaction "02_02_My_Page" ended with a "Pass" status (Duration: 0,6936 Wasted Time: 0,0195).
Action.c(155): Notify: Transaction "02_03_New_Post" started.
Action.c(158): web_submit_data("al_wall.php") started  	[MsgId: MMSG-26355]
Action.c(158): web_submit_data("al_wall.php") was successful, 56 body bytes, 362 header bytes  	[MsgId: MMSG-26386]
Action.c(175): web_reg_find started  	[MsgId: MMSG-26355]
Action.c(175): Registering web_reg_find was successful  	[MsgId: MMSG-26390]
Action.c(177): web_submit_data("al_wall.php_2") started  	[MsgId: MMSG-26355]
Action.c(177): Registered web_reg_find successful for "Text=Test_0_Text_Status_41787" (count=1)  	[MsgId: MMSG-26364]
Action.c(177): web_submit_data("al_wall.php_2") was successful, 1661 body bytes, 364 header bytes  	[MsgId: MMSG-26386]
Action.c(204): web_submit_data("al_wall.php_3") started  	[MsgId: MMSG-26355]
Action.c(204): web_submit_data("al_wall.php_3") was successful, 56 body bytes, 362 header bytes  	[MsgId: MMSG-26386]
Action.c(219): Notify: Transaction "02_03_New_Post" ended with a "Pass" status (Duration: 1,1623 Wasted Time: 0,0470).
Action.c(222): Notify: Transaction "02_04_Logout" started.
Action.c(224): web_reg_find started  	[MsgId: MMSG-26355]
Action.c(224): Registering web_reg_find was successful  	[MsgId: MMSG-26390]
Action.c(226): web_url("login.vk.com_2") started  	[MsgId: MMSG-26355]
Action.c(226): Redirecting "https://login.vk.com/?act=logout&hash=34f6ed5466e1fa13d3&reason=tn&_origin=https://vk.com" (redirection depth is 0)  	[MsgId: MMSG-26694]
Action.c(226): To location "https://vk.com/login.php?op=logout&hash=34f6ed5466e1fa13d3"  	[MsgId: MMSG-26693]
Action.c(226): Redirecting "https://vk.com/login.php?op=logout&hash=34f6ed5466e1fa13d3" (redirection depth is 1)  	[MsgId: MMSG-26694]
Action.c(226): To location "https://vk.com/login?act=mobile&hash=0ed87faa09302c28"  	[MsgId: MMSG-26693]
Action.c(226): Resource "https://vk.com/css/al/common.css?30103891102" is in the cache already and will not be downloaded again  	[MsgId: MMSG-26655]
Action.c(226): Resource "https://vk.com/css/al/fonts_cnt.css?2889730895" is in the cache already and will not be downloaded again  	[MsgId: MMSG-26655]
Action.c(226): Resource "https://vk.com/css/al/login.css?15380081988" is in the cache already and will not be downloaded again  	[MsgId: MMSG-26655]
Action.c(226): Resource "https://vk.com/css/al/ui_common.css?11795178181" is in the cache already and will not be downloaded again  	[MsgId: MMSG-26655]
Action.c(226): Resource "https://vk.com/js/loader_nav4773065982429_0.js" is in the cache already and will not be downloaded again  	[MsgId: MMSG-26655]
Action.c(226): Resource "https://vk.com/js/cmodules/web/common_web.js?1_52428464487" is in the cache already and will not be downloaded again  	[MsgId: MMSG-26655]
Action.c(226): Resource "https://vk.com/js/lang0_0.js?6875" is in the cache already and will not be downloaded again  	[MsgId: MMSG-26655]
Action.c(226): Resource "https://vk.com/js/lib/px.js?ch=1" is in the cache already and will not be downloaded again  	[MsgId: MMSG-26655]
Action.c(226): Resource "https://vk.com/js/lib/px.js?ch=2" is in the cache already and will not be downloaded again  	[MsgId: MMSG-26655]
Action.c(226): Found resource "https://vk.com/js/al/login.js?1216110060" in HTML "https://vk.com/login?act=mobile&hash=0ed87faa09302c28"  	[MsgId: MMSG-26659]
Action.c(226): Resource "https://vk.com/js/cmodules/web/page_layout.js?1172409392" is in the cache already and will not be downloaded again  	[MsgId: MMSG-26655]
Action.c(226): Resource "https://vk.com/js/al/ui_common.js?3737253594" is in the cache already and will not be downloaded again  	[MsgId: MMSG-26655]
Action.c(226): Resource "https://vk.com/js/cmodules/web/audioplayer.js?7456748293" is in the cache already and will not be downloaded again  	[MsgId: MMSG-26655]
Action.c(226): Registered web_reg_find successful for "Text=Поиск" (count=2)  	[MsgId: MMSG-26364]
Action.c(226): web_url("login.vk.com_2") was successful, 9332 body bytes, 3293 header bytes, 12 chunking overhead bytes  	[MsgId: MMSG-26385]
Action.c(236): Notify: Transaction "02_04_Logout" ended with a "Pass" status (Duration: 0,9308 Wasted Time: 0,0202).
Action.c(238): Notify: Transaction "02_00_VK" ended with a "Pass" status (Duration: 13,0351 Wasted Time: 1,5407).
Ending action Action.
Ending iteration 1.
Ending Vuser...
Starting action vuser_end.
Ending action vuser_end.
Vuser Terminated.
