Error: missing newline in C:\Users\InnaPush\Documents\VuGen\Scripts\wallnew\Text.dat	[MsgId: MERR-13874]
Start auto log messages stack - Iteration 1.	[MsgId: MMSG-10545]
Action.c(201): Notify: Transaction "02_page" started.	[MsgId: MMSG-16999]
Action.c(204): web_url("al_profile.php") started  	[MsgId: MMSG-26355]
Action.c(204): web_url("al_profile.php") was successful, 17150 body bytes, 365 header bytes  	[MsgId: MMSG-26386]
Action.c(215): Notify: Transaction "02_page" ended with a "Pass" status (Duration: 0,3504).	[MsgId: MMSG-16873]
Action.c(217): Notify: Transaction "03_wall" started.	[MsgId: MMSG-16999]
Action.c(220): web_submit_data("al_wall.php") started  	[MsgId: MMSG-26355]
Action.c(220): web_submit_data("al_wall.php") was successful, 55 body bytes, 362 header bytes  	[MsgId: MMSG-26386]
Action.c(235): web_reg_find started  	[MsgId: MMSG-26355]
Action.c(235): Registering web_reg_find was successful  	[MsgId: MMSG-26390]
Action.c(237): web_submit_data("al_wall.php_2") started  	[MsgId: MMSG-26355]
Action.c(237): Error -26366: "Text=Test" not found for web_reg_find  	[MsgId: MERR-26366]
End auto log messages stack.	[MsgId: MMSG-10544]


Start auto log messages stack - Iteration 2.	[MsgId: MMSG-10545]
Action.c(201): Notify: Transaction "02_page" started.	[MsgId: MMSG-16999]
Action.c(204): web_url("al_profile.php") started  	[MsgId: MMSG-26355]
Action.c(204): web_url("al_profile.php") was successful, 17166 body bytes, 365 header bytes  	[MsgId: MMSG-26386]
Action.c(215): Notify: Transaction "02_page" ended with a "Pass" status (Duration: 0,6523).	[MsgId: MMSG-16873]
Action.c(217): Notify: Transaction "03_wall" started.	[MsgId: MMSG-16999]
Action.c(220): web_submit_data("al_wall.php") started  	[MsgId: MMSG-26355]
Action.c(220): web_submit_data("al_wall.php") was successful, 55 body bytes, 362 header bytes  	[MsgId: MMSG-26386]
Action.c(235): web_reg_find started  	[MsgId: MMSG-26355]
Action.c(235): Registering web_reg_find was successful  	[MsgId: MMSG-26390]
Action.c(237): web_submit_data("al_wall.php_2") started  	[MsgId: MMSG-26355]
Action.c(237): Error -26366: "Text=Test" not found for web_reg_find  	[MsgId: MERR-26366]
End auto log messages stack.	[MsgId: MMSG-10544]


Start auto log messages stack - Iteration 1.	[MsgId: MMSG-10545]
Action.c(201): Notify: Transaction "02_page" started.	[MsgId: MMSG-16999]
Action.c(204): web_url("al_profile.php") started  	[MsgId: MMSG-26355]
Action.c(204): web_url("al_profile.php") was successful, 16128 body bytes, 365 header bytes  	[MsgId: MMSG-26386]
Action.c(215): Notify: Transaction "02_page" ended with a "Pass" status (Duration: 0,3129).	[MsgId: MMSG-16873]
Action.c(217): Notify: Transaction "03_wall" started.	[MsgId: MMSG-16999]
Action.c(220): web_submit_data("al_wall.php") started  	[MsgId: MMSG-26355]
Action.c(220): web_submit_data("al_wall.php") was successful, 55 body bytes, 362 header bytes  	[MsgId: MMSG-26386]
Action.c(235): web_reg_find started  	[MsgId: MMSG-26355]
Action.c(235): Registering web_reg_find was successful  	[MsgId: MMSG-26390]
Action.c(237): web_submit_data("al_wall.php_2") started  	[MsgId: MMSG-26355]
Action.c(237): Error -26366: "Text=Test" not found for web_reg_find  	[MsgId: MERR-26366]
End auto log messages stack.	[MsgId: MMSG-10544]


Start auto log messages stack - Iteration 1.	[MsgId: MMSG-10545]
Action.c(201): Notify: Transaction "02_page" started.	[MsgId: MMSG-16999]
Action.c(204): web_url("al_profile.php") started  	[MsgId: MMSG-26355]
Action.c(204): web_url("al_profile.php") was successful, 17025 body bytes, 365 header bytes  	[MsgId: MMSG-26386]
Action.c(215): Notify: Transaction "02_page" ended with a "Pass" status (Duration: 0,3743).	[MsgId: MMSG-16873]
Action.c(217): Notify: Transaction "03_wall" started.	[MsgId: MMSG-16999]
Action.c(220): web_submit_data("al_wall.php") started  	[MsgId: MMSG-26355]
Action.c(220): web_submit_data("al_wall.php") was successful, 55 body bytes, 362 header bytes  	[MsgId: MMSG-26386]
Action.c(235): web_reg_find started  	[MsgId: MMSG-26355]
Action.c(235): Registering web_reg_find was successful  	[MsgId: MMSG-26390]
Action.c(237): web_submit_data("al_wall.php_2") started  	[MsgId: MMSG-26355]
Action.c(237): Error -26366: "Text=Test" not found for web_reg_find  	[MsgId: MERR-26366]
End auto log messages stack.	[MsgId: MMSG-10544]


Start auto log messages stack - Iteration 2.	[MsgId: MMSG-10545]
Action.c(201): Notify: Transaction "02_page" started.	[MsgId: MMSG-16999]
Action.c(204): web_url("al_profile.php") started  	[MsgId: MMSG-26355]
Action.c(204): web_url("al_profile.php") was successful, 16137 body bytes, 365 header bytes  	[MsgId: MMSG-26386]
Action.c(215): Notify: Transaction "02_page" ended with a "Pass" status (Duration: 0,3902).	[MsgId: MMSG-16873]
Action.c(217): Notify: Transaction "03_wall" started.	[MsgId: MMSG-16999]
Action.c(220): web_submit_data("al_wall.php") started  	[MsgId: MMSG-26355]
Action.c(220): web_submit_data("al_wall.php") was successful, 55 body bytes, 362 header bytes  	[MsgId: MMSG-26386]
Action.c(235): web_reg_find started  	[MsgId: MMSG-26355]
Action.c(235): Registering web_reg_find was successful  	[MsgId: MMSG-26390]
Action.c(237): web_submit_data("al_wall.php_2") started  	[MsgId: MMSG-26355]
Action.c(237): Error -26366: "Text=Test" not found for web_reg_find  	[MsgId: MERR-26366]
End auto log messages stack.	[MsgId: MMSG-10544]


Start auto log messages stack - Iteration 2.	[MsgId: MMSG-10545]
Action.c(201): Notify: Transaction "02_page" started.	[MsgId: MMSG-16999]
Action.c(204): web_url("al_profile.php") started  	[MsgId: MMSG-26355]
Action.c(204): web_url("al_profile.php") was successful, 17039 body bytes, 365 header bytes  	[MsgId: MMSG-26386]
Action.c(215): Notify: Transaction "02_page" ended with a "Pass" status (Duration: 0,1634).	[MsgId: MMSG-16873]
Action.c(217): Notify: Transaction "03_wall" started.	[MsgId: MMSG-16999]
Action.c(220): web_submit_data("al_wall.php") started  	[MsgId: MMSG-26355]
Action.c(220): web_submit_data("al_wall.php") was successful, 55 body bytes, 362 header bytes  	[MsgId: MMSG-26386]
Action.c(235): web_reg_find started  	[MsgId: MMSG-26355]
Action.c(235): Registering web_reg_find was successful  	[MsgId: MMSG-26390]
Action.c(237): web_submit_data("al_wall.php_2") started  	[MsgId: MMSG-26355]
Action.c(237): Error -26366: "Text=Test" not found for web_reg_find  	[MsgId: MERR-26366]
End auto log messages stack.	[MsgId: MMSG-10544]


Start auto log messages stack - Iteration 3.	[MsgId: MMSG-10545]
Action.c(201): Notify: Transaction "02_page" started.	[MsgId: MMSG-16999]
Action.c(204): web_url("al_profile.php") started  	[MsgId: MMSG-26355]
Action.c(204): web_url("al_profile.php") was successful, 16138 body bytes, 365 header bytes  	[MsgId: MMSG-26386]
Action.c(215): Notify: Transaction "02_page" ended with a "Pass" status (Duration: 0,4315).	[MsgId: MMSG-16873]
Action.c(217): Notify: Transaction "03_wall" started.	[MsgId: MMSG-16999]
Action.c(220): web_submit_data("al_wall.php") started  	[MsgId: MMSG-26355]
Action.c(220): web_submit_data("al_wall.php") was successful, 55 body bytes, 362 header bytes  	[MsgId: MMSG-26386]
Action.c(235): web_reg_find started  	[MsgId: MMSG-26355]
Action.c(235): Registering web_reg_find was successful  	[MsgId: MMSG-26390]
Action.c(237): web_submit_data("al_wall.php_2") started  	[MsgId: MMSG-26355]
Action.c(237): Error -26366: "Text=Test" not found for web_reg_find  	[MsgId: MERR-26366]
End auto log messages stack.	[MsgId: MMSG-10544]


Start auto log messages stack - Iteration 3.	[MsgId: MMSG-10545]
Action.c(201): Notify: Transaction "02_page" started.	[MsgId: MMSG-16999]
Action.c(204): web_url("al_profile.php") started  	[MsgId: MMSG-26355]
Action.c(204): web_url("al_profile.php") was successful, 17013 body bytes, 365 header bytes  	[MsgId: MMSG-26386]
Action.c(215): Notify: Transaction "02_page" ended with a "Pass" status (Duration: 0,3242).	[MsgId: MMSG-16873]
Action.c(217): Notify: Transaction "03_wall" started.	[MsgId: MMSG-16999]
Action.c(220): web_submit_data("al_wall.php") started  	[MsgId: MMSG-26355]
Action.c(220): web_submit_data("al_wall.php") was successful, 55 body bytes, 362 header bytes  	[MsgId: MMSG-26386]
Action.c(235): web_reg_find started  	[MsgId: MMSG-26355]
Action.c(235): Registering web_reg_find was successful  	[MsgId: MMSG-26390]
Action.c(237): web_submit_data("al_wall.php_2") started  	[MsgId: MMSG-26355]
Action.c(237): Error -26366: "Text=Test" not found for web_reg_find  	[MsgId: MERR-26366]
End auto log messages stack.	[MsgId: MMSG-10544]


Start auto log messages stack - Iteration 4.	[MsgId: MMSG-10545]
Action.c(201): Notify: Transaction "02_page" started.	[MsgId: MMSG-16999]
Action.c(204): web_url("al_profile.php") started  	[MsgId: MMSG-26355]
Action.c(204): web_url("al_profile.php") was successful, 16130 body bytes, 365 header bytes  	[MsgId: MMSG-26386]
Action.c(215): Notify: Transaction "02_page" ended with a "Pass" status (Duration: 0,3392).	[MsgId: MMSG-16873]
Action.c(217): Notify: Transaction "03_wall" started.	[MsgId: MMSG-16999]
Action.c(220): web_submit_data("al_wall.php") started  	[MsgId: MMSG-26355]
Action.c(220): web_submit_data("al_wall.php") was successful, 55 body bytes, 362 header bytes  	[MsgId: MMSG-26386]
Action.c(235): web_reg_find started  	[MsgId: MMSG-26355]
Action.c(235): Registering web_reg_find was successful  	[MsgId: MMSG-26390]
Action.c(237): web_submit_data("al_wall.php_2") started  	[MsgId: MMSG-26355]
Action.c(237): Error -26366: "Text=Test" not found for web_reg_find  	[MsgId: MERR-26366]
End auto log messages stack.	[MsgId: MMSG-10544]


Start auto log messages stack - Iteration 5.	[MsgId: MMSG-10545]
Action.c(201): Notify: Transaction "02_page" started.	[MsgId: MMSG-16999]
Action.c(204): web_url("al_profile.php") started  	[MsgId: MMSG-26355]
Action.c(204): web_url("al_profile.php") was successful, 16131 body bytes, 365 header bytes  	[MsgId: MMSG-26386]
Action.c(215): Notify: Transaction "02_page" ended with a "Pass" status (Duration: 0,2343).	[MsgId: MMSG-16873]
Action.c(217): Notify: Transaction "03_wall" started.	[MsgId: MMSG-16999]
Action.c(220): web_submit_data("al_wall.php") started  	[MsgId: MMSG-26355]
Action.c(220): web_submit_data("al_wall.php") was successful, 55 body bytes, 362 header bytes  	[MsgId: MMSG-26386]
Action.c(235): web_reg_find started  	[MsgId: MMSG-26355]
Action.c(235): Registering web_reg_find was successful  	[MsgId: MMSG-26390]
Action.c(237): web_submit_data("al_wall.php_2") started  	[MsgId: MMSG-26355]
Action.c(237): Error -26366: "Text=Test" not found for web_reg_find  	[MsgId: MERR-26366]
End auto log messages stack.	[MsgId: MMSG-10544]


Start auto log messages stack - Iteration 4.	[MsgId: MMSG-10545]
Action.c(201): Notify: Transaction "02_page" started.	[MsgId: MMSG-16999]
Action.c(204): web_url("al_profile.php") started  	[MsgId: MMSG-26355]
Action.c(204): web_url("al_profile.php") was successful, 17027 body bytes, 365 header bytes  	[MsgId: MMSG-26386]
Action.c(215): Notify: Transaction "02_page" ended with a "Pass" status (Duration: 0,3035).	[MsgId: MMSG-16873]
Action.c(217): Notify: Transaction "03_wall" started.	[MsgId: MMSG-16999]
Action.c(220): web_submit_data("al_wall.php") started  	[MsgId: MMSG-26355]
Action.c(220): web_submit_data("al_wall.php") was successful, 55 body bytes, 362 header bytes  	[MsgId: MMSG-26386]
Action.c(235): web_reg_find started  	[MsgId: MMSG-26355]
Action.c(235): Registering web_reg_find was successful  	[MsgId: MMSG-26390]
Action.c(237): web_submit_data("al_wall.php_2") started  	[MsgId: MMSG-26355]
Action.c(237): Error -26366: "Text=Test" not found for web_reg_find  	[MsgId: MERR-26366]
End auto log messages stack.	[MsgId: MMSG-10544]


