Error: missing newline in C:\Users\InnaPush\Documents\VuGen\Scripts\wallnew\Text.dat	[MsgId: MERR-13874]
Start auto log messages stack - Iteration 1.	[MsgId: MMSG-10545]
Action.c(201): Notify: Transaction "02_page" started.	[MsgId: MMSG-16999]
Action.c(204): web_url("al_profile.php") started  	[MsgId: MMSG-26355]
Action.c(204): web_url("al_profile.php") was successful, 17162 body bytes, 365 header bytes  	[MsgId: MMSG-26386]
Action.c(215): Notify: Transaction "02_page" ended with a "Pass" status (Duration: 0,3335).	[MsgId: MMSG-16873]
Action.c(217): Notify: Transaction "03_wall" started.	[MsgId: MMSG-16999]
Action.c(220): web_submit_data("al_wall.php") started  	[MsgId: MMSG-26355]
Action.c(220): web_submit_data("al_wall.php") was successful, 55 body bytes, 362 header bytes  	[MsgId: MMSG-26386]
Action.c(235): web_reg_find started  	[MsgId: MMSG-26355]
Action.c(235): Registering web_reg_find was successful  	[MsgId: MMSG-26390]
Action.c(237): web_submit_data("al_wall.php_2") started  	[MsgId: MMSG-26355]
Action.c(237): Error -26366: "Text=Test" not found for web_reg_find  	[MsgId: MERR-26366]
End auto log messages stack.	[MsgId: MMSG-10544]


Start auto log messages stack - Iteration 2.	[MsgId: MMSG-10545]
Action.c(201): Notify: Transaction "02_page" started.	[MsgId: MMSG-16999]
Action.c(204): web_url("al_profile.php") started  	[MsgId: MMSG-26355]
Action.c(204): web_url("al_profile.php") was successful, 17197 body bytes, 365 header bytes  	[MsgId: MMSG-26386]
Action.c(215): Notify: Transaction "02_page" ended with a "Pass" status (Duration: 0,8136).	[MsgId: MMSG-16873]
Action.c(217): Notify: Transaction "03_wall" started.	[MsgId: MMSG-16999]
Action.c(220): web_submit_data("al_wall.php") started  	[MsgId: MMSG-26355]
Action.c(220): web_submit_data("al_wall.php") was successful, 55 body bytes, 362 header bytes  	[MsgId: MMSG-26386]
Action.c(235): web_reg_find started  	[MsgId: MMSG-26355]
Action.c(235): Registering web_reg_find was successful  	[MsgId: MMSG-26390]
Action.c(237): web_submit_data("al_wall.php_2") started  	[MsgId: MMSG-26355]
Action.c(237): Error -26366: "Text=Test" not found for web_reg_find  	[MsgId: MERR-26366]
End auto log messages stack.	[MsgId: MMSG-10544]


Start auto log messages stack - Iteration 1.	[MsgId: MMSG-10545]
Action.c(201): Notify: Transaction "02_page" started.	[MsgId: MMSG-16999]
Action.c(204): web_url("al_profile.php") started  	[MsgId: MMSG-26355]
Action.c(204): web_url("al_profile.php") was successful, 16104 body bytes, 365 header bytes  	[MsgId: MMSG-26386]
Action.c(215): Notify: Transaction "02_page" ended with a "Pass" status (Duration: 0,3194).	[MsgId: MMSG-16873]
Action.c(217): Notify: Transaction "03_wall" started.	[MsgId: MMSG-16999]
Action.c(220): web_submit_data("al_wall.php") started  	[MsgId: MMSG-26355]
Action.c(220): web_submit_data("al_wall.php") was successful, 55 body bytes, 362 header bytes  	[MsgId: MMSG-26386]
Action.c(235): web_reg_find started  	[MsgId: MMSG-26355]
Action.c(235): Registering web_reg_find was successful  	[MsgId: MMSG-26390]
Action.c(237): web_submit_data("al_wall.php_2") started  	[MsgId: MMSG-26355]
Action.c(237): Error -26366: "Text=Test" not found for web_reg_find  	[MsgId: MERR-26366]
End auto log messages stack.	[MsgId: MMSG-10544]


Start auto log messages stack - Iteration 3.	[MsgId: MMSG-10545]
Action.c(201): Notify: Transaction "02_page" started.	[MsgId: MMSG-16999]
Action.c(204): web_url("al_profile.php") started  	[MsgId: MMSG-26355]
Action.c(204): web_url("al_profile.php") was successful, 17119 body bytes, 365 header bytes  	[MsgId: MMSG-26386]
Action.c(215): Notify: Transaction "02_page" ended with a "Pass" status (Duration: 0,3023).	[MsgId: MMSG-16873]
Action.c(217): Notify: Transaction "03_wall" started.	[MsgId: MMSG-16999]
Action.c(220): web_submit_data("al_wall.php") started  	[MsgId: MMSG-26355]
Action.c(220): web_submit_data("al_wall.php") was successful, 55 body bytes, 362 header bytes  	[MsgId: MMSG-26386]
Action.c(235): web_reg_find started  	[MsgId: MMSG-26355]
Action.c(235): Registering web_reg_find was successful  	[MsgId: MMSG-26390]
Action.c(237): web_submit_data("al_wall.php_2") started  	[MsgId: MMSG-26355]
Action.c(237): Error -26366: "Text=Test" not found for web_reg_find  	[MsgId: MERR-26366]
End auto log messages stack.	[MsgId: MMSG-10544]


Start auto log messages stack - Iteration 4.	[MsgId: MMSG-10545]
Action.c(201): Notify: Transaction "02_page" started.	[MsgId: MMSG-16999]
Action.c(204): web_url("al_profile.php") started  	[MsgId: MMSG-26355]
Action.c(204): web_url("al_profile.php") was successful, 17207 body bytes, 365 header bytes  	[MsgId: MMSG-26386]
Action.c(215): Notify: Transaction "02_page" ended with a "Pass" status (Duration: 1,6460).	[MsgId: MMSG-16873]
Action.c(217): Notify: Transaction "03_wall" started.	[MsgId: MMSG-16999]
Action.c(220): web_submit_data("al_wall.php") started  	[MsgId: MMSG-26355]
Action.c(220): web_submit_data("al_wall.php") was successful, 55 body bytes, 362 header bytes  	[MsgId: MMSG-26386]
Action.c(235): web_reg_find started  	[MsgId: MMSG-26355]
Action.c(235): Registering web_reg_find was successful  	[MsgId: MMSG-26390]
Action.c(237): web_submit_data("al_wall.php_2") started  	[MsgId: MMSG-26355]
Action.c(237): Error -26366: "Text=Test" not found for web_reg_find  	[MsgId: MERR-26366]
End auto log messages stack.	[MsgId: MMSG-10544]


Start auto log messages stack - Iteration 2.	[MsgId: MMSG-10545]
Action.c(201): Notify: Transaction "02_page" started.	[MsgId: MMSG-16999]
Action.c(204): web_url("al_profile.php") started  	[MsgId: MMSG-26355]
Action.c(204): web_url("al_profile.php") was successful, 16140 body bytes, 365 header bytes  	[MsgId: MMSG-26386]
Action.c(215): Notify: Transaction "02_page" ended with a "Pass" status (Duration: 0,3965).	[MsgId: MMSG-16873]
Action.c(217): Notify: Transaction "03_wall" started.	[MsgId: MMSG-16999]
Action.c(220): web_submit_data("al_wall.php") started  	[MsgId: MMSG-26355]
Action.c(220): web_submit_data("al_wall.php") was successful, 55 body bytes, 362 header bytes  	[MsgId: MMSG-26386]
Action.c(235): web_reg_find started  	[MsgId: MMSG-26355]
Action.c(235): Registering web_reg_find was successful  	[MsgId: MMSG-26390]
Action.c(237): web_submit_data("al_wall.php_2") started  	[MsgId: MMSG-26355]
Action.c(237): Error -26366: "Text=Test" not found for web_reg_find  	[MsgId: MERR-26366]
End auto log messages stack.	[MsgId: MMSG-10544]


Start auto log messages stack - Iteration 3.	[MsgId: MMSG-10545]
Action.c(201): Notify: Transaction "02_page" started.	[MsgId: MMSG-16999]
Action.c(204): web_url("al_profile.php") started  	[MsgId: MMSG-26355]
Action.c(204): web_url("al_profile.php") was successful, 16138 body bytes, 365 header bytes  	[MsgId: MMSG-26386]
Action.c(215): Notify: Transaction "02_page" ended with a "Pass" status (Duration: 0,1977).	[MsgId: MMSG-16873]
Action.c(217): Notify: Transaction "03_wall" started.	[MsgId: MMSG-16999]
Action.c(220): web_submit_data("al_wall.php") started  	[MsgId: MMSG-26355]
Action.c(220): web_submit_data("al_wall.php") was successful, 55 body bytes, 362 header bytes  	[MsgId: MMSG-26386]
Action.c(235): web_reg_find started  	[MsgId: MMSG-26355]
Action.c(235): Registering web_reg_find was successful  	[MsgId: MMSG-26390]
Action.c(237): web_submit_data("al_wall.php_2") started  	[MsgId: MMSG-26355]
Action.c(237): Error -26366: "Text=Test" not found for web_reg_find  	[MsgId: MERR-26366]
End auto log messages stack.	[MsgId: MMSG-10544]


Start auto log messages stack - Iteration 1.	[MsgId: MMSG-10545]
Action.c(201): Notify: Transaction "02_page" started.	[MsgId: MMSG-16999]
Action.c(204): web_url("al_profile.php") started  	[MsgId: MMSG-26355]
Action.c(204): web_url("al_profile.php") was successful, 17058 body bytes, 365 header bytes  	[MsgId: MMSG-26386]
Action.c(215): Notify: Transaction "02_page" ended with a "Pass" status (Duration: 0,2304).	[MsgId: MMSG-16873]
Action.c(217): Notify: Transaction "03_wall" started.	[MsgId: MMSG-16999]
Action.c(220): web_submit_data("al_wall.php") started  	[MsgId: MMSG-26355]
Action.c(220): web_submit_data("al_wall.php") was successful, 55 body bytes, 362 header bytes  	[MsgId: MMSG-26386]
Action.c(235): web_reg_find started  	[MsgId: MMSG-26355]
Action.c(235): Registering web_reg_find was successful  	[MsgId: MMSG-26390]
Action.c(237): web_submit_data("al_wall.php_2") started  	[MsgId: MMSG-26355]
Action.c(237): Error -26366: "Text=Test" not found for web_reg_find  	[MsgId: MERR-26366]
End auto log messages stack.	[MsgId: MMSG-10544]


Start auto log messages stack - Iteration 4.	[MsgId: MMSG-10545]
Action.c(201): Notify: Transaction "02_page" started.	[MsgId: MMSG-16999]
Action.c(204): web_url("al_profile.php") started  	[MsgId: MMSG-26355]
Action.c(204): web_url("al_profile.php") was successful, 16109 body bytes, 365 header bytes  	[MsgId: MMSG-26386]
Action.c(215): Notify: Transaction "02_page" ended with a "Pass" status (Duration: 0,7111).	[MsgId: MMSG-16873]
Action.c(217): Notify: Transaction "03_wall" started.	[MsgId: MMSG-16999]
Action.c(220): web_submit_data("al_wall.php") started  	[MsgId: MMSG-26355]
Action.c(220): web_submit_data("al_wall.php") was successful, 55 body bytes, 362 header bytes  	[MsgId: MMSG-26386]
Action.c(235): web_reg_find started  	[MsgId: MMSG-26355]
Action.c(235): Registering web_reg_find was successful  	[MsgId: MMSG-26390]
Action.c(237): web_submit_data("al_wall.php_2") started  	[MsgId: MMSG-26355]
Action.c(237): Error -26366: "Text=Test" not found for web_reg_find  	[MsgId: MERR-26366]
End auto log messages stack.	[MsgId: MMSG-10544]


Start auto log messages stack - Iteration 5.	[MsgId: MMSG-10545]
Action.c(201): Notify: Transaction "02_page" started.	[MsgId: MMSG-16999]
Action.c(204): web_url("al_profile.php") started  	[MsgId: MMSG-26355]
Action.c(204): web_url("al_profile.php") was successful, 17273 body bytes, 365 header bytes  	[MsgId: MMSG-26386]
Action.c(215): Notify: Transaction "02_page" ended with a "Pass" status (Duration: 0,5040).	[MsgId: MMSG-16873]
Action.c(217): Notify: Transaction "03_wall" started.	[MsgId: MMSG-16999]
Action.c(220): web_submit_data("al_wall.php") started  	[MsgId: MMSG-26355]
Action.c(220): web_submit_data("al_wall.php") was successful, 55 body bytes, 362 header bytes  	[MsgId: MMSG-26386]
Action.c(235): web_reg_find started  	[MsgId: MMSG-26355]
Action.c(235): Registering web_reg_find was successful  	[MsgId: MMSG-26390]
Action.c(237): web_submit_data("al_wall.php_2") started  	[MsgId: MMSG-26355]
Action.c(237): Error -26366: "Text=Test" not found for web_reg_find  	[MsgId: MERR-26366]
End auto log messages stack.	[MsgId: MMSG-10544]


Start auto log messages stack - Iteration 2.	[MsgId: MMSG-10545]
Action.c(201): Notify: Transaction "02_page" started.	[MsgId: MMSG-16999]
Action.c(204): web_url("al_profile.php") started  	[MsgId: MMSG-26355]
Action.c(204): web_url("al_profile.php") was successful, 17143 body bytes, 365 header bytes  	[MsgId: MMSG-26386]
Action.c(215): Notify: Transaction "02_page" ended with a "Pass" status (Duration: 1,2202).	[MsgId: MMSG-16873]
Action.c(217): Notify: Transaction "03_wall" started.	[MsgId: MMSG-16999]
Action.c(220): web_submit_data("al_wall.php") started  	[MsgId: MMSG-26355]
Action.c(220): web_submit_data("al_wall.php") was successful, 55 body bytes, 362 header bytes  	[MsgId: MMSG-26386]
Action.c(235): web_reg_find started  	[MsgId: MMSG-26355]
Action.c(235): Registering web_reg_find was successful  	[MsgId: MMSG-26390]
Action.c(237): web_submit_data("al_wall.php_2") started  	[MsgId: MMSG-26355]
Action.c(237): Error -26366: "Text=Test" not found for web_reg_find  	[MsgId: MERR-26366]
End auto log messages stack.	[MsgId: MMSG-10544]


Start auto log messages stack - Iteration 5.	[MsgId: MMSG-10545]
Action.c(201): Notify: Transaction "02_page" started.	[MsgId: MMSG-16999]
Action.c(204): web_url("al_profile.php") started  	[MsgId: MMSG-26355]
Action.c(204): web_url("al_profile.php") was successful, 16095 body bytes, 365 header bytes  	[MsgId: MMSG-26386]
Action.c(215): Notify: Transaction "02_page" ended with a "Pass" status (Duration: 0,5517).	[MsgId: MMSG-16873]
Action.c(217): Notify: Transaction "03_wall" started.	[MsgId: MMSG-16999]
Action.c(220): web_submit_data("al_wall.php") started  	[MsgId: MMSG-26355]
Action.c(220): web_submit_data("al_wall.php") was successful, 55 body bytes, 362 header bytes  	[MsgId: MMSG-26386]
Action.c(235): web_reg_find started  	[MsgId: MMSG-26355]
Action.c(235): Registering web_reg_find was successful  	[MsgId: MMSG-26390]
Action.c(237): web_submit_data("al_wall.php_2") started  	[MsgId: MMSG-26355]
Action.c(237): Error -26366: "Text=Test" not found for web_reg_find  	[MsgId: MERR-26366]
End auto log messages stack.	[MsgId: MMSG-10544]


Start auto log messages stack - Iteration 6.	[MsgId: MMSG-10545]
Action.c(201): Notify: Transaction "02_page" started.	[MsgId: MMSG-16999]
Action.c(204): web_url("al_profile.php") started  	[MsgId: MMSG-26355]
Action.c(204): web_url("al_profile.php") was successful, 16155 body bytes, 365 header bytes  	[MsgId: MMSG-26386]
Action.c(215): Notify: Transaction "02_page" ended with a "Pass" status (Duration: 0,9622).	[MsgId: MMSG-16873]
Action.c(217): Notify: Transaction "03_wall" started.	[MsgId: MMSG-16999]
Action.c(220): web_submit_data("al_wall.php") started  	[MsgId: MMSG-26355]
Action.c(220): web_submit_data("al_wall.php") was successful, 55 body bytes, 362 header bytes  	[MsgId: MMSG-26386]
Action.c(235): web_reg_find started  	[MsgId: MMSG-26355]
Action.c(235): Registering web_reg_find was successful  	[MsgId: MMSG-26390]
Action.c(237): web_submit_data("al_wall.php_2") started  	[MsgId: MMSG-26355]
Action.c(237): Error -26366: "Text=Test" not found for web_reg_find  	[MsgId: MERR-26366]
End auto log messages stack.	[MsgId: MMSG-10544]


Start auto log messages stack - Iteration 3.	[MsgId: MMSG-10545]
Action.c(201): Notify: Transaction "02_page" started.	[MsgId: MMSG-16999]
Action.c(204): web_url("al_profile.php") started  	[MsgId: MMSG-26355]
Action.c(204): web_url("al_profile.php") was successful, 17240 body bytes, 365 header bytes  	[MsgId: MMSG-26386]
Action.c(215): Notify: Transaction "02_page" ended with a "Pass" status (Duration: 0,2193).	[MsgId: MMSG-16873]
Action.c(217): Notify: Transaction "03_wall" started.	[MsgId: MMSG-16999]
Action.c(220): web_submit_data("al_wall.php") started  	[MsgId: MMSG-26355]
Action.c(220): web_submit_data("al_wall.php") was successful, 55 body bytes, 362 header bytes  	[MsgId: MMSG-26386]
Action.c(235): web_reg_find started  	[MsgId: MMSG-26355]
Action.c(235): Registering web_reg_find was successful  	[MsgId: MMSG-26390]
Action.c(237): web_submit_data("al_wall.php_2") started  	[MsgId: MMSG-26355]
Action.c(237): Error -26366: "Text=Test" not found for web_reg_find  	[MsgId: MERR-26366]
End auto log messages stack.	[MsgId: MMSG-10544]


Start auto log messages stack - Iteration 6.	[MsgId: MMSG-10545]
Action.c(201): Notify: Transaction "02_page" started.	[MsgId: MMSG-16999]
Action.c(204): web_url("al_profile.php") started  	[MsgId: MMSG-26355]
Action.c(204): web_url("al_profile.php") was successful, 17348 body bytes, 365 header bytes  	[MsgId: MMSG-26386]
Action.c(215): Notify: Transaction "02_page" ended with a "Pass" status (Duration: 0,3872).	[MsgId: MMSG-16873]
Action.c(217): Notify: Transaction "03_wall" started.	[MsgId: MMSG-16999]
Action.c(220): web_submit_data("al_wall.php") started  	[MsgId: MMSG-26355]
Action.c(220): web_submit_data("al_wall.php") was successful, 55 body bytes, 362 header bytes  	[MsgId: MMSG-26386]
Action.c(235): web_reg_find started  	[MsgId: MMSG-26355]
Action.c(235): Registering web_reg_find was successful  	[MsgId: MMSG-26390]
Action.c(237): web_submit_data("al_wall.php_2") started  	[MsgId: MMSG-26355]
Action.c(237): Error -26366: "Text=Test" not found for web_reg_find  	[MsgId: MERR-26366]
End auto log messages stack.	[MsgId: MMSG-10544]


