Error: missing newline in C:\Users\InnaPush\Documents\VuGen\Scripts\wallnew\Text.dat	[MsgId: MERR-13874]
Start auto log messages stack - Iteration 51.	[MsgId: MMSG-10545]
Action.c(204): web_url("al_profile.php") started  	[MsgId: MMSG-26355]
Action.c(204): web_url("al_profile.php") was successful, 17096 body bytes, 365 header bytes  	[MsgId: MMSG-26386]
Action.c(215): Notify: Transaction "02_page" ended with a "Pass" status (Duration: 0,3018).	[MsgId: MMSG-16873]
Action.c(217): Notify: Transaction "03_wall" started.	[MsgId: MMSG-16999]
Action.c(220): web_submit_data("al_wall.php") started  	[MsgId: MMSG-26355]
Action.c(220): web_submit_data("al_wall.php") was successful, 56 body bytes, 362 header bytes  	[MsgId: MMSG-26386]
Action.c(235): lr_think_time: 5,00 seconds.	[MsgId: MMSG-15948]
Action.c(236): web_reg_find started  	[MsgId: MMSG-26355]
Action.c(236): Registering web_reg_find was successful  	[MsgId: MMSG-26390]
Action.c(238): web_submit_data("al_wall.php_2") started  	[MsgId: MMSG-26355]
Action.c(238): Error -26366: "Text=Test" not found for web_reg_find  	[MsgId: MERR-26366]
End auto log messages stack.	[MsgId: MMSG-10544]


Start auto log messages stack - Iteration 52.	[MsgId: MMSG-10545]
Action.c(204): web_url("al_profile.php") started  	[MsgId: MMSG-26355]
Action.c(204): web_url("al_profile.php") was successful, 17268 body bytes, 365 header bytes  	[MsgId: MMSG-26386]
Action.c(215): Notify: Transaction "02_page" ended with a "Pass" status (Duration: 0,2719).	[MsgId: MMSG-16873]
Action.c(217): Notify: Transaction "03_wall" started.	[MsgId: MMSG-16999]
Action.c(220): web_submit_data("al_wall.php") started  	[MsgId: MMSG-26355]
Action.c(220): web_submit_data("al_wall.php") was successful, 56 body bytes, 362 header bytes  	[MsgId: MMSG-26386]
Action.c(235): lr_think_time: 5,00 seconds.	[MsgId: MMSG-15948]
Action.c(236): web_reg_find started  	[MsgId: MMSG-26355]
Action.c(236): Registering web_reg_find was successful  	[MsgId: MMSG-26390]
Action.c(238): web_submit_data("al_wall.php_2") started  	[MsgId: MMSG-26355]
Action.c(238): Error -26366: "Text=Test" not found for web_reg_find  	[MsgId: MERR-26366]
End auto log messages stack.	[MsgId: MMSG-10544]


Start auto log messages stack - Iteration 53.	[MsgId: MMSG-10545]
Action.c(204): web_url("al_profile.php") started  	[MsgId: MMSG-26355]
Action.c(204): web_url("al_profile.php") was successful, 17104 body bytes, 365 header bytes  	[MsgId: MMSG-26386]
Action.c(215): Notify: Transaction "02_page" ended with a "Pass" status (Duration: 0,9365).	[MsgId: MMSG-16873]
Action.c(217): Notify: Transaction "03_wall" started.	[MsgId: MMSG-16999]
Action.c(220): web_submit_data("al_wall.php") started  	[MsgId: MMSG-26355]
Action.c(220): web_submit_data("al_wall.php") was successful, 56 body bytes, 362 header bytes  	[MsgId: MMSG-26386]
Action.c(235): lr_think_time: 5,00 seconds.	[MsgId: MMSG-15948]
Action.c(236): web_reg_find started  	[MsgId: MMSG-26355]
Action.c(236): Registering web_reg_find was successful  	[MsgId: MMSG-26390]
Action.c(238): web_submit_data("al_wall.php_2") started  	[MsgId: MMSG-26355]
Action.c(238): Error -26366: "Text=Test" not found for web_reg_find  	[MsgId: MERR-26366]
End auto log messages stack.	[MsgId: MMSG-10544]


Start auto log messages stack - Iteration 54.	[MsgId: MMSG-10545]
Action.c(204): web_url("al_profile.php") started  	[MsgId: MMSG-26355]
Action.c(204): web_url("al_profile.php") was successful, 17059 body bytes, 365 header bytes  	[MsgId: MMSG-26386]
Action.c(215): Notify: Transaction "02_page" ended with a "Pass" status (Duration: 0,2597).	[MsgId: MMSG-16873]
Action.c(217): Notify: Transaction "03_wall" started.	[MsgId: MMSG-16999]
Action.c(220): web_submit_data("al_wall.php") started  	[MsgId: MMSG-26355]
Action.c(220): web_submit_data("al_wall.php") was successful, 56 body bytes, 362 header bytes  	[MsgId: MMSG-26386]
Action.c(235): lr_think_time: 5,00 seconds.	[MsgId: MMSG-15948]
Action.c(236): web_reg_find started  	[MsgId: MMSG-26355]
Action.c(236): Registering web_reg_find was successful  	[MsgId: MMSG-26390]
Action.c(238): web_submit_data("al_wall.php_2") started  	[MsgId: MMSG-26355]
Action.c(238): Error -26366: "Text=Test" not found for web_reg_find  	[MsgId: MERR-26366]
End auto log messages stack.	[MsgId: MMSG-10544]


Start auto log messages stack - Iteration 55.	[MsgId: MMSG-10545]
Action.c(204): web_url("al_profile.php") started  	[MsgId: MMSG-26355]
Action.c(204): web_url("al_profile.php") was successful, 17272 body bytes, 365 header bytes  	[MsgId: MMSG-26386]
Action.c(215): Notify: Transaction "02_page" ended with a "Pass" status (Duration: 0,2440).	[MsgId: MMSG-16873]
Action.c(217): Notify: Transaction "03_wall" started.	[MsgId: MMSG-16999]
Action.c(220): web_submit_data("al_wall.php") started  	[MsgId: MMSG-26355]
Action.c(220): web_submit_data("al_wall.php") was successful, 56 body bytes, 362 header bytes  	[MsgId: MMSG-26386]
Action.c(235): lr_think_time: 5,00 seconds.	[MsgId: MMSG-15948]
Action.c(236): web_reg_find started  	[MsgId: MMSG-26355]
Action.c(236): Registering web_reg_find was successful  	[MsgId: MMSG-26390]
Action.c(238): web_submit_data("al_wall.php_2") started  	[MsgId: MMSG-26355]
Action.c(238): Error -26366: "Text=Test" not found for web_reg_find  	[MsgId: MERR-26366]
End auto log messages stack.	[MsgId: MMSG-10544]


Start auto log messages stack - Iteration 56.	[MsgId: MMSG-10545]
Action.c(204): web_url("al_profile.php") started  	[MsgId: MMSG-26355]
Action.c(204): web_url("al_profile.php") was successful, 17248 body bytes, 365 header bytes  	[MsgId: MMSG-26386]
Action.c(215): Notify: Transaction "02_page" ended with a "Pass" status (Duration: 0,6083).	[MsgId: MMSG-16873]
Action.c(217): Notify: Transaction "03_wall" started.	[MsgId: MMSG-16999]
Action.c(220): web_submit_data("al_wall.php") started  	[MsgId: MMSG-26355]
Action.c(220): web_submit_data("al_wall.php") was successful, 56 body bytes, 362 header bytes  	[MsgId: MMSG-26386]
Action.c(235): lr_think_time: 5,00 seconds.	[MsgId: MMSG-15948]
Action.c(236): web_reg_find started  	[MsgId: MMSG-26355]
Action.c(236): Registering web_reg_find was successful  	[MsgId: MMSG-26390]
Action.c(238): web_submit_data("al_wall.php_2") started  	[MsgId: MMSG-26355]
Action.c(238): Error -26366: "Text=Test" not found for web_reg_find  	[MsgId: MERR-26366]
End auto log messages stack.	[MsgId: MMSG-10544]


Start auto log messages stack - Iteration 57.	[MsgId: MMSG-10545]
Action.c(204): web_url("al_profile.php") started  	[MsgId: MMSG-26355]
Action.c(204): web_url("al_profile.php") was successful, 17171 body bytes, 365 header bytes  	[MsgId: MMSG-26386]
Action.c(215): Notify: Transaction "02_page" ended with a "Pass" status (Duration: 0,8598).	[MsgId: MMSG-16873]
Action.c(217): Notify: Transaction "03_wall" started.	[MsgId: MMSG-16999]
Action.c(220): web_submit_data("al_wall.php") started  	[MsgId: MMSG-26355]
Action.c(220): web_submit_data("al_wall.php") was successful, 56 body bytes, 362 header bytes  	[MsgId: MMSG-26386]
Action.c(235): lr_think_time: 5,00 seconds.	[MsgId: MMSG-15948]
Action.c(236): web_reg_find started  	[MsgId: MMSG-26355]
Action.c(236): Registering web_reg_find was successful  	[MsgId: MMSG-26390]
Action.c(238): web_submit_data("al_wall.php_2") started  	[MsgId: MMSG-26355]
Action.c(238): Error -26366: "Text=Test" not found for web_reg_find  	[MsgId: MERR-26366]
End auto log messages stack.	[MsgId: MMSG-10544]


Start auto log messages stack - Iteration 58.	[MsgId: MMSG-10545]
Action.c(204): web_url("al_profile.php") started  	[MsgId: MMSG-26355]
Action.c(204): web_url("al_profile.php") was successful, 17125 body bytes, 365 header bytes  	[MsgId: MMSG-26386]
Action.c(215): Notify: Transaction "02_page" ended with a "Pass" status (Duration: 0,2342).	[MsgId: MMSG-16873]
Action.c(217): Notify: Transaction "03_wall" started.	[MsgId: MMSG-16999]
Action.c(220): web_submit_data("al_wall.php") started  	[MsgId: MMSG-26355]
Action.c(220): web_submit_data("al_wall.php") was successful, 56 body bytes, 362 header bytes  	[MsgId: MMSG-26386]
Action.c(235): lr_think_time: 5,00 seconds.	[MsgId: MMSG-15948]
Action.c(236): web_reg_find started  	[MsgId: MMSG-26355]
Action.c(236): Registering web_reg_find was successful  	[MsgId: MMSG-26390]
Action.c(238): web_submit_data("al_wall.php_2") started  	[MsgId: MMSG-26355]
Action.c(238): Error -26366: "Text=Test" not found for web_reg_find  	[MsgId: MERR-26366]
End auto log messages stack.	[MsgId: MMSG-10544]


Start auto log messages stack - Iteration 59.	[MsgId: MMSG-10545]
Action.c(204): web_url("al_profile.php") started  	[MsgId: MMSG-26355]
Action.c(204): web_url("al_profile.php") was successful, 17088 body bytes, 365 header bytes  	[MsgId: MMSG-26386]
Action.c(215): Notify: Transaction "02_page" ended with a "Pass" status (Duration: 0,1994).	[MsgId: MMSG-16873]
Action.c(217): Notify: Transaction "03_wall" started.	[MsgId: MMSG-16999]
Action.c(220): web_submit_data("al_wall.php") started  	[MsgId: MMSG-26355]
Action.c(220): web_submit_data("al_wall.php") was successful, 56 body bytes, 362 header bytes  	[MsgId: MMSG-26386]
Action.c(235): lr_think_time: 5,00 seconds.	[MsgId: MMSG-15948]
Action.c(236): web_reg_find started  	[MsgId: MMSG-26355]
Action.c(236): Registering web_reg_find was successful  	[MsgId: MMSG-26390]
Action.c(238): web_submit_data("al_wall.php_2") started  	[MsgId: MMSG-26355]
Action.c(238): Error -26366: "Text=Test" not found for web_reg_find  	[MsgId: MERR-26366]
End auto log messages stack.	[MsgId: MMSG-10544]


