Error: missing newline in C:\Users\InnaPush\Documents\VuGen\Scripts\wallnew\Number.dat	[MsgId: MERR-13874]
Error: missing newline in C:\Users\InnaPush\Documents\VuGen\Scripts\wallnew\Text.dat	[MsgId: MERR-13874]
Start auto log messages stack - Iteration 41.	[MsgId: MMSG-10545]
Action.c(191): web_url("al_profile.php") started  	[MsgId: MMSG-26355]
Action.c(191): web_url("al_profile.php") was successful, 16123 body bytes, 365 header bytes  	[MsgId: MMSG-26386]
Action.c(202): Notify: Transaction "02_page" ended with a "Pass" status (Duration: 0,1423).	[MsgId: MMSG-16873]
Action.c(204): Notify: Transaction "03_wall" started.	[MsgId: MMSG-16999]
Action.c(207): web_submit_data("al_wall.php") started  	[MsgId: MMSG-26355]
Action.c(207): web_submit_data("al_wall.php") was successful, 56 body bytes, 362 header bytes  	[MsgId: MMSG-26386]
Action.c(222): lr_think_time: 5,00 seconds.	[MsgId: MMSG-15948]
Action.c(223): web_reg_find started  	[MsgId: MMSG-26355]
Action.c(223): Registering web_reg_find was successful  	[MsgId: MMSG-26390]
Action.c(225): web_submit_data("al_wall.php_2") started  	[MsgId: MMSG-26355]
Action.c(225): Error -26366: "Text=Test" not found for web_reg_find  	[MsgId: MERR-26366]
End auto log messages stack.	[MsgId: MMSG-10544]


Start auto log messages stack - Iteration 42.	[MsgId: MMSG-10545]
Action.c(191): web_url("al_profile.php") started  	[MsgId: MMSG-26355]
Action.c(191): web_url("al_profile.php") was successful, 16070 body bytes, 365 header bytes  	[MsgId: MMSG-26386]
Action.c(202): Notify: Transaction "02_page" ended with a "Pass" status (Duration: 0,1363).	[MsgId: MMSG-16873]
Action.c(204): Notify: Transaction "03_wall" started.	[MsgId: MMSG-16999]
Action.c(207): web_submit_data("al_wall.php") started  	[MsgId: MMSG-26355]
Action.c(207): web_submit_data("al_wall.php") was successful, 56 body bytes, 362 header bytes  	[MsgId: MMSG-26386]
Action.c(222): lr_think_time: 5,00 seconds.	[MsgId: MMSG-15948]
Action.c(223): web_reg_find started  	[MsgId: MMSG-26355]
Action.c(223): Registering web_reg_find was successful  	[MsgId: MMSG-26390]
Action.c(225): web_submit_data("al_wall.php_2") started  	[MsgId: MMSG-26355]
Action.c(225): Error -26366: "Text=Test" not found for web_reg_find  	[MsgId: MERR-26366]
End auto log messages stack.	[MsgId: MMSG-10544]


Start auto log messages stack - Iteration 43.	[MsgId: MMSG-10545]
Action.c(191): web_url("al_profile.php") started  	[MsgId: MMSG-26355]
Action.c(191): web_url("al_profile.php") was successful, 16044 body bytes, 365 header bytes  	[MsgId: MMSG-26386]
Action.c(202): Notify: Transaction "02_page" ended with a "Pass" status (Duration: 0,1906).	[MsgId: MMSG-16873]
Action.c(204): Notify: Transaction "03_wall" started.	[MsgId: MMSG-16999]
Action.c(207): web_submit_data("al_wall.php") started  	[MsgId: MMSG-26355]
Action.c(207): web_submit_data("al_wall.php") was successful, 56 body bytes, 362 header bytes  	[MsgId: MMSG-26386]
Action.c(222): lr_think_time: 5,00 seconds.	[MsgId: MMSG-15948]
Action.c(223): web_reg_find started  	[MsgId: MMSG-26355]
Action.c(223): Registering web_reg_find was successful  	[MsgId: MMSG-26390]
Action.c(225): web_submit_data("al_wall.php_2") started  	[MsgId: MMSG-26355]
Action.c(225): Error -26366: "Text=Test" not found for web_reg_find  	[MsgId: MERR-26366]
End auto log messages stack.	[MsgId: MMSG-10544]


Start auto log messages stack - Iteration 44.	[MsgId: MMSG-10545]
Action.c(191): web_url("al_profile.php") started  	[MsgId: MMSG-26355]
Action.c(191): web_url("al_profile.php") was successful, 16075 body bytes, 365 header bytes  	[MsgId: MMSG-26386]
Action.c(202): Notify: Transaction "02_page" ended with a "Pass" status (Duration: 0,1811).	[MsgId: MMSG-16873]
Action.c(204): Notify: Transaction "03_wall" started.	[MsgId: MMSG-16999]
Action.c(207): web_submit_data("al_wall.php") started  	[MsgId: MMSG-26355]
Action.c(207): web_submit_data("al_wall.php") was successful, 56 body bytes, 362 header bytes  	[MsgId: MMSG-26386]
Action.c(222): lr_think_time: 5,00 seconds.	[MsgId: MMSG-15948]
Action.c(223): web_reg_find started  	[MsgId: MMSG-26355]
Action.c(223): Registering web_reg_find was successful  	[MsgId: MMSG-26390]
Action.c(225): web_submit_data("al_wall.php_2") started  	[MsgId: MMSG-26355]
Action.c(225): Error -26366: "Text=Test" not found for web_reg_find  	[MsgId: MERR-26366]
End auto log messages stack.	[MsgId: MMSG-10544]


Start auto log messages stack - Iteration 45.	[MsgId: MMSG-10545]
Action.c(191): web_url("al_profile.php") started  	[MsgId: MMSG-26355]
Action.c(191): web_url("al_profile.php") was successful, 16096 body bytes, 365 header bytes  	[MsgId: MMSG-26386]
Action.c(202): Notify: Transaction "02_page" ended with a "Pass" status (Duration: 0,2466).	[MsgId: MMSG-16873]
Action.c(204): Notify: Transaction "03_wall" started.	[MsgId: MMSG-16999]
Action.c(207): web_submit_data("al_wall.php") started  	[MsgId: MMSG-26355]
Action.c(207): web_submit_data("al_wall.php") was successful, 56 body bytes, 362 header bytes  	[MsgId: MMSG-26386]
Action.c(222): lr_think_time: 5,00 seconds.	[MsgId: MMSG-15948]
Action.c(223): web_reg_find started  	[MsgId: MMSG-26355]
Action.c(223): Registering web_reg_find was successful  	[MsgId: MMSG-26390]
Action.c(225): web_submit_data("al_wall.php_2") started  	[MsgId: MMSG-26355]
Action.c(225): Error -26366: "Text=Test" not found for web_reg_find  	[MsgId: MERR-26366]
End auto log messages stack.	[MsgId: MMSG-10544]


Start auto log messages stack - Iteration 46.	[MsgId: MMSG-10545]
Action.c(191): web_url("al_profile.php") started  	[MsgId: MMSG-26355]
Action.c(191): web_url("al_profile.php") was successful, 16109 body bytes, 365 header bytes  	[MsgId: MMSG-26386]
Action.c(202): Notify: Transaction "02_page" ended with a "Pass" status (Duration: 0,2599).	[MsgId: MMSG-16873]
Action.c(204): Notify: Transaction "03_wall" started.	[MsgId: MMSG-16999]
Action.c(207): web_submit_data("al_wall.php") started  	[MsgId: MMSG-26355]
Action.c(207): web_submit_data("al_wall.php") was successful, 56 body bytes, 362 header bytes  	[MsgId: MMSG-26386]
Action.c(222): lr_think_time: 5,00 seconds.	[MsgId: MMSG-15948]
Action.c(223): web_reg_find started  	[MsgId: MMSG-26355]
Action.c(223): Registering web_reg_find was successful  	[MsgId: MMSG-26390]
Action.c(225): web_submit_data("al_wall.php_2") started  	[MsgId: MMSG-26355]
Action.c(225): Error -26366: "Text=Test" not found for web_reg_find  	[MsgId: MERR-26366]
End auto log messages stack.	[MsgId: MMSG-10544]


Start auto log messages stack - Iteration 47.	[MsgId: MMSG-10545]
Action.c(191): web_url("al_profile.php") started  	[MsgId: MMSG-26355]
Action.c(191): web_url("al_profile.php") was successful, 16038 body bytes, 365 header bytes  	[MsgId: MMSG-26386]
Action.c(202): Notify: Transaction "02_page" ended with a "Pass" status (Duration: 0,1921).	[MsgId: MMSG-16873]
Action.c(204): Notify: Transaction "03_wall" started.	[MsgId: MMSG-16999]
Action.c(207): web_submit_data("al_wall.php") started  	[MsgId: MMSG-26355]
Action.c(207): web_submit_data("al_wall.php") was successful, 56 body bytes, 362 header bytes  	[MsgId: MMSG-26386]
Action.c(222): lr_think_time: 5,00 seconds.	[MsgId: MMSG-15948]
Action.c(223): web_reg_find started  	[MsgId: MMSG-26355]
Action.c(223): Registering web_reg_find was successful  	[MsgId: MMSG-26390]
Action.c(225): web_submit_data("al_wall.php_2") started  	[MsgId: MMSG-26355]
Action.c(225): Error -26366: "Text=Test" not found for web_reg_find  	[MsgId: MERR-26366]
End auto log messages stack.	[MsgId: MMSG-10544]


Start auto log messages stack - Iteration 48.	[MsgId: MMSG-10545]
Action.c(191): web_url("al_profile.php") started  	[MsgId: MMSG-26355]
Action.c(191): web_url("al_profile.php") was successful, 16113 body bytes, 365 header bytes  	[MsgId: MMSG-26386]
Action.c(202): Notify: Transaction "02_page" ended with a "Pass" status (Duration: 0,2059).	[MsgId: MMSG-16873]
Action.c(204): Notify: Transaction "03_wall" started.	[MsgId: MMSG-16999]
Action.c(207): web_submit_data("al_wall.php") started  	[MsgId: MMSG-26355]
Action.c(207): web_submit_data("al_wall.php") was successful, 56 body bytes, 362 header bytes  	[MsgId: MMSG-26386]
Action.c(222): lr_think_time: 5,00 seconds.	[MsgId: MMSG-15948]
Action.c(223): web_reg_find started  	[MsgId: MMSG-26355]
Action.c(223): Registering web_reg_find was successful  	[MsgId: MMSG-26390]
Action.c(225): web_submit_data("al_wall.php_2") started  	[MsgId: MMSG-26355]
Action.c(225): Error -26366: "Text=Test" not found for web_reg_find  	[MsgId: MERR-26366]
End auto log messages stack.	[MsgId: MMSG-10544]


Start auto log messages stack - Iteration 49.	[MsgId: MMSG-10545]
Action.c(191): web_url("al_profile.php") started  	[MsgId: MMSG-26355]
Action.c(191): web_url("al_profile.php") was successful, 16062 body bytes, 365 header bytes  	[MsgId: MMSG-26386]
Action.c(202): Notify: Transaction "02_page" ended with a "Pass" status (Duration: 0,1610).	[MsgId: MMSG-16873]
Action.c(204): Notify: Transaction "03_wall" started.	[MsgId: MMSG-16999]
Action.c(207): web_submit_data("al_wall.php") started  	[MsgId: MMSG-26355]
Action.c(207): web_submit_data("al_wall.php") was successful, 56 body bytes, 362 header bytes  	[MsgId: MMSG-26386]
Action.c(222): lr_think_time: 5,00 seconds.	[MsgId: MMSG-15948]
Action.c(223): web_reg_find started  	[MsgId: MMSG-26355]
Action.c(223): Registering web_reg_find was successful  	[MsgId: MMSG-26390]
Action.c(225): web_submit_data("al_wall.php_2") started  	[MsgId: MMSG-26355]
Action.c(225): Error -26366: "Text=Test" not found for web_reg_find  	[MsgId: MERR-26366]
End auto log messages stack.	[MsgId: MMSG-10544]


Start auto log messages stack - Iteration 50.	[MsgId: MMSG-10545]
Action.c(191): web_url("al_profile.php") started  	[MsgId: MMSG-26355]
Action.c(191): web_url("al_profile.php") was successful, 16113 body bytes, 365 header bytes  	[MsgId: MMSG-26386]
Action.c(202): Notify: Transaction "02_page" ended with a "Pass" status (Duration: 0,1569).	[MsgId: MMSG-16873]
Action.c(204): Notify: Transaction "03_wall" started.	[MsgId: MMSG-16999]
Action.c(207): web_submit_data("al_wall.php") started  	[MsgId: MMSG-26355]
Action.c(207): web_submit_data("al_wall.php") was successful, 56 body bytes, 362 header bytes  	[MsgId: MMSG-26386]
Action.c(222): lr_think_time: 5,00 seconds.	[MsgId: MMSG-15948]
Action.c(223): web_reg_find started  	[MsgId: MMSG-26355]
Action.c(223): Registering web_reg_find was successful  	[MsgId: MMSG-26390]
Action.c(225): web_submit_data("al_wall.php_2") started  	[MsgId: MMSG-26355]
Action.c(225): Error -26366: "Text=Test" not found for web_reg_find  	[MsgId: MERR-26366]
End auto log messages stack.	[MsgId: MMSG-10544]


