Start auto log messages stack - Iteration 1.	[MsgId: MMSG-10545]
Action.c(204): web_url("al_profile.php") started  	[MsgId: MMSG-26355]
Action.c(204): web_url("al_profile.php") was successful, 17067 body bytes, 365 header bytes  	[MsgId: MMSG-26386]
Action.c(215): Notify: Transaction "02_page" ended with a "Pass" status (Duration: 0,3095).	[MsgId: MMSG-16873]
Action.c(217): Notify: Transaction "03_wall" started.	[MsgId: MMSG-16999]
Action.c(220): web_submit_data("al_wall.php") started  	[MsgId: MMSG-26355]
Action.c(220): web_submit_data("al_wall.php") was successful, 56 body bytes, 362 header bytes  	[MsgId: MMSG-26386]
Action.c(235): lr_think_time: 5,00 seconds.	[MsgId: MMSG-15948]
Action.c(236): web_reg_find started  	[MsgId: MMSG-26355]
Action.c(236): Registering web_reg_find was successful  	[MsgId: MMSG-26390]
Action.c(238): web_submit_data("al_wall.php_2") started  	[MsgId: MMSG-26355]
Action.c(238): Error -26366: "Text=Test" not found for web_reg_find  	[MsgId: MERR-26366]
End auto log messages stack.	[MsgId: MMSG-10544]


Start auto log messages stack - Iteration 1.	[MsgId: MMSG-10545]
Action.c(287): Resource "https://vk.com/js/lib/px.js?ch=1" is in the cache already and will not be downloaded again  	[MsgId: MMSG-26655]
Action.c(287): Resource "https://vk.com/js/lib/px.js?ch=2" is in the cache already and will not be downloaded again  	[MsgId: MMSG-26655]
Action.c(287): Found resource "https://vk.com/js/al/login.js?3551917100" in HTML "https://vk.com/login?act=mobile&hash=c488f6617e473cd3"  	[MsgId: MMSG-26659]
Action.c(287): Resource "https://vk.com/js/al/ui_common.js?3489032241" is in the cache already and will not be downloaded again  	[MsgId: MMSG-26655]
Action.c(287): Resource "https://vk.com/js/cmodules/web/audioplayer.js?3876525056" is in the cache already and will not be downloaded again  	[MsgId: MMSG-26655]
Action.c(287): Error -26366: "Text=Поиск" not found for web_reg_find  	[MsgId: MERR-26366]
End auto log messages stack.	[MsgId: MMSG-10544]


Start auto log messages stack - Iteration 2.	[MsgId: MMSG-10545]
Action.c(287): Resource "https://vk.com/js/lib/px.js?ch=1" is in the cache already and will not be downloaded again  	[MsgId: MMSG-26655]
Action.c(287): Resource "https://vk.com/js/lib/px.js?ch=2" is in the cache already and will not be downloaded again  	[MsgId: MMSG-26655]
Action.c(287): Found resource "https://vk.com/js/al/login.js?3551917100" in HTML "https://vk.com/login?act=mobile&hash=7b82832d4afaf770"  	[MsgId: MMSG-26659]
Action.c(287): Resource "https://vk.com/js/al/ui_common.js?3489032241" is in the cache already and will not be downloaded again  	[MsgId: MMSG-26655]
Action.c(287): Resource "https://vk.com/js/cmodules/web/audioplayer.js?3876525056" is in the cache already and will not be downloaded again  	[MsgId: MMSG-26655]
Action.c(287): Error -26366: "Text=Поиск" not found for web_reg_find  	[MsgId: MERR-26366]
End auto log messages stack.	[MsgId: MMSG-10544]


Start auto log messages stack - Iteration 2.	[MsgId: MMSG-10545]
Action.c(204): web_url("al_profile.php") started  	[MsgId: MMSG-26355]
Action.c(204): web_url("al_profile.php") was successful, 17046 body bytes, 365 header bytes  	[MsgId: MMSG-26386]
Action.c(215): Notify: Transaction "02_page" ended with a "Pass" status (Duration: 0,4344).	[MsgId: MMSG-16873]
Action.c(217): Notify: Transaction "03_wall" started.	[MsgId: MMSG-16999]
Action.c(220): web_submit_data("al_wall.php") started  	[MsgId: MMSG-26355]
Action.c(220): web_submit_data("al_wall.php") was successful, 56 body bytes, 362 header bytes  	[MsgId: MMSG-26386]
Action.c(235): lr_think_time: 5,00 seconds.	[MsgId: MMSG-15948]
Action.c(236): web_reg_find started  	[MsgId: MMSG-26355]
Action.c(236): Registering web_reg_find was successful  	[MsgId: MMSG-26390]
Action.c(238): web_submit_data("al_wall.php_2") started  	[MsgId: MMSG-26355]
Action.c(238): Error -26366: "Text=Test" not found for web_reg_find  	[MsgId: MERR-26366]
End auto log messages stack.	[MsgId: MMSG-10544]


Start auto log messages stack - Iteration 3.	[MsgId: MMSG-10545]
Action.c(204): web_url("al_profile.php") started  	[MsgId: MMSG-26355]
Action.c(204): web_url("al_profile.php") was successful, 17007 body bytes, 365 header bytes  	[MsgId: MMSG-26386]
Action.c(215): Notify: Transaction "02_page" ended with a "Pass" status (Duration: 0,2615).	[MsgId: MMSG-16873]
Action.c(217): Notify: Transaction "03_wall" started.	[MsgId: MMSG-16999]
Action.c(220): web_submit_data("al_wall.php") started  	[MsgId: MMSG-26355]
Action.c(220): web_submit_data("al_wall.php") was successful, 56 body bytes, 362 header bytes  	[MsgId: MMSG-26386]
Action.c(235): lr_think_time: 5,00 seconds.	[MsgId: MMSG-15948]
Action.c(236): web_reg_find started  	[MsgId: MMSG-26355]
Action.c(236): Registering web_reg_find was successful  	[MsgId: MMSG-26390]
Action.c(238): web_submit_data("al_wall.php_2") started  	[MsgId: MMSG-26355]
Action.c(238): Error -26366: "Text=Test" not found for web_reg_find  	[MsgId: MERR-26366]
End auto log messages stack.	[MsgId: MMSG-10544]


Start auto log messages stack - Iteration 3.	[MsgId: MMSG-10545]
Action.c(287): Resource "https://vk.com/js/lib/px.js?ch=1" is in the cache already and will not be downloaded again  	[MsgId: MMSG-26655]
Action.c(287): Resource "https://vk.com/js/lib/px.js?ch=2" is in the cache already and will not be downloaded again  	[MsgId: MMSG-26655]
Action.c(287): Found resource "https://vk.com/js/al/login.js?3551917100" in HTML "https://vk.com/login?act=mobile&hash=9b97c5d07243faf5"  	[MsgId: MMSG-26659]
Action.c(287): Resource "https://vk.com/js/al/ui_common.js?3489032241" is in the cache already and will not be downloaded again  	[MsgId: MMSG-26655]
Action.c(287): Resource "https://vk.com/js/cmodules/web/audioplayer.js?3876525056" is in the cache already and will not be downloaded again  	[MsgId: MMSG-26655]
Action.c(287): Error -26366: "Text=Поиск" not found for web_reg_find  	[MsgId: MERR-26366]
End auto log messages stack.	[MsgId: MMSG-10544]


Start auto log messages stack - Iteration 4.	[MsgId: MMSG-10545]
Action.c(287): Resource "https://vk.com/js/lib/px.js?ch=1" is in the cache already and will not be downloaded again  	[MsgId: MMSG-26655]
Action.c(287): Resource "https://vk.com/js/lib/px.js?ch=2" is in the cache already and will not be downloaded again  	[MsgId: MMSG-26655]
Action.c(287): Found resource "https://vk.com/js/al/login.js?3551917100" in HTML "https://vk.com/login?act=mobile&hash=c5176d85058f694c"  	[MsgId: MMSG-26659]
Action.c(287): Resource "https://vk.com/js/al/ui_common.js?3489032241" is in the cache already and will not be downloaded again  	[MsgId: MMSG-26655]
Action.c(287): Resource "https://vk.com/js/cmodules/web/audioplayer.js?3876525056" is in the cache already and will not be downloaded again  	[MsgId: MMSG-26655]
Action.c(287): Error -26366: "Text=Поиск" not found for web_reg_find  	[MsgId: MERR-26366]
End auto log messages stack.	[MsgId: MMSG-10544]


Start auto log messages stack - Iteration 5.	[MsgId: MMSG-10545]
Action.c(287): Resource "https://vk.com/js/lib/px.js?ch=1" is in the cache already and will not be downloaded again  	[MsgId: MMSG-26655]
Action.c(287): Resource "https://vk.com/js/lib/px.js?ch=2" is in the cache already and will not be downloaded again  	[MsgId: MMSG-26655]
Action.c(287): Found resource "https://vk.com/js/al/login.js?3551917100" in HTML "https://vk.com/login?act=mobile&hash=fd94a5064cdd1a6b"  	[MsgId: MMSG-26659]
Action.c(287): Resource "https://vk.com/js/al/ui_common.js?3489032241" is in the cache already and will not be downloaded again  	[MsgId: MMSG-26655]
Action.c(287): Resource "https://vk.com/js/cmodules/web/audioplayer.js?3876525056" is in the cache already and will not be downloaded again  	[MsgId: MMSG-26655]
Action.c(287): Error -26366: "Text=Поиск" not found for web_reg_find  	[MsgId: MERR-26366]
End auto log messages stack.	[MsgId: MMSG-10544]


Start auto log messages stack - Iteration 4.	[MsgId: MMSG-10545]
Action.c(204): web_url("al_profile.php") started  	[MsgId: MMSG-26355]
Action.c(204): web_url("al_profile.php") was successful, 17140 body bytes, 365 header bytes  	[MsgId: MMSG-26386]
Action.c(215): Notify: Transaction "02_page" ended with a "Pass" status (Duration: 0,4123).	[MsgId: MMSG-16873]
Action.c(217): Notify: Transaction "03_wall" started.	[MsgId: MMSG-16999]
Action.c(220): web_submit_data("al_wall.php") started  	[MsgId: MMSG-26355]
Action.c(220): web_submit_data("al_wall.php") was successful, 56 body bytes, 362 header bytes  	[MsgId: MMSG-26386]
Action.c(235): lr_think_time: 5,00 seconds.	[MsgId: MMSG-15948]
Action.c(236): web_reg_find started  	[MsgId: MMSG-26355]
Action.c(236): Registering web_reg_find was successful  	[MsgId: MMSG-26390]
Action.c(238): web_submit_data("al_wall.php_2") started  	[MsgId: MMSG-26355]
Action.c(238): Error -26366: "Text=Test" not found for web_reg_find  	[MsgId: MERR-26366]
End auto log messages stack.	[MsgId: MMSG-10544]


Start auto log messages stack - Iteration 5.	[MsgId: MMSG-10545]
Action.c(204): web_url("al_profile.php") started  	[MsgId: MMSG-26355]
Action.c(204): web_url("al_profile.php") was successful, 17023 body bytes, 365 header bytes  	[MsgId: MMSG-26386]
Action.c(215): Notify: Transaction "02_page" ended with a "Pass" status (Duration: 0,9158).	[MsgId: MMSG-16873]
Action.c(217): Notify: Transaction "03_wall" started.	[MsgId: MMSG-16999]
Action.c(220): web_submit_data("al_wall.php") started  	[MsgId: MMSG-26355]
Action.c(220): web_submit_data("al_wall.php") was successful, 56 body bytes, 362 header bytes  	[MsgId: MMSG-26386]
Action.c(235): lr_think_time: 5,00 seconds.	[MsgId: MMSG-15948]
Action.c(236): web_reg_find started  	[MsgId: MMSG-26355]
Action.c(236): Registering web_reg_find was successful  	[MsgId: MMSG-26390]
Action.c(238): web_submit_data("al_wall.php_2") started  	[MsgId: MMSG-26355]
Action.c(238): Error -26366: "Text=Test" not found for web_reg_find  	[MsgId: MERR-26366]
End auto log messages stack.	[MsgId: MMSG-10544]


Start auto log messages stack - Iteration 6.	[MsgId: MMSG-10545]
Action.c(204): web_url("al_profile.php") started  	[MsgId: MMSG-26355]
Action.c(204): web_url("al_profile.php") was successful, 17116 body bytes, 365 header bytes  	[MsgId: MMSG-26386]
Action.c(215): Notify: Transaction "02_page" ended with a "Pass" status (Duration: 0,2486).	[MsgId: MMSG-16873]
Action.c(217): Notify: Transaction "03_wall" started.	[MsgId: MMSG-16999]
Action.c(220): web_submit_data("al_wall.php") started  	[MsgId: MMSG-26355]
Action.c(220): web_submit_data("al_wall.php") was successful, 56 body bytes, 362 header bytes  	[MsgId: MMSG-26386]
Action.c(235): lr_think_time: 5,00 seconds.	[MsgId: MMSG-15948]
Action.c(236): web_reg_find started  	[MsgId: MMSG-26355]
Action.c(236): Registering web_reg_find was successful  	[MsgId: MMSG-26390]
Action.c(238): web_submit_data("al_wall.php_2") started  	[MsgId: MMSG-26355]
Action.c(238): Error -26366: "Text=Test" not found for web_reg_find  	[MsgId: MERR-26366]
End auto log messages stack.	[MsgId: MMSG-10544]


